#
# A fatal error has been detected by the Java Runtime Environment:
#
#  SIGSEGV (0xb) at pc=0x000066e133fc8dc0, pid=25747, tid=25754
#
# JRE version: OpenJDK Runtime Environment (19.0.1+10) (build 19.0.1+10)
# Java VM: OpenJDK 64-Bit Server VM (19.0.1+10, mixed mode, tiered, compressed oops, compressed class ptrs, g1 gc, linux-amd64)
# Problematic frame:
# C  [libpfs-core.so+0xbdc0]  pfs_folder_create_file+0x278
#
# Core dump will be written. Default location: Core dumps may be processed with "/usr/lib/systemd/systemd-coredump %P %u %g %s %t %c %h" (or dumping to /data/git/PatrFileSys/javaPFS/core.25747)
#
# If you would like to submit a bug report, please visit:
#   https://bugreport.java.com/bugreport/crash.jsp
# The crash happened outside the Java Virtual Machine in native code.
# See problematic frame for where to report the bug.
#

---------------  S U M M A R Y ------------

Command Line: --enable-native-access=de.hechler.patrick.zeugs.pfs -Dfile.encoding=UTF-8 --module-path=/data/git/PatrFileSys/javaPFS/target/classes --enable-preview -XX:+ShowCodeDetailsInExceptionMessages -Djdk.module.main=de.hechler.patrick.zeugs.pfs de.hechler.patrick.zeugs.pfs/de.hechler.patrick.zeugs.pfs.impl.pfs.PatrFSProvider

Host: AMD Ryzen 5 3600 6-Core Processor, 32 cores, 15G, Arch Linux
Time: Thu Jan  5 19:39:10 2023 CET elapsed time: 0.188335 seconds (0d 0h 0m 0s)

---------------  T H R E A D  ---------------

Current thread (0x000066e134015780):  JavaThread "main" [_thread_in_native, id=25754, stack(0x000066e13b500000,0x000066e13b600000)]

Stack: [0x000066e13b500000,0x000066e13b600000],  sp=0x000066e13b5fe480,  free space=1017k
Native frames: (J=compiled Java code, j=interpreted, Vv=VM code, C=native code)
C  [libpfs-core.so+0xbdc0]  pfs_folder_create_file+0x278

Java frames: (J=compiled Java code, j=interpreted, Vv=VM code)
v  ~RuntimeStub::nep_invoker_blob 0x000066e12449b488
j  java.lang.invoke.LambdaForm$MH+0x00000008000f9400.invoke(Ljava/lang/Object;JIJJ)I+14 java.base@19.0.1
j  java.lang.invoke.LambdaForm$MH+0x0000000800110400.invokeExact_MT(Ljava/lang/Object;JIJJLjava/lang/Object;)I+25 java.base@19.0.1
j  jdk.internal.foreign.abi.DowncallStub+0x0000000800102000.invoke(Ljava/lang/foreign/SegmentAllocator;Ljava/lang/foreign/Addressable;ILjava/lang/foreign/Addressable;J)I+97 java.base@19.0.1
j  java.lang.invoke.LambdaForm$DMH+0x0000000800102800.invokeStaticInit(Ljava/lang/Object;Ljava/lang/Object;Ljava/lang/Object;ILjava/lang/Object;J)I+18 java.base@19.0.1
j  java.lang.invoke.LambdaForm$MH+0x0000000800104400.invoke(Ljava/lang/Object;ILjava/lang/Object;)I+55 java.base@19.0.1
j  java.lang.invoke.LambdaForm$MH+0x000000080010fc00.invoke_MT(Ljava/lang/Object;ILjava/lang/Object;Ljava/lang/Object;)I+22 java.base@19.0.1
j  de.hechler.patrick.zeugs.pfs.impl.pfs.PatrFolder.createFile(Ljava/lang/String;)Lde/hechler/patrick/zeugs/pfs/interfaces/File;+24 de.hechler.patrick.zeugs.pfs
j  de.hechler.patrick.zeugs.pfs.impl.pfs.PatrFSProvider.main([Ljava/lang/String;)V+106 de.hechler.patrick.zeugs.pfs
v  ~StubRoutines::call_stub 0x000066e124337cc6

siginfo: si_signo: 11 (SIGSEGV), si_code: 1 (SEGV_MAPERR), si_addr: 0x0000000000000038

Registers:
RAX=0x0000000000000000, RBX=0x000066e134510db0, RCX=0x0000000000000005, RDX=0x000000066e134510
RSP=0x000066e13b5fe480, RBP=0x0000000000000000, RSI=0x000066e1340008e0, RDI=0x0000000000000007
R8 =0x000066e134510db0, R9 =0x000066e1343a14ec, R10=0x0000000000000003, R11=0xb26f5dbb5f42b25e
R12=0x0000000000000000, R13=0x000066e13450f820, R14=0x000066e13b5fe5b8, R15=0x000066e134015780
RIP=0x000066e133fc8dc0, EFLAGS=0x0000000000010202, CSGSFS=0x002b000000000033, ERR=0x0000000000000004
  TRAPNO=0x000000000000000e


Register to memory mapping:

RAX=0x0 is NULL
RBX=0x000066e134510db0 points into unknown readable memory: 0x000066e134510dc0 | c0 0d 51 34 e1 66 00 00
RCX=0x0000000000000005 is an unknown value
RDX=0x000000066e134510 is an unknown value
RSP=0x000066e13b5fe480 is pointing into the stack for thread: 0x000066e134015780
RBP=0x0 is NULL
RSI=0x000066e1340008e0 points into unknown readable memory: 0x0000000000000000 | 00 00 00 00 00 00 00 00
RDI=0x0000000000000007 is an unknown value
R8 =0x000066e134510db0 points into unknown readable memory: 0x000066e134510dc0 | c0 0d 51 34 e1 66 00 00
R9 =0x000066e1343a14ec points into unknown readable memory: 63 71 6d 5f
R10=0x0000000000000003 is an unknown value
R11=0xb26f5dbb5f42b25e is an unknown value
R12=0x0 is NULL
R13=0x000066e13450f820 points into unknown readable memory: 0x6c6966206c697665 | 65 76 69 6c 20 66 69 6c
R14=0x000066e13b5fe5b8 is pointing into the stack for thread: 0x000066e134015780
R15=0x000066e134015780 is a thread


Top of Stack: (sp=0x000066e13b5fe480)
0x000066e13b5fe480:   0000000000000000 000066e0fc918e50
0x000066e13b5fe490:   000066e13b5fe4c0 0000000000000000
0x000066e13b5fe4a0:   000066e13b5fe4e0 000066e12449b4c4
0x000066e13b5fe4b0:   00000000000000b8 0000000000000000 

Instructions: (pc=0x000066e133fc8dc0)
0x000066e133fc8cc0:   00 48 8b 00 48 8b 04 e8 48 8b 70 10 48 83 fe ff
0x000066e133fc8cd0:   74 18 48 8b 05 bf 52 00 00 48 8b 00 48 89 c7 ff
0x000066e133fc8ce0:   50 28 85 c0 0f 84 f3 00 00 00 b8 ff ff ff ff e9
0x000066e133fc8cf0:   5f ff ff ff 8b 73 28 48 8b 05 ba 52 00 00 48 8b
0x000066e133fc8d00:   00 48 8b 3c e8 48 83 c7 40 33 73 20 48 89 da e8
0x000066e133fc8d10:   8c 74 ff ff 49 89 c4 48 85 c0 0f 84 98 00 00 00
0x000066e133fc8d20:   48 c7 43 58 00 00 00 00 c7 43 40 00 00 00 00 48
0x000066e133fc8d30:   8b 05 72 52 00 00 48 89 43 48 48 8b 05 97 52 00
0x000066e133fc8d40:   00 48 89 43 50 48 c7 43 38 01 00 00 00 48 8b 05
0x000066e133fc8d50:   64 52 00 00 48 8b 00 48 8b 3c e8 48 89 7b 30 8b
0x000066e133fc8d60:   73 28 33 73 20 48 83 c7 40 48 89 da e8 4f 76 ff
0x000066e133fc8d70:   ff 48 8b 05 40 52 00 00 48 8b 00 48 8b 04 e8 48
0x000066e133fc8d80:   8b 70 10 48 83 fe ff 74 14 48 8b 05 08 52 00 00
0x000066e133fc8d90:   48 8b 00 48 89 c7 ff 50 28 85 c0 74 54 48 89 da
0x000066e133fc8da0:   48 8b 35 11 52 00 00 48 8b 3d d2 51 00 00 e8 e5
0x000066e133fc8db0:   ee ff ff e9 9b fe ff ff 48 89 df e8 90 72 ff ff
0x000066e133fc8dc0:   49 8b 44 24 38 48 83 c0 01 49 89 44 24 38 4c 89
0x000066e133fc8dd0:   e3 eb 9e b8 ff ff ff ff e9 76 fe ff ff b8 ff ff
0x000066e133fc8de0:   ff ff e9 6c fe ff ff b8 ff ff ff ff e9 62 fe ff
0x000066e133fc8df0:   ff b8 ff ff ff ff e9 58 fe ff ff 48 63 d7 48 8b
0x000066e133fc8e00:   05 7b 51 00 00 48 3b 10 0f 8d 03 01 00 00 41 55
0x000066e133fc8e10:   41 54 55 53 48 83 ec 08 49 89 f5 48 63 ef 4c 8d
0x000066e133fc8e20:   24 ed 00 00 00 00 48 8b 05 8b 51 00 00 48 8b 00
0x000066e133fc8e30:   48 8b 04 e8 48 85 c0 0f 84 e7 00 00 00 48 8b 70
0x000066e133fc8e40:   10 48 83 fe ff 74 36 48 8b 05 4a 51 00 00 48 8b
0x000066e133fc8e50:   00 48 89 c7 ff 50 20 48 85 c0 0f 84 26 02 00 00
0x000066e133fc8e60:   48 8b 15 51 51 00 00 48 8b 12 48 8b 14 ea 48 63
0x000066e133fc8e70:   4a 1c f6 44 08 18 01 0f 84 bb 00 00 00 bf 60 00
0x000066e133fc8e80:   00 00 e8 69 74 ff ff 48 89 c3 48 85 c0 0f 84 cd
0x000066e133fc8e90:   00 00 00 48 8b 05 1e 51 00 00 4c 03 20 49 8b 14
0x000066e133fc8ea0:   24 f3 0f 6f 02 0f 11 03 f3 0f 6f 4a 10 0f 11 4b
0x000066e133fc8eb0:   10 f3 0f 6f 52 1c 0f 11 53 1c 49 8b 34 24 4c 89 


Stack slot to memory mapping:
stack at sp + 0 slots: 0x0 is NULL
stack at sp + 1 slots: {method} {0x000066e0fc918e50} 'linkToNative' '(JIJJLjava/lang/Object;)I' in 'java/lang/invoke/MethodHandle'
stack at sp + 2 slots: 0x000066e13b5fe4c0 is pointing into the stack for thread: 0x000066e134015780
stack at sp + 3 slots: 0x0 is NULL
stack at sp + 4 slots: 0x000066e13b5fe4e0 is pointing into the stack for thread: 0x000066e134015780
stack at sp + 5 slots: 0x000066e12449b4c4 is at code_begin+68 in 
[CodeBlob (0x000066e12449b410)]
Framesize: 4
Runtime Stub (0x000066e12449b410): nep_invoker_blob
--------------------------------------------------------------------------------
Decoding CodeBlob, name: nep_invoker_blob, at  [0x000066e12449b480, 0x000066e12449b588]  264 bytes
[MachCode]
  0x000066e12449b480: 5548 8bec | 4883 ec10 | c5f8 7749 | 89af d002 | 0000 49ba | 88b4 4924 | e166 0000 | 4d89 97c8 
  0x000066e12449b4a0: 0200 0049 | 89a7 c002 | 0000 41c7 | 8774 0300 | 0004 0000 | 0049 8bc0 | 4c8b d648 | 8bf1 488b 
  0x000066e12449b4c0: fa41 ffd2 | c5f8 7741 | c787 7403 | 0000 0500 | 0000 f083 | 4424 c000 | 493b af78 | 0300 000f 
  0x000066e12449b4e0: 8753 0000 | 0041 81bf | 7003 0000 | 0000 0000 | 0f85 4200 | 0000 41c7 | 8774 0300 | 0008 0000 
  0x000066e12449b500: 0041 81bf | e803 0000 | 0200 0000 | 0f84 4c00 | 0000 49c7 | 87c0 0200 | 0000 0000 | 0049 c787 
  0x000066e12449b520: d002 0000 | 0000 0000 | 49c7 87c8 | 0200 0000 | 0000 00c5 | f877 c9c3 | c5f8 7748 | 8904 2449 
  0x000066e12449b540: 8bff 4c8b | e448 83ec | 0048 83e4 | f0e8 de1c | 4b18 498b | e44d 33e4 | 488b 0424 | eb98 c5f8 
  0x000066e12449b560: 7748 8904 | 244c 8be4 | 4883 ec00 | 4883 e4f0 | e85b 6831 | 1849 8be4 | 4d33 e448 | 8b04 24eb 
  0x000066e12449b580: 91f4 f4f4 | f4f4 f4f4 
[/MachCode]
--------------------------------------------------------------------------------
stack at sp + 6 slots: 0x00000000000000b8 is an unknown value
stack at sp + 7 slots: 0x0 is NULL

--------------------------------------------------------------------------------
Decoding CodeBlob, name: nep_invoker_blob, at  [0x000066e12449b480, 0x000066e12449b588]  264 bytes
[MachCode]
  0x000066e12449b480: 5548 8bec | 4883 ec10 | c5f8 7749 | 89af d002 | 0000 49ba | 88b4 4924 | e166 0000 | 4d89 97c8 
  0x000066e12449b4a0: 0200 0049 | 89a7 c002 | 0000 41c7 | 8774 0300 | 0004 0000 | 0049 8bc0 | 4c8b d648 | 8bf1 488b 
  0x000066e12449b4c0: fa41 ffd2 | c5f8 7741 | c787 7403 | 0000 0500 | 0000 f083 | 4424 c000 | 493b af78 | 0300 000f 
  0x000066e12449b4e0: 8753 0000 | 0041 81bf | 7003 0000 | 0000 0000 | 0f85 4200 | 0000 41c7 | 8774 0300 | 0008 0000 
  0x000066e12449b500: 0041 81bf | e803 0000 | 0200 0000 | 0f84 4c00 | 0000 49c7 | 87c0 0200 | 0000 0000 | 0049 c787 
  0x000066e12449b520: d002 0000 | 0000 0000 | 49c7 87c8 | 0200 0000 | 0000 00c5 | f877 c9c3 | c5f8 7748 | 8904 2449 
  0x000066e12449b540: 8bff 4c8b | e448 83ec | 0048 83e4 | f0e8 de1c | 4b18 498b | e44d 33e4 | 488b 0424 | eb98 c5f8 
  0x000066e12449b560: 7748 8904 | 244c 8be4 | 4883 ec00 | 4883 e4f0 | e85b 6831 | 1849 8be4 | 4d33 e448 | 8b04 24eb 
  0x000066e12449b580: 91f4 f4f4 | f4f4 f4f4 
[/MachCode]
--------------------------------------------------------------------------------


---------------  P R O C E S S  ---------------

Threads class SMR info:
_java_thread_list=0x000066e0d41be780, length=12, elements={
0x000066e134015780, 0x000066e1341f4e70, 0x000066e1341f6380, 0x000066e1341f7a90,
0x000066e1341f8e40, 0x000066e1341fa1e0, 0x000066e1341fbbf0, 0x000066e1341fd130,
0x000066e1341fe600, 0x000066e1342be600, 0x000066e1343141a0, 0x000066e0d41bdd00
}

Java Threads: ( => current thread )
=>0x000066e134015780 JavaThread "main" [_thread_in_native, id=25754, stack(0x000066e13b500000,0x000066e13b600000)]
  0x000066e1341f4e70 JavaThread "Reference Handler" daemon [_thread_blocked, id=25761, stack(0x000066e115080000,0x000066e115180000)]
  0x000066e1341f6380 JavaThread "Finalizer" daemon [_thread_blocked, id=25762, stack(0x000066e114b00000,0x000066e114c00000)]
  0x000066e1341f7a90 JavaThread "Signal Dispatcher" daemon [_thread_blocked, id=25763, stack(0x000066e114a00000,0x000066e114b00000)]
  0x000066e1341f8e40 JavaThread "Service Thread" daemon [_thread_blocked, id=25764, stack(0x000066e114900000,0x000066e114a00000)]
  0x000066e1341fa1e0 JavaThread "Monitor Deflation Thread" daemon [_thread_blocked, id=25765, stack(0x000066e114800000,0x000066e114900000)]
  0x000066e1341fbbf0 JavaThread "C2 CompilerThread0" daemon [_thread_blocked, id=25766, stack(0x000066e114700000,0x000066e114800000)]
  0x000066e1341fd130 JavaThread "C1 CompilerThread0" daemon [_thread_blocked, id=25767, stack(0x000066e114600000,0x000066e114700000)]
  0x000066e1341fe600 JavaThread "Sweeper thread" daemon [_thread_blocked, id=25768, stack(0x000066e114500000,0x000066e114600000)]
  0x000066e1342be600 JavaThread "Common-Cleaner" daemon [_thread_blocked, id=25769, stack(0x000066e114400000,0x000066e114500000)]
  0x000066e1343141a0 JavaThread "Notification Thread" daemon [_thread_blocked, id=25770, stack(0x000066e114300000,0x000066e114400000)]
  0x000066e0d41bdd00 JavaThread "C2 CompilerThread1" daemon [_thread_blocked, id=25772, stack(0x000066e1140fe000,0x000066e1141fe000)]

Other Threads:
  0x000066e1341b4430 VMThread "VM Thread" [stack: 0x000066e138007000,0x000066e138107000] [id=25760]
  0x000066e134315860 WatcherThread "VM Periodic Task Thread" [stack: 0x000066e114200000,0x000066e114300000] [id=25771]
  0x000066e134085610 WorkerThread "GC Thread#0" [stack: 0x000066e1390c8000,0x000066e1391c8000] [id=25755]
  0x000066e134096550 ConcurrentGCThread "G1 Main Marker" [stack: 0x000066e138fc6000,0x000066e1390c6000] [id=25756]
  0x000066e134097470 WorkerThread "G1 Conc#0" [stack: 0x000066e138ec4000,0x000066e138fc4000] [id=25757]
  0x000066e134000e00 ConcurrentGCThread "G1 Refine#0" [stack: 0x000066e1383b8000,0x000066e1384b8000] [id=25758]
  0x000066e13412d4a0 ConcurrentGCThread "G1 Service" [stack: 0x000066e1382b6000,0x000066e1383b6000] [id=25759]

Threads with active compile tasks:

VM state: not at safepoint (normal execution)

VM Mutex/Monitor currently owned by a thread: None

Heap address: 0x0000000707000000, size: 3984 MB, Compressed Oops mode: Zero based, Oop shift amount: 3

CDS archive(s) not mapped
Compressed class space mapped at: 0x0000000800000000-0x0000000840000000, reserved size: 1073741824
Narrow klass base: 0x0000000800000000, Narrow klass shift: 0, Narrow klass range: 0x40000000

GC Precious Log:
 CardTable entry size: 512
 Card Set container configuration: InlinePtr #cards 4 size 8 Array Of Cards #cards 16 size 48 Howl #buckets 8 coarsen threshold 3686 Howl Bitmap #cards 512 size 80 coarsen threshold 460 Card regions per heap region 1 cards per card region 4096
 CPUs: 32 total, 12 available
 Memory: 15932M
 Large Page Support: Disabled
 NUMA Support: Disabled
 Compressed Oops: Enabled (Zero based)
 Heap Region Size: 2M
 Heap Min Capacity: 8M
 Heap Initial Capacity: 250M
 Heap Max Capacity: 3984M
 Pre-touch: Disabled
 Parallel Workers: 10
 Concurrent Workers: 3
 Concurrent Refinement Workers: 10
 Periodic GC: Disabled

Heap:
 garbage-first heap   total 256000K, used 8192K [0x0000000707000000, 0x0000000800000000)
  region size 2048K, 5 young (10240K), 0 survivors (0K)
 Metaspace       used 9591K, committed 10112K, reserved 1114112K
  class space    used 919K, committed 1152K, reserved 1048576K

Heap Regions: E=young(eden), S=young(survivor), O=old, HS=humongous(starts), HC=humongous(continues), CS=collection set, F=free, OA=open archive, CA=closed archive, TAMS=top-at-mark-start (previous, next)
|   0|0x0000000707000000, 0x0000000707000000, 0x0000000707200000|  0%| F|  |TAMS 0x0000000707000000, 0x0000000707000000| Untracked 
|   1|0x0000000707200000, 0x0000000707200000, 0x0000000707400000|  0%| F|  |TAMS 0x0000000707200000, 0x0000000707200000| Untracked 
|   2|0x0000000707400000, 0x0000000707400000, 0x0000000707600000|  0%| F|  |TAMS 0x0000000707400000, 0x0000000707400000| Untracked 
|   3|0x0000000707600000, 0x0000000707600000, 0x0000000707800000|  0%| F|  |TAMS 0x0000000707600000, 0x0000000707600000| Untracked 
|   4|0x0000000707800000, 0x0000000707800000, 0x0000000707a00000|  0%| F|  |TAMS 0x0000000707800000, 0x0000000707800000| Untracked 
|   5|0x0000000707a00000, 0x0000000707a00000, 0x0000000707c00000|  0%| F|  |TAMS 0x0000000707a00000, 0x0000000707a00000| Untracked 
|   6|0x0000000707c00000, 0x0000000707c00000, 0x0000000707e00000|  0%| F|  |TAMS 0x0000000707c00000, 0x0000000707c00000| Untracked 
|   7|0x0000000707e00000, 0x0000000707e00000, 0x0000000708000000|  0%| F|  |TAMS 0x0000000707e00000, 0x0000000707e00000| Untracked 
|   8|0x0000000708000000, 0x0000000708000000, 0x0000000708200000|  0%| F|  |TAMS 0x0000000708000000, 0x0000000708000000| Untracked 
|   9|0x0000000708200000, 0x0000000708200000, 0x0000000708400000|  0%| F|  |TAMS 0x0000000708200000, 0x0000000708200000| Untracked 
|  10|0x0000000708400000, 0x0000000708400000, 0x0000000708600000|  0%| F|  |TAMS 0x0000000708400000, 0x0000000708400000| Untracked 
|  11|0x0000000708600000, 0x0000000708600000, 0x0000000708800000|  0%| F|  |TAMS 0x0000000708600000, 0x0000000708600000| Untracked 
|  12|0x0000000708800000, 0x0000000708800000, 0x0000000708a00000|  0%| F|  |TAMS 0x0000000708800000, 0x0000000708800000| Untracked 
|  13|0x0000000708a00000, 0x0000000708a00000, 0x0000000708c00000|  0%| F|  |TAMS 0x0000000708a00000, 0x0000000708a00000| Untracked 
|  14|0x0000000708c00000, 0x0000000708c00000, 0x0000000708e00000|  0%| F|  |TAMS 0x0000000708c00000, 0x0000000708c00000| Untracked 
|  15|0x0000000708e00000, 0x0000000708e00000, 0x0000000709000000|  0%| F|  |TAMS 0x0000000708e00000, 0x0000000708e00000| Untracked 
|  16|0x0000000709000000, 0x0000000709000000, 0x0000000709200000|  0%| F|  |TAMS 0x0000000709000000, 0x0000000709000000| Untracked 
|  17|0x0000000709200000, 0x0000000709200000, 0x0000000709400000|  0%| F|  |TAMS 0x0000000709200000, 0x0000000709200000| Untracked 
|  18|0x0000000709400000, 0x0000000709400000, 0x0000000709600000|  0%| F|  |TAMS 0x0000000709400000, 0x0000000709400000| Untracked 
|  19|0x0000000709600000, 0x0000000709600000, 0x0000000709800000|  0%| F|  |TAMS 0x0000000709600000, 0x0000000709600000| Untracked 
|  20|0x0000000709800000, 0x0000000709800000, 0x0000000709a00000|  0%| F|  |TAMS 0x0000000709800000, 0x0000000709800000| Untracked 
|  21|0x0000000709a00000, 0x0000000709a00000, 0x0000000709c00000|  0%| F|  |TAMS 0x0000000709a00000, 0x0000000709a00000| Untracked 
|  22|0x0000000709c00000, 0x0000000709c00000, 0x0000000709e00000|  0%| F|  |TAMS 0x0000000709c00000, 0x0000000709c00000| Untracked 
|  23|0x0000000709e00000, 0x0000000709e00000, 0x000000070a000000|  0%| F|  |TAMS 0x0000000709e00000, 0x0000000709e00000| Untracked 
|  24|0x000000070a000000, 0x000000070a000000, 0x000000070a200000|  0%| F|  |TAMS 0x000000070a000000, 0x000000070a000000| Untracked 
|  25|0x000000070a200000, 0x000000070a200000, 0x000000070a400000|  0%| F|  |TAMS 0x000000070a200000, 0x000000070a200000| Untracked 
|  26|0x000000070a400000, 0x000000070a400000, 0x000000070a600000|  0%| F|  |TAMS 0x000000070a400000, 0x000000070a400000| Untracked 
|  27|0x000000070a600000, 0x000000070a600000, 0x000000070a800000|  0%| F|  |TAMS 0x000000070a600000, 0x000000070a600000| Untracked 
|  28|0x000000070a800000, 0x000000070a800000, 0x000000070aa00000|  0%| F|  |TAMS 0x000000070a800000, 0x000000070a800000| Untracked 
|  29|0x000000070aa00000, 0x000000070aa00000, 0x000000070ac00000|  0%| F|  |TAMS 0x000000070aa00000, 0x000000070aa00000| Untracked 
|  30|0x000000070ac00000, 0x000000070ac00000, 0x000000070ae00000|  0%| F|  |TAMS 0x000000070ac00000, 0x000000070ac00000| Untracked 
|  31|0x000000070ae00000, 0x000000070ae00000, 0x000000070b000000|  0%| F|  |TAMS 0x000000070ae00000, 0x000000070ae00000| Untracked 
|  32|0x000000070b000000, 0x000000070b000000, 0x000000070b200000|  0%| F|  |TAMS 0x000000070b000000, 0x000000070b000000| Untracked 
|  33|0x000000070b200000, 0x000000070b200000, 0x000000070b400000|  0%| F|  |TAMS 0x000000070b200000, 0x000000070b200000| Untracked 
|  34|0x000000070b400000, 0x000000070b400000, 0x000000070b600000|  0%| F|  |TAMS 0x000000070b400000, 0x000000070b400000| Untracked 
|  35|0x000000070b600000, 0x000000070b600000, 0x000000070b800000|  0%| F|  |TAMS 0x000000070b600000, 0x000000070b600000| Untracked 
|  36|0x000000070b800000, 0x000000070b800000, 0x000000070ba00000|  0%| F|  |TAMS 0x000000070b800000, 0x000000070b800000| Untracked 
|  37|0x000000070ba00000, 0x000000070ba00000, 0x000000070bc00000|  0%| F|  |TAMS 0x000000070ba00000, 0x000000070ba00000| Untracked 
|  38|0x000000070bc00000, 0x000000070bc00000, 0x000000070be00000|  0%| F|  |TAMS 0x000000070bc00000, 0x000000070bc00000| Untracked 
|  39|0x000000070be00000, 0x000000070be00000, 0x000000070c000000|  0%| F|  |TAMS 0x000000070be00000, 0x000000070be00000| Untracked 
|  40|0x000000070c000000, 0x000000070c000000, 0x000000070c200000|  0%| F|  |TAMS 0x000000070c000000, 0x000000070c000000| Untracked 
|  41|0x000000070c200000, 0x000000070c200000, 0x000000070c400000|  0%| F|  |TAMS 0x000000070c200000, 0x000000070c200000| Untracked 
|  42|0x000000070c400000, 0x000000070c400000, 0x000000070c600000|  0%| F|  |TAMS 0x000000070c400000, 0x000000070c400000| Untracked 
|  43|0x000000070c600000, 0x000000070c600000, 0x000000070c800000|  0%| F|  |TAMS 0x000000070c600000, 0x000000070c600000| Untracked 
|  44|0x000000070c800000, 0x000000070c800000, 0x000000070ca00000|  0%| F|  |TAMS 0x000000070c800000, 0x000000070c800000| Untracked 
|  45|0x000000070ca00000, 0x000000070ca00000, 0x000000070cc00000|  0%| F|  |TAMS 0x000000070ca00000, 0x000000070ca00000| Untracked 
|  46|0x000000070cc00000, 0x000000070cc00000, 0x000000070ce00000|  0%| F|  |TAMS 0x000000070cc00000, 0x000000070cc00000| Untracked 
|  47|0x000000070ce00000, 0x000000070ce00000, 0x000000070d000000|  0%| F|  |TAMS 0x000000070ce00000, 0x000000070ce00000| Untracked 
|  48|0x000000070d000000, 0x000000070d000000, 0x000000070d200000|  0%| F|  |TAMS 0x000000070d000000, 0x000000070d000000| Untracked 
|  49|0x000000070d200000, 0x000000070d200000, 0x000000070d400000|  0%| F|  |TAMS 0x000000070d200000, 0x000000070d200000| Untracked 
|  50|0x000000070d400000, 0x000000070d400000, 0x000000070d600000|  0%| F|  |TAMS 0x000000070d400000, 0x000000070d400000| Untracked 
|  51|0x000000070d600000, 0x000000070d600000, 0x000000070d800000|  0%| F|  |TAMS 0x000000070d600000, 0x000000070d600000| Untracked 
|  52|0x000000070d800000, 0x000000070d800000, 0x000000070da00000|  0%| F|  |TAMS 0x000000070d800000, 0x000000070d800000| Untracked 
|  53|0x000000070da00000, 0x000000070da00000, 0x000000070dc00000|  0%| F|  |TAMS 0x000000070da00000, 0x000000070da00000| Untracked 
|  54|0x000000070dc00000, 0x000000070dc00000, 0x000000070de00000|  0%| F|  |TAMS 0x000000070dc00000, 0x000000070dc00000| Untracked 
|  55|0x000000070de00000, 0x000000070de00000, 0x000000070e000000|  0%| F|  |TAMS 0x000000070de00000, 0x000000070de00000| Untracked 
|  56|0x000000070e000000, 0x000000070e000000, 0x000000070e200000|  0%| F|  |TAMS 0x000000070e000000, 0x000000070e000000| Untracked 
|  57|0x000000070e200000, 0x000000070e200000, 0x000000070e400000|  0%| F|  |TAMS 0x000000070e200000, 0x000000070e200000| Untracked 
|  58|0x000000070e400000, 0x000000070e400000, 0x000000070e600000|  0%| F|  |TAMS 0x000000070e400000, 0x000000070e400000| Untracked 
|  59|0x000000070e600000, 0x000000070e600000, 0x000000070e800000|  0%| F|  |TAMS 0x000000070e600000, 0x000000070e600000| Untracked 
|  60|0x000000070e800000, 0x000000070e800000, 0x000000070ea00000|  0%| F|  |TAMS 0x000000070e800000, 0x000000070e800000| Untracked 
|  61|0x000000070ea00000, 0x000000070ea00000, 0x000000070ec00000|  0%| F|  |TAMS 0x000000070ea00000, 0x000000070ea00000| Untracked 
|  62|0x000000070ec00000, 0x000000070ec00000, 0x000000070ee00000|  0%| F|  |TAMS 0x000000070ec00000, 0x000000070ec00000| Untracked 
|  63|0x000000070ee00000, 0x000000070ee00000, 0x000000070f000000|  0%| F|  |TAMS 0x000000070ee00000, 0x000000070ee00000| Untracked 
|  64|0x000000070f000000, 0x000000070f000000, 0x000000070f200000|  0%| F|  |TAMS 0x000000070f000000, 0x000000070f000000| Untracked 
|  65|0x000000070f200000, 0x000000070f200000, 0x000000070f400000|  0%| F|  |TAMS 0x000000070f200000, 0x000000070f200000| Untracked 
|  66|0x000000070f400000, 0x000000070f400000, 0x000000070f600000|  0%| F|  |TAMS 0x000000070f400000, 0x000000070f400000| Untracked 
|  67|0x000000070f600000, 0x000000070f600000, 0x000000070f800000|  0%| F|  |TAMS 0x000000070f600000, 0x000000070f600000| Untracked 
|  68|0x000000070f800000, 0x000000070f800000, 0x000000070fa00000|  0%| F|  |TAMS 0x000000070f800000, 0x000000070f800000| Untracked 
|  69|0x000000070fa00000, 0x000000070fa00000, 0x000000070fc00000|  0%| F|  |TAMS 0x000000070fa00000, 0x000000070fa00000| Untracked 
|  70|0x000000070fc00000, 0x000000070fc00000, 0x000000070fe00000|  0%| F|  |TAMS 0x000000070fc00000, 0x000000070fc00000| Untracked 
|  71|0x000000070fe00000, 0x000000070fe00000, 0x0000000710000000|  0%| F|  |TAMS 0x000000070fe00000, 0x000000070fe00000| Untracked 
|  72|0x0000000710000000, 0x0000000710000000, 0x0000000710200000|  0%| F|  |TAMS 0x0000000710000000, 0x0000000710000000| Untracked 
|  73|0x0000000710200000, 0x0000000710200000, 0x0000000710400000|  0%| F|  |TAMS 0x0000000710200000, 0x0000000710200000| Untracked 
|  74|0x0000000710400000, 0x0000000710400000, 0x0000000710600000|  0%| F|  |TAMS 0x0000000710400000, 0x0000000710400000| Untracked 
|  75|0x0000000710600000, 0x0000000710600000, 0x0000000710800000|  0%| F|  |TAMS 0x0000000710600000, 0x0000000710600000| Untracked 
|  76|0x0000000710800000, 0x0000000710800000, 0x0000000710a00000|  0%| F|  |TAMS 0x0000000710800000, 0x0000000710800000| Untracked 
|  77|0x0000000710a00000, 0x0000000710a00000, 0x0000000710c00000|  0%| F|  |TAMS 0x0000000710a00000, 0x0000000710a00000| Untracked 
|  78|0x0000000710c00000, 0x0000000710c00000, 0x0000000710e00000|  0%| F|  |TAMS 0x0000000710c00000, 0x0000000710c00000| Untracked 
|  79|0x0000000710e00000, 0x0000000710e00000, 0x0000000711000000|  0%| F|  |TAMS 0x0000000710e00000, 0x0000000710e00000| Untracked 
|  80|0x0000000711000000, 0x0000000711000000, 0x0000000711200000|  0%| F|  |TAMS 0x0000000711000000, 0x0000000711000000| Untracked 
|  81|0x0000000711200000, 0x0000000711200000, 0x0000000711400000|  0%| F|  |TAMS 0x0000000711200000, 0x0000000711200000| Untracked 
|  82|0x0000000711400000, 0x0000000711400000, 0x0000000711600000|  0%| F|  |TAMS 0x0000000711400000, 0x0000000711400000| Untracked 
|  83|0x0000000711600000, 0x0000000711600000, 0x0000000711800000|  0%| F|  |TAMS 0x0000000711600000, 0x0000000711600000| Untracked 
|  84|0x0000000711800000, 0x0000000711800000, 0x0000000711a00000|  0%| F|  |TAMS 0x0000000711800000, 0x0000000711800000| Untracked 
|  85|0x0000000711a00000, 0x0000000711a00000, 0x0000000711c00000|  0%| F|  |TAMS 0x0000000711a00000, 0x0000000711a00000| Untracked 
|  86|0x0000000711c00000, 0x0000000711c00000, 0x0000000711e00000|  0%| F|  |TAMS 0x0000000711c00000, 0x0000000711c00000| Untracked 
|  87|0x0000000711e00000, 0x0000000711e00000, 0x0000000712000000|  0%| F|  |TAMS 0x0000000711e00000, 0x0000000711e00000| Untracked 
|  88|0x0000000712000000, 0x0000000712000000, 0x0000000712200000|  0%| F|  |TAMS 0x0000000712000000, 0x0000000712000000| Untracked 
|  89|0x0000000712200000, 0x0000000712200000, 0x0000000712400000|  0%| F|  |TAMS 0x0000000712200000, 0x0000000712200000| Untracked 
|  90|0x0000000712400000, 0x0000000712400000, 0x0000000712600000|  0%| F|  |TAMS 0x0000000712400000, 0x0000000712400000| Untracked 
|  91|0x0000000712600000, 0x0000000712600000, 0x0000000712800000|  0%| F|  |TAMS 0x0000000712600000, 0x0000000712600000| Untracked 
|  92|0x0000000712800000, 0x0000000712800000, 0x0000000712a00000|  0%| F|  |TAMS 0x0000000712800000, 0x0000000712800000| Untracked 
|  93|0x0000000712a00000, 0x0000000712a00000, 0x0000000712c00000|  0%| F|  |TAMS 0x0000000712a00000, 0x0000000712a00000| Untracked 
|  94|0x0000000712c00000, 0x0000000712c00000, 0x0000000712e00000|  0%| F|  |TAMS 0x0000000712c00000, 0x0000000712c00000| Untracked 
|  95|0x0000000712e00000, 0x0000000712e00000, 0x0000000713000000|  0%| F|  |TAMS 0x0000000712e00000, 0x0000000712e00000| Untracked 
|  96|0x0000000713000000, 0x0000000713000000, 0x0000000713200000|  0%| F|  |TAMS 0x0000000713000000, 0x0000000713000000| Untracked 
|  97|0x0000000713200000, 0x0000000713200000, 0x0000000713400000|  0%| F|  |TAMS 0x0000000713200000, 0x0000000713200000| Untracked 
|  98|0x0000000713400000, 0x0000000713400000, 0x0000000713600000|  0%| F|  |TAMS 0x0000000713400000, 0x0000000713400000| Untracked 
|  99|0x0000000713600000, 0x0000000713600000, 0x0000000713800000|  0%| F|  |TAMS 0x0000000713600000, 0x0000000713600000| Untracked 
| 100|0x0000000713800000, 0x0000000713800000, 0x0000000713a00000|  0%| F|  |TAMS 0x0000000713800000, 0x0000000713800000| Untracked 
| 101|0x0000000713a00000, 0x0000000713a00000, 0x0000000713c00000|  0%| F|  |TAMS 0x0000000713a00000, 0x0000000713a00000| Untracked 
| 102|0x0000000713c00000, 0x0000000713c00000, 0x0000000713e00000|  0%| F|  |TAMS 0x0000000713c00000, 0x0000000713c00000| Untracked 
| 103|0x0000000713e00000, 0x0000000713e00000, 0x0000000714000000|  0%| F|  |TAMS 0x0000000713e00000, 0x0000000713e00000| Untracked 
| 104|0x0000000714000000, 0x0000000714000000, 0x0000000714200000|  0%| F|  |TAMS 0x0000000714000000, 0x0000000714000000| Untracked 
| 105|0x0000000714200000, 0x0000000714200000, 0x0000000714400000|  0%| F|  |TAMS 0x0000000714200000, 0x0000000714200000| Untracked 
| 106|0x0000000714400000, 0x0000000714400000, 0x0000000714600000|  0%| F|  |TAMS 0x0000000714400000, 0x0000000714400000| Untracked 
| 107|0x0000000714600000, 0x0000000714600000, 0x0000000714800000|  0%| F|  |TAMS 0x0000000714600000, 0x0000000714600000| Untracked 
| 108|0x0000000714800000, 0x0000000714800000, 0x0000000714a00000|  0%| F|  |TAMS 0x0000000714800000, 0x0000000714800000| Untracked 
| 109|0x0000000714a00000, 0x0000000714a00000, 0x0000000714c00000|  0%| F|  |TAMS 0x0000000714a00000, 0x0000000714a00000| Untracked 
| 110|0x0000000714c00000, 0x0000000714c00000, 0x0000000714e00000|  0%| F|  |TAMS 0x0000000714c00000, 0x0000000714c00000| Untracked 
| 111|0x0000000714e00000, 0x0000000714e00000, 0x0000000715000000|  0%| F|  |TAMS 0x0000000714e00000, 0x0000000714e00000| Untracked 
| 112|0x0000000715000000, 0x0000000715000000, 0x0000000715200000|  0%| F|  |TAMS 0x0000000715000000, 0x0000000715000000| Untracked 
| 113|0x0000000715200000, 0x0000000715200000, 0x0000000715400000|  0%| F|  |TAMS 0x0000000715200000, 0x0000000715200000| Untracked 
| 114|0x0000000715400000, 0x0000000715400000, 0x0000000715600000|  0%| F|  |TAMS 0x0000000715400000, 0x0000000715400000| Untracked 
| 115|0x0000000715600000, 0x0000000715600000, 0x0000000715800000|  0%| F|  |TAMS 0x0000000715600000, 0x0000000715600000| Untracked 
| 116|0x0000000715800000, 0x0000000715800000, 0x0000000715a00000|  0%| F|  |TAMS 0x0000000715800000, 0x0000000715800000| Untracked 
| 117|0x0000000715a00000, 0x0000000715a00000, 0x0000000715c00000|  0%| F|  |TAMS 0x0000000715a00000, 0x0000000715a00000| Untracked 
| 118|0x0000000715c00000, 0x0000000715c00000, 0x0000000715e00000|  0%| F|  |TAMS 0x0000000715c00000, 0x0000000715c00000| Untracked 
| 119|0x0000000715e00000, 0x0000000715e00000, 0x0000000716000000|  0%| F|  |TAMS 0x0000000715e00000, 0x0000000715e00000| Untracked 
| 120|0x0000000716000000, 0x0000000716152760, 0x0000000716200000| 66%| E|  |TAMS 0x0000000716000000, 0x0000000716000000| Complete 
| 121|0x0000000716200000, 0x0000000716400000, 0x0000000716400000|100%| E|CS|TAMS 0x0000000716200000, 0x0000000716200000| Complete 
| 122|0x0000000716400000, 0x0000000716600000, 0x0000000716600000|100%| E|CS|TAMS 0x0000000716400000, 0x0000000716400000| Complete 
| 123|0x0000000716600000, 0x0000000716800000, 0x0000000716800000|100%| E|CS|TAMS 0x0000000716600000, 0x0000000716600000| Complete 
| 124|0x0000000716800000, 0x0000000716a00000, 0x0000000716a00000|100%| E|CS|TAMS 0x0000000716800000, 0x0000000716800000| Complete 

Card table byte_map: [0x000066e139990000,0x000066e13a158000] _byte_map_base: 0x000066e136158000

Marking Bits (Prev, Next): (CMBitMap*) 0x000066e1340860a0, (CMBitMap*) 0x000066e1340860e0
 Prev Bits: [0x000066e118fc0000, 0x000066e11ce00000)
 Next Bits: [0x000066e115180000, 0x000066e118fc0000)

Polling page: 0x000066e13d0e9000

Metaspace:

Usage:
  Non-class:      8.47 MB used.
      Class:    919.56 KB used.
       Both:      9.37 MB used.

Virtual space:
  Non-class space:       64.00 MB reserved,       8.75 MB ( 14%) committed,  1 nodes.
      Class space:        1.00 GB reserved,       1.12 MB ( <1%) committed,  1 nodes.
             Both:        1.06 GB reserved,       9.88 MB ( <1%) committed. 

Chunk freelists:
   Non-Class:  2.68 MB
       Class:  2.94 MB
        Both:  5.61 MB

MaxMetaspaceSize: unlimited
CompressedClassSpaceSize: 1.00 GB
Initial GC threshold: 21.00 MB
Current GC threshold: 21.00 MB
CDS: off
MetaspaceReclaimPolicy: balanced
 - commit_granule_bytes: 65536.
 - commit_granule_words: 8192.
 - virtual_space_node_default_size: 8388608.
 - enlarge_chunks_in_place: 1.
 - new_chunks_are_fully_committed: 0.
 - uncommit_free_chunks: 1.
 - use_allocation_guard: 0.


Internal statistics:

num_allocs_failed_limit: 0.
num_arena_births: 638.
num_arena_deaths: 0.
num_vsnodes_births: 2.
num_vsnodes_deaths: 0.
num_space_committed: 158.
num_space_uncommitted: 0.
num_chunks_returned_to_freelist: 0.
num_chunks_taken_from_freelist: 673.
num_chunk_merges: 0.
num_chunk_splits: 486.
num_chunks_enlarged: 317.
num_inconsistent_stats: 0.

CodeHeap 'non-profiled nmethods': size=120028Kb used=317Kb max_used=317Kb free=119711Kb
 bounds [0x000066e1248c9000, 0x000066e124b39000, 0x000066e12be00000]
CodeHeap 'profiled nmethods': size=120028Kb used=1122Kb max_used=1122Kb free=118905Kb
 bounds [0x000066e11ce00000, 0x000066e11d070000, 0x000066e124337000]
CodeHeap 'non-nmethods': size=5704Kb used=1468Kb max_used=1480Kb free=4235Kb
 bounds [0x000066e124337000, 0x000066e1245a7000, 0x000066e1248c9000]
 total_blobs=1337 nmethods=823 adapters=412
 compilation: enabled
              stopped_count=0, restarted_count=0
 full_count=0

Compilation events (20 events):
Event: 0.185 Thread 0x000066e1341fbbf0 nmethod 804 0x000066e124916890 code [0x000066e124916a20, 0x000066e124916af8]
Event: 0.185 Thread 0x000066e1341fd130 nmethod 805 0x000066e11cf14010 code [0x000066e11cf14240, 0x000066e11cf14b00]
Event: 0.185 Thread 0x000066e1341fd130  808       3       jdk.internal.org.objectweb.asm.ClassVisitor::<init> (7 bytes)
Event: 0.185 Thread 0x000066e1341fd130 nmethod 808 0x000066e11cf14f10 code [0x000066e11cf150c0, 0x000066e11cf15220]
Event: 0.185 Thread 0x000066e1341fd130  809       3       jdk.internal.org.objectweb.asm.ClassVisitor::<init> (78 bytes)
Event: 0.186 Thread 0x000066e1341fd130 nmethod 809 0x000066e11cf15310 code [0x000066e11cf15560, 0x000066e11cf15d40]
Event: 0.186 Thread 0x000066e1341fd130  810       3       jdk.internal.org.objectweb.asm.SymbolTable::<init> (41 bytes)
Event: 0.186 Thread 0x000066e1341fd130 nmethod 810 0x000066e11cf16010 code [0x000066e11cf161e0, 0x000066e11cf16790]
Event: 0.186 Thread 0x000066e1341fd130  811       3       jdk.internal.org.objectweb.asm.SymbolTable::setMajorVersionAndClassName (19 bytes)
Event: 0.186 Thread 0x000066e1341fd130 nmethod 811 0x000066e11cf16910 code [0x000066e11cf16ac0, 0x000066e11cf16ce0]
Event: 0.186 Thread 0x000066e1341fd130  815       3       java.lang.invoke.MethodHandles$Lookup$ClassOption::optionsToFlag (40 bytes)
Event: 0.186 Thread 0x000066e1341fd130 nmethod 815 0x000066e11cf16e10 code [0x000066e11cf17000, 0x000066e11cf17520]
Event: 0.186 Thread 0x000066e1341fd130  814       3       java.lang.invoke.MethodHandles$Lookup$ClassFile::<init> (20 bytes)
Event: 0.186 Thread 0x000066e1341fd130 nmethod 814 0x000066e11cf17690 code [0x000066e11cf17840, 0x000066e11cf17a90]
Event: 0.186 Thread 0x000066e1341fd130  816       3       java.lang.invoke.MethodHandles$Lookup$ClassDefiner::<init> (58 bytes)
Event: 0.186 Thread 0x000066e1341fd130 nmethod 816 0x000066e11cf17b90 code [0x000066e11cf17d40, 0x000066e11cf18010]
Event: 0.186 Thread 0x000066e1341fd130  817       3       java.lang.System$2::defineClass (21 bytes)
Event: 0.186 Thread 0x000066e1341fd130 nmethod 817 0x000066e11cf18110 code [0x000066e11cf182c0, 0x000066e11cf18460]
Event: 0.186 Thread 0x000066e1341fd130  821       3       java.lang.invoke.MethodType::invokerType (9 bytes)
Event: 0.186 Thread 0x000066e1341fd130 nmethod 821 0x000066e11cf18590 code [0x000066e11cf18740, 0x000066e11cf188a0]

GC Heap History (0 events):
No events

Dll operation events (8 events):
Event: 0.002 Loaded shared library /usr/lib/jvm/java-19-openjdk/lib/libjava.so
Event: 0.017 Loaded shared library /usr/lib/jvm/java-19-openjdk/lib/libjsvml.so
Event: 0.032 Loaded shared library /usr/lib/jvm/java-19-openjdk/lib/libnio.so
Event: 0.058 Loaded shared library /usr/lib/jvm/java-19-openjdk/lib/libnet.so
Event: 0.086 Loaded shared library /usr/lib/jvm/java-19-openjdk/lib/libjimage.so
Event: 0.091 Loaded shared library /lib/libc.so.6
Event: 0.122 Loading shared library pfs-core failed, pfs-core: cannot open shared object file: No such file or directory
Event: 0.122 Loaded shared library /data/git/PatrFileSys/javaPFS/lib/libpfs-core.so

Deoptimization events (6 events):
Event: 0.141 Thread 0x000066e134015780 Uncommon trap: trap_request=0xffffff45 fr.pc=0x000066e1248f41b8 relative=0x0000000000000118
Event: 0.141 Thread 0x000066e134015780 Uncommon trap: reason=unstable_if action=reinterpret pc=0x000066e1248f41b8 method=jdk.internal.org.objectweb.asm.ByteVector.putShort(I)Ljdk/internal/org/objectweb/asm/ByteVector; @ 13 c2
Event: 0.141 Thread 0x000066e134015780 DEOPT PACKING pc=0x000066e1248f41b8 sp=0x000066e13b5fd810
Event: 0.141 Thread 0x000066e134015780 DEOPT UNPACKING pc=0x000066e12439de99 sp=0x000066e13b5fd7c8 mode 2
Event: 0.156 Thread 0x000066e134015780 DEOPT PACKING pc=0x000066e11ce24b72 sp=0x000066e13b5fd710
Event: 0.156 Thread 0x000066e134015780 DEOPT UNPACKING pc=0x000066e12439e62f sp=0x000066e13b5fcb50 mode 0

Classes loaded (20 events):
Event: 0.181 Loading class java/lang/constant/DirectMethodHandleDesc done
Event: 0.181 Loading class java/lang/constant/DirectMethodHandleDescImpl done
Event: 0.181 Loading class java/lang/constant/DirectMethodHandleDescImpl$1
Event: 0.181 Loading class java/lang/constant/DirectMethodHandleDescImpl$1 done
Event: 0.181 Loading class java/lang/constant/DirectMethodHandleDesc$1
Event: 0.181 Loading class java/lang/constant/DirectMethodHandleDesc$1 done
Event: 0.181 Loading class java/lang/constant/PrimitiveClassDescImpl
Event: 0.181 Loading class java/lang/constant/DynamicConstantDesc
Event: 0.181 Loading class java/lang/constant/DynamicConstantDesc done
Event: 0.181 Loading class java/lang/constant/PrimitiveClassDescImpl done
Event: 0.181 Loading class java/lang/constant/DynamicConstantDesc$AnonymousDynamicConstantDesc
Event: 0.181 Loading class java/lang/constant/DynamicConstantDesc$AnonymousDynamicConstantDesc done
Event: 0.181 Loading class java/lang/invoke/IndirectVarHandle
Event: 0.181 Loading class java/lang/invoke/IndirectVarHandle done
Event: 0.182 Loading class java/lang/invoke/VarHandles$2
Event: 0.182 Loading class java/lang/invoke/VarHandles$2 done
Event: 0.185 Loading class java/lang/UnsupportedOperationException
Event: 0.185 Loading class java/lang/UnsupportedOperationException done
Event: 0.186 Loading class java/lang/invoke/VarHandleSegmentAsInts
Event: 0.186 Loading class java/lang/invoke/VarHandleSegmentAsInts done

Classes unloaded (0 events):
No events

Classes redefined (0 events):
No events

Internal exceptions (20 events):
Event: 0.169 Thread 0x000066e134015780 Exception <a 'java/lang/NoSuchMethodError'{0x00000007163ca7a8}: 'int java.lang.invoke.DelegatingMethodHandle$Holder.reinvoke_L(java.lang.Object, java.lang.Object, java.lang.Object, int, java.lang.Object, java.lang.Object, long)'> (0x00000007163ca7a8) 
thrown [src/hotspot/share/interpreter/linkResolver.cpp, line 773]
Event: 0.171 Thread 0x000066e134015780 Exception <a 'java/lang/NoSuchMethodError'{0x00000007163f74b8}: 'java.lang.Object java.lang.invoke.DirectMethodHandle$Holder.invokeSpecial(java.lang.Object, java.lang.Object, int, java.lang.Object, java.lang.Object)'> (0x00000007163f74b8) 
thrown [src/hotspot/share/interpreter/linkResolver.cpp, line 773]
Event: 0.172 Thread 0x000066e134015780 Exception <a 'java/lang/NoSuchMethodError'{0x00000007163faec8}: 'java.lang.Object java.lang.invoke.DelegatingMethodHandle$Holder.delegate(java.lang.Object, int, java.lang.Object, java.lang.Object)'> (0x00000007163faec8) 
thrown [src/hotspot/share/interpreter/linkResolver.cpp, line 773]
Event: 0.173 Thread 0x000066e134015780 Exception <a 'java/lang/NoSuchMethodError'{0x000000071600ee38}: 'int java.lang.invoke.Invokers$Holder.linkToTargetMethod(java.lang.Object, java.lang.Object, java.lang.Object)'> (0x000000071600ee38) 
thrown [src/hotspot/share/interpreter/linkResolver.cpp, line 773]
Event: 0.173 Thread 0x000066e134015780 Exception <a 'java/lang/NoSuchMethodError'{0x000000071601e2e8}: 'int java.lang.invoke.DirectMethodHandle$Holder.invokeStaticInit(java.lang.Object, java.lang.Object, java.lang.Object, int, java.lang.Object, long)'> (0x000000071601e2e8) 
thrown [src/hotspot/share/interpreter/linkResolver.cpp, line 773]
Event: 0.174 Thread 0x000066e134015780 Exception <a 'java/lang/NoSuchMethodError'{0x00000007160257d0}: 'int java.lang.invoke.DelegatingMethodHandle$Holder.reinvoke_L(java.lang.Object, java.lang.Object, java.lang.Object, int, java.lang.Object, long)'> (0x00000007160257d0) 
thrown [src/hotspot/share/interpreter/linkResolver.cpp, line 773]
Event: 0.175 Thread 0x000066e134015780 Exception <a 'java/lang/NoSuchMethodError'{0x00000007160461c8}: 'int java.lang.invoke.DirectMethodHandle$Holder.invokeStatic(java.lang.Object, java.lang.Object, java.lang.Object, int, int, long)'> (0x00000007160461c8) 
thrown [src/hotspot/share/interpreter/linkResolver.cpp, line 773]
Event: 0.175 Thread 0x000066e134015780 Exception <a 'java/lang/NoSuchMethodError'{0x0000000716049a10}: 'int java.lang.invoke.DirectMethodHandle$Holder.invokeStaticInit(java.lang.Object, java.lang.Object, java.lang.Object, int, int, long)'> (0x0000000716049a10) 
thrown [src/hotspot/share/interpreter/linkResolver.cpp, line 773]
Event: 0.175 Thread 0x000066e134015780 Exception <a 'java/lang/NoSuchMethodError'{0x000000071604d400}: 'int java.lang.invoke.DirectMethodHandle$Holder.invokeSpecial(java.lang.Object, java.lang.Object, java.lang.Object, java.lang.Object, int, int, long)'> (0x000000071604d400) 
thrown [src/hotspot/share/interpreter/linkResolver.cpp, line 773]
Event: 0.175 Thread 0x000066e134015780 Exception <a 'java/lang/NoSuchMethodError'{0x0000000716050c30}: 'int java.lang.invoke.DelegatingMethodHandle$Holder.reinvoke_L(java.lang.Object, java.lang.Object, java.lang.Object, int, int, long)'> (0x0000000716050c30) 
thrown [src/hotspot/share/interpreter/linkResolver.cpp, line 773]
Event: 0.177 Thread 0x000066e134015780 Exception <a 'java/lang/NoSuchMethodError'{0x0000000716077a80}: 'int java.lang.invoke.DirectMethodHandle$Holder.invokeStaticInit(java.lang.Object, java.lang.Object, java.lang.Object, int, int, java.lang.Object, long)'> (0x0000000716077a80) 
thrown [src/hotspot/share/interpreter/linkResolver.cpp, line 773]
Event: 0.177 Thread 0x000066e134015780 Exception <a 'java/lang/NoSuchMethodError'{0x000000071607f030}: 'int java.lang.invoke.DelegatingMethodHandle$Holder.reinvoke_L(java.lang.Object, java.lang.Object, java.lang.Object, int, int, java.lang.Object, long)'> (0x000000071607f030) 
thrown [src/hotspot/share/interpreter/linkResolver.cpp, line 773]
Event: 0.182 Thread 0x000066e134015780 Exception <a 'java/lang/NoSuchMethodError'{0x00000007160bacb8}: 'void java.lang.invoke.DelegatingMethodHandle$Holder.reinvoke_L(java.lang.Object, java.lang.Object, java.lang.Object, long, long)'> (0x00000007160bacb8) 
thrown [src/hotspot/share/interpreter/linkResolver.cpp, line 773]
Event: 0.183 Thread 0x000066e134015780 Exception <a 'java/lang/NoSuchMethodError'{0x00000007160c2638}: 'int java.lang.invoke.DirectMethodHandle$Holder.invokeSpecial(java.lang.Object, java.lang.Object, int, java.lang.Object, java.lang.Object)'> (0x00000007160c2638) 
thrown [src/hotspot/share/interpreter/linkResolver.cpp, line 773]
Event: 0.184 Thread 0x000066e134015780 Exception <a 'java/lang/NoSuchMethodError'{0x00000007160d1310}: 'java.lang.Object java.lang.invoke.DirectMethodHandle$Holder.invokeSpecial(java.lang.Object, java.lang.Object, java.lang.Object, java.lang.Object, long)'> (0x00000007160d1310) 
thrown [src/hotspot/share/interpreter/linkResolver.cpp, line 773]
Event: 0.184 Thread 0x000066e134015780 Exception <a 'java/lang/NoSuchMethodError'{0x00000007160dd938}: 'long java.lang.invoke.Invokers$Holder.invoke_MT(java.lang.Object, int, java.lang.Object)'> (0x00000007160dd938) 
thrown [src/hotspot/share/interpreter/linkResolver.cpp, line 773]
Event: 0.185 Thread 0x000066e134015780 Exception <a 'java/lang/NoSuchMethodError'{0x00000007160e8550}: 'int java.lang.invoke.Invokers$Holder.invoke_MT(java.lang.Object, int, int, java.lang.Object)'> (0x00000007160e8550) 
thrown [src/hotspot/share/interpreter/linkResolver.cpp, line 773]
Event: 0.186 Thread 0x000066e134015780 Exception <a 'java/lang/NoSuchMethodError'{0x00000007160f4c58}: 'int java.lang.invoke.Invokers$Holder.invoke_MT(java.lang.Object, int, java.lang.Object)'> (0x00000007160f4c58) 
thrown [src/hotspot/share/interpreter/linkResolver.cpp, line 773]
Event: 0.186 Thread 0x000066e134015780 Exception <a 'java/lang/NoSuchMethodError'{0x0000000716100a10}: 'int java.lang.invoke.DirectMethodHandle$Holder.invokeSpecial(java.lang.Object, java.lang.Object, int, java.lang.Object)'> (0x0000000716100a10) 
thrown [src/hotspot/share/interpreter/linkResolver.cpp, line 773]
Event: 0.187 Thread 0x000066e134015780 Exception <a 'java/lang/NoSuchMethodError'{0x0000000716103f58}: 'int java.lang.invoke.Invokers$Holder.invoke_MT(java.lang.Object, int, java.lang.Object, java.lang.Object)'> (0x0000000716103f58) 
thrown [src/hotspot/share/interpreter/linkResolver.cpp, line 773]

VM Operations (2 events):
Event: 0.075 Executing VM operation: HandshakeAllThreads
Event: 0.075 Executing VM operation: HandshakeAllThreads done

Events (20 events):
Event: 0.026 Thread 0x000066e1341f6380 Thread added: 0x000066e1341f6380
Event: 0.026 Protecting memory [0x000066e114b00000,0x000066e114b04000] with protection modes 0
Event: 0.027 Thread 0x000066e1341f7a90 Thread added: 0x000066e1341f7a90
Event: 0.027 Protecting memory [0x000066e114a00000,0x000066e114a04000] with protection modes 0
Event: 0.027 Thread 0x000066e1341f8e40 Thread added: 0x000066e1341f8e40
Event: 0.027 Protecting memory [0x000066e114900000,0x000066e114904000] with protection modes 0
Event: 0.027 Thread 0x000066e1341fa1e0 Thread added: 0x000066e1341fa1e0
Event: 0.027 Protecting memory [0x000066e114800000,0x000066e114804000] with protection modes 0
Event: 0.027 Thread 0x000066e1341fbbf0 Thread added: 0x000066e1341fbbf0
Event: 0.027 Protecting memory [0x000066e114700000,0x000066e114704000] with protection modes 0
Event: 0.027 Thread 0x000066e1341fd130 Thread added: 0x000066e1341fd130
Event: 0.027 Protecting memory [0x000066e114600000,0x000066e114604000] with protection modes 0
Event: 0.027 Thread 0x000066e1341fe600 Thread added: 0x000066e1341fe600
Event: 0.027 Protecting memory [0x000066e114500000,0x000066e114504000] with protection modes 0
Event: 0.053 Thread 0x000066e1342be600 Thread added: 0x000066e1342be600
Event: 0.053 Protecting memory [0x000066e114400000,0x000066e114404000] with protection modes 0
Event: 0.081 Thread 0x000066e1343141a0 Thread added: 0x000066e1343141a0
Event: 0.081 Protecting memory [0x000066e114300000,0x000066e114304000] with protection modes 0
Event: 0.144 Thread 0x000066e0d41bdd00 Thread added: 0x000066e0d41bdd00
Event: 0.144 Protecting memory [0x000066e1140fe000,0x000066e114102000] with protection modes 0


Dynamic libraries:
707000000-716a00000 rw-p 00000000 00:00 0 
716a00000-800000000 ---p 00000000 00:00 0 
800000000-800020000 rw-p 00000000 00:00 0 
800020000-800040000 rw-p 00000000 00:00 0 
800040000-8000c0000 rw-p 00000000 00:00 0 
8000c0000-800120000 rw-p 00000000 00:00 0 
800120000-840000000 ---p 00000000 00:00 0 
584a164a000-584a164b000 r--p 00000000 08:03 18908520                     /usr/lib/jvm/java-19-openjdk/bin/java
584a164b000-584a164c000 r-xp 00001000 08:03 18908520                     /usr/lib/jvm/java-19-openjdk/bin/java
584a164c000-584a164d000 r--p 00002000 08:03 18908520                     /usr/lib/jvm/java-19-openjdk/bin/java
584a164d000-584a164e000 r--p 00002000 08:03 18908520                     /usr/lib/jvm/java-19-openjdk/bin/java
584a164e000-584a164f000 rw-p 00003000 08:03 18908520                     /usr/lib/jvm/java-19-openjdk/bin/java
584a8631000-584a8678000 rw-p 00000000 00:00 0                            [heap]
66e0c4000000-66e0c4021000 rw-p 00000000 00:00 0 
66e0c4021000-66e0c8000000 ---p 00000000 00:00 0 
66e0c8000000-66e0c82ce000 rw-p 00000000 00:00 0 
66e0c82ce000-66e0cc000000 ---p 00000000 00:00 0 
66e0cc000000-66e0cc021000 rw-p 00000000 00:00 0 
66e0cc021000-66e0d0000000 ---p 00000000 00:00 0 
66e0d0000000-66e0d0021000 rw-p 00000000 00:00 0 
66e0d0021000-66e0d4000000 ---p 00000000 00:00 0 
66e0d4000000-66e0d42a3000 rw-p 00000000 00:00 0 
66e0d42a3000-66e0d8000000 ---p 00000000 00:00 0 
66e0d8000000-66e0d8021000 rw-p 00000000 00:00 0 
66e0d8021000-66e0dc000000 ---p 00000000 00:00 0 
66e0dc000000-66e0dc021000 rw-p 00000000 00:00 0 
66e0dc021000-66e0e0000000 ---p 00000000 00:00 0 
66e0e0000000-66e0e0234000 rw-p 00000000 00:00 0 
66e0e0234000-66e0e4000000 ---p 00000000 00:00 0 
66e0e4000000-66e0e4021000 rw-p 00000000 00:00 0 
66e0e4021000-66e0e8000000 ---p 00000000 00:00 0 
66e0e8000000-66e0e8021000 rw-p 00000000 00:00 0 
66e0e8021000-66e0ec000000 ---p 00000000 00:00 0 
66e0ec000000-66e0ec021000 rw-p 00000000 00:00 0 
66e0ec021000-66e0f0000000 ---p 00000000 00:00 0 
66e0f0000000-66e0f0021000 rw-p 00000000 00:00 0 
66e0f0021000-66e0f4000000 ---p 00000000 00:00 0 
66e0f4000000-66e0f4021000 rw-p 00000000 00:00 0 
66e0f4021000-66e0f8000000 ---p 00000000 00:00 0 
66e0f8000000-66e0f8021000 rw-p 00000000 00:00 0 
66e0f8021000-66e0fc000000 ---p 00000000 00:00 0 
66e0fc000000-66e0fc500000 rw-p 00000000 00:00 0 
66e0fc500000-66e0fc520000 rw-p 00000000 00:00 0 
66e0fc520000-66e0fc540000 rw-p 00000000 00:00 0 
66e0fc540000-66e0fc580000 rw-p 00000000 00:00 0 
66e0fc580000-66e0fc700000 rw-p 00000000 00:00 0 
66e0fc700000-66e0fc760000 rw-p 00000000 00:00 0 
66e0fc760000-66e0fc780000 rw-p 00000000 00:00 0 
66e0fc780000-66e0fc860000 rw-p 00000000 00:00 0 
66e0fc860000-66e0fc900000 ---p 00000000 00:00 0 
66e0fc900000-66e0fc960000 rw-p 00000000 00:00 0 
66e0fc960000-66e100000000 ---p 00000000 00:00 0 
66e100000000-66e100021000 rw-p 00000000 00:00 0 
66e100021000-66e104000000 ---p 00000000 00:00 0 
66e106000000-66e108000000 rw-p 00000000 00:00 0 
66e108000000-66e108021000 rw-p 00000000 00:00 0 
66e108021000-66e10c000000 ---p 00000000 00:00 0 
66e10c000000-66e10c021000 rw-p 00000000 00:00 0 
66e10c021000-66e110000000 ---p 00000000 00:00 0 
66e110000000-66e110021000 rw-p 00000000 00:00 0 
66e110021000-66e114000000 ---p 00000000 00:00 0 
66e1140fe000-66e114102000 ---p 00000000 00:00 0 
66e114102000-66e1141fe000 rw-p 00000000 00:00 0 
66e1141fe000-66e1141ff000 ---p 00000000 00:00 0 
66e1141ff000-66e114300000 rw-p 00000000 00:00 0 
66e114300000-66e114304000 ---p 00000000 00:00 0 
66e114304000-66e114400000 rw-p 00000000 00:00 0 
66e114400000-66e114404000 ---p 00000000 00:00 0 
66e114404000-66e114500000 rw-p 00000000 00:00 0 
66e114500000-66e114504000 ---p 00000000 00:00 0 
66e114504000-66e114600000 rw-p 00000000 00:00 0 
66e114600000-66e114604000 ---p 00000000 00:00 0 
66e114604000-66e114700000 rw-p 00000000 00:00 0 
66e114700000-66e114704000 ---p 00000000 00:00 0 
66e114704000-66e114800000 rw-p 00000000 00:00 0 
66e114800000-66e114804000 ---p 00000000 00:00 0 
66e114804000-66e114900000 rw-p 00000000 00:00 0 
66e114900000-66e114904000 ---p 00000000 00:00 0 
66e114904000-66e114a00000 rw-p 00000000 00:00 0 
66e114a00000-66e114a04000 ---p 00000000 00:00 0 
66e114a04000-66e114b00000 rw-p 00000000 00:00 0 
66e114b00000-66e114b04000 ---p 00000000 00:00 0 
66e114b04000-66e114c00000 rw-p 00000000 00:00 0 
66e114c00000-66e114fe1000 r--p 00000000 08:03 18372726                   /usr/lib/locale/locale-archive
66e115080000-66e115084000 ---p 00000000 00:00 0 
66e115084000-66e115568000 rw-p 00000000 00:00 0 
66e115568000-66e118fc0000 ---p 00000000 00:00 0 
66e118fc0000-66e1193a8000 rw-p 00000000 00:00 0 
66e1193a8000-66e11ce00000 ---p 00000000 00:00 0 
66e11ce00000-66e11d070000 rwxp 00000000 00:00 0 
66e11d070000-66e124337000 ---p 00000000 00:00 0 
66e124337000-66e1245a7000 rwxp 00000000 00:00 0 
66e1245a7000-66e1248c9000 ---p 00000000 00:00 0 
66e1248c9000-66e124b39000 rwxp 00000000 00:00 0 
66e124b39000-66e12be00000 ---p 00000000 00:00 0 
66e12be00000-66e133f33000 r--s 00000000 08:03 18908603                   /usr/lib/jvm/java-19-openjdk/lib/modules
66e133fbd000-66e133fc0000 r--p 00000000 08:11 48500917                   /data/git/PatrFileSys/pfs-core/exports/shared/libpfs-core.so
66e133fc0000-66e133fca000 r-xp 00003000 08:11 48500917                   /data/git/PatrFileSys/pfs-core/exports/shared/libpfs-core.so
66e133fca000-66e133fcd000 r--p 0000d000 08:11 48500917                   /data/git/PatrFileSys/pfs-core/exports/shared/libpfs-core.so
66e133fcd000-66e133fce000 r--p 0000f000 08:11 48500917                   /data/git/PatrFileSys/pfs-core/exports/shared/libpfs-core.so
66e133fce000-66e133fcf000 rw-p 00010000 08:11 48500917                   /data/git/PatrFileSys/pfs-core/exports/shared/libpfs-core.so
66e133fcf000-66e134000000 rw-p 00000000 00:00 0 
66e134000000-66e13453c000 rw-p 00000000 00:00 0 
66e13453c000-66e138000000 ---p 00000000 00:00 0 
66e138005000-66e138006000 ---p 00000000 00:00 0 
66e138006000-66e138107000 rw-p 00000000 00:00 0 
66e138107000-66e13810c000 r--p 00000000 08:03 18908576                   /usr/lib/jvm/java-19-openjdk/lib/libjsvml.so
66e13810c000-66e13814d000 r-xp 00005000 08:03 18908576                   /usr/lib/jvm/java-19-openjdk/lib/libjsvml.so
66e13814d000-66e1381d6000 r--p 00046000 08:03 18908576                   /usr/lib/jvm/java-19-openjdk/lib/libjsvml.so
66e1381d6000-66e1381d7000 r--p 000ce000 08:03 18908576                   /usr/lib/jvm/java-19-openjdk/lib/libjsvml.so
66e1381d7000-66e1381d8000 rw-p 000cf000 08:03 18908576                   /usr/lib/jvm/java-19-openjdk/lib/libjsvml.so
66e1381d8000-66e1382b4000 rw-p 00000000 00:00 0 
66e1382b4000-66e1382b5000 ---p 00000000 00:00 0 
66e1382b5000-66e1383b6000 rw-p 00000000 00:00 0 
66e1383b6000-66e1383b7000 ---p 00000000 00:00 0 
66e1383b7000-66e138ec2000 rw-p 00000000 00:00 0 
66e138ec2000-66e138ec3000 ---p 00000000 00:00 0 
66e138ec3000-66e138fc4000 rw-p 00000000 00:00 0 
66e138fc4000-66e138fc5000 ---p 00000000 00:00 0 
66e138fc5000-66e1390c6000 rw-p 00000000 00:00 0 
66e1390c6000-66e1390c7000 ---p 00000000 00:00 0 
66e1390c7000-66e139245000 rw-p 00000000 00:00 0 
66e139245000-66e139990000 ---p 00000000 00:00 0 
66e139990000-66e139a0d000 rw-p 00000000 00:00 0 
66e139a0d000-66e13a158000 ---p 00000000 00:00 0 
66e13a158000-66e13a1d5000 rw-p 00000000 00:00 0 
66e13a1d5000-66e13a920000 ---p 00000000 00:00 0 
66e13a920000-66e13b32f000 rw-p 00000000 00:00 0 
66e13b32f000-66e13b415000 ---p 00000000 00:00 0 
66e13b415000-66e13b41a000 rw-p 00000000 00:00 0 
66e13b41a000-66e13b500000 ---p 00000000 00:00 0 
66e13b500000-66e13b504000 ---p 00000000 00:00 0 
66e13b504000-66e13b600000 rw-p 00000000 00:00 0 
66e13b600000-66e13b699000 r--p 00000000 08:03 18354265                   /usr/lib/libstdc++.so.6.0.30
66e13b699000-66e13b7af000 r-xp 00099000 08:03 18354265                   /usr/lib/libstdc++.so.6.0.30
66e13b7af000-66e13b826000 r--p 001af000 08:03 18354265                   /usr/lib/libstdc++.so.6.0.30
66e13b826000-66e13b833000 r--p 00225000 08:03 18354265                   /usr/lib/libstdc++.so.6.0.30
66e13b833000-66e13b834000 rw-p 00232000 08:03 18354265                   /usr/lib/libstdc++.so.6.0.30
66e13b834000-66e13b837000 rw-p 00000000 00:00 0 
66e13b846000-66e13b849000 r--p 00000000 08:03 18908588                   /usr/lib/jvm/java-19-openjdk/lib/libnet.so
66e13b849000-66e13b852000 r-xp 00003000 08:03 18908588                   /usr/lib/jvm/java-19-openjdk/lib/libnet.so
66e13b852000-66e13b854000 r--p 0000c000 08:03 18908588                   /usr/lib/jvm/java-19-openjdk/lib/libnet.so
66e13b854000-66e13b855000 r--p 0000e000 08:03 18908588                   /usr/lib/jvm/java-19-openjdk/lib/libnet.so
66e13b855000-66e13b856000 rw-p 0000f000 08:03 18908588                   /usr/lib/jvm/java-19-openjdk/lib/libnet.so
66e13b856000-66e13b918000 rw-p 00000000 00:00 0 
66e13b918000-66e13b926000 r--p 00000000 08:03 18353453                   /usr/lib/libm.so.6
66e13b926000-66e13b9a0000 r-xp 0000e000 08:03 18353453                   /usr/lib/libm.so.6
66e13b9a0000-66e13b9fe000 r--p 00088000 08:03 18353453                   /usr/lib/libm.so.6
66e13b9fe000-66e13b9ff000 r--p 000e5000 08:03 18353453                   /usr/lib/libm.so.6
66e13b9ff000-66e13ba00000 rw-p 000e6000 08:03 18353453                   /usr/lib/libm.so.6
66e13ba00000-66e13bc8d000 r--p 00000000 08:03 19010004                   /usr/lib/jvm/java-19-openjdk/lib/server/libjvm.so
66e13bc8d000-66e13ca5e000 r-xp 0028d000 08:03 19010004                   /usr/lib/jvm/java-19-openjdk/lib/server/libjvm.so
66e13ca5e000-66e13cd06000 r--p 0105e000 08:03 19010004                   /usr/lib/jvm/java-19-openjdk/lib/server/libjvm.so
66e13cd06000-66e13cdd2000 r--p 01306000 08:03 19010004                   /usr/lib/jvm/java-19-openjdk/lib/server/libjvm.so
66e13cdd2000-66e13ce08000 rw-p 013d2000 08:03 19010004                   /usr/lib/jvm/java-19-openjdk/lib/server/libjvm.so
66e13ce08000-66e13ce64000 rw-p 00000000 00:00 0 
66e13ce73000-66e13ce7a000 r--p 00000000 08:03 18908590                   /usr/lib/jvm/java-19-openjdk/lib/libnio.so
66e13ce7a000-66e13ce82000 r-xp 00007000 08:03 18908590                   /usr/lib/jvm/java-19-openjdk/lib/libnio.so
66e13ce82000-66e13ce86000 r--p 0000f000 08:03 18908590                   /usr/lib/jvm/java-19-openjdk/lib/libnio.so
66e13ce86000-66e13ce87000 r--p 00013000 08:03 18908590                   /usr/lib/jvm/java-19-openjdk/lib/libnio.so
66e13ce87000-66e13ce88000 rw-p 00014000 08:03 18908590                   /usr/lib/jvm/java-19-openjdk/lib/libnio.so
66e13ce88000-66e13ce95000 r--p 00000000 08:03 18908565                   /usr/lib/jvm/java-19-openjdk/lib/libjava.so
66e13ce95000-66e13cea6000 r-xp 0000d000 08:03 18908565                   /usr/lib/jvm/java-19-openjdk/lib/libjava.so
66e13cea6000-66e13ceac000 r--p 0001e000 08:03 18908565                   /usr/lib/jvm/java-19-openjdk/lib/libjava.so
66e13ceac000-66e13cead000 r--p 00024000 08:03 18908565                   /usr/lib/jvm/java-19-openjdk/lib/libjava.so
66e13cead000-66e13ceae000 rw-p 00025000 08:03 18908565                   /usr/lib/jvm/java-19-openjdk/lib/libjava.so
66e13ceae000-66e13ceaf000 rw-p 00000000 00:00 0 
66e13ceaf000-66e13ceb2000 r--p 00000000 08:03 18354235                   /usr/lib/libgcc_s.so.1
66e13ceb2000-66e13cec9000 r-xp 00003000 08:03 18354235                   /usr/lib/libgcc_s.so.1
66e13cec9000-66e13cecd000 r--p 0001a000 08:03 18354235                   /usr/lib/libgcc_s.so.1
66e13cecd000-66e13cece000 r--p 0001d000 08:03 18354235                   /usr/lib/libgcc_s.so.1
66e13cece000-66e13cecf000 rw-p 0001e000 08:03 18354235                   /usr/lib/libgcc_s.so.1
66e13cecf000-66e13ced2000 rw-p 00000000 00:00 0 
66e13ced2000-66e13ced5000 r--p 00000000 08:03 18363433                   /usr/lib/libz.so.1.2.13
66e13ced5000-66e13cee3000 r-xp 00003000 08:03 18363433                   /usr/lib/libz.so.1.2.13
66e13cee3000-66e13ceea000 r--p 00011000 08:03 18363433                   /usr/lib/libz.so.1.2.13
66e13ceea000-66e13ceeb000 r--p 00017000 08:03 18363433                   /usr/lib/libz.so.1.2.13
66e13ceeb000-66e13ceec000 rw-p 00018000 08:03 18363433                   /usr/lib/libz.so.1.2.13
66e13ceec000-66e13cf0e000 r--p 00000000 08:03 18353443                   /usr/lib/libc.so.6
66e13cf0e000-66e13d069000 r-xp 00022000 08:03 18353443                   /usr/lib/libc.so.6
66e13d069000-66e13d0c0000 r--p 0017d000 08:03 18353443                   /usr/lib/libc.so.6
66e13d0c0000-66e13d0c4000 r--p 001d4000 08:03 18353443                   /usr/lib/libc.so.6
66e13d0c4000-66e13d0c6000 rw-p 001d8000 08:03 18353443                   /usr/lib/libc.so.6
66e13d0c6000-66e13d0d3000 rw-p 00000000 00:00 0 
66e13d0d5000-66e13d0da000 rw-p 00000000 00:00 0 
66e13d0da000-66e13d0e1000 ---p 00000000 00:00 0 
66e13d0e1000-66e13d0e9000 rw-s 00000000 00:24 392                        /tmp/hsperfdata_pat/25747
66e13d0e9000-66e13d0ea000 ---p 00000000 00:00 0 
66e13d0ea000-66e13d0eb000 r--p 00000000 00:00 0 
66e13d0eb000-66e13d0ec000 ---p 00000000 00:00 0 
66e13d0ec000-66e13d0ee000 r--p 00000000 08:03 18908570                   /usr/lib/jvm/java-19-openjdk/lib/libjimage.so
66e13d0ee000-66e13d0f1000 r-xp 00002000 08:03 18908570                   /usr/lib/jvm/java-19-openjdk/lib/libjimage.so
66e13d0f1000-66e13d0f2000 r--p 00005000 08:03 18908570                   /usr/lib/jvm/java-19-openjdk/lib/libjimage.so
66e13d0f2000-66e13d0f3000 r--p 00006000 08:03 18908570                   /usr/lib/jvm/java-19-openjdk/lib/libjimage.so
66e13d0f3000-66e13d0f4000 rw-p 00007000 08:03 18908570                   /usr/lib/jvm/java-19-openjdk/lib/libjimage.so
66e13d0f4000-66e13d0f6000 r--p 00000000 08:03 18908572                   /usr/lib/jvm/java-19-openjdk/lib/libjli.so
66e13d0f6000-66e13d0ff000 r-xp 00002000 08:03 18908572                   /usr/lib/jvm/java-19-openjdk/lib/libjli.so
66e13d0ff000-66e13d102000 r--p 0000b000 08:03 18908572                   /usr/lib/jvm/java-19-openjdk/lib/libjli.so
66e13d102000-66e13d103000 r--p 0000d000 08:03 18908572                   /usr/lib/jvm/java-19-openjdk/lib/libjli.so
66e13d103000-66e13d104000 rw-p 0000e000 08:03 18908572                   /usr/lib/jvm/java-19-openjdk/lib/libjli.so
66e13d104000-66e13d106000 rw-p 00000000 00:00 0 
66e13d106000-66e13d10a000 r--p 00000000 00:00 0                          [vvar]
66e13d10a000-66e13d10c000 r-xp 00000000 00:00 0                          [vdso]
66e13d10c000-66e13d10d000 r--p 00000000 08:03 18353434                   /usr/lib/ld-linux-x86-64.so.2
66e13d10d000-66e13d133000 r-xp 00001000 08:03 18353434                   /usr/lib/ld-linux-x86-64.so.2
66e13d133000-66e13d13d000 r--p 00027000 08:03 18353434                   /usr/lib/ld-linux-x86-64.so.2
66e13d13d000-66e13d13f000 r--p 00031000 08:03 18353434                   /usr/lib/ld-linux-x86-64.so.2
66e13d13f000-66e13d141000 rw-p 00033000 08:03 18353434                   /usr/lib/ld-linux-x86-64.so.2
797cdc55f000-797cdc580000 rw-p 00000000 00:00 0                          [stack]


VM Arguments:
jvm_args: --enable-native-access=de.hechler.patrick.zeugs.pfs -Dfile.encoding=UTF-8 --module-path=/data/git/PatrFileSys/javaPFS/target/classes --enable-preview -XX:+ShowCodeDetailsInExceptionMessages -Djdk.module.main=de.hechler.patrick.zeugs.pfs 
java_command: de.hechler.patrick.zeugs.pfs/de.hechler.patrick.zeugs.pfs.impl.pfs.PatrFSProvider
java_class_path (initial): /data/git/Checker/target/classes
Launcher Type: SUN_STANDARD

[Global flags]
     intx CICompilerCount                          = 4                                         {product} {ergonomic}
     uint ConcGCThreads                            = 3                                         {product} {ergonomic}
     uint G1ConcRefinementThreads                  = 10                                        {product} {ergonomic}
   size_t G1HeapRegionSize                         = 2097152                                   {product} {ergonomic}
    uintx GCDrainStackTargetSize                   = 64                                        {product} {ergonomic}
   size_t InitialHeapSize                          = 262144000                                 {product} {ergonomic}
   size_t MarkStackSize                            = 4194304                                   {product} {ergonomic}
   size_t MaxHeapSize                              = 4177526784                                {product} {ergonomic}
   size_t MaxNewSize                               = 2506096640                                {product} {ergonomic}
   size_t MinHeapDeltaBytes                        = 2097152                                   {product} {ergonomic}
   size_t MinHeapSize                              = 8388608                                   {product} {ergonomic}
    uintx NonNMethodCodeHeapSize                   = 5839372                                {pd product} {ergonomic}
    uintx NonProfiledCodeHeapSize                  = 122909434                              {pd product} {ergonomic}
    uintx ProfiledCodeHeapSize                     = 122909434                              {pd product} {ergonomic}
    uintx ReservedCodeCacheSize                    = 251658240                              {pd product} {ergonomic}
     bool SegmentedCodeCache                       = true                                      {product} {ergonomic}
     bool ShowCodeDetailsInExceptionMessages       = true                                   {manageable} {command line}
   size_t SoftMaxHeapSize                          = 4177526784                             {manageable} {ergonomic}
     bool UseCompressedClassPointers               = true                           {product lp64_product} {ergonomic}
     bool UseCompressedOops                        = true                           {product lp64_product} {ergonomic}
     bool UseG1GC                                  = true                                      {product} {ergonomic}

Logging:
Log output configuration:
 #0: stdout all=warning uptime,level,tags foldmultilines=false
 #1: stderr all=off uptime,level,tags foldmultilines=false

Environment Variables:
PATH=/usr/local/sbin:/usr/local/bin:/usr/bin:/usr/lib/jvm/default/bin:/usr/bin/site_perl:/usr/bin/vendor_perl:/usr/bin/core_perl
SHELL=/bin/zsh
DISPLAY=:0
LANG=en_US.UTF-8
LC_TIME=de_DE.UTF-8

Active Locale:
LC_ALL=LC_CTYPE=en_US.UTF-8;LC_NUMERIC=en_US.UTF-8;LC_TIME=de_DE.UTF-8;LC_COLLATE=de_DE.UTF-8;LC_MONETARY=de_DE.UTF-8;LC_MESSAGES=en_US.UTF-8;LC_PAPER=en_US.UTF-8;LC_NAME=en_US.UTF-8;LC_ADDRESS=en_US.UTF-8;LC_TELEPHONE=en_US.UTF-8;LC_MEASUREMENT=de_DE.UTF-8;LC_IDENTIFICATION=en_US.UTF-8
LC_COLLATE=de_DE.UTF-8
LC_CTYPE=en_US.UTF-8
LC_MESSAGES=en_US.UTF-8
LC_MONETARY=de_DE.UTF-8
LC_NUMERIC=en_US.UTF-8
LC_TIME=de_DE.UTF-8

Signal Handlers:
   SIGSEGV: 0x000066e13c9d7730 in libjvm.so+16611120, mask=11100100010111111101111111111110, flags=SA_RESTART|SA_SIGINFO
    SIGBUS: 0x000066e13c9d7730 in libjvm.so+16611120, mask=11100100010111111101111111111110, flags=SA_RESTART|SA_SIGINFO
    SIGFPE: 0x000066e13c9d7730 in libjvm.so+16611120, mask=11100100010111111101111111111110, flags=SA_RESTART|SA_SIGINFO
   SIGPIPE: 0x000066e13c862ce0 in libjvm.so+15084768, mask=11100100010111111101111111111110, flags=SA_RESTART|SA_SIGINFO
   SIGXFSZ: 0x000066e13c862ce0 in libjvm.so+15084768, mask=11100100010111111101111111111110, flags=SA_RESTART|SA_SIGINFO
    SIGILL: 0x000066e13c9d7730 in libjvm.so+16611120, mask=11100100010111111101111111111110, flags=SA_RESTART|SA_SIGINFO
   SIGUSR2: 0x000066e13c8622f0 in libjvm.so+15082224, mask=00100000000000000000000000000000, flags=SA_RESTART|SA_SIGINFO
    SIGHUP: 0x000066e13c862200 in libjvm.so+15081984, mask=11100100010111111101111111111110, flags=SA_RESTART|SA_SIGINFO
    SIGINT: 0x000066e13c862200 in libjvm.so+15081984, mask=11100100010111111101111111111110, flags=SA_RESTART|SA_SIGINFO
   SIGTERM: 0x000066e13c862200 in libjvm.so+15081984, mask=11100100010111111101111111111110, flags=SA_RESTART|SA_SIGINFO
   SIGQUIT: 0x000066e13c862200 in libjvm.so+15081984, mask=11100100010111111101111111111110, flags=SA_RESTART|SA_SIGINFO
   SIGTRAP: 0x000066e13c9d7730 in libjvm.so+16611120, mask=11100100010111111101111111111110, flags=SA_RESTART|SA_SIGINFO


---------------  S Y S T E M  ---------------

OS:
DISTRIB_ID="Arch"
DISTRIB_RELEASE="rolling"
DISTRIB_DESCRIPTION="Arch Linux"
uname: Linux 6.0.16-hardened1-1-hardened #1 SMP PREEMPT_DYNAMIC Tue, 03 Jan 2023 01:01:55 +0000 x86_64
OS uptime: 0 days 3:13 hours
libc: glibc 2.36 NPTL 2.36 
rlimit (soft/hard): STACK 8192k/infinity , CORE infinity/infinity , NPROC 63318/63318 , NOFILE 524288/524288 , AS infinity/infinity , CPU infinity/infinity , DATA infinity/infinity , FSIZE infinity/infinity , MEMLOCK 8192k/8192k
load average: 1.89 0.98 0.79

/proc/meminfo:
MemTotal:       16315252 kB
MemFree:         5202628 kB
MemAvailable:    9540828 kB
Buffers:          165828 kB
Cached:          4781336 kB
SwapCached:            0 kB
Active:          1998844 kB
Inactive:        8209140 kB
Active(anon):     305044 kB
Inactive(anon):  5499844 kB
Active(file):    1693800 kB
Inactive(file):  2709296 kB
Unevictable:          64 kB
Mlocked:              64 kB
SwapTotal:      16777212 kB
SwapFree:       16777212 kB
Zswap:                 0 kB
Zswapped:              0 kB
Dirty:               408 kB
Writeback:             0 kB
AnonPages:       5261112 kB
Mapped:           995576 kB
Shmem:            544068 kB
KReclaimable:     270512 kB
Slab:             493480 kB
SReclaimable:     270512 kB
SUnreclaim:       222968 kB
KernelStack:       17452 kB
PageTables:        44684 kB
NFS_Unstable:          0 kB
Bounce:                0 kB
WritebackTmp:          0 kB
CommitLimit:    24934836 kB
Committed_AS:   12891080 kB
VmallocTotal:   34359738367 kB
VmallocUsed:      117556 kB
VmallocChunk:          0 kB
Percpu:            20352 kB
HardwareCorrupted:     0 kB
AnonHugePages:         0 kB
ShmemHugePages:        0 kB
ShmemPmdMapped:        0 kB
FileHugePages:         0 kB
FilePmdMapped:         0 kB
CmaTotal:              0 kB
CmaFree:               0 kB
HugePages_Total:       0
HugePages_Free:        0
HugePages_Rsvd:        0
HugePages_Surp:        0
Hugepagesize:       2048 kB
Hugetlb:               0 kB
DirectMap4k:      723580 kB
DirectMap2M:    13889536 kB
DirectMap1G:     3145728 kB

/sys/kernel/mm/transparent_hugepage/enabled: always [madvise] never
/sys/kernel/mm/transparent_hugepage/defrag (defrag/compaction efforts parameter): always defer defer+madvise [madvise] never

Process Memory:
Virtual Size: 7077256K (peak: 7078200K)
Resident Set Size: 56628K (peak: 56628K) (anon: 36176K, file: 20420K, shmem: 32K)
Swapped out: 0K
C-Heap outstanding allocations: 33776K, retained: 3569K
glibc malloc tunables: (default)

/proc/sys/kernel/threads-max (system-wide limit on the number of threads): 126636
/proc/sys/vm/max_map_count (maximum number of memory map areas a process may have): 65530
/proc/sys/kernel/pid_max (system-wide limit on number of process identifiers): 4194304

container (cgroup) information:
container_type: cgroupv2
cpu_cpuset_cpus: not supported
cpu_memory_nodes: not supported
active_processor_count: 12
cpu_quota: no quota
cpu_period: 100000
cpu_shares: no shares
memory_limit_in_bytes: unlimited
memory_and_swap_limit_in_bytes: unlimited
memory_soft_limit_in_bytes: unlimited
memory_usage_in_bytes: 8869148 k
memory_max_usage_in_bytes: not supported
maximum number of tasks: unlimited
current number of tasks: 812

Steal ticks since vm start: 0
Steal ticks percentage since vm start:  0.000

CPU: total 32 (initial active 12) (12 cores per cpu, 2 threads per core) family 23 model 113 stepping 0 microcode 0x8701013, cx8, cmov, fxsr, ht, mmx, 3dnowpref, sse, sse2, sse3, ssse3, sse4a, sse4.1, sse4.2, popcnt, lzcnt, tsc, tscinvbit, avx, avx2, aes, clmul, bmi1, bmi2, adx, sha, fma, vzeroupper, clflush, clflushopt, rdtscp, rdpid
CPU Model and flags from /proc/cpuinfo:
model name	: AMD Ryzen 5 3600 6-Core Processor
flags		: fpu vme de pse tsc msr pae mce cx8 apic sep mtrr pge mca cmov pat pse36 clflush mmx fxsr sse sse2 ht syscall nx mmxext fxsr_opt pdpe1gb rdtscp lm constant_tsc rep_good nopl nonstop_tsc cpuid extd_apicid aperfmperf rapl pni pclmulqdq monitor ssse3 fma cx16 sse4_1 sse4_2 movbe popcnt aes xsave avx f16c rdrand lahf_lm cmp_legacy svm extapic cr8_legacy abm sse4a misalignsse 3dnowprefetch osvw ibs skinit wdt tce topoext perfctr_core perfctr_nb bpext perfctr_llc mwaitx cpb cat_l3 cdp_l3 hw_pstate pti ssbd mba ibpb stibp vmmcall fsgsbase bmi1 avx2 smep bmi2 cqm rdt_a rdseed adx smap clflushopt clwb sha_ni xsaveopt xsavec xgetbv1 xsaves cqm_llc cqm_occup_llc cqm_mbm_total cqm_mbm_local clzero irperf xsaveerptr rdpru wbnoinvd arat npt lbrv svm_lock nrip_save tsc_scale vmcb_clean flushbyasid decodeassists pausefilter pfthreshold avic v_vmsave_vmload vgif v_spec_ctrl umip rdpid overflow_recov succor smca sev sev_es

Online cpus: 0-11
Offline cpus: 12-31
BIOS frequency limitation: 3600000
Frequency switch latency (ns): 0
Available cpu frequencies: 3600000 2800000 2200000 
Current governor: schedutil
Core performance/turbo boost: 1

Memory: 4k page, physical 16315252k(5202628k free), swap 16777212k(16777212k free)
Page Sizes: 4k

vm_info: OpenJDK 64-Bit Server VM (19.0.1+10) for linux-amd64 JRE (19.0.1+10), built on 2022-10-27T08:18:41Z by "builduser" with gcc 12.2.0

END.
