#
# A fatal error has been detected by the Java Runtime Environment:
#
#  SIGSEGV (0xb) at pc=0x00006fb4ba95e090, pid=34097, tid=34139
#
# JRE version: OpenJDK Runtime Environment (20.0.2+9) (build 20.0.2+9)
# Java VM: OpenJDK 64-Bit Server VM (20.0.2+9, mixed mode, tiered, compressed oops, compressed class ptrs, g1 gc, linux-amd64)
# Problematic frame:
# C  [libc.so.6+0x15e090]
#
# Core dump will be written. Default location: Core dumps may be processed with "/usr/lib/systemd/systemd-coredump %P %u %g %s %t %c %h" (or dumping to /data/git/PatrFileSys/javaPFS/core.34097)
#
# If you would like to submit a bug report, please visit:
#   https://bugreport.java.com/bugreport/crash.jsp
# The crash happened outside the Java Virtual Machine in native code.
# See problematic frame for where to report the bug.
#

---------------  S U M M A R Y ------------

Command Line: -XX:+ShowCodeDetailsInExceptionMessages -agentlib:jdwp=transport=dt_socket,suspend=y,address=localhost:44525 --enable-native-access=de.hechler.patrick.zeugs.pfs -javaagent:/home/pat/.eclipse/org.eclipse.platform_4.28.0_155965261_linux_gtk_x86_64/configuration/org.eclipse.osgi/242/0/.cp/lib/javaagent-shaded.jar -Dfile.encoding=UTF-8 --module-path=/data/git/PatrFileSys/javaPFS/target/classes --enable-preview --patch-module=de.hechler.patrick.zeugs.pfs=/data/git/PatrFileSys/javaPFS/target/test-classes --add-reads=de.hechler.patrick.zeugs.pfs=ALL-UNNAMED --add-reads=de.hechler.patrick.zeugs.check=ALL-UNNAMED -Djdk.module.main=de.hechler.patrick.zeugs.pfs de.hechler.patrick.zeugs.pfs/de.hechler.patrick.zeugs.pfs.Test

Host: AMD Ryzen 5 3600 6-Core Processor, 32 cores, 15G, Arch Linux
Time: Sun Sep 10 23:50:23 2023 CEST elapsed time: 0.565966 seconds (0d 0h 0m 0s)

---------------  T H R E A D  ---------------

Current thread (0x00006fb4b4558ac0):  JavaThread "Checker : de.hechler.patrick.zeugs.pfs.FSChecker" [_thread_in_native, id=34139, stack(0x00006fb47affe000,0x00006fb47b0fe000)]

Stack: [0x00006fb47affe000,0x00006fb47b0fe000],  sp=0x00006fb47b0fb828,  free space=1014k
Native frames: (J=compiled Java code, j=interpreted, Vv=VM code, C=native code)
C  [libc.so.6+0x15e090]
Java frames: (J=compiled Java code, j=interpreted, Vv=VM code)
v  ~RuntimeStub::nep_invoker_blob 0x00006fb4a3eb3a08
j  java.lang.invoke.LambdaForm$MH+0x00000007c0197000.invoke(Ljava/lang/Object;JJJJJJ)I+18 java.base@20.0.2
j  java.lang.invoke.LambdaForm$MH+0x00000007c019bc00.invokeExact_MT(Ljava/lang/Object;JJJJJJLjava/lang/Object;)I+29 java.base@20.0.2
j  jdk.internal.foreign.abi.DowncallStub+0x00000007c0197400.invoke(Ljava/lang/foreign/SegmentAllocator;Ljava/lang/foreign/MemorySegment;Ljava/lang/foreign/MemorySegment;JLjava/lang/foreign/MemorySegment;Ljava/lang/foreign/MemorySegment;J)I+167 java.base@20.0.2
j  java.lang.invoke.LambdaForm$DMH+0x00000007c0197c00.invokeStaticInit(Ljava/lang/Object;Ljava/lang/Object;Ljava/lang/Object;Ljava/lang/Object;JLjava/lang/Object;Ljava/lang/Object;J)I+22 java.base@20.0.2
j  java.lang.invoke.LambdaForm$MH+0x00000007c0199800.invoke(Ljava/lang/Object;Ljava/lang/Object;JLjava/lang/Object;Ljava/lang/Object;)I+62 java.base@20.0.2
j  java.lang.invoke.LambdaForm$MH+0x00000007c019b400.invoke_MT(Ljava/lang/Object;Ljava/lang/Object;JLjava/lang/Object;Ljava/lang/Object;Ljava/lang/Object;)I+27 java.base@20.0.2
j  de.hechler.patrick.zeugs.pfs.impl.pfs.PatrFSProvider.loadWithFormat(Ljava/lang/foreign/Linker;Lde/hechler/patrick/zeugs/pfs/opts/PatrFSOptions;Ljava/lang/foreign/MemorySegment;)V+269 de.hechler.patrick.zeugs.pfs
j  de.hechler.patrick.zeugs.pfs.impl.pfs.PatrFSProvider.loadPatrOpts(Ljava/lang/foreign/Linker;Ljava/lang/foreign/Arena;Lde/hechler/patrick/zeugs/pfs/opts/PatrFSOptions;)V+21 de.hechler.patrick.zeugs.pfs
j  de.hechler.patrick.zeugs.pfs.impl.pfs.PatrFSProvider.loadFS(Lde/hechler/patrick/zeugs/pfs/interfaces/FSOptions;)Lde/hechler/patrick/zeugs/pfs/interfaces/FS;+85 de.hechler.patrick.zeugs.pfs
j  de.hechler.patrick.zeugs.pfs.FSChecker.fs(Ljava/lang/String;)Lde/hechler/patrick/zeugs/pfs/interfaces/FS;+21 de.hechler.patrick.zeugs.pfs
j  de.hechler.patrick.zeugs.pfs.FSChecker.writeCheck(Ljava/lang/String;)V+6 de.hechler.patrick.zeugs.pfs
j  java.lang.invoke.LambdaForm$DMH+0x00000007c0140800.invokeSpecial(Ljava/lang/Object;Ljava/lang/Object;Ljava/lang/Object;)V+11 java.base@20.0.2
j  java.lang.invoke.LambdaForm$MH+0x00000007c0149c00.invoke(Ljava/lang/Object;Ljava/lang/Object;Ljava/lang/Object;)Ljava/lang/Object;+52 java.base@20.0.2
j  java.lang.invoke.Invokers$Holder.invokeExact_MT(Ljava/lang/Object;Ljava/lang/Object;Ljava/lang/Object;Ljava/lang/Object;)Ljava/lang/Object;+20 java.base@20.0.2
j  jdk.internal.reflect.DirectMethodHandleAccessor.invokeImpl(Ljava/lang/Object;[Ljava/lang/Object;)Ljava/lang/Object;+55 java.base@20.0.2
j  jdk.internal.reflect.DirectMethodHandleAccessor.invoke(Ljava/lang/Object;[Ljava/lang/Object;)Ljava/lang/Object;+23 java.base@20.0.2
j  java.lang.reflect.Method.invoke(Ljava/lang/Object;[Ljava/lang/Object;)Ljava/lang/Object;+102 java.base@20.0.2
j  de.hechler.patrick.zeugs.check.objects.Checker.run(Ljava/lang/reflect/Method;Ljava/lang/Object;Ljava/lang/reflect/Method;[Ljava/lang/Object;)Lde/hechler/patrick/zeugs/check/objects/Result;+17
j  de.hechler.patrick.zeugs.check.objects.Checker.lambda$21(Ljava/lang/reflect/Method;Ljava/util/Map;)V+111
j  de.hechler.patrick.zeugs.check.objects.Checker$$Lambda$91+0x00000007c0144a08.accept(Ljava/lang/Object;)V+12
j  de.hechler.patrick.zeugs.check.objects.Checker.lambda$9(Ljava/util/Map;Ljava/util/function/Consumer;)V+2
j  de.hechler.patrick.zeugs.check.objects.Checker$$Lambda$97+0x00000007c0146708.accept(Ljava/lang/Object;)V+8
j  java.util.ArrayList.forEach(Ljava/util/function/Consumer;)V+46 java.base@20.0.2
j  de.hechler.patrick.zeugs.check.objects.Checker.run()V+71
j  de.hechler.patrick.zeugs.check.objects.Checker.get()Lde/hechler/patrick/zeugs/check/objects/CheckResult;+8
j  de.hechler.patrick.zeugs.check.objects.BigChecker.accept(Lde/hechler/patrick/zeugs/check/interfaces/TwoVals;Ljava/util/Map;Ljava/util/Map;)V+24
j  de.hechler.patrick.zeugs.check.objects.BigChecker.lambda$0(Lde/hechler/patrick/zeugs/check/interfaces/TwoVals;Ljava/util/Map;Ljava/util/Map;)V+4
j  de.hechler.patrick.zeugs.check.objects.BigChecker$$Lambda$93+0x00000007c0145538.run()V+16
j  java.lang.Thread.runWith(Ljava/lang/Object;Ljava/lang/Runnable;)V+5 java.base@20.0.2
j  java.lang.Thread.run()V+19 java.base@20.0.2
v  ~StubRoutines::call_stub 0x00006fb4a3d37cc6

siginfo: si_signo: 11 (SIGSEGV), si_code: 1 (SEGV_MAPERR), si_addr: 0x0000000000000000

Registers:
RAX=0x0000000000000000, RBX=0x00006fb4b3f6e3a0, RCX=0x0000000000000004, RDX=0x0000000000000008
RSP=0x00006fb47b0fb828, RBP=0x00006fb43c077ae0, RSI=0x0000000000000000, RDI=0x0000000000000000
R8 =0x00006fb43c0008e0, R9 =0x0000000000000007, R10=0x00006fb4b3f57140, R11=0x00006fb4b3f6343b
R12=0x00006fb43c0f5d90, R13=0x00006fb43c0f5d50, R14=0x00006fb43c0f5de0, R15=0x00006fb43c0f5d30
RIP=0x00006fb4ba95e090, EFLAGS=0x0000000000010246, CSGSFS=0x002b000000000033, ERR=0x0000000000000006
  TRAPNO=0x000000000000000e


Register to memory mapping:

RAX=0x0 is NULL
RBX=0x00006fb4b3f6e3a0: pfs_all_ehs_set+0x0000000000000000 in /data/git/PatrFileSys/javaPFS/lib/libpfs-core.so at 0x00006fb4b3f56000
RCX=0x0000000000000004 is an unknown value
RDX=0x0000000000000008 is an unknown value
RSP=0x00006fb47b0fb828 is pointing into the stack for thread: 0x00006fb4b4558ac0
RBP=0x00006fb43c077ae0 points into unknown readable memory: 0x0000000000000000 | 00 00 00 00 00 00 00 00
RSI=0x0 is NULL
RDI=0x0 is NULL
R8 =0x00006fb43c0008e0 points into unknown readable memory: 0x0000000000010000 | 00 00 01 00 00 00 00 00
R9 =0x0000000000000007 is an unknown value
R10=0x00006fb4b3f57140: <offset 0x0000000000001140> in /data/git/PatrFileSys/javaPFS/lib/libpfs-core.so at 0x00006fb4b3f56000
R11=0x00006fb4b3f6343b: pfs_close+0x0000000000000000 in /data/git/PatrFileSys/javaPFS/lib/libpfs-core.so at 0x00006fb4b3f56000
R12=0x00006fb43c0f5d90 points into unknown readable memory: 0x0000000000000002 | 02 00 00 00 00 00 00 00
R13=0x00006fb43c0f5d50 points into unknown readable memory: 0x0000000000000000 | 00 00 00 00 00 00 00 00
R14=0x00006fb43c0f5de0 points into unknown readable memory: 0x00006fb43c077ae0 | e0 7a 07 3c b4 6f 00 00
R15=0x00006fb43c0f5d30 points into unknown readable memory: 0x0000000000000000 | 00 00 00 00 00 00 00 00


Top of Stack: (sp=0x00006fb47b0fb828)
0x00006fb47b0fb828:   00006fb4b3f634b4 0000000100000001
0x00006fb47b0fb838:   4c1286fdf42d5000 0000000000000001
0x00006fb47b0fb848:   00006fb4b3f63990 00006fb4b4558ac0
0x00006fb47b0fb858:   00006fb43c0f5d70 0000000000000400
0x00006fb47b0fb868:   0000000000000000 00006f0000000000
0x00006fb47b0fb878:   00000006d5b1ac40 00006fb47b0fb8c0
0x00006fb47b0fb888:   0000000000000000 00000006d5b1ac40
0x00006fb47b0fb898:   00006fb47b0fba00 00006fb4b4558ac0
0x00006fb47b0fb8a8:   00006fb4a3eb3a4a 00000000000000b8
0x00006fb47b0fb8b8:   0000000000000000 00006fb47b0fb988
0x00006fb47b0fb8c8:   00006fb4a3d54dfc 00000006d5b1ac40
0x00006fb47b0fb8d8:   00000006d5b1ac40 0000000000000000
0x00006fb47b0fb8e8:   0000000000000000 0000000000000000
0x00006fb47b0fb8f8:   0000000000000000 0000000000000000
0x00006fb47b0fb908:   0000000000000000 0000000000000400
0x00006fb47b0fb918:   0000000000000000 00006fb43c077ae0
0x00006fb47b0fb928:   0000000000000000 00006fb4b3f6389c
0x00006fb47b0fb938:   0000000000000000 00006fb47b0fb940
0x00006fb47b0fb948:   00006fb47cc65a72 00006fb47b0fba00
0x00006fb47b0fb958:   00006fb47cc65ba0 0000000000000000
0x00006fb47b0fb968:   00000006d5b1dd70 00006fb47cc65a80
0x00006fb47b0fb978:   00006fb47b0fb8d8 00006fb47b0fb9a0
0x00006fb47b0fb988:   00006fb47b0fba50 00006fb4a3d54dfc
0x00006fb47b0fb998:   00000006d5b1ac40 0000000000000000
0x00006fb47b0fb9a8:   0000000000000000 0000000000000000
0x00006fb47b0fb9b8:   0000000000000000 0000000000000000
0x00006fb47b0fb9c8:   0000000000000000 0000000000000400
0x00006fb47b0fb9d8:   0000000000000000 00006fb43c077ae0
0x00006fb47b0fb9e8:   0000000000000000 00006fb4b3f6389c
0x00006fb47b0fb9f8:   0000000000000000 00000006d5b1de88
0x00006fb47b0fba08:   00006fb47b0fba08 00006fb47cc6f2bd
0x00006fb47b0fba18:   00006fb47b0fbac8 00006fb47cc6f3f0 

Instructions: (pc=0x00006fb4ba95e090)
0x00006fb4ba95df90:   82 cb 00 00 00 c4 e2 7d 78 c0 48 83 fa 40 77 20
0x00006fb4ba95dfa0:   c5 fe 7f 07 c5 fe 7f 44 17 e0 c5 f8 77 c3 66 90
0x00006fb4ba95dfb0:   c5 fe 7f 47 c0 c5 fe 7f 47 e0 c5 f8 77 c3 66 90
0x00006fb4ba95dfc0:   48 3b 15 49 02 0e 00 77 77 c5 fe 7f 07 c5 fe 7f
0x00006fb4ba95dfd0:   47 20 48 01 d7 48 81 fa 80 00 00 00 76 d2 c5 fe
0x00006fb4ba95dfe0:   7f 40 40 c5 fe 7f 40 60 48 83 c7 80 48 81 fa 00
0x00006fb4ba95dff0:   01 00 00 76 2b 48 8d 90 80 00 00 00 48 83 e2 c0
0x00006fb4ba95e000:   c5 fd 7f 02 c5 fd 7f 42 20 c5 fd 7f 42 40 c5 fd
0x00006fb4ba95e010:   7f 42 60 48 83 ea 80 48 39 fa 72 e4 0f 1f 40 00
0x00006fb4ba95e020:   c5 fe 7f 07 c5 fe 7f 47 20 c5 fe 7f 47 40 c5 fe
0x00006fb4ba95e030:   7f 47 60 c5 f8 77 c3 66 0f 1f 84 00 00 00 00 00
0x00006fb4ba95e040:   40 0f b6 c6 48 89 d1 48 89 fa f3 aa 48 89 d0 c5
0x00006fb4ba95e050:   f8 77 c3 66 66 2e 0f 1f 84 00 00 00 00 00 66 90
0x00006fb4ba95e060:   c4 e2 79 78 c0 83 fa 10 7d 16 83 fa 08 7d 21 83
0x00006fb4ba95e070:   fa 04 7d 2c 83 fa 01 7f 37 7c 03 40 88 37 c3 90
0x00006fb4ba95e080:   c5 fa 7f 07 c5 fa 7f 44 17 f0 c3 0f 1f 44 00 00
0x00006fb4ba95e090:   c5 f9 d6 07 c5 f9 d6 44 17 f8 c3 0f 1f 44 00 00
0x00006fb4ba95e0a0:   c5 f9 7e 07 c5 f9 7e 44 17 fc c3 0f 1f 44 00 00
0x00006fb4ba95e0b0:   40 88 37 40 88 77 01 40 88 74 17 ff c3 0f 1f 00
0x00006fb4ba95e0c0:   f3 0f 1e fa c5 f9 6e c6 c4 e2 7d 78 c0 89 f8 25
0x00006fb4ba95e0d0:   ff 0f 00 00 3d e0 0f 00 00 0f 87 21 01 00 00 c5
0x00006fb4ba95e0e0:   fd 74 0f c5 fd d7 c1 85 c0 74 55 0f bc c0 48 01
0x00006fb4ba95e0f0:   f8 c5 f8 77 c3 0f bc c0 48 ff c7 48 01 f8 c5 f8
0x00006fb4ba95e100:   77 c3 66 66 2e 0f 1f 84 00 00 00 00 00 0f 1f 00
0x00006fb4ba95e110:   f3 0f bc c0 48 83 c7 21 48 01 f8 c5 f8 77 c3 90
0x00006fb4ba95e120:   f3 0f bc c0 48 83 c7 41 48 01 f8 c5 f8 77 c3 90
0x00006fb4ba95e130:   f3 0f bc c0 48 83 c7 61 48 01 f8 c5 f8 77 c3 90
0x00006fb4ba95e140:   48 83 cf 1f c5 fd 74 4f 01 c5 fd d7 c1 85 c0 75
0x00006fb4ba95e150:   a4 c5 fd 74 4f 21 c5 fd d7 c1 85 c0 75 b2 c5 fd
0x00006fb4ba95e160:   74 4f 41 c5 fd d7 c1 85 c0 75 b5 c5 fd 74 4f 61
0x00006fb4ba95e170:   c5 fd d7 c1 85 c0 75 b8 48 ff c7 48 83 cf 7f 90
0x00006fb4ba95e180:   c5 fd 74 4f 01 c5 fd 74 57 21 c5 fd 74 5f 41 c5 


Stack slot to memory mapping:
stack at sp + 0 slots: 0x00006fb4b3f634b4: pfs_close+0x0000000000000079 in /data/git/PatrFileSys/javaPFS/lib/libpfs-core.so at 0x00006fb4b3f56000
stack at sp + 1 slots: 0x0000000100000001 is an unknown value
stack at sp + 2 slots: 0x4c1286fdf42d5000 is an unknown value
stack at sp + 3 slots: 0x0000000000000001 is an unknown value
stack at sp + 4 slots: 0x00006fb4b3f63990: pfs_load_and_format+0x00000000000000f4 in /data/git/PatrFileSys/javaPFS/lib/libpfs-core.so at 0x00006fb4b3f56000
stack at sp + 5 slots: 0x00006fb4b4558ac0 is a thread
stack at sp + 6 slots: 0x00006fb43c0f5d70 points into unknown readable memory: 0x0000000000000000 | 00 00 00 00 00 00 00 00
stack at sp + 7 slots: 0x0000000000000400 is an unknown value

--------------------------------------------------------------------------------
Decoding CodeBlob, name: nep_invoker_blob, at  [0x00006fb4a3eb3a00, 0x00006fb4a3eb3b08]  264 bytes
[MachCode]
  0x00006fb4a3eb3a00: 5548 8bec | 4883 ec10 | c5f8 7749 | 89af d002 | 0000 49ba | 083a eba3 | b46f 0000 | 4d89 97c8 
  0x00006fb4a3eb3a20: 0200 0049 | 89a7 c002 | 0000 41c7 | 8774 0300 | 0004 0000 | 0048 8bc7 | 488b fa49 | 8bd0 4c8b 
  0x00006fb4a3eb3a40: d648 8bf1 | 498b c941 | ffd2 c5f8 | 7741 c787 | 7403 0000 | 0500 0000 | f083 4424 | c000 493b 
  0x00006fb4a3eb3a60: af78 0300 | 000f 874d | 0000 0041 | 83bf 7003 | 0000 000f | 853f 0000 | 0041 c787 | 7403 0000 
  0x00006fb4a3eb3a80: 0800 0000 | 4183 bff0 | 0300 0002 | 0f84 4c00 | 0000 49c7 | 87c0 0200 | 0000 0000 | 0049 c787 
  0x00006fb4a3eb3aa0: d002 0000 | 0000 0000 | 49c7 87c8 | 0200 0000 | 0000 00c5 | f877 c9c3 | c5f8 7748 | 8904 2449 
  0x00006fb4a3eb3ac0: 8bff 4c8b | e448 83ec | 0048 83e4 | f0e8 fe75 | c515 498b | e44d 33e4 | 488b 0424 | eb9b c5f8 
  0x00006fb4a3eb3ae0: 7748 8904 | 244c 8be4 | 4883 ec00 | 4883 e4f0 | e8fb df0f | 1649 8be4 | 4d33 e448 | 8b04 24eb 
  0x00006fb4a3eb3b00: 91f4 f4f4 | f4f4 f4f4 
[/MachCode]
--------------------------------------------------------------------------------


---------------  P R O C E S S  ---------------

Threads class SMR info:
_java_thread_list=0x00006fb4b45592d0, length=15, elements={
0x00006fb4b401ab80, 0x00006fb4b41f8be0, 0x00006fb4b41fa130, 0x00006fb4b41fbbb0,
0x00006fb4b41fcf70, 0x00006fb4b41fe320, 0x00006fb4b41ffd40, 0x00006fb4b4201290,
0x00006fb4b42631b0, 0x00006fb4b4365c80, 0x00006fb4b4367390, 0x00006fb454001110,
0x00006fb45c0e83b0, 0x00006fb4b4492e20, 0x00006fb4b4558ac0
}

Java Threads: ( => current thread )
  0x00006fb4b401ab80 JavaThread "main" [_thread_blocked, id=34103, stack(0x00006fb4b9100000,0x00006fb4b9200000)]
  0x00006fb4b41f8be0 JavaThread "Reference Handler" daemon [_thread_blocked, id=34110, stack(0x00006fb494290000,0x00006fb494390000)]
  0x00006fb4b41fa130 JavaThread "Finalizer" daemon [_thread_blocked, id=34111, stack(0x00006fb494190000,0x00006fb494290000)]
  0x00006fb4b41fbbb0 JavaThread "Signal Dispatcher" daemon [_thread_blocked, id=34112, stack(0x00006fb494090000,0x00006fb494190000)]
  0x00006fb4b41fcf70 JavaThread "Service Thread" daemon [_thread_blocked, id=34113, stack(0x00006fb47bb00000,0x00006fb47bc00000)]
  0x00006fb4b41fe320 JavaThread "Monitor Deflation Thread" daemon [_thread_blocked, id=34114, stack(0x00006fb47ba00000,0x00006fb47bb00000)]
  0x00006fb4b41ffd40 JavaThread "C2 CompilerThread0" daemon [_thread_blocked, id=34115, stack(0x00006fb47b900000,0x00006fb47ba00000)]
  0x00006fb4b4201290 JavaThread "C1 CompilerThread0" daemon [_thread_blocked, id=34116, stack(0x00006fb47b800000,0x00006fb47b900000)]
  0x00006fb4b42631b0 JavaThread "Common-Cleaner" daemon [_thread_blocked, id=34117, stack(0x00006fb47b700000,0x00006fb47b800000)]
  0x00006fb4b4365c80 JavaThread "JDWP Transport Listener: dt_socket" daemon [_thread_blocked, id=34120, stack(0x00006fb47b600000,0x00006fb47b700000)]
  0x00006fb4b4367390 JavaThread "JDWP Event Helper Thread" daemon [_thread_blocked, id=34122, stack(0x00006fb47b500000,0x00006fb47b600000)]
  0x00006fb454001110 JavaThread "JDWP Command Reader" daemon [_thread_in_native, id=34123, stack(0x00006fb47b400000,0x00006fb47b500000)]
  0x00006fb45c0e83b0 JavaThread "C2 CompilerThread1" daemon [_thread_blocked, id=34125, stack(0x00006fb47b300000,0x00006fb47b400000)]
  0x00006fb4b4492e20 JavaThread "Notification Thread" daemon [_thread_blocked, id=34126, stack(0x00006fb47b200000,0x00006fb47b300000)]
=>0x00006fb4b4558ac0 JavaThread "Checker : de.hechler.patrick.zeugs.pfs.FSChecker" [_thread_in_native, id=34139, stack(0x00006fb47affe000,0x00006fb47b0fe000)]

Other Threads:
  0x00006fb4b41b48e0 VMThread "VM Thread" [stack: 0x00006fb494392000,0x00006fb494492000] [id=34109]
  0x00006fb4b401d480 WatcherThread "VM Periodic Task Thread" [stack: 0x00006fb47b100000,0x00006fb47b200000] [id=34127]
  0x00006fb4b4089280 WorkerThread "GC Thread#0" [stack: 0x00006fb4b8120000,0x00006fb4b8220000] [id=34104]
  0x00006fb4b409a140 ConcurrentGCThread "G1 Main Marker" [stack: 0x00006fb4b801e000,0x00006fb4b811e000] [id=34105]
  0x00006fb4b409b060 WorkerThread "G1 Conc#0" [stack: 0x00006fb497173000,0x00006fb497273000] [id=34106]
  0x00006fb4b412fd30 ConcurrentGCThread "G1 Refine#0" [stack: 0x00006fb494667000,0x00006fb494767000] [id=34107]
  0x00006fb4b4130c70 ConcurrentGCThread "G1 Service" [stack: 0x00006fb494565000,0x00006fb494665000] [id=34108]

Threads with active compile tasks:

VM state: not at safepoint (normal execution)

VM Mutex/Monitor currently owned by a thread: None

Heap address: 0x00000006c7200000, size: 3982 MB, Compressed Oops mode: Zero based, Oop shift amount: 3

CDS archive(s) not mapped
Compressed class space mapped at: 0x00000007c0000000-0x0000000800000000, reserved size: 1073741824
Narrow klass base: 0x0000000000000000, Narrow klass shift: 3, Narrow klass range: 0x800000000

GC Precious Log:
 CardTable entry size: 512
 Card Set container configuration: InlinePtr #cards 4 size 8 Array Of Cards #cards 16 size 48 Howl #buckets 8 coarsen threshold 3686 Howl Bitmap #cards 512 size 80 coarsen threshold 460 Card regions per heap region 1 cards per card region 4096
 CPUs: 32 total, 12 available
 Memory: 15924M
 Large Page Support: Disabled
 NUMA Support: Disabled
 Compressed Oops: Enabled (Zero based)
 Heap Region Size: 2M
 Heap Min Capacity: 8M
 Heap Initial Capacity: 250M
 Heap Max Capacity: 3982M
 Pre-touch: Disabled
 Parallel Workers: 10
 Concurrent Workers: 3
 Concurrent Refinement Workers: 10
 Periodic GC: Disabled

Heap:
 garbage-first heap   total 256000K, used 16384K [0x00000006c7200000, 0x00000007c0000000)
  region size 2048K, 9 young (18432K), 0 survivors (0K)
 Metaspace       used 14989K, committed 15360K, reserved 1114112K
  class space    used 1425K, committed 1600K, reserved 1048576K

Heap Regions: E=young(eden), S=young(survivor), O=old, HS=humongous(starts), HC=humongous(continues), CS=collection set, F=free, OA=open archive, CA=closed archive, TAMS=top-at-mark-start, PB=parsable bottom
|   0|0x00000006c7200000, 0x00000006c7200000, 0x00000006c7400000|  0%| F|  |TAMS 0x00000006c7200000| PB 0x00000006c7200000| Untracked 
|   1|0x00000006c7400000, 0x00000006c7400000, 0x00000006c7600000|  0%| F|  |TAMS 0x00000006c7400000| PB 0x00000006c7400000| Untracked 
|   2|0x00000006c7600000, 0x00000006c7600000, 0x00000006c7800000|  0%| F|  |TAMS 0x00000006c7600000| PB 0x00000006c7600000| Untracked 
|   3|0x00000006c7800000, 0x00000006c7800000, 0x00000006c7a00000|  0%| F|  |TAMS 0x00000006c7800000| PB 0x00000006c7800000| Untracked 
|   4|0x00000006c7a00000, 0x00000006c7a00000, 0x00000006c7c00000|  0%| F|  |TAMS 0x00000006c7a00000| PB 0x00000006c7a00000| Untracked 
|   5|0x00000006c7c00000, 0x00000006c7c00000, 0x00000006c7e00000|  0%| F|  |TAMS 0x00000006c7c00000| PB 0x00000006c7c00000| Untracked 
|   6|0x00000006c7e00000, 0x00000006c7e00000, 0x00000006c8000000|  0%| F|  |TAMS 0x00000006c7e00000| PB 0x00000006c7e00000| Untracked 
|   7|0x00000006c8000000, 0x00000006c8000000, 0x00000006c8200000|  0%| F|  |TAMS 0x00000006c8000000| PB 0x00000006c8000000| Untracked 
|   8|0x00000006c8200000, 0x00000006c8200000, 0x00000006c8400000|  0%| F|  |TAMS 0x00000006c8200000| PB 0x00000006c8200000| Untracked 
|   9|0x00000006c8400000, 0x00000006c8400000, 0x00000006c8600000|  0%| F|  |TAMS 0x00000006c8400000| PB 0x00000006c8400000| Untracked 
|  10|0x00000006c8600000, 0x00000006c8600000, 0x00000006c8800000|  0%| F|  |TAMS 0x00000006c8600000| PB 0x00000006c8600000| Untracked 
|  11|0x00000006c8800000, 0x00000006c8800000, 0x00000006c8a00000|  0%| F|  |TAMS 0x00000006c8800000| PB 0x00000006c8800000| Untracked 
|  12|0x00000006c8a00000, 0x00000006c8a00000, 0x00000006c8c00000|  0%| F|  |TAMS 0x00000006c8a00000| PB 0x00000006c8a00000| Untracked 
|  13|0x00000006c8c00000, 0x00000006c8c00000, 0x00000006c8e00000|  0%| F|  |TAMS 0x00000006c8c00000| PB 0x00000006c8c00000| Untracked 
|  14|0x00000006c8e00000, 0x00000006c8e00000, 0x00000006c9000000|  0%| F|  |TAMS 0x00000006c8e00000| PB 0x00000006c8e00000| Untracked 
|  15|0x00000006c9000000, 0x00000006c9000000, 0x00000006c9200000|  0%| F|  |TAMS 0x00000006c9000000| PB 0x00000006c9000000| Untracked 
|  16|0x00000006c9200000, 0x00000006c9200000, 0x00000006c9400000|  0%| F|  |TAMS 0x00000006c9200000| PB 0x00000006c9200000| Untracked 
|  17|0x00000006c9400000, 0x00000006c9400000, 0x00000006c9600000|  0%| F|  |TAMS 0x00000006c9400000| PB 0x00000006c9400000| Untracked 
|  18|0x00000006c9600000, 0x00000006c9600000, 0x00000006c9800000|  0%| F|  |TAMS 0x00000006c9600000| PB 0x00000006c9600000| Untracked 
|  19|0x00000006c9800000, 0x00000006c9800000, 0x00000006c9a00000|  0%| F|  |TAMS 0x00000006c9800000| PB 0x00000006c9800000| Untracked 
|  20|0x00000006c9a00000, 0x00000006c9a00000, 0x00000006c9c00000|  0%| F|  |TAMS 0x00000006c9a00000| PB 0x00000006c9a00000| Untracked 
|  21|0x00000006c9c00000, 0x00000006c9c00000, 0x00000006c9e00000|  0%| F|  |TAMS 0x00000006c9c00000| PB 0x00000006c9c00000| Untracked 
|  22|0x00000006c9e00000, 0x00000006c9e00000, 0x00000006ca000000|  0%| F|  |TAMS 0x00000006c9e00000| PB 0x00000006c9e00000| Untracked 
|  23|0x00000006ca000000, 0x00000006ca000000, 0x00000006ca200000|  0%| F|  |TAMS 0x00000006ca000000| PB 0x00000006ca000000| Untracked 
|  24|0x00000006ca200000, 0x00000006ca200000, 0x00000006ca400000|  0%| F|  |TAMS 0x00000006ca200000| PB 0x00000006ca200000| Untracked 
|  25|0x00000006ca400000, 0x00000006ca400000, 0x00000006ca600000|  0%| F|  |TAMS 0x00000006ca400000| PB 0x00000006ca400000| Untracked 
|  26|0x00000006ca600000, 0x00000006ca600000, 0x00000006ca800000|  0%| F|  |TAMS 0x00000006ca600000| PB 0x00000006ca600000| Untracked 
|  27|0x00000006ca800000, 0x00000006ca800000, 0x00000006caa00000|  0%| F|  |TAMS 0x00000006ca800000| PB 0x00000006ca800000| Untracked 
|  28|0x00000006caa00000, 0x00000006caa00000, 0x00000006cac00000|  0%| F|  |TAMS 0x00000006caa00000| PB 0x00000006caa00000| Untracked 
|  29|0x00000006cac00000, 0x00000006cac00000, 0x00000006cae00000|  0%| F|  |TAMS 0x00000006cac00000| PB 0x00000006cac00000| Untracked 
|  30|0x00000006cae00000, 0x00000006cae00000, 0x00000006cb000000|  0%| F|  |TAMS 0x00000006cae00000| PB 0x00000006cae00000| Untracked 
|  31|0x00000006cb000000, 0x00000006cb000000, 0x00000006cb200000|  0%| F|  |TAMS 0x00000006cb000000| PB 0x00000006cb000000| Untracked 
|  32|0x00000006cb200000, 0x00000006cb200000, 0x00000006cb400000|  0%| F|  |TAMS 0x00000006cb200000| PB 0x00000006cb200000| Untracked 
|  33|0x00000006cb400000, 0x00000006cb400000, 0x00000006cb600000|  0%| F|  |TAMS 0x00000006cb400000| PB 0x00000006cb400000| Untracked 
|  34|0x00000006cb600000, 0x00000006cb600000, 0x00000006cb800000|  0%| F|  |TAMS 0x00000006cb600000| PB 0x00000006cb600000| Untracked 
|  35|0x00000006cb800000, 0x00000006cb800000, 0x00000006cba00000|  0%| F|  |TAMS 0x00000006cb800000| PB 0x00000006cb800000| Untracked 
|  36|0x00000006cba00000, 0x00000006cba00000, 0x00000006cbc00000|  0%| F|  |TAMS 0x00000006cba00000| PB 0x00000006cba00000| Untracked 
|  37|0x00000006cbc00000, 0x00000006cbc00000, 0x00000006cbe00000|  0%| F|  |TAMS 0x00000006cbc00000| PB 0x00000006cbc00000| Untracked 
|  38|0x00000006cbe00000, 0x00000006cbe00000, 0x00000006cc000000|  0%| F|  |TAMS 0x00000006cbe00000| PB 0x00000006cbe00000| Untracked 
|  39|0x00000006cc000000, 0x00000006cc000000, 0x00000006cc200000|  0%| F|  |TAMS 0x00000006cc000000| PB 0x00000006cc000000| Untracked 
|  40|0x00000006cc200000, 0x00000006cc200000, 0x00000006cc400000|  0%| F|  |TAMS 0x00000006cc200000| PB 0x00000006cc200000| Untracked 
|  41|0x00000006cc400000, 0x00000006cc400000, 0x00000006cc600000|  0%| F|  |TAMS 0x00000006cc400000| PB 0x00000006cc400000| Untracked 
|  42|0x00000006cc600000, 0x00000006cc600000, 0x00000006cc800000|  0%| F|  |TAMS 0x00000006cc600000| PB 0x00000006cc600000| Untracked 
|  43|0x00000006cc800000, 0x00000006cc800000, 0x00000006cca00000|  0%| F|  |TAMS 0x00000006cc800000| PB 0x00000006cc800000| Untracked 
|  44|0x00000006cca00000, 0x00000006cca00000, 0x00000006ccc00000|  0%| F|  |TAMS 0x00000006cca00000| PB 0x00000006cca00000| Untracked 
|  45|0x00000006ccc00000, 0x00000006ccc00000, 0x00000006cce00000|  0%| F|  |TAMS 0x00000006ccc00000| PB 0x00000006ccc00000| Untracked 
|  46|0x00000006cce00000, 0x00000006cce00000, 0x00000006cd000000|  0%| F|  |TAMS 0x00000006cce00000| PB 0x00000006cce00000| Untracked 
|  47|0x00000006cd000000, 0x00000006cd000000, 0x00000006cd200000|  0%| F|  |TAMS 0x00000006cd000000| PB 0x00000006cd000000| Untracked 
|  48|0x00000006cd200000, 0x00000006cd200000, 0x00000006cd400000|  0%| F|  |TAMS 0x00000006cd200000| PB 0x00000006cd200000| Untracked 
|  49|0x00000006cd400000, 0x00000006cd400000, 0x00000006cd600000|  0%| F|  |TAMS 0x00000006cd400000| PB 0x00000006cd400000| Untracked 
|  50|0x00000006cd600000, 0x00000006cd600000, 0x00000006cd800000|  0%| F|  |TAMS 0x00000006cd600000| PB 0x00000006cd600000| Untracked 
|  51|0x00000006cd800000, 0x00000006cd800000, 0x00000006cda00000|  0%| F|  |TAMS 0x00000006cd800000| PB 0x00000006cd800000| Untracked 
|  52|0x00000006cda00000, 0x00000006cda00000, 0x00000006cdc00000|  0%| F|  |TAMS 0x00000006cda00000| PB 0x00000006cda00000| Untracked 
|  53|0x00000006cdc00000, 0x00000006cdc00000, 0x00000006cde00000|  0%| F|  |TAMS 0x00000006cdc00000| PB 0x00000006cdc00000| Untracked 
|  54|0x00000006cde00000, 0x00000006cde00000, 0x00000006ce000000|  0%| F|  |TAMS 0x00000006cde00000| PB 0x00000006cde00000| Untracked 
|  55|0x00000006ce000000, 0x00000006ce000000, 0x00000006ce200000|  0%| F|  |TAMS 0x00000006ce000000| PB 0x00000006ce000000| Untracked 
|  56|0x00000006ce200000, 0x00000006ce200000, 0x00000006ce400000|  0%| F|  |TAMS 0x00000006ce200000| PB 0x00000006ce200000| Untracked 
|  57|0x00000006ce400000, 0x00000006ce400000, 0x00000006ce600000|  0%| F|  |TAMS 0x00000006ce400000| PB 0x00000006ce400000| Untracked 
|  58|0x00000006ce600000, 0x00000006ce600000, 0x00000006ce800000|  0%| F|  |TAMS 0x00000006ce600000| PB 0x00000006ce600000| Untracked 
|  59|0x00000006ce800000, 0x00000006ce800000, 0x00000006cea00000|  0%| F|  |TAMS 0x00000006ce800000| PB 0x00000006ce800000| Untracked 
|  60|0x00000006cea00000, 0x00000006cea00000, 0x00000006cec00000|  0%| F|  |TAMS 0x00000006cea00000| PB 0x00000006cea00000| Untracked 
|  61|0x00000006cec00000, 0x00000006cec00000, 0x00000006cee00000|  0%| F|  |TAMS 0x00000006cec00000| PB 0x00000006cec00000| Untracked 
|  62|0x00000006cee00000, 0x00000006cee00000, 0x00000006cf000000|  0%| F|  |TAMS 0x00000006cee00000| PB 0x00000006cee00000| Untracked 
|  63|0x00000006cf000000, 0x00000006cf000000, 0x00000006cf200000|  0%| F|  |TAMS 0x00000006cf000000| PB 0x00000006cf000000| Untracked 
|  64|0x00000006cf200000, 0x00000006cf200000, 0x00000006cf400000|  0%| F|  |TAMS 0x00000006cf200000| PB 0x00000006cf200000| Untracked 
|  65|0x00000006cf400000, 0x00000006cf400000, 0x00000006cf600000|  0%| F|  |TAMS 0x00000006cf400000| PB 0x00000006cf400000| Untracked 
|  66|0x00000006cf600000, 0x00000006cf600000, 0x00000006cf800000|  0%| F|  |TAMS 0x00000006cf600000| PB 0x00000006cf600000| Untracked 
|  67|0x00000006cf800000, 0x00000006cf800000, 0x00000006cfa00000|  0%| F|  |TAMS 0x00000006cf800000| PB 0x00000006cf800000| Untracked 
|  68|0x00000006cfa00000, 0x00000006cfa00000, 0x00000006cfc00000|  0%| F|  |TAMS 0x00000006cfa00000| PB 0x00000006cfa00000| Untracked 
|  69|0x00000006cfc00000, 0x00000006cfc00000, 0x00000006cfe00000|  0%| F|  |TAMS 0x00000006cfc00000| PB 0x00000006cfc00000| Untracked 
|  70|0x00000006cfe00000, 0x00000006cfe00000, 0x00000006d0000000|  0%| F|  |TAMS 0x00000006cfe00000| PB 0x00000006cfe00000| Untracked 
|  71|0x00000006d0000000, 0x00000006d0000000, 0x00000006d0200000|  0%| F|  |TAMS 0x00000006d0000000| PB 0x00000006d0000000| Untracked 
|  72|0x00000006d0200000, 0x00000006d0200000, 0x00000006d0400000|  0%| F|  |TAMS 0x00000006d0200000| PB 0x00000006d0200000| Untracked 
|  73|0x00000006d0400000, 0x00000006d0400000, 0x00000006d0600000|  0%| F|  |TAMS 0x00000006d0400000| PB 0x00000006d0400000| Untracked 
|  74|0x00000006d0600000, 0x00000006d0600000, 0x00000006d0800000|  0%| F|  |TAMS 0x00000006d0600000| PB 0x00000006d0600000| Untracked 
|  75|0x00000006d0800000, 0x00000006d0800000, 0x00000006d0a00000|  0%| F|  |TAMS 0x00000006d0800000| PB 0x00000006d0800000| Untracked 
|  76|0x00000006d0a00000, 0x00000006d0a00000, 0x00000006d0c00000|  0%| F|  |TAMS 0x00000006d0a00000| PB 0x00000006d0a00000| Untracked 
|  77|0x00000006d0c00000, 0x00000006d0c00000, 0x00000006d0e00000|  0%| F|  |TAMS 0x00000006d0c00000| PB 0x00000006d0c00000| Untracked 
|  78|0x00000006d0e00000, 0x00000006d0e00000, 0x00000006d1000000|  0%| F|  |TAMS 0x00000006d0e00000| PB 0x00000006d0e00000| Untracked 
|  79|0x00000006d1000000, 0x00000006d1000000, 0x00000006d1200000|  0%| F|  |TAMS 0x00000006d1000000| PB 0x00000006d1000000| Untracked 
|  80|0x00000006d1200000, 0x00000006d1200000, 0x00000006d1400000|  0%| F|  |TAMS 0x00000006d1200000| PB 0x00000006d1200000| Untracked 
|  81|0x00000006d1400000, 0x00000006d1400000, 0x00000006d1600000|  0%| F|  |TAMS 0x00000006d1400000| PB 0x00000006d1400000| Untracked 
|  82|0x00000006d1600000, 0x00000006d1600000, 0x00000006d1800000|  0%| F|  |TAMS 0x00000006d1600000| PB 0x00000006d1600000| Untracked 
|  83|0x00000006d1800000, 0x00000006d1800000, 0x00000006d1a00000|  0%| F|  |TAMS 0x00000006d1800000| PB 0x00000006d1800000| Untracked 
|  84|0x00000006d1a00000, 0x00000006d1a00000, 0x00000006d1c00000|  0%| F|  |TAMS 0x00000006d1a00000| PB 0x00000006d1a00000| Untracked 
|  85|0x00000006d1c00000, 0x00000006d1c00000, 0x00000006d1e00000|  0%| F|  |TAMS 0x00000006d1c00000| PB 0x00000006d1c00000| Untracked 
|  86|0x00000006d1e00000, 0x00000006d1e00000, 0x00000006d2000000|  0%| F|  |TAMS 0x00000006d1e00000| PB 0x00000006d1e00000| Untracked 
|  87|0x00000006d2000000, 0x00000006d2000000, 0x00000006d2200000|  0%| F|  |TAMS 0x00000006d2000000| PB 0x00000006d2000000| Untracked 
|  88|0x00000006d2200000, 0x00000006d2200000, 0x00000006d2400000|  0%| F|  |TAMS 0x00000006d2200000| PB 0x00000006d2200000| Untracked 
|  89|0x00000006d2400000, 0x00000006d2400000, 0x00000006d2600000|  0%| F|  |TAMS 0x00000006d2400000| PB 0x00000006d2400000| Untracked 
|  90|0x00000006d2600000, 0x00000006d2600000, 0x00000006d2800000|  0%| F|  |TAMS 0x00000006d2600000| PB 0x00000006d2600000| Untracked 
|  91|0x00000006d2800000, 0x00000006d2800000, 0x00000006d2a00000|  0%| F|  |TAMS 0x00000006d2800000| PB 0x00000006d2800000| Untracked 
|  92|0x00000006d2a00000, 0x00000006d2a00000, 0x00000006d2c00000|  0%| F|  |TAMS 0x00000006d2a00000| PB 0x00000006d2a00000| Untracked 
|  93|0x00000006d2c00000, 0x00000006d2c00000, 0x00000006d2e00000|  0%| F|  |TAMS 0x00000006d2c00000| PB 0x00000006d2c00000| Untracked 
|  94|0x00000006d2e00000, 0x00000006d2e00000, 0x00000006d3000000|  0%| F|  |TAMS 0x00000006d2e00000| PB 0x00000006d2e00000| Untracked 
|  95|0x00000006d3000000, 0x00000006d3000000, 0x00000006d3200000|  0%| F|  |TAMS 0x00000006d3000000| PB 0x00000006d3000000| Untracked 
|  96|0x00000006d3200000, 0x00000006d3200000, 0x00000006d3400000|  0%| F|  |TAMS 0x00000006d3200000| PB 0x00000006d3200000| Untracked 
|  97|0x00000006d3400000, 0x00000006d3400000, 0x00000006d3600000|  0%| F|  |TAMS 0x00000006d3400000| PB 0x00000006d3400000| Untracked 
|  98|0x00000006d3600000, 0x00000006d3600000, 0x00000006d3800000|  0%| F|  |TAMS 0x00000006d3600000| PB 0x00000006d3600000| Untracked 
|  99|0x00000006d3800000, 0x00000006d3800000, 0x00000006d3a00000|  0%| F|  |TAMS 0x00000006d3800000| PB 0x00000006d3800000| Untracked 
| 100|0x00000006d3a00000, 0x00000006d3a00000, 0x00000006d3c00000|  0%| F|  |TAMS 0x00000006d3a00000| PB 0x00000006d3a00000| Untracked 
| 101|0x00000006d3c00000, 0x00000006d3c00000, 0x00000006d3e00000|  0%| F|  |TAMS 0x00000006d3c00000| PB 0x00000006d3c00000| Untracked 
| 102|0x00000006d3e00000, 0x00000006d3e00000, 0x00000006d4000000|  0%| F|  |TAMS 0x00000006d3e00000| PB 0x00000006d3e00000| Untracked 
| 103|0x00000006d4000000, 0x00000006d4000000, 0x00000006d4200000|  0%| F|  |TAMS 0x00000006d4000000| PB 0x00000006d4000000| Untracked 
| 104|0x00000006d4200000, 0x00000006d4200000, 0x00000006d4400000|  0%| F|  |TAMS 0x00000006d4200000| PB 0x00000006d4200000| Untracked 
| 105|0x00000006d4400000, 0x00000006d4400000, 0x00000006d4600000|  0%| F|  |TAMS 0x00000006d4400000| PB 0x00000006d4400000| Untracked 
| 106|0x00000006d4600000, 0x00000006d4600000, 0x00000006d4800000|  0%| F|  |TAMS 0x00000006d4600000| PB 0x00000006d4600000| Untracked 
| 107|0x00000006d4800000, 0x00000006d4800000, 0x00000006d4a00000|  0%| F|  |TAMS 0x00000006d4800000| PB 0x00000006d4800000| Untracked 
| 108|0x00000006d4a00000, 0x00000006d4a00000, 0x00000006d4c00000|  0%| F|  |TAMS 0x00000006d4a00000| PB 0x00000006d4a00000| Untracked 
| 109|0x00000006d4c00000, 0x00000006d4c00000, 0x00000006d4e00000|  0%| F|  |TAMS 0x00000006d4c00000| PB 0x00000006d4c00000| Untracked 
| 110|0x00000006d4e00000, 0x00000006d4e00000, 0x00000006d5000000|  0%| F|  |TAMS 0x00000006d4e00000| PB 0x00000006d4e00000| Untracked 
| 111|0x00000006d5000000, 0x00000006d5000000, 0x00000006d5200000|  0%| F|  |TAMS 0x00000006d5000000| PB 0x00000006d5000000| Untracked 
| 112|0x00000006d5200000, 0x00000006d5200000, 0x00000006d5400000|  0%| F|  |TAMS 0x00000006d5200000| PB 0x00000006d5200000| Untracked 
| 113|0x00000006d5400000, 0x00000006d5400000, 0x00000006d5600000|  0%| F|  |TAMS 0x00000006d5400000| PB 0x00000006d5400000| Untracked 
| 114|0x00000006d5600000, 0x00000006d5600000, 0x00000006d5800000|  0%| F|  |TAMS 0x00000006d5600000| PB 0x00000006d5600000| Untracked 
| 115|0x00000006d5800000, 0x00000006d5800000, 0x00000006d5a00000|  0%| F|  |TAMS 0x00000006d5800000| PB 0x00000006d5800000| Untracked 
| 116|0x00000006d5a00000, 0x00000006d5bc3188, 0x00000006d5c00000| 88%| E|  |TAMS 0x00000006d5a00000| PB 0x00000006d5a00000| Complete 
| 117|0x00000006d5c00000, 0x00000006d5e00000, 0x00000006d5e00000|100%| E|CS|TAMS 0x00000006d5c00000| PB 0x00000006d5c00000| Complete 
| 118|0x00000006d5e00000, 0x00000006d6000000, 0x00000006d6000000|100%| E|CS|TAMS 0x00000006d5e00000| PB 0x00000006d5e00000| Complete 
| 119|0x00000006d6000000, 0x00000006d6200000, 0x00000006d6200000|100%| E|CS|TAMS 0x00000006d6000000| PB 0x00000006d6000000| Complete 
| 120|0x00000006d6200000, 0x00000006d6400000, 0x00000006d6400000|100%| E|CS|TAMS 0x00000006d6200000| PB 0x00000006d6200000| Complete 
| 121|0x00000006d6400000, 0x00000006d6600000, 0x00000006d6600000|100%| E|CS|TAMS 0x00000006d6400000| PB 0x00000006d6400000| Complete 
| 122|0x00000006d6600000, 0x00000006d6800000, 0x00000006d6800000|100%| E|CS|TAMS 0x00000006d6600000| PB 0x00000006d6600000| Complete 
| 123|0x00000006d6800000, 0x00000006d6a00000, 0x00000006d6a00000|100%| E|CS|TAMS 0x00000006d6800000| PB 0x00000006d6800000| Complete 
| 124|0x00000006d6a00000, 0x00000006d6c00000, 0x00000006d6c00000|100%| E|CS|TAMS 0x00000006d6a00000| PB 0x00000006d6a00000| Complete 

Card table byte_map: [0x00006fb49b872000,0x00006fb49c039000] _byte_map_base: 0x00006fb498239000

Marking Bits: (CMBitMap*) 0x00006fb4b4089d10
 Bits: [0x00006fb497273000, 0x00006fb49b0ab000)

Polling page: 0x00006fb4bab68000

Metaspace:

Usage:
  Non-class:     13.25 MB used.
      Class:      1.39 MB used.
       Both:     14.64 MB used.

Virtual space:
  Non-class space:       64.00 MB reserved,      13.44 MB ( 21%) committed,  1 nodes.
      Class space:        1.00 GB reserved,       1.56 MB ( <1%) committed,  1 nodes.
             Both:        1.06 GB reserved,      15.00 MB (  1%) committed. 

Chunk freelists:
   Non-Class:  2.56 MB
       Class:  2.39 MB
        Both:  4.96 MB

MaxMetaspaceSize: unlimited
CompressedClassSpaceSize: 1.00 GB
Initial GC threshold: 21.00 MB
Current GC threshold: 21.00 MB
CDS: off
MetaspaceReclaimPolicy: balanced
 - commit_granule_bytes: 65536.
 - commit_granule_words: 8192.
 - virtual_space_node_default_size: 8388608.
 - enlarge_chunks_in_place: 1.
 - new_chunks_are_fully_committed: 0.
 - uncommit_free_chunks: 1.
 - use_allocation_guard: 0.


Internal statistics:

num_allocs_failed_limit: 0.
num_arena_births: 448.
num_arena_deaths: 0.
num_vsnodes_births: 2.
num_vsnodes_deaths: 0.
num_space_committed: 240.
num_space_uncommitted: 0.
num_chunks_returned_to_freelist: 0.
num_chunks_taken_from_freelist: 606.
num_chunk_merges: 0.
num_chunk_splits: 357.
num_chunks_enlarged: 154.
num_inconsistent_stats: 0.

CodeHeap 'non-profiled nmethods': size=120028Kb used=409Kb max_used=409Kb free=119618Kb
 bounds [0x00006fb4a42c9000, 0x00006fb4a4539000, 0x00006fb4ab800000]
CodeHeap 'profiled nmethods': size=120028Kb used=1919Kb max_used=1919Kb free=118108Kb
 bounds [0x00006fb49c800000, 0x00006fb49ca70000, 0x00006fb4a3d37000]
CodeHeap 'non-nmethods': size=5704Kb used=1524Kb max_used=1560Kb free=4179Kb
 bounds [0x00006fb4a3d37000, 0x00006fb4a3fa7000, 0x00006fb4a42c9000]
 total_blobs=1684 nmethods=1165 adapters=423
 compilation: enabled
              stopped_count=0, restarted_count=0
 full_count=0

Compilation events (20 events):
Event: 0.559 Thread 0x00006fb4b4201290 nmethod 1139 0x00006fb49c9db910 code [0x00006fb49c9dbbc0, 0x00006fb49c9dc6e0]
Event: 0.559 Thread 0x00006fb4b4201290 1140       3       jdk.internal.org.objectweb.asm.Type::getInternalName (12 bytes)
Event: 0.559 Thread 0x00006fb4b4201290 nmethod 1140 0x00006fb49c9dca10 code [0x00006fb49c9dcbc0, 0x00006fb49c9dcde8]
Event: 0.559 Thread 0x00006fb4b4201290 1144       1       java.lang.invoke.ClassSpecializer$SpeciesData::getterFunctions (5 bytes)
Event: 0.560 Thread 0x00006fb4b4201290 nmethod 1144 0x00006fb4a4324c90 code [0x00006fb4a4324e00, 0x00006fb4a4324ec8]
Event: 0.560 Thread 0x00006fb4b4201290 1145       3       java.lang.invoke.LambdaForm::methodType (48 bytes)
Event: 0.560 Thread 0x00006fb4b4201290 nmethod 1145 0x00006fb49c9dcf10 code [0x00006fb49c9dd100, 0x00006fb49c9dd6d8]
Event: 0.560 Thread 0x00006fb4b4201290 1146       3       java.lang.invoke.LambdaFormBuffer::indexOf (33 bytes)
Event: 0.560 Thread 0x00006fb45c0e83b0 nmethod 1121 0x00006fb4a4324f90 code [0x00006fb4a4325140, 0x00006fb4a4325800]
Event: 0.560 Thread 0x00006fb45c0e83b0 1128       4       jdk.internal.org.objectweb.asm.Frame::push (109 bytes)
Event: 0.560 Thread 0x00006fb4b4201290 nmethod 1146 0x00006fb49c9dd990 code [0x00006fb49c9ddb40, 0x00006fb49c9ddee8]
Event: 0.560 Thread 0x00006fb4b4201290 1147       3       java.lang.Record::<init> (5 bytes)
Event: 0.560 Thread 0x00006fb4b4201290 nmethod 1147 0x00006fb49c9de010 code [0x00006fb49c9de1a0, 0x00006fb49c9de300]
Event: 0.561 Thread 0x00006fb4b4201290 1148   !   3       java.util.ImmutableCollections$ListItr::next (34 bytes)
Event: 0.561 Thread 0x00006fb4b4201290 nmethod 1148 0x00006fb49c9de390 code [0x00006fb49c9de540, 0x00006fb49c9de818]
Event: 0.561 Thread 0x00006fb4b4201290 1149       3       java.util.stream.PipelineHelper::<init> (5 bytes)
Event: 0.561 Thread 0x00006fb4b4201290 nmethod 1149 0x00006fb49c9de990 code [0x00006fb49c9deb20, 0x00006fb49c9dec80]
Event: 0.565 Thread 0x00006fb4b4201290 1162       3       java.lang.invoke.InvokerBytecodeGenerator::assertStaticType (58 bytes)
Event: 0.565 Thread 0x00006fb4b4201290 nmethod 1162 0x00006fb49c9ded10 code [0x00006fb49c9deee0, 0x00006fb49c9df3f8]
Event: 0.565 Thread 0x00006fb4b4201290 1163       3       jdk.internal.misc.VM::isSystemDomainLoader (17 bytes)

GC Heap History (0 events):
No events

Dll operation events (11 events):
Event: 0.002 Loaded shared library /usr/lib/jvm/java-20-openjdk/lib/libjava.so
Event: 0.017 Loaded shared library /usr/lib/jvm/java-20-openjdk/lib/libjsvml.so
Event: 0.056 Loaded shared library /usr/lib/jvm/java-20-openjdk/lib/libnio.so
Event: 0.077 Loaded shared library /usr/lib/jvm/java-20-openjdk/lib/libnet.so
Event: 0.232 Loaded shared library /usr/lib/jvm/java-20-openjdk/lib/libzip.so
Event: 0.233 Loaded shared library /usr/lib/jvm/java-20-openjdk/lib/libinstrument.so
Event: 0.236 Loaded shared library /usr/lib/jvm/java-20-openjdk/lib/libzip.so
Event: 0.298 Loaded shared library /usr/lib/jvm/java-20-openjdk/lib/libjimage.so
Event: 0.332 Loaded shared library /usr/lib/jvm/java-20-openjdk/lib/libverify.so
Event: 0.501 Loading shared library pfs-core failed, pfs-core: cannot open shared object file: No such file or directory
Event: 0.501 Loaded shared library /data/git/PatrFileSys/javaPFS/lib/libpfs-core.so

Deoptimization events (20 events):
Event: 0.416 Thread 0x00006fb4b401ab80 Uncommon trap: trap_request=0xffffff45 fr.pc=0x00006fb4a42f52dc relative=0x000000000000015c
Event: 0.416 Thread 0x00006fb4b401ab80 Uncommon trap: reason=unstable_if action=reinterpret pc=0x00006fb4a42f52dc method=java.util.concurrent.locks.ReentrantLock$NonfairSync.initialTryLock()Z @ 10 c2
Event: 0.416 Thread 0x00006fb4b401ab80 DEOPT PACKING pc=0x00006fb4a42f52dc sp=0x00006fb4b91fe0c0
Event: 0.416 Thread 0x00006fb4b401ab80 DEOPT UNPACKING pc=0x00006fb4a3da0219 sp=0x00006fb4b91fe068 mode 2
Event: 0.455 Thread 0x00006fb4b401ab80 DEOPT PACKING pc=0x00006fb49c83c249 sp=0x00006fb4b91fe600
Event: 0.455 Thread 0x00006fb4b401ab80 DEOPT UNPACKING pc=0x00006fb4a3da09af sp=0x00006fb4b91fdae0 mode 1
Event: 0.455 Thread 0x00006fb4b401ab80 DEOPT PACKING pc=0x00006fb49c84132c sp=0x00006fb4b91fe670
Event: 0.455 Thread 0x00006fb4b401ab80 DEOPT UNPACKING pc=0x00006fb4a3da09af sp=0x00006fb4b91fdb38 mode 1
Event: 0.491 Thread 0x00006fb4b4558ac0 Uncommon trap: trap_request=0xffffff45 fr.pc=0x00006fb4a42ee5b0 relative=0x0000000000000190
Event: 0.491 Thread 0x00006fb4b4558ac0 Uncommon trap: reason=unstable_if action=reinterpret pc=0x00006fb4a42ee5b0 method=java.lang.invoke.VarHandle.checkAccessModeThenIsDirect(Ljava/lang/invoke/VarHandle$AccessDescriptor;)Z @ 4 c2
Event: 0.491 Thread 0x00006fb4b4558ac0 DEOPT PACKING pc=0x00006fb4a42ee5b0 sp=0x00006fb47b0fbbf0
Event: 0.491 Thread 0x00006fb4b4558ac0 DEOPT UNPACKING pc=0x00006fb4a3da0219 sp=0x00006fb47b0fbbd0 mode 2
Event: 0.536 Thread 0x00006fb4b4558ac0 Uncommon trap: trap_request=0xffffff45 fr.pc=0x00006fb4a430b090 relative=0x0000000000000110
Event: 0.536 Thread 0x00006fb4b4558ac0 Uncommon trap: reason=unstable_if action=reinterpret pc=0x00006fb4a430b090 method=jdk.internal.org.objectweb.asm.ByteVector.putShort(I)Ljdk/internal/org/objectweb/asm/ByteVector; @ 13 c2
Event: 0.536 Thread 0x00006fb4b4558ac0 DEOPT PACKING pc=0x00006fb4a430b090 sp=0x00006fb47b0facf0
Event: 0.536 Thread 0x00006fb4b4558ac0 DEOPT UNPACKING pc=0x00006fb4a3da0219 sp=0x00006fb47b0faca8 mode 2
Event: 0.549 Thread 0x00006fb4b4558ac0 Uncommon trap: trap_request=0xffffff45 fr.pc=0x00006fb4a43030a4 relative=0x00000000000004e4
Event: 0.550 Thread 0x00006fb4b4558ac0 Uncommon trap: reason=unstable_if action=reinterpret pc=0x00006fb4a43030a4 method=java.lang.StringLatin1.replace([BCC)Ljava/lang/String; @ 19 c2
Event: 0.550 Thread 0x00006fb4b4558ac0 DEOPT PACKING pc=0x00006fb4a43030a4 sp=0x00006fb47b0f9c20
Event: 0.550 Thread 0x00006fb4b4558ac0 DEOPT UNPACKING pc=0x00006fb4a3da0219 sp=0x00006fb47b0f9bc0 mode 2

Classes loaded (20 events):
Event: 0.540 Loading class java/lang/invoke/BoundMethodHandle$Species_LLJLL
Event: 0.540 Loading class java/lang/invoke/BoundMethodHandle$Species_LLJLL done
Event: 0.549 Loading class java/lang/invoke/MethodHandleImpl$CountingWrapper
Event: 0.549 Loading class java/lang/invoke/MethodHandleImpl$CountingWrapper done
Event: 0.557 Loading class jdk/internal/foreign/abi/Binding$BoxAddress
Event: 0.557 Loading class jdk/internal/foreign/abi/Binding$BoxAddress done
Event: 0.558 Loading class java/util/stream/MatchOps$MatchKind
Event: 0.558 Loading class java/util/stream/MatchOps$MatchKind done
Event: 0.558 Loading class java/util/stream/MatchOps
Event: 0.558 Loading class java/util/stream/MatchOps done
Event: 0.558 Loading class java/util/stream/MatchOps$MatchOp
Event: 0.558 Loading class java/util/stream/MatchOps$MatchOp done
Event: 0.558 Loading class java/util/stream/MatchOps$BooleanTerminalSink
Event: 0.558 Loading class java/util/stream/MatchOps$BooleanTerminalSink done
Event: 0.558 Loading class java/util/stream/MatchOps$1MatchSink
Event: 0.558 Loading class java/util/stream/MatchOps$1MatchSink done
Event: 0.563 Loading class jdk/internal/foreign/abi/Binding$Context$4
Event: 0.563 Loading class jdk/internal/foreign/abi/Binding$Context$4 done
Event: 0.563 Loading class java/lang/invoke/ConstantBootstraps
Event: 0.564 Loading class java/lang/invoke/ConstantBootstraps done

Classes unloaded (0 events):
No events

Classes redefined (0 events):
No events

Internal exceptions (20 events):
Event: 0.542 Thread 0x00006fb4b4558ac0 Exception <a 'java/lang/NoSuchMethodError'{0x00000006d5df2700}: 'long java.lang.invoke.DelegatingMethodHandle$Holder.reinvoke_L(java.lang.Object, java.lang.Object, java.lang.Object, long)'> (0x00000006d5df2700) 
thrown [/usr/src/debug/java-openjdk/jdk20u-jdk-20.0.2-9/src/hotspot/share/interpreter/linkResolver.cpp, line 772]
Event: 0.544 Thread 0x00006fb4b4558ac0 Exception <a 'java/lang/NoSuchMethodError'{0x00000006d5a13670}: 'int java.lang.invoke.DirectMethodHandle$Holder.invokeStaticInit(java.lang.Object, java.lang.Object, java.lang.Object, long)'> (0x00000006d5a13670) 
thrown [/usr/src/debug/java-openjdk/jdk20u-jdk-20.0.2-9/src/hotspot/share/interpreter/linkResolver.cpp, line 772]
Event: 0.544 Thread 0x00006fb4b4558ac0 Exception <a 'java/lang/NoSuchMethodError'{0x00000006d5a1a5c0}: 'int java.lang.invoke.DelegatingMethodHandle$Holder.reinvoke_L(java.lang.Object, java.lang.Object, java.lang.Object, long)'> (0x00000006d5a1a5c0) 
thrown [/usr/src/debug/java-openjdk/jdk20u-jdk-20.0.2-9/src/hotspot/share/interpreter/linkResolver.cpp, line 772]
Event: 0.546 Thread 0x00006fb4b4558ac0 Exception <a 'java/lang/NoSuchMethodError'{0x00000006d5a3ac20}: 'int java.lang.invoke.DirectMethodHandle$Holder.invokeStatic(java.lang.Object, java.lang.Object, java.lang.Object, java.lang.Object, long)'> (0x00000006d5a3ac20) 
thrown [/usr/src/debug/java-openjdk/jdk20u-jdk-20.0.2-9/src/hotspot/share/interpreter/linkResolver.cpp, line 772]
Event: 0.546 Thread 0x00006fb4b4558ac0 Exception <a 'java/lang/NoSuchMethodError'{0x00000006d5a3e208}: 'int java.lang.invoke.DirectMethodHandle$Holder.invokeStaticInit(java.lang.Object, java.lang.Object, java.lang.Object, java.lang.Object, long)'> (0x00000006d5a3e208) 
thrown [/usr/src/debug/java-openjdk/jdk20u-jdk-20.0.2-9/src/hotspot/share/interpreter/linkResolver.cpp, line 772]
Event: 0.547 Thread 0x00006fb4b4558ac0 Exception <a 'java/lang/NoSuchMethodError'{0x00000006d5a45370}: 'int java.lang.invoke.DelegatingMethodHandle$Holder.reinvoke_L(java.lang.Object, java.lang.Object, java.lang.Object, java.lang.Object, long)'> (0x00000006d5a45370) 
thrown [/usr/src/debug/java-openjdk/jdk20u-jdk-20.0.2-9/src/hotspot/share/interpreter/linkResolver.cpp, line 772]
Event: 0.549 Thread 0x00006fb4b4558ac0 Exception <a 'java/lang/NoSuchMethodError'{0x00000006d5a6f9b0}: 'java.lang.Object java.lang.invoke.DelegatingMethodHandle$Holder.delegate(java.lang.Object, int, java.lang.Object, java.lang.Object)'> (0x00000006d5a6f9b0) 
thrown [/usr/src/debug/java-openjdk/jdk20u-jdk-20.0.2-9/src/hotspot/share/interpreter/linkResolver.cpp, line 772]
Event: 0.550 Thread 0x00006fb4b4558ac0 Exception <a 'java/lang/NoSuchMethodError'{0x00000006d5a7fc68}: 'int java.lang.invoke.Invokers$Holder.linkToTargetMethod(java.lang.Object, java.lang.Object, java.lang.Object)'> (0x00000006d5a7fc68) 
thrown [/usr/src/debug/java-openjdk/jdk20u-jdk-20.0.2-9/src/hotspot/share/interpreter/linkResolver.cpp, line 772]
Event: 0.552 Thread 0x00006fb4b4558ac0 Exception <a 'java/lang/NoSuchMethodError'{0x00000006d5a91c78}: 'int java.lang.invoke.DirectMethodHandle$Holder.invokeStaticInit(java.lang.Object, java.lang.Object, java.lang.Object, int, long)'> (0x00000006d5a91c78) 
thrown [/usr/src/debug/java-openjdk/jdk20u-jdk-20.0.2-9/src/hotspot/share/interpreter/linkResolver.cpp, line 772]
Event: 0.552 Thread 0x00006fb4b4558ac0 Exception <a 'java/lang/NoSuchMethodError'{0x00000006d5a98c90}: 'int java.lang.invoke.DelegatingMethodHandle$Holder.reinvoke_L(java.lang.Object, java.lang.Object, java.lang.Object, int, long)'> (0x00000006d5a98c90) 
thrown [/usr/src/debug/java-openjdk/jdk20u-jdk-20.0.2-9/src/hotspot/share/interpreter/linkResolver.cpp, line 772]
Event: 0.555 Thread 0x00006fb4b4558ac0 Exception <a 'java/lang/NoSuchMethodError'{0x00000006d5aba080}: 'int java.lang.invoke.DirectMethodHandle$Holder.invokeStatic(java.lang.Object, java.lang.Object, java.lang.Object, java.lang.Object, int, long)'> (0x00000006d5aba080) 
thrown [/usr/src/debug/java-openjdk/jdk20u-jdk-20.0.2-9/src/hotspot/share/interpreter/linkResolver.cpp, line 772]
Event: 0.555 Thread 0x00006fb4b4558ac0 Exception <a 'java/lang/NoSuchMethodError'{0x00000006d5abd6b8}: 'int java.lang.invoke.DirectMethodHandle$Holder.invokeStaticInit(java.lang.Object, java.lang.Object, java.lang.Object, java.lang.Object, int, long)'> (0x00000006d5abd6b8) 
thrown [/usr/src/debug/java-openjdk/jdk20u-jdk-20.0.2-9/src/hotspot/share/interpreter/linkResolver.cpp, line 772]
Event: 0.555 Thread 0x00006fb4b4558ac0 Exception <a 'java/lang/NoSuchMethodError'{0x00000006d5ac4900}: 'int java.lang.invoke.DelegatingMethodHandle$Holder.reinvoke_L(java.lang.Object, java.lang.Object, java.lang.Object, java.lang.Object, int, long)'> (0x00000006d5ac4900) 
thrown [/usr/src/debug/java-openjdk/jdk20u-jdk-20.0.2-9/src/hotspot/share/interpreter/linkResolver.cpp, line 772]
Event: 0.559 Thread 0x00006fb4b4558ac0 Exception <a 'java/lang/NoSuchMethodError'{0x00000006d5afba90}: 'java.lang.Object java.lang.invoke.DirectMethodHandle$Holder.invokeStaticInit(java.lang.Object, java.lang.Object, java.lang.Object, java.lang.Object, int, int, long)'> (0x00000006d5afba90) 
thrown [/usr/src/debug/java-openjdk/jdk20u-jdk-20.0.2-9/src/hotspot/share/interpreter/linkResolver.cpp, line 772]
Event: 0.559 Thread 0x00006fb4b4558ac0 Exception <a 'java/lang/NoSuchMethodError'{0x00000006d5b02e98}: 'java.lang.Object java.lang.invoke.DelegatingMethodHandle$Holder.reinvoke_L(java.lang.Object, java.lang.Object, java.lang.Object, java.lang.Object, int, int, long)'> (0x00000006d5b02e98) 
thrown [/usr/src/debug/java-openjdk/jdk20u-jdk-20.0.2-9/src/hotspot/share/interpreter/linkResolver.cpp, line 772]
Event: 0.562 Thread 0x00006fb4b4558ac0 Exception <a 'java/lang/NoSuchMethodError'{0x00000006d5b2f378}: 'int java.lang.invoke.DirectMethodHandle$Holder.invokeStaticInit(java.lang.Object, java.lang.Object, java.lang.Object, java.lang.Object, long, java.lang.Object, java.lang.Object, long)'> (0x00000006d5b2f378) 
thrown [/usr/src/debug/java-openjdk/jdk20u-jdk-20.0.2-9/src/hotspot/share/interpreter/linkResolver.cpp, line 772]
Event: 0.562 Thread 0x00006fb4b4558ac0 Exception <a 'java/lang/NoSuchMethodError'{0x00000006d5b36b20}: 'int java.lang.invoke.DelegatingMethodHandle$Holder.reinvoke_L(java.lang.Object, java.lang.Object, java.lang.Object, java.lang.Object, long, java.lang.Object, java.lang.Object, long)'> (0x00000006d5b36b20) 
thrown [/usr/src/debug/java-openjdk/jdk20u-jdk-20.0.2-9/src/hotspot/share/interpreter/linkResolver.cpp, line 772]
Event: 0.563 Thread 0x00006fb4b4558ac0 Exception <a 'java/lang/NoSuchMethodError'{0x00000006d5b4ce78}: 'java.lang.Object java.lang.invoke.DirectMethodHandle$Holder.invokeSpecial(java.lang.Object, java.lang.Object, java.lang.Object, int, int)'> (0x00000006d5b4ce78) 
thrown [/usr/src/debug/java-openjdk/jdk20u-jdk-20.0.2-9/src/hotspot/share/interpreter/linkResolver.cpp, line 772]
Event: 0.564 Thread 0x00006fb4b4558ac0 Exception <a 'java/lang/NoSuchMethodError'{0x00000006d5b56d28}: 'java.lang.Object java.lang.invoke.Invokers$Holder.invoke_MT(java.lang.Object, java.lang.Object, java.lang.Object, java.lang.Object, java.lang.Object)'> (0x00000006d5b56d28) 
thrown [/usr/src/debug/java-openjdk/jdk20u-jdk-20.0.2-9/src/hotspot/share/interpreter/linkResolver.cpp, line 772]
Event: 0.564 Thread 0x00006fb4b4558ac0 Exception <a 'java/lang/NoSuchMethodError'{0x00000006d5b61738}: 'int java.lang.invoke.DirectMethodHandle$Holder.invokeSpecial(java.lang.Object, java.lang.Object, java.lang.Object, long, java.lang.Object, java.lang.Object)'> (0x00000006d5b61738) 
thrown [/usr/src/debug/java-openjdk/jdk20u-jdk-20.0.2-9/src/hotspot/share/interpreter/linkResolver.cpp, line 772]

VM Operations (12 events):
Event: 0.101 Executing VM operation: HandshakeAllThreads
Event: 0.101 Executing VM operation: HandshakeAllThreads done
Event: 0.200 Executing VM operation: ChangeBreakpoints
Event: 0.200 Executing VM operation: ChangeBreakpoints done
Event: 0.404 Executing VM operation: HandshakeAllThreads
Event: 0.405 Executing VM operation: HandshakeAllThreads done
Event: 0.412 Executing VM operation: HandshakeAllThreads
Event: 0.412 Executing VM operation: HandshakeAllThreads done
Event: 0.438 Executing VM operation: ChangeBreakpoints
Event: 0.438 Executing VM operation: ChangeBreakpoints done
Event: 0.499 Executing VM operation: ChangeBreakpoints
Event: 0.499 Executing VM operation: ChangeBreakpoints done

Events (20 events):
Event: 0.030 Thread 0x00006fb4b41fe320 Thread added: 0x00006fb4b41fe320
Event: 0.030 Protecting memory [0x00006fb47ba00000,0x00006fb47ba04000] with protection modes 0
Event: 0.030 Thread 0x00006fb4b41ffd40 Thread added: 0x00006fb4b41ffd40
Event: 0.030 Protecting memory [0x00006fb47b900000,0x00006fb47b904000] with protection modes 0
Event: 0.030 Thread 0x00006fb4b4201290 Thread added: 0x00006fb4b4201290
Event: 0.030 Protecting memory [0x00006fb47b800000,0x00006fb47b804000] with protection modes 0
Event: 0.048 Thread 0x00006fb4b42631b0 Thread added: 0x00006fb4b42631b0
Event: 0.048 Protecting memory [0x00006fb47b700000,0x00006fb47b704000] with protection modes 0
Event: 0.116 Thread 0x00006fb4b4365c80 Thread added: 0x00006fb4b4365c80
Event: 0.116 Protecting memory [0x00006fb47b600000,0x00006fb47b604000] with protection modes 0
Event: 0.116 Thread 0x00006fb4b4367390 Thread added: 0x00006fb4b4367390
Event: 0.116 Protecting memory [0x00006fb47b500000,0x00006fb47b504000] with protection modes 0
Event: 0.116 Thread 0x00006fb454001110 Thread added: 0x00006fb454001110
Event: 0.116 Protecting memory [0x00006fb47b400000,0x00006fb47b404000] with protection modes 0
Event: 0.309 Thread 0x00006fb45c0e83b0 Thread added: 0x00006fb45c0e83b0
Event: 0.309 Protecting memory [0x00006fb47b300000,0x00006fb47b304000] with protection modes 0
Event: 0.328 Thread 0x00006fb4b4492e20 Thread added: 0x00006fb4b4492e20
Event: 0.328 Protecting memory [0x00006fb47b200000,0x00006fb47b204000] with protection modes 0
Event: 0.453 Thread 0x00006fb4b4558ac0 Thread added: 0x00006fb4b4558ac0
Event: 0.453 Protecting memory [0x00006fb47affe000,0x00006fb47b002000] with protection modes 0


Dynamic libraries:
6c7200000-6d6c00000 rw-p 00000000 00:00 0 
6d6c00000-7c0000000 ---p 00000000 00:00 0 
7c0000000-7c0010000 rw-p 00000000 00:00 0 
7c0010000-7c0030000 rw-p 00000000 00:00 0 
7c0030000-7c0090000 rw-p 00000000 00:00 0 
7c0090000-7c00b0000 rw-p 00000000 00:00 0 
7c00b0000-7c0130000 rw-p 00000000 00:00 0 
7c0130000-7c0170000 rw-p 00000000 00:00 0 
7c0170000-7c0180000 ---p 00000000 00:00 0 
7c0180000-7c01a0000 rw-p 00000000 00:00 0 
7c01a0000-800000000 ---p 00000000 00:00 0 
9c43fe8d000-9c43fe8e000 r--p 00000000 08:03 18509904                     /usr/lib/jvm/java-20-openjdk/bin/java
9c43fe8e000-9c43fe8f000 r-xp 00001000 08:03 18509904                     /usr/lib/jvm/java-20-openjdk/bin/java
9c43fe8f000-9c43fe90000 r--p 00002000 08:03 18509904                     /usr/lib/jvm/java-20-openjdk/bin/java
9c43fe90000-9c43fe91000 r--p 00002000 08:03 18509904                     /usr/lib/jvm/java-20-openjdk/bin/java
9c43fe91000-9c43fe92000 rw-p 00003000 08:03 18509904                     /usr/lib/jvm/java-20-openjdk/bin/java
9c45bea8000-9c45bef0000 rw-p 00000000 00:00 0                            [heap]
6fb438000000-6fb438021000 rw-p 00000000 00:00 0 
6fb438021000-6fb43c000000 ---p 00000000 00:00 0 
6fb43c000000-6fb43c114000 rw-p 00000000 00:00 0 
6fb43c114000-6fb440000000 ---p 00000000 00:00 0 
6fb440000000-6fb440156000 rw-p 00000000 00:00 0 
6fb440156000-6fb444000000 ---p 00000000 00:00 0 
6fb444000000-6fb444021000 rw-p 00000000 00:00 0 
6fb444021000-6fb448000000 ---p 00000000 00:00 0 
6fb448000000-6fb448021000 rw-p 00000000 00:00 0 
6fb448021000-6fb44c000000 ---p 00000000 00:00 0 
6fb44c000000-6fb44c021000 rw-p 00000000 00:00 0 
6fb44c021000-6fb450000000 ---p 00000000 00:00 0 
6fb450000000-6fb450021000 rw-p 00000000 00:00 0 
6fb450021000-6fb454000000 ---p 00000000 00:00 0 
6fb454000000-6fb454021000 rw-p 00000000 00:00 0 
6fb454021000-6fb458000000 ---p 00000000 00:00 0 
6fb458000000-6fb4583f6000 rw-p 00000000 00:00 0 
6fb4583f6000-6fb45c000000 ---p 00000000 00:00 0 
6fb45c000000-6fb45c248000 rw-p 00000000 00:00 0 
6fb45c248000-6fb460000000 ---p 00000000 00:00 0 
6fb460000000-6fb460021000 rw-p 00000000 00:00 0 
6fb460021000-6fb464000000 ---p 00000000 00:00 0 
6fb464000000-6fb464021000 rw-p 00000000 00:00 0 
6fb464021000-6fb468000000 ---p 00000000 00:00 0 
6fb468000000-6fb468021000 rw-p 00000000 00:00 0 
6fb468021000-6fb46c000000 ---p 00000000 00:00 0 
6fb46c000000-6fb46c021000 rw-p 00000000 00:00 0 
6fb46c021000-6fb470000000 ---p 00000000 00:00 0 
6fb470000000-6fb470021000 rw-p 00000000 00:00 0 
6fb470021000-6fb474000000 ---p 00000000 00:00 0 
6fb474000000-6fb474021000 rw-p 00000000 00:00 0 
6fb474021000-6fb478000000 ---p 00000000 00:00 0 
6fb47affe000-6fb47b002000 ---p 00000000 00:00 0 
6fb47b002000-6fb47b0fe000 rw-p 00000000 00:00 0 
6fb47b0fe000-6fb47b0ff000 ---p 00000000 00:00 0 
6fb47b0ff000-6fb47b200000 rw-p 00000000 00:00 0 
6fb47b200000-6fb47b204000 ---p 00000000 00:00 0 
6fb47b204000-6fb47b300000 rw-p 00000000 00:00 0 
6fb47b300000-6fb47b304000 ---p 00000000 00:00 0 
6fb47b304000-6fb47b400000 rw-p 00000000 00:00 0 
6fb47b400000-6fb47b404000 ---p 00000000 00:00 0 
6fb47b404000-6fb47b500000 rw-p 00000000 00:00 0 
6fb47b500000-6fb47b504000 ---p 00000000 00:00 0 
6fb47b504000-6fb47b600000 rw-p 00000000 00:00 0 
6fb47b600000-6fb47b604000 ---p 00000000 00:00 0 
6fb47b604000-6fb47b700000 rw-p 00000000 00:00 0 
6fb47b700000-6fb47b704000 ---p 00000000 00:00 0 
6fb47b704000-6fb47b800000 rw-p 00000000 00:00 0 
6fb47b800000-6fb47b804000 ---p 00000000 00:00 0 
6fb47b804000-6fb47b900000 rw-p 00000000 00:00 0 
6fb47b900000-6fb47b904000 ---p 00000000 00:00 0 
6fb47b904000-6fb47ba00000 rw-p 00000000 00:00 0 
6fb47ba00000-6fb47ba04000 ---p 00000000 00:00 0 
6fb47ba04000-6fb47bb00000 rw-p 00000000 00:00 0 
6fb47bb00000-6fb47bb04000 ---p 00000000 00:00 0 
6fb47bb04000-6fb47bc00000 rw-p 00000000 00:00 0 
6fb47bc00000-6fb47bfe4000 r--p 00000000 08:03 18400002                   /usr/lib/locale/locale-archive
6fb47c000000-6fb47c3f0000 rw-p 00000000 00:00 0 
6fb47c3f0000-6fb47c410000 rw-p 00000000 00:00 0 
6fb47c410000-6fb47c430000 rw-p 00000000 00:00 0 
6fb47c430000-6fb47c470000 rw-p 00000000 00:00 0 
6fb47c470000-6fb47c4f0000 rw-p 00000000 00:00 0 
6fb47c4f0000-6fb47c7f0000 rw-p 00000000 00:00 0 
6fb47c7f0000-6fb47c830000 rw-p 00000000 00:00 0 
6fb47c830000-6fb47c870000 rw-p 00000000 00:00 0 
6fb47c870000-6fb47c8f0000 rw-p 00000000 00:00 0 
6fb47c8f0000-6fb47ca50000 rw-p 00000000 00:00 0 
6fb47ca50000-6fb47ca70000 rw-p 00000000 00:00 0 
6fb47ca70000-6fb47caf0000 rw-p 00000000 00:00 0 
6fb47caf0000-6fb47cc70000 rw-p 00000000 00:00 0 
6fb47cc70000-6fb47cd00000 ---p 00000000 00:00 0 
6fb47cd00000-6fb47ce00000 rw-p 00000000 00:00 0 
6fb47ce00000-6fb480000000 ---p 00000000 00:00 0 
6fb480000000-6fb480021000 rw-p 00000000 00:00 0 
6fb480021000-6fb484000000 ---p 00000000 00:00 0 
6fb484000000-6fb484021000 rw-p 00000000 00:00 0 
6fb484021000-6fb488000000 ---p 00000000 00:00 0 
6fb488000000-6fb488021000 rw-p 00000000 00:00 0 
6fb488021000-6fb48c000000 ---p 00000000 00:00 0 
6fb48c000000-6fb48c021000 rw-p 00000000 00:00 0 
6fb48c021000-6fb490000000 ---p 00000000 00:00 0 
6fb490000000-6fb490021000 rw-p 00000000 00:00 0 
6fb490021000-6fb494000000 ---p 00000000 00:00 0 
6fb49400e000-6fb494012000 r--p 00000000 08:03 18368930                   /usr/lib/libnss_resolve.so.2
6fb494012000-6fb49402c000 r-xp 00004000 08:03 18368930                   /usr/lib/libnss_resolve.so.2
6fb49402c000-6fb494034000 r--p 0001e000 08:03 18368930                   /usr/lib/libnss_resolve.so.2
6fb494034000-6fb494035000 r--p 00026000 08:03 18368930                   /usr/lib/libnss_resolve.so.2
6fb494035000-6fb494036000 rw-p 00027000 08:03 18368930                   /usr/lib/libnss_resolve.so.2
6fb494036000-6fb49403d000 r--p 00000000 08:03 18368928                   /usr/lib/libnss_mymachines.so.2
6fb49403d000-6fb494077000 r-xp 00007000 08:03 18368928                   /usr/lib/libnss_mymachines.so.2
6fb494077000-6fb49408b000 r--p 00041000 08:03 18368928                   /usr/lib/libnss_mymachines.so.2
6fb49408b000-6fb49408e000 r--p 00055000 08:03 18368928                   /usr/lib/libnss_mymachines.so.2
6fb49408e000-6fb49408f000 rw-p 00058000 08:03 18368928                   /usr/lib/libnss_mymachines.so.2
6fb49408f000-6fb494090000 rw-p 00000000 00:00 0 
6fb494090000-6fb494094000 ---p 00000000 00:00 0 
6fb494094000-6fb494190000 rw-p 00000000 00:00 0 
6fb494190000-6fb494194000 ---p 00000000 00:00 0 
6fb494194000-6fb494290000 rw-p 00000000 00:00 0 
6fb494290000-6fb494294000 ---p 00000000 00:00 0 
6fb494294000-6fb494390000 rw-p 00000000 00:00 0 
6fb494390000-6fb494391000 ---p 00000000 00:00 0 
6fb494391000-6fb494492000 rw-p 00000000 00:00 0 
6fb494492000-6fb494497000 r--p 00000000 08:03 18760237                   /usr/lib/jvm/java-20-openjdk/lib/libjsvml.so
6fb494497000-6fb4944d8000 r-xp 00005000 08:03 18760237                   /usr/lib/jvm/java-20-openjdk/lib/libjsvml.so
6fb4944d8000-6fb494561000 r--p 00046000 08:03 18760237                   /usr/lib/jvm/java-20-openjdk/lib/libjsvml.so
6fb494561000-6fb494562000 r--p 000ce000 08:03 18760237                   /usr/lib/jvm/java-20-openjdk/lib/libjsvml.so
6fb494562000-6fb494563000 rw-p 000cf000 08:03 18760237                   /usr/lib/jvm/java-20-openjdk/lib/libjsvml.so
6fb494563000-6fb494564000 ---p 00000000 00:00 0 
6fb494564000-6fb494665000 rw-p 00000000 00:00 0 
6fb494665000-6fb494666000 ---p 00000000 00:00 0 
6fb494666000-6fb497171000 rw-p 00000000 00:00 0 
6fb497171000-6fb497172000 ---p 00000000 00:00 0 
6fb497172000-6fb49765b000 rw-p 00000000 00:00 0 
6fb49765b000-6fb49b0ab000 ---p 00000000 00:00 0 
6fb49b0ab000-6fb49b128000 rw-p 00000000 00:00 0 
6fb49b128000-6fb49b872000 ---p 00000000 00:00 0 
6fb49b872000-6fb49b8ef000 rw-p 00000000 00:00 0 
6fb49b8ef000-6fb49c039000 ---p 00000000 00:00 0 
6fb49c039000-6fb49c0b6000 rw-p 00000000 00:00 0 
6fb49c0b6000-6fb49c800000 ---p 00000000 00:00 0 
6fb49c800000-6fb49ca70000 rwxp 00000000 00:00 0 
6fb49ca70000-6fb4a3d37000 ---p 00000000 00:00 0 
6fb4a3d37000-6fb4a3fa7000 rwxp 00000000 00:00 0 
6fb4a3fa7000-6fb4a42c9000 ---p 00000000 00:00 0 
6fb4a42c9000-6fb4a4539000 rwxp 00000000 00:00 0 
6fb4a4539000-6fb4ab800000 ---p 00000000 00:00 0 
6fb4ab800000-6fb4b3f49000 r--s 00000000 08:03 18760251                   /usr/lib/jvm/java-20-openjdk/lib/modules
6fb4b3f56000-6fb4b3f5a000 r--p 00000000 08:11 48506439                   /data/git/PatrFileSys/pfs-core/exports/shared/libpfs-core.so
6fb4b3f5a000-6fb4b3f69000 r-xp 00004000 08:11 48506439                   /data/git/PatrFileSys/pfs-core/exports/shared/libpfs-core.so
6fb4b3f69000-6fb4b3f6d000 r--p 00013000 08:11 48506439                   /data/git/PatrFileSys/pfs-core/exports/shared/libpfs-core.so
6fb4b3f6d000-6fb4b3f6e000 r--p 00016000 08:11 48506439                   /data/git/PatrFileSys/pfs-core/exports/shared/libpfs-core.so
6fb4b3f6e000-6fb4b3f6f000 rw-p 00017000 08:11 48506439                   /data/git/PatrFileSys/pfs-core/exports/shared/libpfs-core.so
6fb4b3f6f000-6fb4b3f73000 r--p 00000000 08:03 18760249                   /usr/lib/jvm/java-20-openjdk/lib/libverify.so
6fb4b3f73000-6fb4b3f7a000 r-xp 00004000 08:03 18760249                   /usr/lib/jvm/java-20-openjdk/lib/libverify.so
6fb4b3f7a000-6fb4b3f7c000 r--p 0000b000 08:03 18760249                   /usr/lib/jvm/java-20-openjdk/lib/libverify.so
6fb4b3f7c000-6fb4b3f7e000 r--p 0000c000 08:03 18760249                   /usr/lib/jvm/java-20-openjdk/lib/libverify.so
6fb4b3f7e000-6fb4b3f7f000 rw-p 0000e000 08:03 18760249                   /usr/lib/jvm/java-20-openjdk/lib/libverify.so
6fb4b3f7f000-6fb4b4560000 rw-p 00000000 00:00 0 
6fb4b4560000-6fb4b8000000 ---p 00000000 00:00 0 
6fb4b8006000-6fb4b8008000 r--p 00000000 08:03 18760250                   /usr/lib/jvm/java-20-openjdk/lib/libzip.so
6fb4b8008000-6fb4b800c000 r-xp 00002000 08:03 18760250                   /usr/lib/jvm/java-20-openjdk/lib/libzip.so
6fb4b800c000-6fb4b800e000 r--p 00006000 08:03 18760250                   /usr/lib/jvm/java-20-openjdk/lib/libzip.so
6fb4b800e000-6fb4b800f000 r--p 00007000 08:03 18760250                   /usr/lib/jvm/java-20-openjdk/lib/libzip.so
6fb4b800f000-6fb4b8010000 rw-p 00008000 08:03 18760250                   /usr/lib/jvm/java-20-openjdk/lib/libzip.so
6fb4b8010000-6fb4b8013000 r--p 00000000 08:03 18362643                   /usr/lib/libcap.so.2.69
6fb4b8013000-6fb4b8018000 r-xp 00003000 08:03 18362643                   /usr/lib/libcap.so.2.69
6fb4b8018000-6fb4b801a000 r--p 00008000 08:03 18362643                   /usr/lib/libcap.so.2.69
6fb4b801a000-6fb4b801b000 r--p 00009000 08:03 18362643                   /usr/lib/libcap.so.2.69
6fb4b801b000-6fb4b801c000 rw-p 0000a000 08:03 18362643                   /usr/lib/libcap.so.2.69
6fb4b801c000-6fb4b801d000 ---p 00000000 00:00 0 
6fb4b801d000-6fb4b811e000 rw-p 00000000 00:00 0 
6fb4b811e000-6fb4b811f000 ---p 00000000 00:00 0 
6fb4b811f000-6fb4b8c2f000 rw-p 00000000 00:00 0 
6fb4b8c2f000-6fb4b8d15000 ---p 00000000 00:00 0 
6fb4b8d15000-6fb4b8d1a000 rw-p 00000000 00:00 0 
6fb4b8d1a000-6fb4b8e00000 ---p 00000000 00:00 0 
6fb4b8e00000-6fb4b8e9c000 r--p 00000000 08:03 18400005                   /usr/lib/libstdc++.so.6.0.32
6fb4b8e9c000-6fb4b8fd3000 r-xp 0009c000 08:03 18400005                   /usr/lib/libstdc++.so.6.0.32
6fb4b8fd3000-6fb4b9069000 r--p 001d3000 08:03 18400005                   /usr/lib/libstdc++.so.6.0.32
6fb4b9069000-6fb4b9076000 r--p 00269000 08:03 18400005                   /usr/lib/libstdc++.so.6.0.32
6fb4b9076000-6fb4b9077000 rw-p 00276000 08:03 18400005                   /usr/lib/libstdc++.so.6.0.32
6fb4b9077000-6fb4b907b000 rw-p 00000000 00:00 0 
6fb4b9082000-6fb4b9085000 r--p 00000000 08:03 18760243                   /usr/lib/jvm/java-20-openjdk/lib/libnet.so
6fb4b9085000-6fb4b908c000 r-xp 00003000 08:03 18760243                   /usr/lib/jvm/java-20-openjdk/lib/libnet.so
6fb4b908c000-6fb4b908e000 r--p 0000a000 08:03 18760243                   /usr/lib/jvm/java-20-openjdk/lib/libnet.so
6fb4b908e000-6fb4b908f000 r--p 0000b000 08:03 18760243                   /usr/lib/jvm/java-20-openjdk/lib/libnet.so
6fb4b908f000-6fb4b9090000 rw-p 0000c000 08:03 18760243                   /usr/lib/jvm/java-20-openjdk/lib/libnet.so
6fb4b9090000-6fb4b9097000 r--p 00000000 08:03 18760244                   /usr/lib/jvm/java-20-openjdk/lib/libnio.so
6fb4b9097000-6fb4b909f000 r-xp 00007000 08:03 18760244                   /usr/lib/jvm/java-20-openjdk/lib/libnio.so
6fb4b909f000-6fb4b90a3000 r--p 0000f000 08:03 18760244                   /usr/lib/jvm/java-20-openjdk/lib/libnio.so
6fb4b90a3000-6fb4b90a4000 r--p 00013000 08:03 18760244                   /usr/lib/jvm/java-20-openjdk/lib/libnio.so
6fb4b90a4000-6fb4b90a5000 rw-p 00014000 08:03 18760244                   /usr/lib/jvm/java-20-openjdk/lib/libnio.so
6fb4b90a5000-6fb4b9100000 rw-p 00000000 00:00 0 
6fb4b9100000-6fb4b9104000 ---p 00000000 00:00 0 
6fb4b9104000-6fb4b9200000 rw-p 00000000 00:00 0 
6fb4b9200000-6fb4b948d000 r--p 00000000 08:03 19401371                   /usr/lib/jvm/java-20-openjdk/lib/server/libjvm.so
6fb4b948d000-6fb4ba27e000 r-xp 0028d000 08:03 19401371                   /usr/lib/jvm/java-20-openjdk/lib/server/libjvm.so
6fb4ba27e000-6fb4ba52a000 r--p 0107e000 08:03 19401371                   /usr/lib/jvm/java-20-openjdk/lib/server/libjvm.so
6fb4ba52a000-6fb4ba5f6000 r--p 0132a000 08:03 19401371                   /usr/lib/jvm/java-20-openjdk/lib/server/libjvm.so
6fb4ba5f6000-6fb4ba62c000 rw-p 013f6000 08:03 19401371                   /usr/lib/jvm/java-20-openjdk/lib/server/libjvm.so
6fb4ba62c000-6fb4ba68c000 rw-p 00000000 00:00 0 
6fb4ba692000-6fb4ba713000 rw-p 00000000 00:00 0 
6fb4ba713000-6fb4ba723000 r--p 00000000 08:03 18353489                   /usr/lib/libm.so.6
6fb4ba723000-6fb4ba7a2000 r-xp 00010000 08:03 18353489                   /usr/lib/libm.so.6
6fb4ba7a2000-6fb4ba7fe000 r--p 0008f000 08:03 18353489                   /usr/lib/libm.so.6
6fb4ba7fe000-6fb4ba7ff000 r--p 000ea000 08:03 18353489                   /usr/lib/libm.so.6
6fb4ba7ff000-6fb4ba800000 rw-p 000eb000 08:03 18353489                   /usr/lib/libm.so.6
6fb4ba800000-6fb4ba826000 r--p 00000000 08:03 18353467                   /usr/lib/libc.so.6
6fb4ba826000-6fb4ba985000 r-xp 00026000 08:03 18353467                   /usr/lib/libc.so.6
6fb4ba985000-6fb4ba9da000 r--p 00185000 08:03 18353467                   /usr/lib/libc.so.6
6fb4ba9da000-6fb4baa3e000 r--p 001d9000 08:03 18353467                   /usr/lib/libc.so.6
6fb4baa3e000-6fb4baa40000 rw-p 0023d000 08:03 18353467                   /usr/lib/libc.so.6
6fb4baa40000-6fb4baa4d000 rw-p 00000000 00:00 0 
6fb4baa50000-6fb4baa96000 rw-p 00000000 00:00 0 
6fb4baa96000-6fb4baa9d000 ---p 00000000 00:00 0 
6fb4baa9d000-6fb4baaaa000 r--p 00000000 08:03 18760231                   /usr/lib/jvm/java-20-openjdk/lib/libjava.so
6fb4baaaa000-6fb4baabb000 r-xp 0000d000 08:03 18760231                   /usr/lib/jvm/java-20-openjdk/lib/libjava.so
6fb4baabb000-6fb4baac1000 r--p 0001e000 08:03 18760231                   /usr/lib/jvm/java-20-openjdk/lib/libjava.so
6fb4baac1000-6fb4baac2000 r--p 00024000 08:03 18760231                   /usr/lib/jvm/java-20-openjdk/lib/libjava.so
6fb4baac2000-6fb4baac3000 rw-p 00025000 08:03 18760231                   /usr/lib/jvm/java-20-openjdk/lib/libjava.so
6fb4baac3000-6fb4baac4000 rw-p 00000000 00:00 0 
6fb4baac4000-6fb4baac7000 r--p 00000000 08:03 18760233                   /usr/lib/jvm/java-20-openjdk/lib/libjdwp.so
6fb4baac7000-6fb4baaf7000 r-xp 00003000 08:03 18760233                   /usr/lib/jvm/java-20-openjdk/lib/libjdwp.so
6fb4baaf7000-6fb4bab06000 r--p 00033000 08:03 18760233                   /usr/lib/jvm/java-20-openjdk/lib/libjdwp.so
6fb4bab06000-6fb4bab07000 r--p 00041000 08:03 18760233                   /usr/lib/jvm/java-20-openjdk/lib/libjdwp.so
6fb4bab07000-6fb4bab08000 rw-p 00042000 08:03 18760233                   /usr/lib/jvm/java-20-openjdk/lib/libjdwp.so
6fb4bab08000-6fb4bab09000 rw-p 00000000 00:00 0 
6fb4bab09000-6fb4bab0d000 r--p 00000000 08:03 18354241                   /usr/lib/libgcc_s.so.1
6fb4bab0d000-6fb4bab28000 r-xp 00004000 08:03 18354241                   /usr/lib/libgcc_s.so.1
6fb4bab28000-6fb4bab2c000 r--p 0001f000 08:03 18354241                   /usr/lib/libgcc_s.so.1
6fb4bab2c000-6fb4bab2d000 r--p 00022000 08:03 18354241                   /usr/lib/libgcc_s.so.1
6fb4bab2d000-6fb4bab2e000 rw-p 00023000 08:03 18354241                   /usr/lib/libgcc_s.so.1
6fb4bab2e000-6fb4bab31000 rw-p 00000000 00:00 0 
6fb4bab31000-6fb4bab34000 r--p 00000000 08:03 18353482                   /usr/lib/libz.so.1.3
6fb4bab34000-6fb4bab42000 r-xp 00003000 08:03 18353482                   /usr/lib/libz.so.1.3
6fb4bab42000-6fb4bab49000 r--p 00011000 08:03 18353482                   /usr/lib/libz.so.1.3
6fb4bab49000-6fb4bab4a000 r--p 00017000 08:03 18353482                   /usr/lib/libz.so.1.3
6fb4bab4a000-6fb4bab4b000 rw-p 00018000 08:03 18353482                   /usr/lib/libz.so.1.3
6fb4bab4b000-6fb4bab4d000 r--p 00000000 08:03 18760223                   /usr/lib/jvm/java-20-openjdk/lib/libdt_socket.so
6fb4bab4d000-6fb4bab50000 r-xp 00002000 08:03 18760223                   /usr/lib/jvm/java-20-openjdk/lib/libdt_socket.so
6fb4bab50000-6fb4bab51000 r--p 00005000 08:03 18760223                   /usr/lib/jvm/java-20-openjdk/lib/libdt_socket.so
6fb4bab51000-6fb4bab52000 r--p 00006000 08:03 18760223                   /usr/lib/jvm/java-20-openjdk/lib/libdt_socket.so
6fb4bab52000-6fb4bab53000 rw-p 00007000 08:03 18760223                   /usr/lib/jvm/java-20-openjdk/lib/libdt_socket.so
6fb4bab53000-6fb4bab5b000 rw-s 00000000 00:21 369                        /tmp/hsperfdata_pat/34097
6fb4bab5b000-6fb4bab5d000 r--p 00000000 08:03 18760226                   /usr/lib/jvm/java-20-openjdk/lib/libinstrument.so
6fb4bab5d000-6fb4bab63000 r-xp 00002000 08:03 18760226                   /usr/lib/jvm/java-20-openjdk/lib/libinstrument.so
6fb4bab63000-6fb4bab66000 r--p 00008000 08:03 18760226                   /usr/lib/jvm/java-20-openjdk/lib/libinstrument.so
6fb4bab66000-6fb4bab67000 r--p 0000a000 08:03 18760226                   /usr/lib/jvm/java-20-openjdk/lib/libinstrument.so
6fb4bab67000-6fb4bab68000 rw-p 0000b000 08:03 18760226                   /usr/lib/jvm/java-20-openjdk/lib/libinstrument.so
6fb4bab68000-6fb4bab69000 ---p 00000000 00:00 0 
6fb4bab69000-6fb4bab6a000 r--p 00000000 00:00 0 
6fb4bab6a000-6fb4bab6b000 ---p 00000000 00:00 0 
6fb4bab6b000-6fb4bab6d000 r--p 00000000 08:03 18760234                   /usr/lib/jvm/java-20-openjdk/lib/libjimage.so
6fb4bab6d000-6fb4bab70000 r-xp 00002000 08:03 18760234                   /usr/lib/jvm/java-20-openjdk/lib/libjimage.so
6fb4bab70000-6fb4bab71000 r--p 00005000 08:03 18760234                   /usr/lib/jvm/java-20-openjdk/lib/libjimage.so
6fb4bab71000-6fb4bab72000 r--p 00006000 08:03 18760234                   /usr/lib/jvm/java-20-openjdk/lib/libjimage.so
6fb4bab72000-6fb4bab73000 rw-p 00007000 08:03 18760234                   /usr/lib/jvm/java-20-openjdk/lib/libjimage.so
6fb4bab73000-6fb4bab75000 r--p 00000000 08:03 18760235                   /usr/lib/jvm/java-20-openjdk/lib/libjli.so
6fb4bab75000-6fb4bab7f000 r-xp 00002000 08:03 18760235                   /usr/lib/jvm/java-20-openjdk/lib/libjli.so
6fb4bab7f000-6fb4bab82000 r--p 0000c000 08:03 18760235                   /usr/lib/jvm/java-20-openjdk/lib/libjli.so
6fb4bab82000-6fb4bab83000 r--p 0000e000 08:03 18760235                   /usr/lib/jvm/java-20-openjdk/lib/libjli.so
6fb4bab83000-6fb4bab84000 rw-p 0000f000 08:03 18760235                   /usr/lib/jvm/java-20-openjdk/lib/libjli.so
6fb4bab84000-6fb4bab86000 rw-p 00000000 00:00 0 
6fb4bab86000-6fb4bab8a000 r--p 00000000 00:00 0                          [vvar]
6fb4bab8a000-6fb4bab8c000 r-xp 00000000 00:00 0                          [vdso]
6fb4bab8c000-6fb4bab8d000 r--p 00000000 08:03 18353447                   /usr/lib/ld-linux-x86-64.so.2
6fb4bab8d000-6fb4babb3000 r-xp 00001000 08:03 18353447                   /usr/lib/ld-linux-x86-64.so.2
6fb4babb3000-6fb4babbd000 r--p 00027000 08:03 18353447                   /usr/lib/ld-linux-x86-64.so.2
6fb4babbd000-6fb4babbf000 r--p 00031000 08:03 18353447                   /usr/lib/ld-linux-x86-64.so.2
6fb4babbf000-6fb4babc1000 rw-p 00033000 08:03 18353447                   /usr/lib/ld-linux-x86-64.so.2
7e9839019000-7e983903a000 rw-p 00000000 00:00 0                          [stack]


VM Arguments:
jvm_args: -XX:+ShowCodeDetailsInExceptionMessages -agentlib:jdwp=transport=dt_socket,suspend=y,address=localhost:44525 --enable-native-access=de.hechler.patrick.zeugs.pfs -javaagent:/home/pat/.eclipse/org.eclipse.platform_4.28.0_155965261_linux_gtk_x86_64/configuration/org.eclipse.osgi/242/0/.cp/lib/javaagent-shaded.jar -Dfile.encoding=UTF-8 --module-path=/data/git/PatrFileSys/javaPFS/target/classes --enable-preview --patch-module=de.hechler.patrick.zeugs.pfs=/data/git/PatrFileSys/javaPFS/target/test-classes --add-reads=de.hechler.patrick.zeugs.pfs=ALL-UNNAMED --add-reads=de.hechler.patrick.zeugs.check=ALL-UNNAMED -Djdk.module.main=de.hechler.patrick.zeugs.pfs 
java_command: de.hechler.patrick.zeugs.pfs/de.hechler.patrick.zeugs.pfs.Test
java_class_path (initial): /data/git/Checker/target/classes
Launcher Type: SUN_STANDARD

[Global flags]
     intx CICompilerCount                          = 4                                         {product} {ergonomic}
     uint ConcGCThreads                            = 3                                         {product} {ergonomic}
     uint G1ConcRefinementThreads                  = 10                                        {product} {ergonomic}
   size_t G1HeapRegionSize                         = 2097152                                   {product} {ergonomic}
    uintx GCDrainStackTargetSize                   = 64                                        {product} {ergonomic}
   size_t InitialHeapSize                          = 262144000                                 {product} {ergonomic}
   size_t MarkStackSize                            = 4194304                                   {product} {ergonomic}
   size_t MaxHeapSize                              = 4175429632                                {product} {ergonomic}
   size_t MaxNewSize                               = 2503999488                                {product} {ergonomic}
   size_t MinHeapDeltaBytes                        = 2097152                                   {product} {ergonomic}
   size_t MinHeapSize                              = 8388608                                   {product} {ergonomic}
    uintx NonNMethodCodeHeapSize                   = 5839372                                {pd product} {ergonomic}
    uintx NonProfiledCodeHeapSize                  = 122909434                              {pd product} {ergonomic}
    uintx ProfiledCodeHeapSize                     = 122909434                              {pd product} {ergonomic}
    uintx ReservedCodeCacheSize                    = 251658240                              {pd product} {ergonomic}
     bool SegmentedCodeCache                       = true                                      {product} {ergonomic}
     bool ShowCodeDetailsInExceptionMessages       = true                                   {manageable} {command line}
   size_t SoftMaxHeapSize                          = 4175429632                             {manageable} {ergonomic}
     bool UseCompressedClassPointers               = true                           {product lp64_product} {ergonomic}
     bool UseCompressedOops                        = true                           {product lp64_product} {ergonomic}
     bool UseG1GC                                  = true                                      {product} {ergonomic}

Logging:
Log output configuration:
 #0: stdout all=warning uptime,level,tags foldmultilines=false
 #1: stderr all=off uptime,level,tags foldmultilines=false

Environment Variables:
PATH=/usr/local/sbin:/usr/local/bin:/usr/bin:/usr/lib/jvm/default/bin:/usr/bin/site_perl:/usr/bin/vendor_perl:/usr/bin/core_perl
SHELL=/bin/zsh
DISPLAY=:0
LANG=en_US.UTF-8
LC_TIME=de_DE.UTF-8

Active Locale:
LC_ALL=LC_CTYPE=en_US.UTF-8;LC_NUMERIC=en_US.UTF-8;LC_TIME=de_DE.UTF-8;LC_COLLATE=de_DE.UTF-8;LC_MONETARY=de_DE.UTF-8;LC_MESSAGES=en_US.UTF-8;LC_PAPER=en_US.UTF-8;LC_NAME=en_US.UTF-8;LC_ADDRESS=en_US.UTF-8;LC_TELEPHONE=en_US.UTF-8;LC_MEASUREMENT=de_DE.UTF-8;LC_IDENTIFICATION=en_US.UTF-8
LC_COLLATE=de_DE.UTF-8
LC_CTYPE=en_US.UTF-8
LC_MESSAGES=en_US.UTF-8
LC_MONETARY=de_DE.UTF-8
LC_NUMERIC=en_US.UTF-8
LC_TIME=de_DE.UTF-8

Signal Handlers:
   SIGSEGV: 0x00006fb4ba1fc7c0 in libjvm.so+16762816, mask=11100100010111111101111111111110, flags=SA_RESTART|SA_SIGINFO, unblocked
    SIGBUS: 0x00006fb4ba1fc7c0 in libjvm.so+16762816, mask=11100100010111111101111111111110, flags=SA_RESTART|SA_SIGINFO, unblocked
    SIGFPE: 0x00006fb4ba1fc7c0 in libjvm.so+16762816, mask=11100100010111111101111111111110, flags=SA_RESTART|SA_SIGINFO, unblocked
   SIGPIPE: 0x00006fb4ba0638a0 in libjvm.so+15087776, mask=11100100010111111101111111111110, flags=SA_RESTART|SA_SIGINFO, blocked
   SIGXFSZ: 0x00006fb4ba0638a0 in libjvm.so+15087776, mask=11100100010111111101111111111110, flags=SA_RESTART|SA_SIGINFO, blocked
    SIGILL: 0x00006fb4ba1fc7c0 in libjvm.so+16762816, mask=11100100010111111101111111111110, flags=SA_RESTART|SA_SIGINFO, unblocked
   SIGUSR2: 0x00006fb4ba065090 in libjvm.so+15093904, mask=00100000000000000000000000000000, flags=SA_RESTART|SA_SIGINFO, blocked
    SIGHUP: 0x00006fb4ba062cf0 in libjvm.so+15084784, mask=11100100010111111101111111111110, flags=SA_RESTART|SA_SIGINFO, blocked
    SIGINT: 0x00006fb4ba062cf0 in libjvm.so+15084784, mask=11100100010111111101111111111110, flags=SA_RESTART|SA_SIGINFO, blocked
   SIGTERM: 0x00006fb4ba062cf0 in libjvm.so+15084784, mask=11100100010111111101111111111110, flags=SA_RESTART|SA_SIGINFO, blocked
   SIGQUIT: 0x00006fb4ba062cf0 in libjvm.so+15084784, mask=11100100010111111101111111111110, flags=SA_RESTART|SA_SIGINFO, blocked
   SIGTRAP: 0x00006fb4ba1fc7c0 in libjvm.so+16762816, mask=11100100010111111101111111111110, flags=SA_RESTART|SA_SIGINFO, unblocked


---------------  S Y S T E M  ---------------

OS:
DISTRIB_ID="Arch"
DISTRIB_RELEASE="rolling"
DISTRIB_DESCRIPTION="Arch Linux"
uname: Linux 6.4.14-hardened1-1-hardened #1 SMP PREEMPT_DYNAMIC Mon, 04 Sep 2023 00:11:18 +0000 x86_64
OS uptime: 0 days 4:15 hours
libc: glibc 2.38 NPTL 2.38 
rlimit (soft/hard): STACK 8192k/infinity , CORE infinity/infinity , NPROC 63288/63288 , NOFILE 524288/524288 , AS infinity/infinity , CPU infinity/infinity , DATA infinity/infinity , FSIZE infinity/infinity , MEMLOCK 8192k/8192k
load average: 3.22 1.62 1.24

/proc/meminfo:
MemTotal:       16306652 kB
MemFree:         7016616 kB
MemAvailable:    9096992 kB
Buffers:          196148 kB
Cached:          2259456 kB
SwapCached:            0 kB
Active:          7443556 kB
Inactive:        1039576 kB
Active(anon):    6181492 kB
Inactive(anon):    25536 kB
Active(file):    1262064 kB
Inactive(file):  1014040 kB
Unevictable:        3664 kB
Mlocked:             576 kB
SwapTotal:      16777212 kB
SwapFree:       16777212 kB
Zswap:                 0 kB
Zswapped:              0 kB
Dirty:               312 kB
Writeback:             0 kB
AnonPages:       6031528 kB
Mapped:          1215412 kB
Shmem:            179500 kB
KReclaimable:     110396 kB
Slab:             327456 kB
SReclaimable:     110396 kB
SUnreclaim:       217060 kB
KernelStack:       24484 kB
PageTables:        58800 kB
SecPageTables:         0 kB
NFS_Unstable:          0 kB
Bounce:                0 kB
WritebackTmp:          0 kB
CommitLimit:    24930536 kB
Committed_AS:   17500308 kB
VmallocTotal:   34359738367 kB
VmallocUsed:      152404 kB
VmallocChunk:          0 kB
Percpu:            15616 kB
HardwareCorrupted:     0 kB
AnonHugePages:         0 kB
ShmemHugePages:        0 kB
ShmemPmdMapped:        0 kB
FileHugePages:         0 kB
FilePmdMapped:         0 kB
CmaTotal:              0 kB
CmaFree:               0 kB
HugePages_Total:       0
HugePages_Free:        0
HugePages_Rsvd:        0
HugePages_Surp:        0
Hugepagesize:       2048 kB
Hugetlb:               0 kB
DirectMap4k:      778812 kB
DirectMap2M:    13830144 kB
DirectMap1G:     3145728 kB

/sys/kernel/mm/transparent_hugepage/enabled: always [madvise] never
/sys/kernel/mm/transparent_hugepage/defrag (defrag/compaction efforts parameter): always defer defer+madvise [madvise] never

Process Memory:
Virtual Size: 7219088K (peak: 7220120K)
Resident Set Size: 75220K (peak: 75616K) (anon: 52072K, file: 23148K, shmem: 0K)
Swapped out: 0K
C-Heap outstanding allocations: 35086K, retained: 3535K
glibc malloc tunables: (default)

/proc/sys/kernel/threads-max (system-wide limit on the number of threads): 126577
/proc/sys/vm/max_map_count (maximum number of memory map areas a process may have): 65530
/proc/sys/kernel/pid_max (system-wide limit on number of process identifiers): 4194304

container (cgroup) information:
container_type: cgroupv2
cpu_cpuset_cpus: not supported
cpu_memory_nodes: not supported
active_processor_count: 12
cpu_quota: no quota
cpu_period: 100000
cpu_shares: no shares
memory_limit_in_bytes: unlimited
memory_and_swap_limit_in_bytes: unlimited
memory_soft_limit_in_bytes: unlimited
memory_usage_in_bytes: 7927328 k
memory_max_usage_in_bytes: not supported
memory_swap_current_in_bytes: unlimited
memory_swap_max_limit_in_bytes: unlimited
maximum number of tasks: unlimited
current number of tasks: 1225

Steal ticks since vm start: 0
Steal ticks percentage since vm start:  0.000

CPU: total 32 (initial active 12) (12 cores per cpu, 2 threads per core) family 23 model 113 stepping 0 microcode 0x8701013, cx8, cmov, fxsr, ht, mmx, 3dnowpref, sse, sse2, sse3, ssse3, sse4a, sse4.1, sse4.2, popcnt, lzcnt, tsc, tscinvbit, avx, avx2, aes, clmul, bmi1, bmi2, adx, sha, fma, vzeroupper, clflush, clflushopt, rdtscp, rdpid, f16c
CPU Model and flags from /proc/cpuinfo:
model name	: AMD Ryzen 5 3600 6-Core Processor
flags		: fpu vme de pse tsc msr pae mce cx8 apic sep mtrr pge mca cmov pat pse36 clflush mmx fxsr sse sse2 ht syscall nx mmxext fxsr_opt pdpe1gb rdtscp lm constant_tsc rep_good nopl nonstop_tsc cpuid extd_apicid aperfmperf rapl pni pclmulqdq monitor ssse3 fma cx16 sse4_1 sse4_2 movbe popcnt aes xsave avx f16c rdrand lahf_lm cmp_legacy svm extapic cr8_legacy abm sse4a misalignsse 3dnowprefetch osvw ibs skinit wdt tce topoext perfctr_core perfctr_nb bpext perfctr_llc mwaitx cpb cat_l3 cdp_l3 hw_pstate pti ssbd mba ibpb stibp vmmcall fsgsbase bmi1 avx2 smep bmi2 cqm rdt_a rdseed adx smap clflushopt clwb sha_ni xsaveopt xsavec xgetbv1 cqm_llc cqm_occup_llc cqm_mbm_total cqm_mbm_local clzero irperf xsaveerptr rdpru wbnoinvd arat npt lbrv svm_lock nrip_save tsc_scale vmcb_clean flushbyasid decodeassists pausefilter pfthreshold avic v_vmsave_vmload vgif v_spec_ctrl umip rdpid overflow_recov succor smca sev sev_es

Online cpus: 0-11
Offline cpus: 12-31
BIOS frequency limitation: 3600000
Frequency switch latency (ns): 0
Available cpu frequencies: 3600000 2800000 2200000 
Current governor: schedutil
Core performance/turbo boost: 1

Memory: 4k page, physical 16306652k(7016616k free), swap 16777212k(16777212k free)
Page Sizes: 4k

vm_info: OpenJDK 64-Bit Server VM (20.0.2+9) for linux-amd64 JRE (20.0.2+9), built on 2023-07-20T13:31:15Z by "builduser" with gcc 13.1.1 20230714

END.
