#
# A fatal error has been detected by the Java Runtime Environment:
#
#  SIGSEGV (0xb) at pc=0x00006ca41e35e090, pid=33293, tid=33316
#
# JRE version: OpenJDK Runtime Environment (20.0.2+9) (build 20.0.2+9)
# Java VM: OpenJDK 64-Bit Server VM (20.0.2+9, mixed mode, tiered, compressed oops, compressed class ptrs, g1 gc, linux-amd64)
# Problematic frame:
# C  [libc.so.6+0x15e090]
#
# Core dump will be written. Default location: Core dumps may be processed with "/usr/lib/systemd/systemd-coredump %P %u %g %s %t %c %h" (or dumping to /data/git/PatrFileSys/javaPFS/core.33293)
#
# If you would like to submit a bug report, please visit:
#   https://bugreport.java.com/bugreport/crash.jsp
# The crash happened outside the Java Virtual Machine in native code.
# See problematic frame for where to report the bug.
#

---------------  S U M M A R Y ------------

Command Line: --enable-native-access=de.hechler.patrick.zeugs.pfs -Dfile.encoding=UTF-8 --module-path=/data/git/PatrFileSys/javaPFS/target/classes --enable-preview -XX:+ShowCodeDetailsInExceptionMessages --patch-module=de.hechler.patrick.zeugs.pfs=/data/git/PatrFileSys/javaPFS/target/test-classes --add-reads=de.hechler.patrick.zeugs.pfs=ALL-UNNAMED --add-reads=de.hechler.patrick.zeugs.check=ALL-UNNAMED -Djdk.module.main=de.hechler.patrick.zeugs.pfs de.hechler.patrick.zeugs.pfs/de.hechler.patrick.zeugs.pfs.Test

Host: AMD Ryzen 5 3600 6-Core Processor, 32 cores, 15G, Arch Linux
Time: Sun Sep 10 23:42:41 2023 CEST elapsed time: 0.286300 seconds (0d 0h 0m 0s)

---------------  T H R E A D  ---------------

Current thread (0x00006ca418419970):  JavaThread "Checker : de.hechler.patrick.zeugs.pfs.FSChecker" [_thread_in_native, id=33316, stack(0x00006ca3decfe000,0x00006ca3dedfe000)]

Stack: [0x00006ca3decfe000,0x00006ca3dedfe000],  sp=0x00006ca3dedfb818,  free space=1014k
Native frames: (J=compiled Java code, j=interpreted, Vv=VM code, C=native code)
C  [libc.so.6+0x15e090]
Java frames: (J=compiled Java code, j=interpreted, Vv=VM code)
v  ~RuntimeStub::nep_invoker_blob 0x00006ca407e9ab88
j  java.lang.invoke.LambdaForm$MH+0x00000007c0125000.invoke(Ljava/lang/Object;JJJJJJ)I+18 java.base@20.0.2
j  java.lang.invoke.LambdaForm$MH+0x00000007c0129c00.invokeExact_MT(Ljava/lang/Object;JJJJJJLjava/lang/Object;)I+29 java.base@20.0.2
j  jdk.internal.foreign.abi.DowncallStub+0x00000007c0125400.invoke(Ljava/lang/foreign/SegmentAllocator;Ljava/lang/foreign/MemorySegment;Ljava/lang/foreign/MemorySegment;JLjava/lang/foreign/MemorySegment;Ljava/lang/foreign/MemorySegment;J)I+167 java.base@20.0.2
j  java.lang.invoke.LambdaForm$DMH+0x00000007c0125c00.invokeStaticInit(Ljava/lang/Object;Ljava/lang/Object;Ljava/lang/Object;Ljava/lang/Object;JLjava/lang/Object;Ljava/lang/Object;J)I+22 java.base@20.0.2
j  java.lang.invoke.LambdaForm$MH+0x00000007c0127800.invoke(Ljava/lang/Object;Ljava/lang/Object;JLjava/lang/Object;Ljava/lang/Object;)I+62 java.base@20.0.2
j  java.lang.invoke.LambdaForm$MH+0x00000007c0129400.invoke_MT(Ljava/lang/Object;Ljava/lang/Object;JLjava/lang/Object;Ljava/lang/Object;Ljava/lang/Object;)I+27 java.base@20.0.2
j  de.hechler.patrick.zeugs.pfs.impl.pfs.PatrFSProvider.loadWithFormat(Ljava/lang/foreign/Linker;Lde/hechler/patrick/zeugs/pfs/opts/PatrFSOptions;Ljava/lang/foreign/MemorySegment;)V+269 de.hechler.patrick.zeugs.pfs
j  de.hechler.patrick.zeugs.pfs.impl.pfs.PatrFSProvider.loadPatrOpts(Ljava/lang/foreign/Linker;Ljava/lang/foreign/Arena;Lde/hechler/patrick/zeugs/pfs/opts/PatrFSOptions;)V+21 de.hechler.patrick.zeugs.pfs
j  de.hechler.patrick.zeugs.pfs.impl.pfs.PatrFSProvider.loadFS(Lde/hechler/patrick/zeugs/pfs/interfaces/FSOptions;)Lde/hechler/patrick/zeugs/pfs/interfaces/FS;+85 de.hechler.patrick.zeugs.pfs
j  de.hechler.patrick.zeugs.pfs.FSChecker.fs(Ljava/lang/String;)Lde/hechler/patrick/zeugs/pfs/interfaces/FS;+21 de.hechler.patrick.zeugs.pfs
j  de.hechler.patrick.zeugs.pfs.FSChecker.simpleCheck(Ljava/lang/String;)V+6 de.hechler.patrick.zeugs.pfs
j  java.lang.invoke.LambdaForm$DMH+0x00000007c0083000.invokeSpecial(Ljava/lang/Object;Ljava/lang/Object;Ljava/lang/Object;)V+11 java.base@20.0.2
j  java.lang.invoke.LambdaForm$MH+0x00000007c0091c00.invoke(Ljava/lang/Object;Ljava/lang/Object;Ljava/lang/Object;)Ljava/lang/Object;+52 java.base@20.0.2
j  java.lang.invoke.Invokers$Holder.invokeExact_MT(Ljava/lang/Object;Ljava/lang/Object;Ljava/lang/Object;Ljava/lang/Object;)Ljava/lang/Object;+20 java.base@20.0.2
j  jdk.internal.reflect.DirectMethodHandleAccessor.invokeImpl(Ljava/lang/Object;[Ljava/lang/Object;)Ljava/lang/Object;+55 java.base@20.0.2
j  jdk.internal.reflect.DirectMethodHandleAccessor.invoke(Ljava/lang/Object;[Ljava/lang/Object;)Ljava/lang/Object;+23 java.base@20.0.2
j  java.lang.reflect.Method.invoke(Ljava/lang/Object;[Ljava/lang/Object;)Ljava/lang/Object;+102 java.base@20.0.2
j  de.hechler.patrick.zeugs.check.objects.Checker.run(Ljava/lang/reflect/Method;Ljava/lang/Object;Ljava/lang/reflect/Method;[Ljava/lang/Object;)Lde/hechler/patrick/zeugs/check/objects/Result;+17
j  de.hechler.patrick.zeugs.check.objects.Checker.lambda$21(Ljava/lang/reflect/Method;Ljava/util/Map;)V+111
j  de.hechler.patrick.zeugs.check.objects.Checker$$Lambda$82+0x00000007c00886b0.accept(Ljava/lang/Object;)V+12
j  de.hechler.patrick.zeugs.check.objects.Checker.lambda$9(Ljava/util/Map;Ljava/util/function/Consumer;)V+2
j  de.hechler.patrick.zeugs.check.objects.Checker$$Lambda$87+0x00000007c0089cf8.accept(Ljava/lang/Object;)V+8
j  java.util.ArrayList.forEach(Ljava/util/function/Consumer;)V+46 java.base@20.0.2
j  de.hechler.patrick.zeugs.check.objects.Checker.run()V+71
j  de.hechler.patrick.zeugs.check.objects.Checker.get()Lde/hechler/patrick/zeugs/check/objects/CheckResult;+8
j  de.hechler.patrick.zeugs.check.objects.BigChecker.accept(Lde/hechler/patrick/zeugs/check/interfaces/TwoVals;Ljava/util/Map;Ljava/util/Map;)V+24
j  de.hechler.patrick.zeugs.check.objects.BigChecker.lambda$0(Lde/hechler/patrick/zeugs/check/interfaces/TwoVals;Ljava/util/Map;Ljava/util/Map;)V+4
j  de.hechler.patrick.zeugs.check.objects.BigChecker$$Lambda$83+0x00000007c0088b28.run()V+16
j  java.lang.Thread.runWith(Ljava/lang/Object;Ljava/lang/Runnable;)V+5 java.base@20.0.2
j  java.lang.Thread.run()V+19 java.base@20.0.2
v  ~StubRoutines::call_stub 0x00006ca407d37cc6

siginfo: si_signo: 11 (SIGSEGV), si_code: 1 (SEGV_MAPERR), si_addr: 0x0000000000000000

Registers:
RAX=0x0000000000000000, RBX=0x00006ca41ca933a0, RCX=0x0000000000000004, RDX=0x0000000000000008
RSP=0x00006ca3dedfb818, RBP=0x00006ca3ac0902f0, RSI=0x0000000000000000, RDI=0x0000000000000000
R8 =0x00006ca3ac0008e0, R9 =0x0000000000000007, R10=0x00006ca41ca7c140, R11=0x00006ca41ca8843b
R12=0x00006ca3ac103b90, R13=0x00006ca3ac103b50, R14=0x00006ca3ac103be0, R15=0x00006ca3ac103b30
RIP=0x00006ca41e35e090, EFLAGS=0x0000000000010246, CSGSFS=0x002b000000000033, ERR=0x0000000000000006
  TRAPNO=0x000000000000000e


Register to memory mapping:

RAX=0x0 is NULL
RBX=0x00006ca41ca933a0: pfs_all_ehs_set+0x0000000000000000 in /data/git/PatrFileSys/javaPFS/lib/libpfs-core.so at 0x00006ca41ca7b000
RCX=0x0000000000000004 is an unknown value
RDX=0x0000000000000008 is an unknown value
RSP=0x00006ca3dedfb818 is pointing into the stack for thread: 0x00006ca418419970
RBP=0x00006ca3ac0902f0 points into unknown readable memory: 0x0000000000000000 | 00 00 00 00 00 00 00 00
RSI=0x0 is NULL
RDI=0x0 is NULL
R8 =0x00006ca3ac0008e0 points into unknown readable memory: 0x0000000000000000 | 00 00 00 00 00 00 00 00
R9 =0x0000000000000007 is an unknown value
R10=0x00006ca41ca7c140: <offset 0x0000000000001140> in /data/git/PatrFileSys/javaPFS/lib/libpfs-core.so at 0x00006ca41ca7b000
R11=0x00006ca41ca8843b: pfs_close+0x0000000000000000 in /data/git/PatrFileSys/javaPFS/lib/libpfs-core.so at 0x00006ca41ca7b000
R12=0x00006ca3ac103b90 points into unknown readable memory: 0x0000000000000002 | 02 00 00 00 00 00 00 00
R13=0x00006ca3ac103b50 points into unknown readable memory: 0x0000000000000000 | 00 00 00 00 00 00 00 00
R14=0x00006ca3ac103be0 points into unknown readable memory: 0x00006ca3ac0902f0 | f0 02 09 ac a3 6c 00 00
R15=0x00006ca3ac103b30 points into unknown readable memory: 0x0000000000000000 | 00 00 00 00 00 00 00 00


Top of Stack: (sp=0x00006ca3dedfb818)
0x00006ca3dedfb818:   00006ca41ca884b4 0000000100000001
0x00006ca3dedfb828:   d9c49b1d66bc7c00 0000000000000001
0x00006ca3dedfb838:   00006ca41ca88990 00006ca418419970
0x00006ca3dedfb848:   00006ca3ac103b70 0000000000000400
0x00006ca3dedfb858:   0000000000000000 00006c0000000000
0x00006ca3dedfb868:   00000006d605f3e0 00006ca3dedfb8b0
0x00006ca3dedfb878:   0000000000000000 00000006d605f3e0
0x00006ca3dedfb888:   00006ca3dedfb9f8 00006ca418419970
0x00006ca3dedfb898:   00006ca407e9abca 00000000000000b8
0x00006ca3dedfb8a8:   0000000000000000 00006ca3dedfb980
0x00006ca3dedfb8b8:   00006ca407d544ac 00000006d605f3e0
0x00006ca3dedfb8c8:   00006ca407d544ac 00000006d605f3e0
0x00006ca3dedfb8d8:   0000000000000000 0000000000000000
0x00006ca3dedfb8e8:   0000000000000000 0000000000000000
0x00006ca3dedfb8f8:   0000000000000000 0000000000000000
0x00006ca3dedfb908:   0000000000000400 0000000000000000
0x00006ca3dedfb918:   00006ca3ac0902f0 0000000000000000
0x00006ca3dedfb928:   00006ca41ca8889c 0000000000000000
0x00006ca3dedfb938:   00006ca3dedfb938 00006ca3e0639a72
0x00006ca3dedfb948:   00006ca3dedfb9f8 00006ca3e0639b90
0x00006ca3dedfb958:   0000000000000000 00000006d6062510
0x00006ca3dedfb968:   00006ca3e0639a80 00006ca3dedfb8d0
0x00006ca3dedfb978:   00006ca3dedfb998 00006ca3dedfba48
0x00006ca3dedfb988:   00006ca407d544ac 00000006d605f3e0
0x00006ca3dedfb998:   0000000000000000 0000000000000000
0x00006ca3dedfb9a8:   0000000000000000 0000000000000000
0x00006ca3dedfb9b8:   0000000000000000 0000000000000000
0x00006ca3dedfb9c8:   0000000000000400 0000000000000000
0x00006ca3dedfb9d8:   00006ca3ac0902f0 0000000000000000
0x00006ca3dedfb9e8:   00006ca41ca8889c 0000000000000000
0x00006ca3dedfb9f8:   00000006d6062628 00006ca3dedfba00
0x00006ca3dedfba08:   00006ca3e06432bd 00006ca3dedfbac0 

Instructions: (pc=0x00006ca41e35e090)
0x00006ca41e35df90:   82 cb 00 00 00 c4 e2 7d 78 c0 48 83 fa 40 77 20
0x00006ca41e35dfa0:   c5 fe 7f 07 c5 fe 7f 44 17 e0 c5 f8 77 c3 66 90
0x00006ca41e35dfb0:   c5 fe 7f 47 c0 c5 fe 7f 47 e0 c5 f8 77 c3 66 90
0x00006ca41e35dfc0:   48 3b 15 49 02 0e 00 77 77 c5 fe 7f 07 c5 fe 7f
0x00006ca41e35dfd0:   47 20 48 01 d7 48 81 fa 80 00 00 00 76 d2 c5 fe
0x00006ca41e35dfe0:   7f 40 40 c5 fe 7f 40 60 48 83 c7 80 48 81 fa 00
0x00006ca41e35dff0:   01 00 00 76 2b 48 8d 90 80 00 00 00 48 83 e2 c0
0x00006ca41e35e000:   c5 fd 7f 02 c5 fd 7f 42 20 c5 fd 7f 42 40 c5 fd
0x00006ca41e35e010:   7f 42 60 48 83 ea 80 48 39 fa 72 e4 0f 1f 40 00
0x00006ca41e35e020:   c5 fe 7f 07 c5 fe 7f 47 20 c5 fe 7f 47 40 c5 fe
0x00006ca41e35e030:   7f 47 60 c5 f8 77 c3 66 0f 1f 84 00 00 00 00 00
0x00006ca41e35e040:   40 0f b6 c6 48 89 d1 48 89 fa f3 aa 48 89 d0 c5
0x00006ca41e35e050:   f8 77 c3 66 66 2e 0f 1f 84 00 00 00 00 00 66 90
0x00006ca41e35e060:   c4 e2 79 78 c0 83 fa 10 7d 16 83 fa 08 7d 21 83
0x00006ca41e35e070:   fa 04 7d 2c 83 fa 01 7f 37 7c 03 40 88 37 c3 90
0x00006ca41e35e080:   c5 fa 7f 07 c5 fa 7f 44 17 f0 c3 0f 1f 44 00 00
0x00006ca41e35e090:   c5 f9 d6 07 c5 f9 d6 44 17 f8 c3 0f 1f 44 00 00
0x00006ca41e35e0a0:   c5 f9 7e 07 c5 f9 7e 44 17 fc c3 0f 1f 44 00 00
0x00006ca41e35e0b0:   40 88 37 40 88 77 01 40 88 74 17 ff c3 0f 1f 00
0x00006ca41e35e0c0:   f3 0f 1e fa c5 f9 6e c6 c4 e2 7d 78 c0 89 f8 25
0x00006ca41e35e0d0:   ff 0f 00 00 3d e0 0f 00 00 0f 87 21 01 00 00 c5
0x00006ca41e35e0e0:   fd 74 0f c5 fd d7 c1 85 c0 74 55 0f bc c0 48 01
0x00006ca41e35e0f0:   f8 c5 f8 77 c3 0f bc c0 48 ff c7 48 01 f8 c5 f8
0x00006ca41e35e100:   77 c3 66 66 2e 0f 1f 84 00 00 00 00 00 0f 1f 00
0x00006ca41e35e110:   f3 0f bc c0 48 83 c7 21 48 01 f8 c5 f8 77 c3 90
0x00006ca41e35e120:   f3 0f bc c0 48 83 c7 41 48 01 f8 c5 f8 77 c3 90
0x00006ca41e35e130:   f3 0f bc c0 48 83 c7 61 48 01 f8 c5 f8 77 c3 90
0x00006ca41e35e140:   48 83 cf 1f c5 fd 74 4f 01 c5 fd d7 c1 85 c0 75
0x00006ca41e35e150:   a4 c5 fd 74 4f 21 c5 fd d7 c1 85 c0 75 b2 c5 fd
0x00006ca41e35e160:   74 4f 41 c5 fd d7 c1 85 c0 75 b5 c5 fd 74 4f 61
0x00006ca41e35e170:   c5 fd d7 c1 85 c0 75 b8 48 ff c7 48 83 cf 7f 90
0x00006ca41e35e180:   c5 fd 74 4f 01 c5 fd 74 57 21 c5 fd 74 5f 41 c5 


Stack slot to memory mapping:
stack at sp + 0 slots: 0x00006ca41ca884b4: pfs_close+0x0000000000000079 in /data/git/PatrFileSys/javaPFS/lib/libpfs-core.so at 0x00006ca41ca7b000
stack at sp + 1 slots: 0x0000000100000001 is an unknown value
stack at sp + 2 slots: 0xd9c49b1d66bc7c00 is an unknown value
stack at sp + 3 slots: 0x0000000000000001 is an unknown value
stack at sp + 4 slots: 0x00006ca41ca88990: pfs_load_and_format+0x00000000000000f4 in /data/git/PatrFileSys/javaPFS/lib/libpfs-core.so at 0x00006ca41ca7b000
stack at sp + 5 slots: 0x00006ca418419970 is a thread
stack at sp + 6 slots: 0x00006ca3ac103b70 points into unknown readable memory: 0x0000000000000000 | 00 00 00 00 00 00 00 00
stack at sp + 7 slots: 0x0000000000000400 is an unknown value

--------------------------------------------------------------------------------
Decoding CodeBlob, name: nep_invoker_blob, at  [0x00006ca407e9ab80, 0x00006ca407e9ac88]  264 bytes
[MachCode]
  0x00006ca407e9ab80: 5548 8bec | 4883 ec10 | c5f8 7749 | 89af d002 | 0000 49ba | 88ab e907 | a46c 0000 | 4d89 97c8 
  0x00006ca407e9aba0: 0200 0049 | 89a7 c002 | 0000 41c7 | 8774 0300 | 0004 0000 | 0048 8bc7 | 488b fa49 | 8bd0 4c8b 
  0x00006ca407e9abc0: d648 8bf1 | 498b c941 | ffd2 c5f8 | 7741 c787 | 7403 0000 | 0500 0000 | f083 4424 | c000 493b 
  0x00006ca407e9abe0: af78 0300 | 000f 874d | 0000 0041 | 83bf 7003 | 0000 000f | 853f 0000 | 0041 c787 | 7403 0000 
  0x00006ca407e9ac00: 0800 0000 | 4183 bff0 | 0300 0002 | 0f84 4c00 | 0000 49c7 | 87c0 0200 | 0000 0000 | 0049 c787 
  0x00006ca407e9ac20: d002 0000 | 0000 0000 | 49c7 87c8 | 0200 0000 | 0000 00c5 | f877 c9c3 | c5f8 7748 | 8904 2449 
  0x00006ca407e9ac40: 8bff 4c8b | e448 83ec | 0048 83e4 | f0e8 7e04 | 6715 498b | e44d 33e4 | 488b 0424 | eb9b c5f8 
  0x00006ca407e9ac60: 7748 8904 | 244c 8be4 | 4883 ec00 | 4883 e4f0 | e87b 6eb1 | 1549 8be4 | 4d33 e448 | 8b04 24eb 
  0x00006ca407e9ac80: 91f4 f4f4 | f4f4 f4f4 
[/MachCode]
--------------------------------------------------------------------------------


---------------  P R O C E S S  ---------------

Threads class SMR info:
_java_thread_list=0x00006ca418419590, length=12, elements={
0x00006ca418018620, 0x00006ca4181f6c30, 0x00006ca4181f8180, 0x00006ca4181f9c00,
0x00006ca4181fafc0, 0x00006ca4181fc370, 0x00006ca4181fdd90, 0x00006ca4181ff2e0,
0x00006ca4182691f0, 0x00006ca418326030, 0x00006ca3b80ecb30, 0x00006ca418419970
}

Java Threads: ( => current thread )
  0x00006ca418018620 JavaThread "main" [_thread_blocked, id=33298, stack(0x00006ca41e0db000,0x00006ca41e1db000)]
  0x00006ca4181f6c30 JavaThread "Reference Handler" daemon [_thread_blocked, id=33305, stack(0x00006ca3e3cac000,0x00006ca3e3dac000)]
  0x00006ca4181f8180 JavaThread "Finalizer" daemon [_thread_blocked, id=33306, stack(0x00006ca3df700000,0x00006ca3df800000)]
  0x00006ca4181f9c00 JavaThread "Signal Dispatcher" daemon [_thread_blocked, id=33307, stack(0x00006ca3df600000,0x00006ca3df700000)]
  0x00006ca4181fafc0 JavaThread "Service Thread" daemon [_thread_blocked, id=33308, stack(0x00006ca3df500000,0x00006ca3df600000)]
  0x00006ca4181fc370 JavaThread "Monitor Deflation Thread" daemon [_thread_blocked, id=33309, stack(0x00006ca3df400000,0x00006ca3df500000)]
  0x00006ca4181fdd90 JavaThread "C2 CompilerThread0" daemon [_thread_blocked, id=33310, stack(0x00006ca3df300000,0x00006ca3df400000)]
  0x00006ca4181ff2e0 JavaThread "C1 CompilerThread0" daemon [_thread_blocked, id=33311, stack(0x00006ca3df200000,0x00006ca3df300000)]
  0x00006ca4182691f0 JavaThread "Common-Cleaner" daemon [_thread_blocked, id=33312, stack(0x00006ca3df100000,0x00006ca3df200000)]
  0x00006ca418326030 JavaThread "Notification Thread" daemon [_thread_blocked, id=33313, stack(0x00006ca3df000000,0x00006ca3df100000)]
  0x00006ca3b80ecb30 JavaThread "C2 CompilerThread1" daemon [_thread_blocked, id=33315, stack(0x00006ca3dedfe000,0x00006ca3deefe000)]
=>0x00006ca418419970 JavaThread "Checker : de.hechler.patrick.zeugs.pfs.FSChecker" [_thread_in_native, id=33316, stack(0x00006ca3decfe000,0x00006ca3dedfe000)]

Other Threads:
  0x00006ca4181b2930 VMThread "VM Thread" [stack: 0x00006ca3e3dae000,0x00006ca3e3eae000] [id=33304]
  0x00006ca418327710 WatcherThread "VM Periodic Task Thread" [stack: 0x00006ca3def00000,0x00006ca3df000000] [id=33314]
  0x00006ca4180872d0 WorkerThread "GC Thread#0" [stack: 0x00006ca3fae70000,0x00006ca3faf70000] [id=33299]
  0x00006ca418098190 ConcurrentGCThread "G1 Main Marker" [stack: 0x00006ca3fad6e000,0x00006ca3fae6e000] [id=33300]
  0x00006ca4180990b0 WorkerThread "G1 Conc#0" [stack: 0x00006ca3fac6c000,0x00006ca3fad6c000] [id=33301]
  0x00006ca41812dd80 ConcurrentGCThread "G1 Refine#0" [stack: 0x00006ca3f8160000,0x00006ca3f8260000] [id=33302]
  0x00006ca41812ecc0 ConcurrentGCThread "G1 Service" [stack: 0x00006ca3f805e000,0x00006ca3f815e000] [id=33303]

Threads with active compile tasks:

VM state: not at safepoint (normal execution)

VM Mutex/Monitor currently owned by a thread: None

Heap address: 0x00000006c7200000, size: 3982 MB, Compressed Oops mode: Zero based, Oop shift amount: 3

CDS archive(s) not mapped
Compressed class space mapped at: 0x00000007c0000000-0x0000000800000000, reserved size: 1073741824
Narrow klass base: 0x0000000000000000, Narrow klass shift: 3, Narrow klass range: 0x800000000

GC Precious Log:
 CardTable entry size: 512
 Card Set container configuration: InlinePtr #cards 4 size 8 Array Of Cards #cards 16 size 48 Howl #buckets 8 coarsen threshold 3686 Howl Bitmap #cards 512 size 80 coarsen threshold 460 Card regions per heap region 1 cards per card region 4096
 CPUs: 32 total, 12 available
 Memory: 15924M
 Large Page Support: Disabled
 NUMA Support: Disabled
 Compressed Oops: Enabled (Zero based)
 Heap Region Size: 2M
 Heap Min Capacity: 8M
 Heap Initial Capacity: 250M
 Heap Max Capacity: 3982M
 Pre-touch: Disabled
 Parallel Workers: 10
 Concurrent Workers: 3
 Concurrent Refinement Workers: 10
 Periodic GC: Disabled

Heap:
 garbage-first heap   total 256000K, used 10240K [0x00000006c7200000, 0x00000007c0000000)
  region size 2048K, 6 young (12288K), 0 survivors (0K)
 Metaspace       used 11695K, committed 12160K, reserved 1114112K
  class space    used 1153K, committed 1344K, reserved 1048576K

Heap Regions: E=young(eden), S=young(survivor), O=old, HS=humongous(starts), HC=humongous(continues), CS=collection set, F=free, OA=open archive, CA=closed archive, TAMS=top-at-mark-start, PB=parsable bottom
|   0|0x00000006c7200000, 0x00000006c7200000, 0x00000006c7400000|  0%| F|  |TAMS 0x00000006c7200000| PB 0x00000006c7200000| Untracked 
|   1|0x00000006c7400000, 0x00000006c7400000, 0x00000006c7600000|  0%| F|  |TAMS 0x00000006c7400000| PB 0x00000006c7400000| Untracked 
|   2|0x00000006c7600000, 0x00000006c7600000, 0x00000006c7800000|  0%| F|  |TAMS 0x00000006c7600000| PB 0x00000006c7600000| Untracked 
|   3|0x00000006c7800000, 0x00000006c7800000, 0x00000006c7a00000|  0%| F|  |TAMS 0x00000006c7800000| PB 0x00000006c7800000| Untracked 
|   4|0x00000006c7a00000, 0x00000006c7a00000, 0x00000006c7c00000|  0%| F|  |TAMS 0x00000006c7a00000| PB 0x00000006c7a00000| Untracked 
|   5|0x00000006c7c00000, 0x00000006c7c00000, 0x00000006c7e00000|  0%| F|  |TAMS 0x00000006c7c00000| PB 0x00000006c7c00000| Untracked 
|   6|0x00000006c7e00000, 0x00000006c7e00000, 0x00000006c8000000|  0%| F|  |TAMS 0x00000006c7e00000| PB 0x00000006c7e00000| Untracked 
|   7|0x00000006c8000000, 0x00000006c8000000, 0x00000006c8200000|  0%| F|  |TAMS 0x00000006c8000000| PB 0x00000006c8000000| Untracked 
|   8|0x00000006c8200000, 0x00000006c8200000, 0x00000006c8400000|  0%| F|  |TAMS 0x00000006c8200000| PB 0x00000006c8200000| Untracked 
|   9|0x00000006c8400000, 0x00000006c8400000, 0x00000006c8600000|  0%| F|  |TAMS 0x00000006c8400000| PB 0x00000006c8400000| Untracked 
|  10|0x00000006c8600000, 0x00000006c8600000, 0x00000006c8800000|  0%| F|  |TAMS 0x00000006c8600000| PB 0x00000006c8600000| Untracked 
|  11|0x00000006c8800000, 0x00000006c8800000, 0x00000006c8a00000|  0%| F|  |TAMS 0x00000006c8800000| PB 0x00000006c8800000| Untracked 
|  12|0x00000006c8a00000, 0x00000006c8a00000, 0x00000006c8c00000|  0%| F|  |TAMS 0x00000006c8a00000| PB 0x00000006c8a00000| Untracked 
|  13|0x00000006c8c00000, 0x00000006c8c00000, 0x00000006c8e00000|  0%| F|  |TAMS 0x00000006c8c00000| PB 0x00000006c8c00000| Untracked 
|  14|0x00000006c8e00000, 0x00000006c8e00000, 0x00000006c9000000|  0%| F|  |TAMS 0x00000006c8e00000| PB 0x00000006c8e00000| Untracked 
|  15|0x00000006c9000000, 0x00000006c9000000, 0x00000006c9200000|  0%| F|  |TAMS 0x00000006c9000000| PB 0x00000006c9000000| Untracked 
|  16|0x00000006c9200000, 0x00000006c9200000, 0x00000006c9400000|  0%| F|  |TAMS 0x00000006c9200000| PB 0x00000006c9200000| Untracked 
|  17|0x00000006c9400000, 0x00000006c9400000, 0x00000006c9600000|  0%| F|  |TAMS 0x00000006c9400000| PB 0x00000006c9400000| Untracked 
|  18|0x00000006c9600000, 0x00000006c9600000, 0x00000006c9800000|  0%| F|  |TAMS 0x00000006c9600000| PB 0x00000006c9600000| Untracked 
|  19|0x00000006c9800000, 0x00000006c9800000, 0x00000006c9a00000|  0%| F|  |TAMS 0x00000006c9800000| PB 0x00000006c9800000| Untracked 
|  20|0x00000006c9a00000, 0x00000006c9a00000, 0x00000006c9c00000|  0%| F|  |TAMS 0x00000006c9a00000| PB 0x00000006c9a00000| Untracked 
|  21|0x00000006c9c00000, 0x00000006c9c00000, 0x00000006c9e00000|  0%| F|  |TAMS 0x00000006c9c00000| PB 0x00000006c9c00000| Untracked 
|  22|0x00000006c9e00000, 0x00000006c9e00000, 0x00000006ca000000|  0%| F|  |TAMS 0x00000006c9e00000| PB 0x00000006c9e00000| Untracked 
|  23|0x00000006ca000000, 0x00000006ca000000, 0x00000006ca200000|  0%| F|  |TAMS 0x00000006ca000000| PB 0x00000006ca000000| Untracked 
|  24|0x00000006ca200000, 0x00000006ca200000, 0x00000006ca400000|  0%| F|  |TAMS 0x00000006ca200000| PB 0x00000006ca200000| Untracked 
|  25|0x00000006ca400000, 0x00000006ca400000, 0x00000006ca600000|  0%| F|  |TAMS 0x00000006ca400000| PB 0x00000006ca400000| Untracked 
|  26|0x00000006ca600000, 0x00000006ca600000, 0x00000006ca800000|  0%| F|  |TAMS 0x00000006ca600000| PB 0x00000006ca600000| Untracked 
|  27|0x00000006ca800000, 0x00000006ca800000, 0x00000006caa00000|  0%| F|  |TAMS 0x00000006ca800000| PB 0x00000006ca800000| Untracked 
|  28|0x00000006caa00000, 0x00000006caa00000, 0x00000006cac00000|  0%| F|  |TAMS 0x00000006caa00000| PB 0x00000006caa00000| Untracked 
|  29|0x00000006cac00000, 0x00000006cac00000, 0x00000006cae00000|  0%| F|  |TAMS 0x00000006cac00000| PB 0x00000006cac00000| Untracked 
|  30|0x00000006cae00000, 0x00000006cae00000, 0x00000006cb000000|  0%| F|  |TAMS 0x00000006cae00000| PB 0x00000006cae00000| Untracked 
|  31|0x00000006cb000000, 0x00000006cb000000, 0x00000006cb200000|  0%| F|  |TAMS 0x00000006cb000000| PB 0x00000006cb000000| Untracked 
|  32|0x00000006cb200000, 0x00000006cb200000, 0x00000006cb400000|  0%| F|  |TAMS 0x00000006cb200000| PB 0x00000006cb200000| Untracked 
|  33|0x00000006cb400000, 0x00000006cb400000, 0x00000006cb600000|  0%| F|  |TAMS 0x00000006cb400000| PB 0x00000006cb400000| Untracked 
|  34|0x00000006cb600000, 0x00000006cb600000, 0x00000006cb800000|  0%| F|  |TAMS 0x00000006cb600000| PB 0x00000006cb600000| Untracked 
|  35|0x00000006cb800000, 0x00000006cb800000, 0x00000006cba00000|  0%| F|  |TAMS 0x00000006cb800000| PB 0x00000006cb800000| Untracked 
|  36|0x00000006cba00000, 0x00000006cba00000, 0x00000006cbc00000|  0%| F|  |TAMS 0x00000006cba00000| PB 0x00000006cba00000| Untracked 
|  37|0x00000006cbc00000, 0x00000006cbc00000, 0x00000006cbe00000|  0%| F|  |TAMS 0x00000006cbc00000| PB 0x00000006cbc00000| Untracked 
|  38|0x00000006cbe00000, 0x00000006cbe00000, 0x00000006cc000000|  0%| F|  |TAMS 0x00000006cbe00000| PB 0x00000006cbe00000| Untracked 
|  39|0x00000006cc000000, 0x00000006cc000000, 0x00000006cc200000|  0%| F|  |TAMS 0x00000006cc000000| PB 0x00000006cc000000| Untracked 
|  40|0x00000006cc200000, 0x00000006cc200000, 0x00000006cc400000|  0%| F|  |TAMS 0x00000006cc200000| PB 0x00000006cc200000| Untracked 
|  41|0x00000006cc400000, 0x00000006cc400000, 0x00000006cc600000|  0%| F|  |TAMS 0x00000006cc400000| PB 0x00000006cc400000| Untracked 
|  42|0x00000006cc600000, 0x00000006cc600000, 0x00000006cc800000|  0%| F|  |TAMS 0x00000006cc600000| PB 0x00000006cc600000| Untracked 
|  43|0x00000006cc800000, 0x00000006cc800000, 0x00000006cca00000|  0%| F|  |TAMS 0x00000006cc800000| PB 0x00000006cc800000| Untracked 
|  44|0x00000006cca00000, 0x00000006cca00000, 0x00000006ccc00000|  0%| F|  |TAMS 0x00000006cca00000| PB 0x00000006cca00000| Untracked 
|  45|0x00000006ccc00000, 0x00000006ccc00000, 0x00000006cce00000|  0%| F|  |TAMS 0x00000006ccc00000| PB 0x00000006ccc00000| Untracked 
|  46|0x00000006cce00000, 0x00000006cce00000, 0x00000006cd000000|  0%| F|  |TAMS 0x00000006cce00000| PB 0x00000006cce00000| Untracked 
|  47|0x00000006cd000000, 0x00000006cd000000, 0x00000006cd200000|  0%| F|  |TAMS 0x00000006cd000000| PB 0x00000006cd000000| Untracked 
|  48|0x00000006cd200000, 0x00000006cd200000, 0x00000006cd400000|  0%| F|  |TAMS 0x00000006cd200000| PB 0x00000006cd200000| Untracked 
|  49|0x00000006cd400000, 0x00000006cd400000, 0x00000006cd600000|  0%| F|  |TAMS 0x00000006cd400000| PB 0x00000006cd400000| Untracked 
|  50|0x00000006cd600000, 0x00000006cd600000, 0x00000006cd800000|  0%| F|  |TAMS 0x00000006cd600000| PB 0x00000006cd600000| Untracked 
|  51|0x00000006cd800000, 0x00000006cd800000, 0x00000006cda00000|  0%| F|  |TAMS 0x00000006cd800000| PB 0x00000006cd800000| Untracked 
|  52|0x00000006cda00000, 0x00000006cda00000, 0x00000006cdc00000|  0%| F|  |TAMS 0x00000006cda00000| PB 0x00000006cda00000| Untracked 
|  53|0x00000006cdc00000, 0x00000006cdc00000, 0x00000006cde00000|  0%| F|  |TAMS 0x00000006cdc00000| PB 0x00000006cdc00000| Untracked 
|  54|0x00000006cde00000, 0x00000006cde00000, 0x00000006ce000000|  0%| F|  |TAMS 0x00000006cde00000| PB 0x00000006cde00000| Untracked 
|  55|0x00000006ce000000, 0x00000006ce000000, 0x00000006ce200000|  0%| F|  |TAMS 0x00000006ce000000| PB 0x00000006ce000000| Untracked 
|  56|0x00000006ce200000, 0x00000006ce200000, 0x00000006ce400000|  0%| F|  |TAMS 0x00000006ce200000| PB 0x00000006ce200000| Untracked 
|  57|0x00000006ce400000, 0x00000006ce400000, 0x00000006ce600000|  0%| F|  |TAMS 0x00000006ce400000| PB 0x00000006ce400000| Untracked 
|  58|0x00000006ce600000, 0x00000006ce600000, 0x00000006ce800000|  0%| F|  |TAMS 0x00000006ce600000| PB 0x00000006ce600000| Untracked 
|  59|0x00000006ce800000, 0x00000006ce800000, 0x00000006cea00000|  0%| F|  |TAMS 0x00000006ce800000| PB 0x00000006ce800000| Untracked 
|  60|0x00000006cea00000, 0x00000006cea00000, 0x00000006cec00000|  0%| F|  |TAMS 0x00000006cea00000| PB 0x00000006cea00000| Untracked 
|  61|0x00000006cec00000, 0x00000006cec00000, 0x00000006cee00000|  0%| F|  |TAMS 0x00000006cec00000| PB 0x00000006cec00000| Untracked 
|  62|0x00000006cee00000, 0x00000006cee00000, 0x00000006cf000000|  0%| F|  |TAMS 0x00000006cee00000| PB 0x00000006cee00000| Untracked 
|  63|0x00000006cf000000, 0x00000006cf000000, 0x00000006cf200000|  0%| F|  |TAMS 0x00000006cf000000| PB 0x00000006cf000000| Untracked 
|  64|0x00000006cf200000, 0x00000006cf200000, 0x00000006cf400000|  0%| F|  |TAMS 0x00000006cf200000| PB 0x00000006cf200000| Untracked 
|  65|0x00000006cf400000, 0x00000006cf400000, 0x00000006cf600000|  0%| F|  |TAMS 0x00000006cf400000| PB 0x00000006cf400000| Untracked 
|  66|0x00000006cf600000, 0x00000006cf600000, 0x00000006cf800000|  0%| F|  |TAMS 0x00000006cf600000| PB 0x00000006cf600000| Untracked 
|  67|0x00000006cf800000, 0x00000006cf800000, 0x00000006cfa00000|  0%| F|  |TAMS 0x00000006cf800000| PB 0x00000006cf800000| Untracked 
|  68|0x00000006cfa00000, 0x00000006cfa00000, 0x00000006cfc00000|  0%| F|  |TAMS 0x00000006cfa00000| PB 0x00000006cfa00000| Untracked 
|  69|0x00000006cfc00000, 0x00000006cfc00000, 0x00000006cfe00000|  0%| F|  |TAMS 0x00000006cfc00000| PB 0x00000006cfc00000| Untracked 
|  70|0x00000006cfe00000, 0x00000006cfe00000, 0x00000006d0000000|  0%| F|  |TAMS 0x00000006cfe00000| PB 0x00000006cfe00000| Untracked 
|  71|0x00000006d0000000, 0x00000006d0000000, 0x00000006d0200000|  0%| F|  |TAMS 0x00000006d0000000| PB 0x00000006d0000000| Untracked 
|  72|0x00000006d0200000, 0x00000006d0200000, 0x00000006d0400000|  0%| F|  |TAMS 0x00000006d0200000| PB 0x00000006d0200000| Untracked 
|  73|0x00000006d0400000, 0x00000006d0400000, 0x00000006d0600000|  0%| F|  |TAMS 0x00000006d0400000| PB 0x00000006d0400000| Untracked 
|  74|0x00000006d0600000, 0x00000006d0600000, 0x00000006d0800000|  0%| F|  |TAMS 0x00000006d0600000| PB 0x00000006d0600000| Untracked 
|  75|0x00000006d0800000, 0x00000006d0800000, 0x00000006d0a00000|  0%| F|  |TAMS 0x00000006d0800000| PB 0x00000006d0800000| Untracked 
|  76|0x00000006d0a00000, 0x00000006d0a00000, 0x00000006d0c00000|  0%| F|  |TAMS 0x00000006d0a00000| PB 0x00000006d0a00000| Untracked 
|  77|0x00000006d0c00000, 0x00000006d0c00000, 0x00000006d0e00000|  0%| F|  |TAMS 0x00000006d0c00000| PB 0x00000006d0c00000| Untracked 
|  78|0x00000006d0e00000, 0x00000006d0e00000, 0x00000006d1000000|  0%| F|  |TAMS 0x00000006d0e00000| PB 0x00000006d0e00000| Untracked 
|  79|0x00000006d1000000, 0x00000006d1000000, 0x00000006d1200000|  0%| F|  |TAMS 0x00000006d1000000| PB 0x00000006d1000000| Untracked 
|  80|0x00000006d1200000, 0x00000006d1200000, 0x00000006d1400000|  0%| F|  |TAMS 0x00000006d1200000| PB 0x00000006d1200000| Untracked 
|  81|0x00000006d1400000, 0x00000006d1400000, 0x00000006d1600000|  0%| F|  |TAMS 0x00000006d1400000| PB 0x00000006d1400000| Untracked 
|  82|0x00000006d1600000, 0x00000006d1600000, 0x00000006d1800000|  0%| F|  |TAMS 0x00000006d1600000| PB 0x00000006d1600000| Untracked 
|  83|0x00000006d1800000, 0x00000006d1800000, 0x00000006d1a00000|  0%| F|  |TAMS 0x00000006d1800000| PB 0x00000006d1800000| Untracked 
|  84|0x00000006d1a00000, 0x00000006d1a00000, 0x00000006d1c00000|  0%| F|  |TAMS 0x00000006d1a00000| PB 0x00000006d1a00000| Untracked 
|  85|0x00000006d1c00000, 0x00000006d1c00000, 0x00000006d1e00000|  0%| F|  |TAMS 0x00000006d1c00000| PB 0x00000006d1c00000| Untracked 
|  86|0x00000006d1e00000, 0x00000006d1e00000, 0x00000006d2000000|  0%| F|  |TAMS 0x00000006d1e00000| PB 0x00000006d1e00000| Untracked 
|  87|0x00000006d2000000, 0x00000006d2000000, 0x00000006d2200000|  0%| F|  |TAMS 0x00000006d2000000| PB 0x00000006d2000000| Untracked 
|  88|0x00000006d2200000, 0x00000006d2200000, 0x00000006d2400000|  0%| F|  |TAMS 0x00000006d2200000| PB 0x00000006d2200000| Untracked 
|  89|0x00000006d2400000, 0x00000006d2400000, 0x00000006d2600000|  0%| F|  |TAMS 0x00000006d2400000| PB 0x00000006d2400000| Untracked 
|  90|0x00000006d2600000, 0x00000006d2600000, 0x00000006d2800000|  0%| F|  |TAMS 0x00000006d2600000| PB 0x00000006d2600000| Untracked 
|  91|0x00000006d2800000, 0x00000006d2800000, 0x00000006d2a00000|  0%| F|  |TAMS 0x00000006d2800000| PB 0x00000006d2800000| Untracked 
|  92|0x00000006d2a00000, 0x00000006d2a00000, 0x00000006d2c00000|  0%| F|  |TAMS 0x00000006d2a00000| PB 0x00000006d2a00000| Untracked 
|  93|0x00000006d2c00000, 0x00000006d2c00000, 0x00000006d2e00000|  0%| F|  |TAMS 0x00000006d2c00000| PB 0x00000006d2c00000| Untracked 
|  94|0x00000006d2e00000, 0x00000006d2e00000, 0x00000006d3000000|  0%| F|  |TAMS 0x00000006d2e00000| PB 0x00000006d2e00000| Untracked 
|  95|0x00000006d3000000, 0x00000006d3000000, 0x00000006d3200000|  0%| F|  |TAMS 0x00000006d3000000| PB 0x00000006d3000000| Untracked 
|  96|0x00000006d3200000, 0x00000006d3200000, 0x00000006d3400000|  0%| F|  |TAMS 0x00000006d3200000| PB 0x00000006d3200000| Untracked 
|  97|0x00000006d3400000, 0x00000006d3400000, 0x00000006d3600000|  0%| F|  |TAMS 0x00000006d3400000| PB 0x00000006d3400000| Untracked 
|  98|0x00000006d3600000, 0x00000006d3600000, 0x00000006d3800000|  0%| F|  |TAMS 0x00000006d3600000| PB 0x00000006d3600000| Untracked 
|  99|0x00000006d3800000, 0x00000006d3800000, 0x00000006d3a00000|  0%| F|  |TAMS 0x00000006d3800000| PB 0x00000006d3800000| Untracked 
| 100|0x00000006d3a00000, 0x00000006d3a00000, 0x00000006d3c00000|  0%| F|  |TAMS 0x00000006d3a00000| PB 0x00000006d3a00000| Untracked 
| 101|0x00000006d3c00000, 0x00000006d3c00000, 0x00000006d3e00000|  0%| F|  |TAMS 0x00000006d3c00000| PB 0x00000006d3c00000| Untracked 
| 102|0x00000006d3e00000, 0x00000006d3e00000, 0x00000006d4000000|  0%| F|  |TAMS 0x00000006d3e00000| PB 0x00000006d3e00000| Untracked 
| 103|0x00000006d4000000, 0x00000006d4000000, 0x00000006d4200000|  0%| F|  |TAMS 0x00000006d4000000| PB 0x00000006d4000000| Untracked 
| 104|0x00000006d4200000, 0x00000006d4200000, 0x00000006d4400000|  0%| F|  |TAMS 0x00000006d4200000| PB 0x00000006d4200000| Untracked 
| 105|0x00000006d4400000, 0x00000006d4400000, 0x00000006d4600000|  0%| F|  |TAMS 0x00000006d4400000| PB 0x00000006d4400000| Untracked 
| 106|0x00000006d4600000, 0x00000006d4600000, 0x00000006d4800000|  0%| F|  |TAMS 0x00000006d4600000| PB 0x00000006d4600000| Untracked 
| 107|0x00000006d4800000, 0x00000006d4800000, 0x00000006d4a00000|  0%| F|  |TAMS 0x00000006d4800000| PB 0x00000006d4800000| Untracked 
| 108|0x00000006d4a00000, 0x00000006d4a00000, 0x00000006d4c00000|  0%| F|  |TAMS 0x00000006d4a00000| PB 0x00000006d4a00000| Untracked 
| 109|0x00000006d4c00000, 0x00000006d4c00000, 0x00000006d4e00000|  0%| F|  |TAMS 0x00000006d4c00000| PB 0x00000006d4c00000| Untracked 
| 110|0x00000006d4e00000, 0x00000006d4e00000, 0x00000006d5000000|  0%| F|  |TAMS 0x00000006d4e00000| PB 0x00000006d4e00000| Untracked 
| 111|0x00000006d5000000, 0x00000006d5000000, 0x00000006d5200000|  0%| F|  |TAMS 0x00000006d5000000| PB 0x00000006d5000000| Untracked 
| 112|0x00000006d5200000, 0x00000006d5200000, 0x00000006d5400000|  0%| F|  |TAMS 0x00000006d5200000| PB 0x00000006d5200000| Untracked 
| 113|0x00000006d5400000, 0x00000006d5400000, 0x00000006d5600000|  0%| F|  |TAMS 0x00000006d5400000| PB 0x00000006d5400000| Untracked 
| 114|0x00000006d5600000, 0x00000006d5600000, 0x00000006d5800000|  0%| F|  |TAMS 0x00000006d5600000| PB 0x00000006d5600000| Untracked 
| 115|0x00000006d5800000, 0x00000006d5800000, 0x00000006d5a00000|  0%| F|  |TAMS 0x00000006d5800000| PB 0x00000006d5800000| Untracked 
| 116|0x00000006d5a00000, 0x00000006d5a00000, 0x00000006d5c00000|  0%| F|  |TAMS 0x00000006d5a00000| PB 0x00000006d5a00000| Untracked 
| 117|0x00000006d5c00000, 0x00000006d5c00000, 0x00000006d5e00000|  0%| F|  |TAMS 0x00000006d5c00000| PB 0x00000006d5c00000| Untracked 
| 118|0x00000006d5e00000, 0x00000006d5e00000, 0x00000006d6000000|  0%| F|  |TAMS 0x00000006d5e00000| PB 0x00000006d5e00000| Untracked 
| 119|0x00000006d6000000, 0x00000006d60e1dd8, 0x00000006d6200000| 44%| E|  |TAMS 0x00000006d6000000| PB 0x00000006d6000000| Complete 
| 120|0x00000006d6200000, 0x00000006d6400000, 0x00000006d6400000|100%| E|CS|TAMS 0x00000006d6200000| PB 0x00000006d6200000| Complete 
| 121|0x00000006d6400000, 0x00000006d6600000, 0x00000006d6600000|100%| E|CS|TAMS 0x00000006d6400000| PB 0x00000006d6400000| Complete 
| 122|0x00000006d6600000, 0x00000006d6800000, 0x00000006d6800000|100%| E|CS|TAMS 0x00000006d6600000| PB 0x00000006d6600000| Complete 
| 123|0x00000006d6800000, 0x00000006d6a00000, 0x00000006d6a00000|100%| E|CS|TAMS 0x00000006d6800000| PB 0x00000006d6800000| Complete 
| 124|0x00000006d6a00000, 0x00000006d6c00000, 0x00000006d6c00000|100%| E|CS|TAMS 0x00000006d6a00000| PB 0x00000006d6a00000| Complete 

Card table byte_map: [0x00006ca3ff56f000,0x00006ca3ffd36000] _byte_map_base: 0x00006ca3fbf36000

Marking Bits: (CMBitMap*) 0x00006ca418087d60
 Bits: [0x00006ca3faf70000, 0x00006ca3feda8000)

Polling page: 0x00006ca41e58d000

Metaspace:

Usage:
  Non-class:     10.30 MB used.
      Class:      1.13 MB used.
       Both:     11.42 MB used.

Virtual space:
  Non-class space:       64.00 MB reserved,      10.56 MB ( 17%) committed,  1 nodes.
      Class space:        1.00 GB reserved,       1.31 MB ( <1%) committed,  1 nodes.
             Both:        1.06 GB reserved,      11.88 MB (  1%) committed. 

Chunk freelists:
   Non-Class:  754.00 KB
       Class:  2.59 MB
        Both:  3.32 MB

MaxMetaspaceSize: unlimited
CompressedClassSpaceSize: 1.00 GB
Initial GC threshold: 21.00 MB
Current GC threshold: 21.00 MB
CDS: off
MetaspaceReclaimPolicy: balanced
 - commit_granule_bytes: 65536.
 - commit_granule_words: 8192.
 - virtual_space_node_default_size: 8388608.
 - enlarge_chunks_in_place: 1.
 - new_chunks_are_fully_committed: 0.
 - uncommit_free_chunks: 1.
 - use_allocation_guard: 0.


Internal statistics:

num_allocs_failed_limit: 0.
num_arena_births: 436.
num_arena_deaths: 0.
num_vsnodes_births: 2.
num_vsnodes_deaths: 0.
num_space_committed: 190.
num_space_uncommitted: 0.
num_chunks_returned_to_freelist: 0.
num_chunks_taken_from_freelist: 580.
num_chunk_merges: 0.
num_chunk_splits: 338.
num_chunks_enlarged: 138.
num_inconsistent_stats: 0.

CodeHeap 'non-profiled nmethods': size=120028Kb used=316Kb max_used=316Kb free=119712Kb
 bounds [0x00006ca4082c9000, 0x00006ca408539000, 0x00006ca40f800000]
CodeHeap 'profiled nmethods': size=120028Kb used=1466Kb max_used=1466Kb free=118561Kb
 bounds [0x00006ca400800000, 0x00006ca400a70000, 0x00006ca407d37000]
CodeHeap 'non-nmethods': size=5704Kb used=1436Kb max_used=1457Kb free=4267Kb
 bounds [0x00006ca407d37000, 0x00006ca407fa7000, 0x00006ca4082c9000]
 total_blobs=1435 nmethods=946 adapters=393
 compilation: enabled
              stopped_count=0, restarted_count=0
 full_count=0

Compilation events (20 events):
Event: 0.281 Thread 0x00006ca4181ff2e0  927       3       java.util.stream.PipelineHelper::<init> (5 bytes)
Event: 0.281 Thread 0x00006ca4181ff2e0 nmethod 927 0x00006ca40096b890 code [0x00006ca40096ba20, 0x00006ca40096bb80]
Event: 0.281 Thread 0x00006ca4181ff2e0  926       3       java.util.ArrayList::grow (60 bytes)
Event: 0.281 Thread 0x00006ca4181ff2e0 nmethod 926 0x00006ca40096bc10 code [0x00006ca40096be00, 0x00006ca40096c458]
Event: 0.281 Thread 0x00006ca4181ff2e0  929       3       java.util.ArrayDeque::elementAt (4 bytes)
Event: 0.281 Thread 0x00006ca4181ff2e0 nmethod 929 0x00006ca40096c690 code [0x00006ca40096c820, 0x00006ca40096c930]
Event: 0.281 Thread 0x00006ca4181ff2e0  924       1       java.lang.invoke.ClassSpecializer$SpeciesData::getterFunctions (5 bytes)
Event: 0.281 Thread 0x00006ca4181ff2e0 nmethod 924 0x00006ca40830e410 code [0x00006ca40830e580, 0x00006ca40830e648]
Event: 0.281 Thread 0x00006ca4181ff2e0  932       3       java.lang.invoke.LambdaForm::methodType (48 bytes)
Event: 0.281 Thread 0x00006ca4181fdd90 nmethod 905 0x00006ca40830ea10 code [0x00006ca40830ebc0, 0x00006ca40830f278]
Event: 0.281 Thread 0x00006ca4181fdd90  930       4       jdk.internal.org.objectweb.asm.Frame::merge (317 bytes)
Event: 0.281 Thread 0x00006ca4181ff2e0 nmethod 932 0x00006ca40096ca10 code [0x00006ca40096cc00, 0x00006ca40096d1d0]
Event: 0.283 Thread 0x00006ca4181ff2e0  937       3       jdk.internal.misc.Unsafe::ensureClassInitialized (18 bytes)
Event: 0.283 Thread 0x00006ca4181ff2e0 nmethod 937 0x00006ca40096d490 code [0x00006ca40096d640, 0x00006ca40096d878]
Event: 0.283 Thread 0x00006ca4181ff2e0  942       3       sun.invoke.util.BytecodeDescriptor::unparseMethod (66 bytes)
Event: 0.284 Thread 0x00006ca4181ff2e0 nmethod 942 0x00006ca40096d990 code [0x00006ca40096dba0, 0x00006ca40096e170]
Event: 0.284 Thread 0x00006ca4181ff2e0  939       3       java.lang.invoke.Invokers::maybeCustomize (5 bytes)
Event: 0.284 Thread 0x00006ca4181ff2e0 nmethod 939 0x00006ca40096e490 code [0x00006ca40096e620, 0x00006ca40096e7c0]
Event: 0.284 Thread 0x00006ca4181fdd90 nmethod 930 0x00006ca408310f90 code [0x00006ca408311120, 0x00006ca408311400]
Event: 0.284 Thread 0x00006ca4181fdd90  915       4       java.lang.AbstractStringBuilder::append (45 bytes)

GC Heap History (0 events):
No events

Dll operation events (8 events):
Event: 0.002 Loaded shared library /usr/lib/jvm/java-20-openjdk/lib/libjava.so
Event: 0.017 Loaded shared library /usr/lib/jvm/java-20-openjdk/lib/libjsvml.so
Event: 0.050 Loaded shared library /usr/lib/jvm/java-20-openjdk/lib/libnio.so
Event: 0.067 Loaded shared library /usr/lib/jvm/java-20-openjdk/lib/libnet.so
Event: 0.110 Loaded shared library /usr/lib/jvm/java-20-openjdk/lib/libjimage.so
Event: 0.119 Loaded shared library /usr/lib/jvm/java-20-openjdk/lib/libzip.so
Event: 0.226 Loading shared library pfs-core failed, pfs-core: cannot open shared object file: No such file or directory
Event: 0.226 Loaded shared library /data/git/PatrFileSys/javaPFS/lib/libpfs-core.so

Deoptimization events (20 events):
Event: 0.192 Thread 0x00006ca418018620 Uncommon trap: trap_request=0xffffffde fr.pc=0x00006ca4082d9f4c relative=0x000000000000058c
Event: 0.192 Thread 0x00006ca418018620 Uncommon trap: reason=class_check action=maybe_recompile pc=0x00006ca4082d9f4c method=java.util.HashMap.putVal(ILjava/lang/Object;Ljava/lang/Object;ZZ)Ljava/lang/Object; @ 253 c2
Event: 0.192 Thread 0x00006ca418018620 DEOPT PACKING pc=0x00006ca4082d9f4c sp=0x00006ca41e1d8f20
Event: 0.192 Thread 0x00006ca418018620 DEOPT UNPACKING pc=0x00006ca407da0219 sp=0x00006ca41e1d8ec0 mode 2
Event: 0.206 Thread 0x00006ca418419970 DEOPT PACKING pc=0x00006ca4008182ca sp=0x00006ca3dedfad80
Event: 0.206 Thread 0x00006ca418419970 DEOPT UNPACKING pc=0x00006ca407da09af sp=0x00006ca3dedfa1c0 mode 0
Event: 0.210 Thread 0x00006ca418419970 DEOPT PACKING pc=0x00006ca40080d6be sp=0x00006ca3dedfb100
Event: 0.210 Thread 0x00006ca418419970 DEOPT UNPACKING pc=0x00006ca407da09af sp=0x00006ca3dedfa598 mode 0
Event: 0.232 Thread 0x00006ca418419970 Uncommon trap: trap_request=0xffffff45 fr.pc=0x00006ca4082f18ac relative=0x0000000000000b4c
Event: 0.232 Thread 0x00006ca418419970 Uncommon trap: reason=unstable_if action=reinterpret pc=0x00006ca4082f18ac method=java.util.HashMap.putVal(ILjava/lang/Object;Ljava/lang/Object;ZZ)Ljava/lang/Object; @ 181 c2
Event: 0.232 Thread 0x00006ca418419970 DEOPT PACKING pc=0x00006ca4082f18ac sp=0x00006ca3dedfa4f0
Event: 0.232 Thread 0x00006ca418419970 DEOPT UNPACKING pc=0x00006ca407da0219 sp=0x00006ca3dedfa4a0 mode 2
Event: 0.259 Thread 0x00006ca418419970 Uncommon trap: trap_request=0xffffff45 fr.pc=0x00006ca4082f330c relative=0x000000000000010c
Event: 0.259 Thread 0x00006ca418419970 Uncommon trap: reason=unstable_if action=reinterpret pc=0x00006ca4082f330c method=jdk.internal.org.objectweb.asm.ByteVector.putShort(I)Ljdk/internal/org/objectweb/asm/ByteVector; @ 13 c2
Event: 0.259 Thread 0x00006ca418419970 DEOPT PACKING pc=0x00006ca4082f330c sp=0x00006ca3dedfad10
Event: 0.259 Thread 0x00006ca418419970 DEOPT UNPACKING pc=0x00006ca407da0219 sp=0x00006ca3dedfacc8 mode 2
Event: 0.271 Thread 0x00006ca418419970 Uncommon trap: trap_request=0xffffff45 fr.pc=0x00006ca4082ed704 relative=0x00000000000004c4
Event: 0.271 Thread 0x00006ca418419970 Uncommon trap: reason=unstable_if action=reinterpret pc=0x00006ca4082ed704 method=java.lang.StringLatin1.replace([BCC)Ljava/lang/String; @ 19 c2
Event: 0.271 Thread 0x00006ca418419970 DEOPT PACKING pc=0x00006ca4082ed704 sp=0x00006ca3dedf9cb0
Event: 0.271 Thread 0x00006ca418419970 DEOPT UNPACKING pc=0x00006ca407da0219 sp=0x00006ca3dedf9c50 mode 2

Classes loaded (20 events):
Event: 0.262 Loading class java/lang/invoke/BoundMethodHandle$Species_LLJLL
Event: 0.262 Loading class java/lang/invoke/BoundMethodHandle$Species_LLJLL done
Event: 0.270 Loading class java/lang/invoke/MethodHandleImpl$CountingWrapper
Event: 0.270 Loading class java/lang/invoke/MethodHandleImpl$CountingWrapper done
Event: 0.276 Loading class jdk/internal/foreign/abi/Binding$BoxAddress
Event: 0.276 Loading class jdk/internal/foreign/abi/Binding$BoxAddress done
Event: 0.277 Loading class java/util/stream/MatchOps$MatchKind
Event: 0.278 Loading class java/util/stream/MatchOps$MatchKind done
Event: 0.278 Loading class java/util/stream/MatchOps
Event: 0.278 Loading class java/util/stream/MatchOps done
Event: 0.278 Loading class java/util/stream/MatchOps$MatchOp
Event: 0.278 Loading class java/util/stream/MatchOps$MatchOp done
Event: 0.278 Loading class java/util/stream/MatchOps$BooleanTerminalSink
Event: 0.278 Loading class java/util/stream/MatchOps$BooleanTerminalSink done
Event: 0.278 Loading class java/util/stream/MatchOps$1MatchSink
Event: 0.279 Loading class java/util/stream/MatchOps$1MatchSink done
Event: 0.283 Loading class jdk/internal/foreign/abi/Binding$Context$4
Event: 0.283 Loading class jdk/internal/foreign/abi/Binding$Context$4 done
Event: 0.283 Loading class java/lang/invoke/ConstantBootstraps
Event: 0.283 Loading class java/lang/invoke/ConstantBootstraps done

Classes unloaded (0 events):
No events

Classes redefined (0 events):
No events

Internal exceptions (20 events):
Event: 0.264 Thread 0x00006ca418419970 Exception <a 'java/lang/NoSuchMethodError'{0x00000006d633bd08}: 'long java.lang.invoke.DelegatingMethodHandle$Holder.reinvoke_L(java.lang.Object, java.lang.Object, java.lang.Object, long)'> (0x00000006d633bd08) 
thrown [/usr/src/debug/java-openjdk/jdk20u-jdk-20.0.2-9/src/hotspot/share/interpreter/linkResolver.cpp, line 772]
Event: 0.265 Thread 0x00006ca418419970 Exception <a 'java/lang/NoSuchMethodError'{0x00000006d635ce08}: 'int java.lang.invoke.DirectMethodHandle$Holder.invokeStaticInit(java.lang.Object, java.lang.Object, java.lang.Object, long)'> (0x00000006d635ce08) 
thrown [/usr/src/debug/java-openjdk/jdk20u-jdk-20.0.2-9/src/hotspot/share/interpreter/linkResolver.cpp, line 772]
Event: 0.266 Thread 0x00006ca418419970 Exception <a 'java/lang/NoSuchMethodError'{0x00000006d6363d58}: 'int java.lang.invoke.DelegatingMethodHandle$Holder.reinvoke_L(java.lang.Object, java.lang.Object, java.lang.Object, long)'> (0x00000006d6363d58) 
thrown [/usr/src/debug/java-openjdk/jdk20u-jdk-20.0.2-9/src/hotspot/share/interpreter/linkResolver.cpp, line 772]
Event: 0.267 Thread 0x00006ca418419970 Exception <a 'java/lang/NoSuchMethodError'{0x00000006d6384398}: 'int java.lang.invoke.DirectMethodHandle$Holder.invokeStatic(java.lang.Object, java.lang.Object, java.lang.Object, java.lang.Object, long)'> (0x00000006d6384398) 
thrown [/usr/src/debug/java-openjdk/jdk20u-jdk-20.0.2-9/src/hotspot/share/interpreter/linkResolver.cpp, line 772]
Event: 0.267 Thread 0x00006ca418419970 Exception <a 'java/lang/NoSuchMethodError'{0x00000006d6387980}: 'int java.lang.invoke.DirectMethodHandle$Holder.invokeStaticInit(java.lang.Object, java.lang.Object, java.lang.Object, java.lang.Object, long)'> (0x00000006d6387980) 
thrown [/usr/src/debug/java-openjdk/jdk20u-jdk-20.0.2-9/src/hotspot/share/interpreter/linkResolver.cpp, line 772]
Event: 0.268 Thread 0x00006ca418419970 Exception <a 'java/lang/NoSuchMethodError'{0x00000006d638eae8}: 'int java.lang.invoke.DelegatingMethodHandle$Holder.reinvoke_L(java.lang.Object, java.lang.Object, java.lang.Object, java.lang.Object, long)'> (0x00000006d638eae8) 
thrown [/usr/src/debug/java-openjdk/jdk20u-jdk-20.0.2-9/src/hotspot/share/interpreter/linkResolver.cpp, line 772]
Event: 0.270 Thread 0x00006ca418419970 Exception <a 'java/lang/NoSuchMethodError'{0x00000006d63b9128}: 'java.lang.Object java.lang.invoke.DelegatingMethodHandle$Holder.delegate(java.lang.Object, int, java.lang.Object, java.lang.Object)'> (0x00000006d63b9128) 
thrown [/usr/src/debug/java-openjdk/jdk20u-jdk-20.0.2-9/src/hotspot/share/interpreter/linkResolver.cpp, line 772]
Event: 0.271 Thread 0x00006ca418419970 Exception <a 'java/lang/NoSuchMethodError'{0x00000006d63c8490}: 'int java.lang.invoke.Invokers$Holder.linkToTargetMethod(java.lang.Object, java.lang.Object, java.lang.Object)'> (0x00000006d63c8490) 
thrown [/usr/src/debug/java-openjdk/jdk20u-jdk-20.0.2-9/src/hotspot/share/interpreter/linkResolver.cpp, line 772]
Event: 0.273 Thread 0x00006ca418419970 Exception <a 'java/lang/NoSuchMethodError'{0x00000006d63da4a0}: 'int java.lang.invoke.DirectMethodHandle$Holder.invokeStaticInit(java.lang.Object, java.lang.Object, java.lang.Object, int, long)'> (0x00000006d63da4a0) 
thrown [/usr/src/debug/java-openjdk/jdk20u-jdk-20.0.2-9/src/hotspot/share/interpreter/linkResolver.cpp, line 772]
Event: 0.273 Thread 0x00006ca418419970 Exception <a 'java/lang/NoSuchMethodError'{0x00000006d63e14b8}: 'int java.lang.invoke.DelegatingMethodHandle$Holder.reinvoke_L(java.lang.Object, java.lang.Object, java.lang.Object, int, long)'> (0x00000006d63e14b8) 
thrown [/usr/src/debug/java-openjdk/jdk20u-jdk-20.0.2-9/src/hotspot/share/interpreter/linkResolver.cpp, line 772]
Event: 0.274 Thread 0x00006ca418419970 Exception <a 'java/lang/NoSuchMethodError'{0x00000006d6002d20}: 'int java.lang.invoke.DirectMethodHandle$Holder.invokeStatic(java.lang.Object, java.lang.Object, java.lang.Object, java.lang.Object, int, long)'> (0x00000006d6002d20) 
thrown [/usr/src/debug/java-openjdk/jdk20u-jdk-20.0.2-9/src/hotspot/share/interpreter/linkResolver.cpp, line 772]
Event: 0.275 Thread 0x00006ca418419970 Exception <a 'java/lang/NoSuchMethodError'{0x00000006d6006358}: 'int java.lang.invoke.DirectMethodHandle$Holder.invokeStaticInit(java.lang.Object, java.lang.Object, java.lang.Object, java.lang.Object, int, long)'> (0x00000006d6006358) 
thrown [/usr/src/debug/java-openjdk/jdk20u-jdk-20.0.2-9/src/hotspot/share/interpreter/linkResolver.cpp, line 772]
Event: 0.275 Thread 0x00006ca418419970 Exception <a 'java/lang/NoSuchMethodError'{0x00000006d600d5a0}: 'int java.lang.invoke.DelegatingMethodHandle$Holder.reinvoke_L(java.lang.Object, java.lang.Object, java.lang.Object, java.lang.Object, int, long)'> (0x00000006d600d5a0) 
thrown [/usr/src/debug/java-openjdk/jdk20u-jdk-20.0.2-9/src/hotspot/share/interpreter/linkResolver.cpp, line 772]
Event: 0.279 Thread 0x00006ca418419970 Exception <a 'java/lang/NoSuchMethodError'{0x00000006d6040210}: 'java.lang.Object java.lang.invoke.DirectMethodHandle$Holder.invokeStaticInit(java.lang.Object, java.lang.Object, java.lang.Object, java.lang.Object, int, int, long)'> (0x00000006d6040210) 
thrown [/usr/src/debug/java-openjdk/jdk20u-jdk-20.0.2-9/src/hotspot/share/interpreter/linkResolver.cpp, line 772]
Event: 0.279 Thread 0x00006ca418419970 Exception <a 'java/lang/NoSuchMethodError'{0x00000006d6047618}: 'java.lang.Object java.lang.invoke.DelegatingMethodHandle$Holder.reinvoke_L(java.lang.Object, java.lang.Object, java.lang.Object, java.lang.Object, int, int, long)'> (0x00000006d6047618) 
thrown [/usr/src/debug/java-openjdk/jdk20u-jdk-20.0.2-9/src/hotspot/share/interpreter/linkResolver.cpp, line 772]
Event: 0.281 Thread 0x00006ca418419970 Exception <a 'java/lang/NoSuchMethodError'{0x00000006d6073db8}: 'int java.lang.invoke.DirectMethodHandle$Holder.invokeStaticInit(java.lang.Object, java.lang.Object, java.lang.Object, java.lang.Object, long, java.lang.Object, java.lang.Object, long)'> (0x00000006d6073db8) 
thrown [/usr/src/debug/java-openjdk/jdk20u-jdk-20.0.2-9/src/hotspot/share/interpreter/linkResolver.cpp, line 772]
Event: 0.282 Thread 0x00006ca418419970 Exception <a 'java/lang/NoSuchMethodError'{0x00000006d607b560}: 'int java.lang.invoke.DelegatingMethodHandle$Holder.reinvoke_L(java.lang.Object, java.lang.Object, java.lang.Object, java.lang.Object, long, java.lang.Object, java.lang.Object, long)'> (0x00000006d607b560) 
thrown [/usr/src/debug/java-openjdk/jdk20u-jdk-20.0.2-9/src/hotspot/share/interpreter/linkResolver.cpp, line 772]
Event: 0.282 Thread 0x00006ca418419970 Exception <a 'java/lang/NoSuchMethodError'{0x00000006d60918b8}: 'java.lang.Object java.lang.invoke.DirectMethodHandle$Holder.invokeSpecial(java.lang.Object, java.lang.Object, java.lang.Object, int, int)'> (0x00000006d60918b8) 
thrown [/usr/src/debug/java-openjdk/jdk20u-jdk-20.0.2-9/src/hotspot/share/interpreter/linkResolver.cpp, line 772]
Event: 0.283 Thread 0x00006ca418419970 Exception <a 'java/lang/NoSuchMethodError'{0x00000006d6098938}: 'java.lang.Object java.lang.invoke.Invokers$Holder.invoke_MT(java.lang.Object, java.lang.Object, java.lang.Object, java.lang.Object, java.lang.Object)'> (0x00000006d6098938) 
thrown [/usr/src/debug/java-openjdk/jdk20u-jdk-20.0.2-9/src/hotspot/share/interpreter/linkResolver.cpp, line 772]
Event: 0.284 Thread 0x00006ca418419970 Exception <a 'java/lang/NoSuchMethodError'{0x00000006d60a3348}: 'int java.lang.invoke.DirectMethodHandle$Holder.invokeSpecial(java.lang.Object, java.lang.Object, java.lang.Object, long, java.lang.Object, java.lang.Object)'> (0x00000006d60a3348) 
thrown [/usr/src/debug/java-openjdk/jdk20u-jdk-20.0.2-9/src/hotspot/share/interpreter/linkResolver.cpp, line 772]

VM Operations (6 events):
Event: 0.088 Executing VM operation: HandshakeAllThreads
Event: 0.088 Executing VM operation: HandshakeAllThreads done
Event: 0.148 Executing VM operation: HandshakeAllThreads
Event: 0.148 Executing VM operation: HandshakeAllThreads done
Event: 0.163 Executing VM operation: HandshakeAllThreads
Event: 0.163 Executing VM operation: HandshakeAllThreads done

Events (20 events):
Event: 0.027 Thread 0x00006ca4181f8180 Thread added: 0x00006ca4181f8180
Event: 0.027 Protecting memory [0x00006ca3df700000,0x00006ca3df704000] with protection modes 0
Event: 0.028 Thread 0x00006ca4181f9c00 Thread added: 0x00006ca4181f9c00
Event: 0.028 Protecting memory [0x00006ca3df600000,0x00006ca3df604000] with protection modes 0
Event: 0.028 Thread 0x00006ca4181fafc0 Thread added: 0x00006ca4181fafc0
Event: 0.028 Protecting memory [0x00006ca3df500000,0x00006ca3df504000] with protection modes 0
Event: 0.028 Thread 0x00006ca4181fc370 Thread added: 0x00006ca4181fc370
Event: 0.028 Protecting memory [0x00006ca3df400000,0x00006ca3df404000] with protection modes 0
Event: 0.028 Thread 0x00006ca4181fdd90 Thread added: 0x00006ca4181fdd90
Event: 0.028 Protecting memory [0x00006ca3df300000,0x00006ca3df304000] with protection modes 0
Event: 0.028 Thread 0x00006ca4181ff2e0 Thread added: 0x00006ca4181ff2e0
Event: 0.029 Protecting memory [0x00006ca3df200000,0x00006ca3df204000] with protection modes 0
Event: 0.044 Thread 0x00006ca4182691f0 Thread added: 0x00006ca4182691f0
Event: 0.044 Protecting memory [0x00006ca3df100000,0x00006ca3df104000] with protection modes 0
Event: 0.097 Thread 0x00006ca418326030 Thread added: 0x00006ca418326030
Event: 0.097 Protecting memory [0x00006ca3df000000,0x00006ca3df004000] with protection modes 0
Event: 0.135 Thread 0x00006ca3b80ecb30 Thread added: 0x00006ca3b80ecb30
Event: 0.135 Protecting memory [0x00006ca3dedfe000,0x00006ca3dee02000] with protection modes 0
Event: 0.196 Thread 0x00006ca418419970 Thread added: 0x00006ca418419970
Event: 0.196 Protecting memory [0x00006ca3decfe000,0x00006ca3ded02000] with protection modes 0


Dynamic libraries:
6c7200000-6d6c00000 rw-p 00000000 00:00 0 
6d6c00000-7c0000000 ---p 00000000 00:00 0 
7c0000000-7c0010000 rw-p 00000000 00:00 0 
7c0010000-7c0030000 rw-p 00000000 00:00 0 
7c0030000-7c0090000 rw-p 00000000 00:00 0 
7c0090000-7c00b0000 rw-p 00000000 00:00 0 
7c00b0000-7c0130000 rw-p 00000000 00:00 0 
7c0130000-7c0140000 ---p 00000000 00:00 0 
7c0140000-7c0160000 rw-p 00000000 00:00 0 
7c0160000-800000000 ---p 00000000 00:00 0 
9105f7000-9105f8000 r--p 00000000 08:03 18509904                         /usr/lib/jvm/java-20-openjdk/bin/java
9105f8000-9105f9000 r-xp 00001000 08:03 18509904                         /usr/lib/jvm/java-20-openjdk/bin/java
9105f9000-9105fa000 r--p 00002000 08:03 18509904                         /usr/lib/jvm/java-20-openjdk/bin/java
9105fa000-9105fb000 r--p 00002000 08:03 18509904                         /usr/lib/jvm/java-20-openjdk/bin/java
9105fb000-9105fc000 rw-p 00003000 08:03 18509904                         /usr/lib/jvm/java-20-openjdk/bin/java
94e693000-94e6db000 rw-p 00000000 00:00 0                                [heap]
6ca3a8000000-6ca3a8331000 rw-p 00000000 00:00 0 
6ca3a8331000-6ca3ac000000 ---p 00000000 00:00 0 
6ca3ac000000-6ca3ac14b000 rw-p 00000000 00:00 0 
6ca3ac14b000-6ca3b0000000 ---p 00000000 00:00 0 
6ca3b0000000-6ca3b0021000 rw-p 00000000 00:00 0 
6ca3b0021000-6ca3b4000000 ---p 00000000 00:00 0 
6ca3b4000000-6ca3b4021000 rw-p 00000000 00:00 0 
6ca3b4021000-6ca3b8000000 ---p 00000000 00:00 0 
6ca3b8000000-6ca3b822e000 rw-p 00000000 00:00 0 
6ca3b822e000-6ca3bc000000 ---p 00000000 00:00 0 
6ca3bc000000-6ca3bc021000 rw-p 00000000 00:00 0 
6ca3bc021000-6ca3c0000000 ---p 00000000 00:00 0 
6ca3c0000000-6ca3c0021000 rw-p 00000000 00:00 0 
6ca3c0021000-6ca3c4000000 ---p 00000000 00:00 0 
6ca3c4000000-6ca3c41f9000 rw-p 00000000 00:00 0 
6ca3c41f9000-6ca3c8000000 ---p 00000000 00:00 0 
6ca3c8000000-6ca3c8021000 rw-p 00000000 00:00 0 
6ca3c8021000-6ca3cc000000 ---p 00000000 00:00 0 
6ca3cc000000-6ca3cc021000 rw-p 00000000 00:00 0 
6ca3cc021000-6ca3d0000000 ---p 00000000 00:00 0 
6ca3d0000000-6ca3d0021000 rw-p 00000000 00:00 0 
6ca3d0021000-6ca3d4000000 ---p 00000000 00:00 0 
6ca3d4000000-6ca3d4021000 rw-p 00000000 00:00 0 
6ca3d4021000-6ca3d8000000 ---p 00000000 00:00 0 
6ca3d8000000-6ca3d8021000 rw-p 00000000 00:00 0 
6ca3d8021000-6ca3dc000000 ---p 00000000 00:00 0 
6ca3decfe000-6ca3ded02000 ---p 00000000 00:00 0 
6ca3ded02000-6ca3dedfe000 rw-p 00000000 00:00 0 
6ca3dedfe000-6ca3dee02000 ---p 00000000 00:00 0 
6ca3dee02000-6ca3deefe000 rw-p 00000000 00:00 0 
6ca3deefe000-6ca3deeff000 ---p 00000000 00:00 0 
6ca3deeff000-6ca3df000000 rw-p 00000000 00:00 0 
6ca3df000000-6ca3df004000 ---p 00000000 00:00 0 
6ca3df004000-6ca3df100000 rw-p 00000000 00:00 0 
6ca3df100000-6ca3df104000 ---p 00000000 00:00 0 
6ca3df104000-6ca3df200000 rw-p 00000000 00:00 0 
6ca3df200000-6ca3df204000 ---p 00000000 00:00 0 
6ca3df204000-6ca3df300000 rw-p 00000000 00:00 0 
6ca3df300000-6ca3df304000 ---p 00000000 00:00 0 
6ca3df304000-6ca3df400000 rw-p 00000000 00:00 0 
6ca3df400000-6ca3df404000 ---p 00000000 00:00 0 
6ca3df404000-6ca3df500000 rw-p 00000000 00:00 0 
6ca3df500000-6ca3df504000 ---p 00000000 00:00 0 
6ca3df504000-6ca3df600000 rw-p 00000000 00:00 0 
6ca3df600000-6ca3df604000 ---p 00000000 00:00 0 
6ca3df604000-6ca3df700000 rw-p 00000000 00:00 0 
6ca3df700000-6ca3df704000 ---p 00000000 00:00 0 
6ca3df704000-6ca3df800000 rw-p 00000000 00:00 0 
6ca3df800000-6ca3dfbe4000 r--p 00000000 08:03 18400002                   /usr/lib/locale/locale-archive
6ca3dfc00000-6ca3dfff0000 rw-p 00000000 00:00 0 
6ca3dfff0000-6ca3e0010000 rw-p 00000000 00:00 0 
6ca3e0010000-6ca3e0030000 rw-p 00000000 00:00 0 
6ca3e0030000-6ca3e0070000 rw-p 00000000 00:00 0 
6ca3e0070000-6ca3e00f0000 rw-p 00000000 00:00 0 
6ca3e00f0000-6ca3e02f0000 rw-p 00000000 00:00 0 
6ca3e02f0000-6ca3e0310000 rw-p 00000000 00:00 0 
6ca3e0310000-6ca3e0330000 rw-p 00000000 00:00 0 
6ca3e0330000-6ca3e0370000 rw-p 00000000 00:00 0 
6ca3e0370000-6ca3e04f0000 rw-p 00000000 00:00 0 
6ca3e04f0000-6ca3e0570000 rw-p 00000000 00:00 0 
6ca3e0570000-6ca3e0650000 rw-p 00000000 00:00 0 
6ca3e0650000-6ca3e0700000 ---p 00000000 00:00 0 
6ca3e0700000-6ca3e0740000 rw-p 00000000 00:00 0 
6ca3e0740000-6ca3e3c00000 ---p 00000000 00:00 0 
6ca3e3cac000-6ca3e3cb0000 ---p 00000000 00:00 0 
6ca3e3cb0000-6ca3e3dac000 rw-p 00000000 00:00 0 
6ca3e3dac000-6ca3e3dad000 ---p 00000000 00:00 0 
6ca3e3dad000-6ca3e3eae000 rw-p 00000000 00:00 0 
6ca3e3eae000-6ca3e3eb3000 r--p 00000000 08:03 18760237                   /usr/lib/jvm/java-20-openjdk/lib/libjsvml.so
6ca3e3eb3000-6ca3e3ef4000 r-xp 00005000 08:03 18760237                   /usr/lib/jvm/java-20-openjdk/lib/libjsvml.so
6ca3e3ef4000-6ca3e3f7d000 r--p 00046000 08:03 18760237                   /usr/lib/jvm/java-20-openjdk/lib/libjsvml.so
6ca3e3f7d000-6ca3e3f7e000 r--p 000ce000 08:03 18760237                   /usr/lib/jvm/java-20-openjdk/lib/libjsvml.so
6ca3e3f7e000-6ca3e3f7f000 rw-p 000cf000 08:03 18760237                   /usr/lib/jvm/java-20-openjdk/lib/libjsvml.so
6ca3e3f7f000-6ca3e4021000 rw-p 00000000 00:00 0 
6ca3e4021000-6ca3e8000000 ---p 00000000 00:00 0 
6ca3e8000000-6ca3e8021000 rw-p 00000000 00:00 0 
6ca3e8021000-6ca3ec000000 ---p 00000000 00:00 0 
6ca3ec000000-6ca3ec021000 rw-p 00000000 00:00 0 
6ca3ec021000-6ca3f0000000 ---p 00000000 00:00 0 
6ca3f0000000-6ca3f0021000 rw-p 00000000 00:00 0 
6ca3f0021000-6ca3f4000000 ---p 00000000 00:00 0 
6ca3f4000000-6ca3f4021000 rw-p 00000000 00:00 0 
6ca3f4021000-6ca3f8000000 ---p 00000000 00:00 0 
6ca3f805c000-6ca3f805d000 ---p 00000000 00:00 0 
6ca3f805d000-6ca3f815e000 rw-p 00000000 00:00 0 
6ca3f815e000-6ca3f815f000 ---p 00000000 00:00 0 
6ca3f815f000-6ca3fac6a000 rw-p 00000000 00:00 0 
6ca3fac6a000-6ca3fac6b000 ---p 00000000 00:00 0 
6ca3fac6b000-6ca3fad6c000 rw-p 00000000 00:00 0 
6ca3fad6c000-6ca3fad6d000 ---p 00000000 00:00 0 
6ca3fad6d000-6ca3fae6e000 rw-p 00000000 00:00 0 
6ca3fae6e000-6ca3fae6f000 ---p 00000000 00:00 0 
6ca3fae6f000-6ca3fb358000 rw-p 00000000 00:00 0 
6ca3fb358000-6ca3feda8000 ---p 00000000 00:00 0 
6ca3feda8000-6ca3fee25000 rw-p 00000000 00:00 0 
6ca3fee25000-6ca3ff56f000 ---p 00000000 00:00 0 
6ca3ff56f000-6ca3ff5ec000 rw-p 00000000 00:00 0 
6ca3ff5ec000-6ca3ffd36000 ---p 00000000 00:00 0 
6ca3ffd36000-6ca3ffdb3000 rw-p 00000000 00:00 0 
6ca3ffdb3000-6ca4004fd000 ---p 00000000 00:00 0 
6ca4004fd000-6ca400800000 rw-p 00000000 00:00 0 
6ca400800000-6ca400a70000 rwxp 00000000 00:00 0 
6ca400a70000-6ca407d37000 ---p 00000000 00:00 0 
6ca407d37000-6ca407fa7000 rwxp 00000000 00:00 0 
6ca407fa7000-6ca4082c9000 ---p 00000000 00:00 0 
6ca4082c9000-6ca408539000 rwxp 00000000 00:00 0 
6ca408539000-6ca40f800000 ---p 00000000 00:00 0 
6ca40f800000-6ca417f49000 r--s 00000000 08:03 18760251                   /usr/lib/jvm/java-20-openjdk/lib/modules
6ca417f64000-6ca418423000 rw-p 00000000 00:00 0 
6ca418423000-6ca41c000000 ---p 00000000 00:00 0 
6ca41c00e000-6ca41c71a000 rw-p 00000000 00:00 0 
6ca41c71a000-6ca41c800000 ---p 00000000 00:00 0 
6ca41c800000-6ca41c89c000 r--p 00000000 08:03 18400005                   /usr/lib/libstdc++.so.6.0.32
6ca41c89c000-6ca41c9d3000 r-xp 0009c000 08:03 18400005                   /usr/lib/libstdc++.so.6.0.32
6ca41c9d3000-6ca41ca69000 r--p 001d3000 08:03 18400005                   /usr/lib/libstdc++.so.6.0.32
6ca41ca69000-6ca41ca76000 r--p 00269000 08:03 18400005                   /usr/lib/libstdc++.so.6.0.32
6ca41ca76000-6ca41ca77000 rw-p 00276000 08:03 18400005                   /usr/lib/libstdc++.so.6.0.32
6ca41ca77000-6ca41ca7b000 rw-p 00000000 00:00 0 
6ca41ca7b000-6ca41ca7f000 r--p 00000000 08:11 48506439                   /data/git/PatrFileSys/pfs-core/exports/shared/libpfs-core.so
6ca41ca7f000-6ca41ca8e000 r-xp 00004000 08:11 48506439                   /data/git/PatrFileSys/pfs-core/exports/shared/libpfs-core.so
6ca41ca8e000-6ca41ca92000 r--p 00013000 08:11 48506439                   /data/git/PatrFileSys/pfs-core/exports/shared/libpfs-core.so
6ca41ca92000-6ca41ca93000 r--p 00016000 08:11 48506439                   /data/git/PatrFileSys/pfs-core/exports/shared/libpfs-core.so
6ca41ca93000-6ca41ca94000 rw-p 00017000 08:11 48506439                   /data/git/PatrFileSys/pfs-core/exports/shared/libpfs-core.so
6ca41ca94000-6ca41cb1a000 rw-p 00000000 00:00 0 
6ca41cb1a000-6ca41cc00000 ---p 00000000 00:00 0 
6ca41cc00000-6ca41ce8d000 r--p 00000000 08:03 19401371                   /usr/lib/jvm/java-20-openjdk/lib/server/libjvm.so
6ca41ce8d000-6ca41dc7e000 r-xp 0028d000 08:03 19401371                   /usr/lib/jvm/java-20-openjdk/lib/server/libjvm.so
6ca41dc7e000-6ca41df2a000 r--p 0107e000 08:03 19401371                   /usr/lib/jvm/java-20-openjdk/lib/server/libjvm.so
6ca41df2a000-6ca41dff6000 r--p 0132a000 08:03 19401371                   /usr/lib/jvm/java-20-openjdk/lib/server/libjvm.so
6ca41dff6000-6ca41e02c000 rw-p 013f6000 08:03 19401371                   /usr/lib/jvm/java-20-openjdk/lib/server/libjvm.so
6ca41e02c000-6ca41e08c000 rw-p 00000000 00:00 0 
6ca41e09c000-6ca41e09e000 r--p 00000000 08:03 18760250                   /usr/lib/jvm/java-20-openjdk/lib/libzip.so
6ca41e09e000-6ca41e0a2000 r-xp 00002000 08:03 18760250                   /usr/lib/jvm/java-20-openjdk/lib/libzip.so
6ca41e0a2000-6ca41e0a4000 r--p 00006000 08:03 18760250                   /usr/lib/jvm/java-20-openjdk/lib/libzip.so
6ca41e0a4000-6ca41e0a5000 r--p 00007000 08:03 18760250                   /usr/lib/jvm/java-20-openjdk/lib/libzip.so
6ca41e0a5000-6ca41e0a6000 rw-p 00008000 08:03 18760250                   /usr/lib/jvm/java-20-openjdk/lib/libzip.so
6ca41e0a6000-6ca41e0a9000 r--p 00000000 08:03 18760243                   /usr/lib/jvm/java-20-openjdk/lib/libnet.so
6ca41e0a9000-6ca41e0b0000 r-xp 00003000 08:03 18760243                   /usr/lib/jvm/java-20-openjdk/lib/libnet.so
6ca41e0b0000-6ca41e0b2000 r--p 0000a000 08:03 18760243                   /usr/lib/jvm/java-20-openjdk/lib/libnet.so
6ca41e0b2000-6ca41e0b3000 r--p 0000b000 08:03 18760243                   /usr/lib/jvm/java-20-openjdk/lib/libnet.so
6ca41e0b3000-6ca41e0b4000 rw-p 0000c000 08:03 18760243                   /usr/lib/jvm/java-20-openjdk/lib/libnet.so
6ca41e0b4000-6ca41e0c1000 r--p 00000000 08:03 18760231                   /usr/lib/jvm/java-20-openjdk/lib/libjava.so
6ca41e0c1000-6ca41e0d2000 r-xp 0000d000 08:03 18760231                   /usr/lib/jvm/java-20-openjdk/lib/libjava.so
6ca41e0d2000-6ca41e0d8000 r--p 0001e000 08:03 18760231                   /usr/lib/jvm/java-20-openjdk/lib/libjava.so
6ca41e0d8000-6ca41e0d9000 r--p 00024000 08:03 18760231                   /usr/lib/jvm/java-20-openjdk/lib/libjava.so
6ca41e0d9000-6ca41e0da000 rw-p 00025000 08:03 18760231                   /usr/lib/jvm/java-20-openjdk/lib/libjava.so
6ca41e0da000-6ca41e0db000 rw-p 00000000 00:00 0 
6ca41e0db000-6ca41e0df000 ---p 00000000 00:00 0 
6ca41e0df000-6ca41e1db000 rw-p 00000000 00:00 0 
6ca41e1db000-6ca41e1df000 r--p 00000000 08:03 18354241                   /usr/lib/libgcc_s.so.1
6ca41e1df000-6ca41e1fa000 r-xp 00004000 08:03 18354241                   /usr/lib/libgcc_s.so.1
6ca41e1fa000-6ca41e1fe000 r--p 0001f000 08:03 18354241                   /usr/lib/libgcc_s.so.1
6ca41e1fe000-6ca41e1ff000 r--p 00022000 08:03 18354241                   /usr/lib/libgcc_s.so.1
6ca41e1ff000-6ca41e200000 rw-p 00023000 08:03 18354241                   /usr/lib/libgcc_s.so.1
6ca41e200000-6ca41e226000 r--p 00000000 08:03 18353467                   /usr/lib/libc.so.6
6ca41e226000-6ca41e385000 r-xp 00026000 08:03 18353467                   /usr/lib/libc.so.6
6ca41e385000-6ca41e3da000 r--p 00185000 08:03 18353467                   /usr/lib/libc.so.6
6ca41e3da000-6ca41e43e000 r--p 001d9000 08:03 18353467                   /usr/lib/libc.so.6
6ca41e43e000-6ca41e440000 rw-p 0023d000 08:03 18353467                   /usr/lib/libc.so.6
6ca41e440000-6ca41e44d000 rw-p 00000000 00:00 0 
6ca41e451000-6ca41e458000 r--p 00000000 08:03 18760244                   /usr/lib/jvm/java-20-openjdk/lib/libnio.so
6ca41e458000-6ca41e460000 r-xp 00007000 08:03 18760244                   /usr/lib/jvm/java-20-openjdk/lib/libnio.so
6ca41e460000-6ca41e464000 r--p 0000f000 08:03 18760244                   /usr/lib/jvm/java-20-openjdk/lib/libnio.so
6ca41e464000-6ca41e465000 r--p 00013000 08:03 18760244                   /usr/lib/jvm/java-20-openjdk/lib/libnio.so
6ca41e465000-6ca41e466000 rw-p 00014000 08:03 18760244                   /usr/lib/jvm/java-20-openjdk/lib/libnio.so
6ca41e466000-6ca41e476000 r--p 00000000 08:03 18353489                   /usr/lib/libm.so.6
6ca41e476000-6ca41e4f5000 r-xp 00010000 08:03 18353489                   /usr/lib/libm.so.6
6ca41e4f5000-6ca41e551000 r--p 0008f000 08:03 18353489                   /usr/lib/libm.so.6
6ca41e551000-6ca41e552000 r--p 000ea000 08:03 18353489                   /usr/lib/libm.so.6
6ca41e552000-6ca41e553000 rw-p 000eb000 08:03 18353489                   /usr/lib/libm.so.6
6ca41e553000-6ca41e556000 rw-p 00000000 00:00 0 
6ca41e556000-6ca41e559000 r--p 00000000 08:03 18353482                   /usr/lib/libz.so.1.3
6ca41e559000-6ca41e567000 r-xp 00003000 08:03 18353482                   /usr/lib/libz.so.1.3
6ca41e567000-6ca41e56e000 r--p 00011000 08:03 18353482                   /usr/lib/libz.so.1.3
6ca41e56e000-6ca41e56f000 r--p 00017000 08:03 18353482                   /usr/lib/libz.so.1.3
6ca41e56f000-6ca41e570000 rw-p 00018000 08:03 18353482                   /usr/lib/libz.so.1.3
6ca41e579000-6ca41e57e000 rw-p 00000000 00:00 0 
6ca41e57e000-6ca41e585000 ---p 00000000 00:00 0 
6ca41e585000-6ca41e58d000 rw-s 00000000 00:21 354                        /tmp/hsperfdata_pat/33293
6ca41e58d000-6ca41e58e000 ---p 00000000 00:00 0 
6ca41e58e000-6ca41e58f000 r--p 00000000 00:00 0 
6ca41e58f000-6ca41e590000 ---p 00000000 00:00 0 
6ca41e590000-6ca41e592000 r--p 00000000 08:03 18760234                   /usr/lib/jvm/java-20-openjdk/lib/libjimage.so
6ca41e592000-6ca41e595000 r-xp 00002000 08:03 18760234                   /usr/lib/jvm/java-20-openjdk/lib/libjimage.so
6ca41e595000-6ca41e596000 r--p 00005000 08:03 18760234                   /usr/lib/jvm/java-20-openjdk/lib/libjimage.so
6ca41e596000-6ca41e597000 r--p 00006000 08:03 18760234                   /usr/lib/jvm/java-20-openjdk/lib/libjimage.so
6ca41e597000-6ca41e598000 rw-p 00007000 08:03 18760234                   /usr/lib/jvm/java-20-openjdk/lib/libjimage.so
6ca41e598000-6ca41e59a000 r--p 00000000 08:03 18760235                   /usr/lib/jvm/java-20-openjdk/lib/libjli.so
6ca41e59a000-6ca41e5a4000 r-xp 00002000 08:03 18760235                   /usr/lib/jvm/java-20-openjdk/lib/libjli.so
6ca41e5a4000-6ca41e5a7000 r--p 0000c000 08:03 18760235                   /usr/lib/jvm/java-20-openjdk/lib/libjli.so
6ca41e5a7000-6ca41e5a8000 r--p 0000e000 08:03 18760235                   /usr/lib/jvm/java-20-openjdk/lib/libjli.so
6ca41e5a8000-6ca41e5a9000 rw-p 0000f000 08:03 18760235                   /usr/lib/jvm/java-20-openjdk/lib/libjli.so
6ca41e5a9000-6ca41e5ab000 rw-p 00000000 00:00 0 
6ca41e5ab000-6ca41e5af000 r--p 00000000 00:00 0                          [vvar]
6ca41e5af000-6ca41e5b1000 r-xp 00000000 00:00 0                          [vdso]
6ca41e5b1000-6ca41e5b2000 r--p 00000000 08:03 18353447                   /usr/lib/ld-linux-x86-64.so.2
6ca41e5b2000-6ca41e5d8000 r-xp 00001000 08:03 18353447                   /usr/lib/ld-linux-x86-64.so.2
6ca41e5d8000-6ca41e5e2000 r--p 00027000 08:03 18353447                   /usr/lib/ld-linux-x86-64.so.2
6ca41e5e2000-6ca41e5e4000 r--p 00031000 08:03 18353447                   /usr/lib/ld-linux-x86-64.so.2
6ca41e5e4000-6ca41e5e6000 rw-p 00033000 08:03 18353447                   /usr/lib/ld-linux-x86-64.so.2
734ab4aaf000-734ab4ad1000 rw-p 00000000 00:00 0                          [stack]


VM Arguments:
jvm_args: --enable-native-access=de.hechler.patrick.zeugs.pfs -Dfile.encoding=UTF-8 --module-path=/data/git/PatrFileSys/javaPFS/target/classes --enable-preview -XX:+ShowCodeDetailsInExceptionMessages --patch-module=de.hechler.patrick.zeugs.pfs=/data/git/PatrFileSys/javaPFS/target/test-classes --add-reads=de.hechler.patrick.zeugs.pfs=ALL-UNNAMED --add-reads=de.hechler.patrick.zeugs.check=ALL-UNNAMED -Djdk.module.main=de.hechler.patrick.zeugs.pfs 
java_command: de.hechler.patrick.zeugs.pfs/de.hechler.patrick.zeugs.pfs.Test
java_class_path (initial): /data/git/Checker/target/classes
Launcher Type: SUN_STANDARD

[Global flags]
     intx CICompilerCount                          = 4                                         {product} {ergonomic}
     uint ConcGCThreads                            = 3                                         {product} {ergonomic}
     uint G1ConcRefinementThreads                  = 10                                        {product} {ergonomic}
   size_t G1HeapRegionSize                         = 2097152                                   {product} {ergonomic}
    uintx GCDrainStackTargetSize                   = 64                                        {product} {ergonomic}
   size_t InitialHeapSize                          = 262144000                                 {product} {ergonomic}
   size_t MarkStackSize                            = 4194304                                   {product} {ergonomic}
   size_t MaxHeapSize                              = 4175429632                                {product} {ergonomic}
   size_t MaxNewSize                               = 2503999488                                {product} {ergonomic}
   size_t MinHeapDeltaBytes                        = 2097152                                   {product} {ergonomic}
   size_t MinHeapSize                              = 8388608                                   {product} {ergonomic}
    uintx NonNMethodCodeHeapSize                   = 5839372                                {pd product} {ergonomic}
    uintx NonProfiledCodeHeapSize                  = 122909434                              {pd product} {ergonomic}
    uintx ProfiledCodeHeapSize                     = 122909434                              {pd product} {ergonomic}
    uintx ReservedCodeCacheSize                    = 251658240                              {pd product} {ergonomic}
     bool SegmentedCodeCache                       = true                                      {product} {ergonomic}
     bool ShowCodeDetailsInExceptionMessages       = true                                   {manageable} {command line}
   size_t SoftMaxHeapSize                          = 4175429632                             {manageable} {ergonomic}
     bool UseCompressedClassPointers               = true                           {product lp64_product} {ergonomic}
     bool UseCompressedOops                        = true                           {product lp64_product} {ergonomic}
     bool UseG1GC                                  = true                                      {product} {ergonomic}

Logging:
Log output configuration:
 #0: stdout all=warning uptime,level,tags foldmultilines=false
 #1: stderr all=off uptime,level,tags foldmultilines=false

Environment Variables:
PATH=/usr/local/sbin:/usr/local/bin:/usr/bin:/usr/lib/jvm/default/bin:/usr/bin/site_perl:/usr/bin/vendor_perl:/usr/bin/core_perl
SHELL=/bin/zsh
DISPLAY=:0
LANG=en_US.UTF-8
LC_TIME=de_DE.UTF-8

Active Locale:
LC_ALL=LC_CTYPE=en_US.UTF-8;LC_NUMERIC=en_US.UTF-8;LC_TIME=de_DE.UTF-8;LC_COLLATE=de_DE.UTF-8;LC_MONETARY=de_DE.UTF-8;LC_MESSAGES=en_US.UTF-8;LC_PAPER=en_US.UTF-8;LC_NAME=en_US.UTF-8;LC_ADDRESS=en_US.UTF-8;LC_TELEPHONE=en_US.UTF-8;LC_MEASUREMENT=de_DE.UTF-8;LC_IDENTIFICATION=en_US.UTF-8
LC_COLLATE=de_DE.UTF-8
LC_CTYPE=en_US.UTF-8
LC_MESSAGES=en_US.UTF-8
LC_MONETARY=de_DE.UTF-8
LC_NUMERIC=en_US.UTF-8
LC_TIME=de_DE.UTF-8

Signal Handlers:
   SIGSEGV: 0x00006ca41dbfc7c0 in libjvm.so+16762816, mask=11100100010111111101111111111110, flags=SA_RESTART|SA_SIGINFO, unblocked
    SIGBUS: 0x00006ca41dbfc7c0 in libjvm.so+16762816, mask=11100100010111111101111111111110, flags=SA_RESTART|SA_SIGINFO, unblocked
    SIGFPE: 0x00006ca41dbfc7c0 in libjvm.so+16762816, mask=11100100010111111101111111111110, flags=SA_RESTART|SA_SIGINFO, unblocked
   SIGPIPE: 0x00006ca41da638a0 in libjvm.so+15087776, mask=11100100010111111101111111111110, flags=SA_RESTART|SA_SIGINFO, blocked
   SIGXFSZ: 0x00006ca41da638a0 in libjvm.so+15087776, mask=11100100010111111101111111111110, flags=SA_RESTART|SA_SIGINFO, blocked
    SIGILL: 0x00006ca41dbfc7c0 in libjvm.so+16762816, mask=11100100010111111101111111111110, flags=SA_RESTART|SA_SIGINFO, unblocked
   SIGUSR2: 0x00006ca41da65090 in libjvm.so+15093904, mask=00100000000000000000000000000000, flags=SA_RESTART|SA_SIGINFO, blocked
    SIGHUP: 0x00006ca41da62cf0 in libjvm.so+15084784, mask=11100100010111111101111111111110, flags=SA_RESTART|SA_SIGINFO, blocked
    SIGINT: 0x00006ca41da62cf0 in libjvm.so+15084784, mask=11100100010111111101111111111110, flags=SA_RESTART|SA_SIGINFO, blocked
   SIGTERM: 0x00006ca41da62cf0 in libjvm.so+15084784, mask=11100100010111111101111111111110, flags=SA_RESTART|SA_SIGINFO, blocked
   SIGQUIT: 0x00006ca41da62cf0 in libjvm.so+15084784, mask=11100100010111111101111111111110, flags=SA_RESTART|SA_SIGINFO, blocked
   SIGTRAP: 0x00006ca41dbfc7c0 in libjvm.so+16762816, mask=11100100010111111101111111111110, flags=SA_RESTART|SA_SIGINFO, unblocked


---------------  S Y S T E M  ---------------

OS:
DISTRIB_ID="Arch"
DISTRIB_RELEASE="rolling"
DISTRIB_DESCRIPTION="Arch Linux"
uname: Linux 6.4.14-hardened1-1-hardened #1 SMP PREEMPT_DYNAMIC Mon, 04 Sep 2023 00:11:18 +0000 x86_64
OS uptime: 0 days 4:07 hours
libc: glibc 2.38 NPTL 2.38 
rlimit (soft/hard): STACK 8192k/infinity , CORE infinity/infinity , NPROC 63288/63288 , NOFILE 524288/524288 , AS infinity/infinity , CPU infinity/infinity , DATA infinity/infinity , FSIZE infinity/infinity , MEMLOCK 8192k/8192k
load average: 1.46 1.14 1.00

/proc/meminfo:
MemTotal:       16306652 kB
MemFree:         7088084 kB
MemAvailable:    8920216 kB
Buffers:          193300 kB
Cached:          2061912 kB
SwapCached:            0 kB
Active:          7535484 kB
Inactive:         894960 kB
Active(anon):    6374632 kB
Inactive(anon):    25348 kB
Active(file):    1160852 kB
Inactive(file):   869612 kB
Unevictable:        3648 kB
Mlocked:             560 kB
SwapTotal:      16777212 kB
SwapFree:       16777212 kB
Zswap:                 0 kB
Zswapped:              0 kB
Dirty:               828 kB
Writeback:             0 kB
AnonPages:       6179012 kB
Mapped:          1238884 kB
Shmem:            224488 kB
KReclaimable:     105192 kB
Slab:             317856 kB
SReclaimable:     105192 kB
SUnreclaim:       212664 kB
KernelStack:       24032 kB
PageTables:        58724 kB
SecPageTables:         0 kB
NFS_Unstable:          0 kB
Bounce:                0 kB
WritebackTmp:          0 kB
CommitLimit:    24930536 kB
Committed_AS:   17668472 kB
VmallocTotal:   34359738367 kB
VmallocUsed:      152068 kB
VmallocChunk:          0 kB
Percpu:            15232 kB
HardwareCorrupted:     0 kB
AnonHugePages:         0 kB
ShmemHugePages:        0 kB
ShmemPmdMapped:        0 kB
FileHugePages:         0 kB
FilePmdMapped:         0 kB
CmaTotal:              0 kB
CmaFree:               0 kB
HugePages_Total:       0
HugePages_Free:        0
HugePages_Rsvd:        0
HugePages_Surp:        0
Hugepagesize:       2048 kB
Hugetlb:               0 kB
DirectMap4k:      778812 kB
DirectMap2M:    13830144 kB
DirectMap1G:     3145728 kB

/sys/kernel/mm/transparent_hugepage/enabled: always [madvise] never
/sys/kernel/mm/transparent_hugepage/defrag (defrag/compaction efforts parameter): always defer defer+madvise [madvise] never

Process Memory:
Virtual Size: 7018420K (peak: 7019436K)
Resident Set Size: 61356K (peak: 61356K) (anon: 39876K, file: 21480K, shmem: 0K)
Swapped out: 0K
C-Heap outstanding allocations: 33373K, retained: 3539K
glibc malloc tunables: (default)

/proc/sys/kernel/threads-max (system-wide limit on the number of threads): 126577
/proc/sys/vm/max_map_count (maximum number of memory map areas a process may have): 65530
/proc/sys/kernel/pid_max (system-wide limit on number of process identifiers): 4194304

container (cgroup) information:
container_type: cgroupv2
cpu_cpuset_cpus: not supported
cpu_memory_nodes: not supported
active_processor_count: 12
cpu_quota: no quota
cpu_period: 100000
cpu_shares: no shares
memory_limit_in_bytes: unlimited
memory_and_swap_limit_in_bytes: unlimited
memory_soft_limit_in_bytes: unlimited
memory_usage_in_bytes: 7993988 k
memory_max_usage_in_bytes: not supported
memory_swap_current_in_bytes: unlimited
memory_swap_max_limit_in_bytes: unlimited
maximum number of tasks: unlimited
current number of tasks: 1212

Steal ticks since vm start: 0
Steal ticks percentage since vm start:  0.000

CPU: total 32 (initial active 12) (12 cores per cpu, 2 threads per core) family 23 model 113 stepping 0 microcode 0x8701013, cx8, cmov, fxsr, ht, mmx, 3dnowpref, sse, sse2, sse3, ssse3, sse4a, sse4.1, sse4.2, popcnt, lzcnt, tsc, tscinvbit, avx, avx2, aes, clmul, bmi1, bmi2, adx, sha, fma, vzeroupper, clflush, clflushopt, rdtscp, rdpid, f16c
CPU Model and flags from /proc/cpuinfo:
model name	: AMD Ryzen 5 3600 6-Core Processor
flags		: fpu vme de pse tsc msr pae mce cx8 apic sep mtrr pge mca cmov pat pse36 clflush mmx fxsr sse sse2 ht syscall nx mmxext fxsr_opt pdpe1gb rdtscp lm constant_tsc rep_good nopl nonstop_tsc cpuid extd_apicid aperfmperf rapl pni pclmulqdq monitor ssse3 fma cx16 sse4_1 sse4_2 movbe popcnt aes xsave avx f16c rdrand lahf_lm cmp_legacy svm extapic cr8_legacy abm sse4a misalignsse 3dnowprefetch osvw ibs skinit wdt tce topoext perfctr_core perfctr_nb bpext perfctr_llc mwaitx cpb cat_l3 cdp_l3 hw_pstate pti ssbd mba ibpb stibp vmmcall fsgsbase bmi1 avx2 smep bmi2 cqm rdt_a rdseed adx smap clflushopt clwb sha_ni xsaveopt xsavec xgetbv1 cqm_llc cqm_occup_llc cqm_mbm_total cqm_mbm_local clzero irperf xsaveerptr rdpru wbnoinvd arat npt lbrv svm_lock nrip_save tsc_scale vmcb_clean flushbyasid decodeassists pausefilter pfthreshold avic v_vmsave_vmload vgif v_spec_ctrl umip rdpid overflow_recov succor smca sev sev_es

Online cpus: 0-11
Offline cpus: 12-31
BIOS frequency limitation: 3600000
Frequency switch latency (ns): 0
Available cpu frequencies: 3600000 2800000 2200000 
Current governor: schedutil
Core performance/turbo boost: 1

Memory: 4k page, physical 16306652k(7088084k free), swap 16777212k(16777212k free)
Page Sizes: 4k

vm_info: OpenJDK 64-Bit Server VM (20.0.2+9) for linux-amd64 JRE (20.0.2+9), built on 2023-07-20T13:31:15Z by "builduser" with gcc 13.1.1 20230714

END.
