#
# A fatal error has been detected by the Java Runtime Environment:
#
#  SIGSEGV (0xb) at pc=0x00006a68cbff61c5, pid=28583, tid=28590
#
# JRE version: OpenJDK Runtime Environment (19.0.1+10) (build 19.0.1+10)
# Java VM: OpenJDK 64-Bit Server VM (19.0.1+10, mixed mode, tiered, compressed oops, compressed class ptrs, g1 gc, linux-amd64)
# Problematic frame:
# C  [libpfs-core.so+0x81c5]  put0+0x33
#
# Core dump will be written. Default location: Core dumps may be processed with "/usr/lib/systemd/systemd-coredump %P %u %g %s %t %c %h" (or dumping to /data/git/PatrFileSys/javaPFS/core.28583)
#
# If you would like to submit a bug report, please visit:
#   https://bugreport.java.com/bugreport/crash.jsp
# The crash happened outside the Java Virtual Machine in native code.
# See problematic frame for where to report the bug.
#

---------------  S U M M A R Y ------------

Command Line: -XX:+ShowCodeDetailsInExceptionMessages -agentlib:jdwp=transport=dt_socket,suspend=y,address=localhost:38147 --enable-native-access=de.hechler.patrick.zeugs.pfs -javaagent:/home/pat/.eclipse/org.eclipse.platform_4.25.0_155965261_linux_gtk_x86_64/configuration/org.eclipse.osgi/497/0/.cp/lib/javaagent-shaded.jar -Dfile.encoding=UTF-8 --module-path=/data/git/PatrFileSys/javaPFS/target/classes --enable-preview -Djdk.module.main=de.hechler.patrick.zeugs.pfs de.hechler.patrick.zeugs.pfs/de.hechler.patrick.zeugs.pfs.impl.pfs.PatrFSProvider

Host: AMD Ryzen 5 3600 6-Core Processor, 32 cores, 15G, Arch Linux
Time: Thu Jan  5 20:08:11 2023 CET elapsed time: 27.949145 seconds (0d 0h 0m 27s)

---------------  T H R E A D  ---------------

Current thread (0x00006a68cc017cf0):  JavaThread "main" [_thread_in_native, id=28590, stack(0x00006a68d3700000,0x00006a68d3800000)]

Stack: [0x00006a68d3700000,0x00006a68d3800000],  sp=0x00006a68d37fe430,  free space=1017k
Native frames: (J=compiled Java code, j=interpreted, Vv=VM code, C=native code)
C  [libpfs-core.so+0x81c5]  put0+0x33

Java frames: (J=compiled Java code, j=interpreted, Vv=VM code)
v  ~RuntimeStub::nep_invoker_blob 0x00006a68bc4b2a88
j  java.lang.invoke.LambdaForm$MH+0x0000000800130400.invoke(Ljava/lang/Object;JIJJ)I+14 java.base@19.0.1
j  java.lang.invoke.LambdaForm$MH+0x0000000800187400.invokeExact_MT(Ljava/lang/Object;JIJJLjava/lang/Object;)I+25 java.base@19.0.1
j  jdk.internal.foreign.abi.DowncallStub+0x0000000800139000.invoke(Ljava/lang/foreign/SegmentAllocator;Ljava/lang/foreign/Addressable;ILjava/lang/foreign/Addressable;J)I+97 java.base@19.0.1
j  java.lang.invoke.LambdaForm$DMH+0x0000000800139400.invokeStatic(Ljava/lang/Object;Ljava/lang/Object;Ljava/lang/Object;ILjava/lang/Object;J)I+18 java.base@19.0.1
j  java.lang.invoke.LambdaForm$MH+0x000000080013b400.invoke(Ljava/lang/Object;ILjava/lang/Object;)I+55 java.base@19.0.1
j  java.lang.invoke.LambdaForm$MH+0x0000000800186c00.invoke_MT(Ljava/lang/Object;ILjava/lang/Object;Ljava/lang/Object;)I+22 java.base@19.0.1
j  de.hechler.patrick.zeugs.pfs.impl.pfs.PatrFolder.createPipe(Ljava/lang/String;)Lde/hechler/patrick/zeugs/pfs/interfaces/Pipe;+24 de.hechler.patrick.zeugs.pfs
j  de.hechler.patrick.zeugs.pfs.impl.pfs.PatrFSProvider.main([Ljava/lang/String;)V+151 de.hechler.patrick.zeugs.pfs
v  ~StubRoutines::call_stub 0x00006a68bc337cc6

siginfo: si_signo: 11 (SIGSEGV), si_code: 1 (SEGV_MAPERR), si_addr: 0x0000000000000710

Registers:
RAX=0x0000000000000710, RBX=0x0000000000000710, RCX=0x0000000000000002, RDX=0x00000000000000e2
RSP=0x00006a68d37fe430, RBP=0x00000000000000e2, RSI=0x00000000000000e2, RDI=0x00006a68cc47b300
R8 =0x00000000000003c4, R9 =0x00006a68cc4594dc, R10=0x0000000000000003, R11=0x00006a68cbff2238
R12=0x00006a68cc47b300, R13=0x00006a68cc487e60, R14=0x00000000000000e2, R15=0x00006a68cc017cf0
RIP=0x00006a68cbff61c5, EFLAGS=0x0000000000010202, CSGSFS=0x002b000000000033, ERR=0x0000000000000004
  TRAPNO=0x000000000000000e


Register to memory mapping:

RAX=