#
# A fatal error has been detected by the Java Runtime Environment:
#
#  SIGSEGV (0xb) at pc=0x000068b10455e090, pid=34026, tid=34062
#
# JRE version: OpenJDK Runtime Environment (20.0.2+9) (build 20.0.2+9)
# Java VM: OpenJDK 64-Bit Server VM (20.0.2+9, mixed mode, tiered, compressed oops, compressed class ptrs, g1 gc, linux-amd64)
# Problematic frame:
# C  [libc.so.6+0x15e090]
#
# Core dump will be written. Default location: Core dumps may be processed with "/usr/lib/systemd/systemd-coredump %P %u %g %s %t %c %h" (or dumping to /data/git/PatrFileSys/javaPFS/core.34026)
#
# If you would like to submit a bug report, please visit:
#   https://bugreport.java.com/bugreport/crash.jsp
# The crash happened outside the Java Virtual Machine in native code.
# See problematic frame for where to report the bug.
#

---------------  S U M M A R Y ------------

Command Line: -XX:+ShowCodeDetailsInExceptionMessages -agentlib:jdwp=transport=dt_socket,suspend=y,address=localhost:43269 --enable-native-access=de.hechler.patrick.zeugs.pfs -javaagent:/home/pat/.eclipse/org.eclipse.platform_4.28.0_155965261_linux_gtk_x86_64/configuration/org.eclipse.osgi/242/0/.cp/lib/javaagent-shaded.jar -Dfile.encoding=UTF-8 --module-path=/data/git/PatrFileSys/javaPFS/target/classes --enable-preview --patch-module=de.hechler.patrick.zeugs.pfs=/data/git/PatrFileSys/javaPFS/target/test-classes --add-reads=de.hechler.patrick.zeugs.pfs=ALL-UNNAMED --add-reads=de.hechler.patrick.zeugs.check=ALL-UNNAMED -Djdk.module.main=de.hechler.patrick.zeugs.pfs de.hechler.patrick.zeugs.pfs/de.hechler.patrick.zeugs.pfs.Test

Host: AMD Ryzen 5 3600 6-Core Processor, 32 cores, 15G, Arch Linux
Time: Sun Sep 10 23:50:19 2023 CEST elapsed time: 9.614912 seconds (0d 0h 0m 9s)

---------------  T H R E A D  ---------------

Current thread (0x000068b0fc4ecd70):  JavaThread "Checker : de.hechler.patrick.zeugs.pfs.FSChecker" [_thread_in_native, id=34062, stack(0x000068b0d0afe000,0x000068b0d0bfe000)]

Stack: [0x000068b0d0afe000,0x000068b0d0bfe000],  sp=0x000068b0d0bfb818,  free space=1014k
Native frames: (J=compiled Java code, j=interpreted, Vv=VM code, C=native code)
C  [libc.so.6+0x15e090]
Java frames: (J=compiled Java code, j=interpreted, Vv=VM code)
v  ~RuntimeStub::nep_invoker_blob 0x000068b0ebeb0688
j  java.lang.invoke.LambdaForm$MH+0x00000007c0197000.invoke(Ljava/lang/Object;JJJJJJ)I+18 java.base@20.0.2
j  java.lang.invoke.LambdaForm$MH+0x00000007c019bc00.invokeExact_MT(Ljava/lang/Object;JJJJJJLjava/lang/Object;)I+29 java.base@20.0.2
j  jdk.internal.foreign.abi.DowncallStub+0x00000007c0197400.invoke(Ljava/lang/foreign/SegmentAllocator;Ljava/lang/foreign/MemorySegment;Ljava/lang/foreign/MemorySegment;JLjava/lang/foreign/MemorySegment;Ljava/lang/foreign/MemorySegment;J)I+167 java.base@20.0.2
j  java.lang.invoke.LambdaForm$DMH+0x00000007c0197c00.invokeStaticInit(Ljava/lang/Object;Ljava/lang/Object;Ljava/lang/Object;Ljava/lang/Object;JLjava/lang/Object;Ljava/lang/Object;J)I+22 java.base@20.0.2
j  java.lang.invoke.LambdaForm$MH+0x00000007c0199800.invoke(Ljava/lang/Object;Ljava/lang/Object;JLjava/lang/Object;Ljava/lang/Object;)I+62 java.base@20.0.2
j  java.lang.invoke.LambdaForm$MH+0x00000007c019b400.invoke_MT(Ljava/lang/Object;Ljava/lang/Object;JLjava/lang/Object;Ljava/lang/Object;Ljava/lang/Object;)I+27 java.base@20.0.2
j  de.hechler.patrick.zeugs.pfs.impl.pfs.PatrFSProvider.loadWithFormat(Ljava/lang/foreign/Linker;Lde/hechler/patrick/zeugs/pfs/opts/PatrFSOptions;Ljava/lang/foreign/MemorySegment;)V+269 de.hechler.patrick.zeugs.pfs
j  de.hechler.patrick.zeugs.pfs.impl.pfs.PatrFSProvider.loadPatrOpts(Ljava/lang/foreign/Linker;Ljava/lang/foreign/Arena;Lde/hechler/patrick/zeugs/pfs/opts/PatrFSOptions;)V+21 de.hechler.patrick.zeugs.pfs
j  de.hechler.patrick.zeugs.pfs.impl.pfs.PatrFSProvider.loadFS(Lde/hechler/patrick/zeugs/pfs/interfaces/FSOptions;)Lde/hechler/patrick/zeugs/pfs/interfaces/FS;+85 de.hechler.patrick.zeugs.pfs
j  de.hechler.patrick.zeugs.pfs.FSChecker.fs(Ljava/lang/String;)Lde/hechler/patrick/zeugs/pfs/interfaces/FS;+21 de.hechler.patrick.zeugs.pfs
j  de.hechler.patrick.zeugs.pfs.FSChecker.simpleCheck(Ljava/lang/String;)V+6 de.hechler.patrick.zeugs.pfs
j  java.lang.invoke.LambdaForm$DMH+0x00000007c0140800.invokeSpecial(Ljava/lang/Object;Ljava/lang/Object;Ljava/lang/Object;)V+11 java.base@20.0.2
j  java.lang.invoke.LambdaForm$MH+0x00000007c0149c00.invoke(Ljava/lang/Object;Ljava/lang/Object;Ljava/lang/Object;)Ljava/lang/Object;+52 java.base@20.0.2
j  java.lang.invoke.Invokers$Holder.invokeExact_MT(Ljava/lang/Object;Ljava/lang/Object;Ljava/lang/Object;Ljava/lang/Object;)Ljava/lang/Object;+20 java.base@20.0.2
j  jdk.internal.reflect.DirectMethodHandleAccessor.invokeImpl(Ljava/lang/Object;[Ljava/lang/Object;)Ljava/lang/Object;+55 java.base@20.0.2
j  jdk.internal.reflect.DirectMethodHandleAccessor.invoke(Ljava/lang/Object;[Ljava/lang/Object;)Ljava/lang/Object;+23 java.base@20.0.2
j  java.lang.reflect.Method.invoke(Ljava/lang/Object;[Ljava/lang/Object;)Ljava/lang/Object;+102 java.base@20.0.2
j  de.hechler.patrick.zeugs.check.objects.Checker.run(Ljava/lang/reflect/Method;Ljava/lang/Object;Ljava/lang/reflect/Method;[Ljava/lang/Object;)Lde/hechler/patrick/zeugs/check/objects/Result;+17
j  de.hechler.patrick.zeugs.check.objects.Checker.lambda$21(Ljava/lang/reflect/Method;Ljava/util/Map;)V+111
j  de.hechler.patrick.zeugs.check.objects.Checker$$Lambda$91+0x00000007c0144a08.accept(Ljava/lang/Object;)V+12
j  de.hechler.patrick.zeugs.check.objects.Checker.lambda$9(Ljava/util/Map;Ljava/util/function/Consumer;)V+2
j  de.hechler.patrick.zeugs.check.objects.Checker$$Lambda$97+0x00000007c0146708.accept(Ljava/lang/Object;)V+8
j  java.util.ArrayList.forEach(Ljava/util/function/Consumer;)V+46 java.base@20.0.2
j  de.hechler.patrick.zeugs.check.objects.Checker.run()V+71
j  de.hechler.patrick.zeugs.check.objects.Checker.get()Lde/hechler/patrick/zeugs/check/objects/CheckResult;+8
j  de.hechler.patrick.zeugs.check.objects.BigChecker.accept(Lde/hechler/patrick/zeugs/check/interfaces/TwoVals;Ljava/util/Map;Ljava/util/Map;)V+24
j  de.hechler.patrick.zeugs.check.objects.BigChecker.lambda$0(Lde/hechler/patrick/zeugs/check/interfaces/TwoVals;Ljava/util/Map;Ljava/util/Map;)V+4
j  de.hechler.patrick.zeugs.check.objects.BigChecker$$Lambda$93+0x00000007c0145538.run()V+16
j  java.lang.Thread.runWith(Ljava/lang/Object;Ljava/lang/Runnable;)V+5 java.base@20.0.2
j  java.lang.Thread.run()V+19 java.base@20.0.2
v  ~StubRoutines::call_stub 0x000068b0ebd37cc6

siginfo: si_signo: 11 (SIGSEGV), si_code: 1 (SEGV_MAPERR), si_addr: 0x0000000000000000

Registers:
RAX=0x0000000000000000, RBX=0x000068b0fbf6e3a0, RCX=0x0000000000000004, RDX=0x0000000000000008
RSP=0x000068b0d0bfb818, RBP=0x000068b0800d12d0, RSI=0x0000000000000000, RDI=0x0000000000000000
R8 =0x000068b0800008e0, R9 =0x0000000000000007, R10=0x000068b0fbf57140, R11=0x000068b0fbf6343b
R12=0x000068b0801045c0, R13=0x000068b080104580, R14=0x000068b080104530, R15=0x000068b080104560
RIP=0x000068b10455e090, EFLAGS=0x0000000000010246, CSGSFS=0x002b000000000033, ERR=0x0000000000000006
  TRAPNO=0x000000000000000e


Register to memory mapping:

RAX=0x0 is NULL
RBX=0x000068b0fbf6e3a0: pfs_all_ehs_set+0x0000000000000000 in /data/git/PatrFileSys/javaPFS/lib/libpfs-core.so at 0x000068b0fbf56000
RCX=0x0000000000000004 is an unknown value
RDX=0x0000000000000008 is an unknown value
RSP=0x000068b0d0bfb818 is pointing into the stack for thread: 0x000068b0fc4ecd70
RBP=0x000068b0800d12d0 points into unknown readable memory: 0x0000000000000000 | 00 00 00 00 00 00 00 00
RSI=0x0 is NULL
RDI=0x0 is NULL
R8 =0x000068b0800008e0 points into unknown readable memory: 0x0000000100010000 | 00 00 01 00 01 00 00 00
R9 =0x0000000000000007 is an unknown value
R10=0x000068b0fbf57140: <offset 0x0000000000001140> in /data/git/PatrFileSys/javaPFS/lib/libpfs-core.so at 0x000068b0fbf56000
R11=0x000068b0fbf6343b: pfs_close+0x0000000000000000 in /data/git/PatrFileSys/javaPFS/lib/libpfs-core.so at 0x000068b0fbf56000
R12=0x000068b0801045c0 points into unknown readable memory: 0x0000000000000002 | 02 00 00 00 00 00 00 00
R13=0x000068b080104580 points into unknown readable memory: 0x0000000000000000 | 00 00 00 00 00 00 00 00
R14=0x000068b080104530 points into unknown readable memory: 0x000068b0800d12d0 | d0 12 0d 80 b0 68 00 00
R15=0x000068b080104560 points into unknown readable memory: 0x000000068b080104 | 04 01 08 8b 06 00 00 00


Top of Stack: (sp=0x000068b0d0bfb818)
0x000068b0d0bfb818:   000068b0fbf634b4 0000000100000001
0x000068b0d0bfb828:   9d01c0cd84f0d600 0000000000000001
0x000068b0d0bfb838:   000068b0fbf63990 000068b0fc4ecd70
0x000068b0d0bfb848:   000068b0801045a0 0000000000000400
0x000068b0d0bfb858:   0000000000000000 000068b0d0bfb8d0
0x000068b0d0bfb868:   00000006d5b1ac98 000068b0d0bfb8b0
0x000068b0d0bfb878:   0000000000000000 00000006d5b1ac98
0x000068b0d0bfb888:   000068b0d0bfb9f8 000068b0fc4ecd70
0x000068b0d0bfb898:   000068b0ebeb06ca 00000000000000b8
0x000068b0d0bfb8a8:   0000000000000000 000068b0d0bfb980
0x000068b0d0bfb8b8:   000068b0ebd54dfc 00000006d5b1ac98
0x000068b0d0bfb8c8:   000068b0ebd54dfc 00000006d5b1ac98
0x000068b0d0bfb8d8:   0000000000000000 0000000000000000
0x000068b0d0bfb8e8:   0000000000000000 0000000000000000
0x000068b0d0bfb8f8:   0000000000000000 0000000000000000
0x000068b0d0bfb908:   0000000000000400 0000000000000000
0x000068b0d0bfb918:   000068b0800d12d0 0000000000000000
0x000068b0d0bfb928:   000068b0fbf6389c 0000000000000000
0x000068b0d0bfb938:   000068b0d0bfb938 000068b0c8c61a72
0x000068b0d0bfb948:   000068b0d0bfb9f8 000068b0c8c61ba0
0x000068b0d0bfb958:   0000000000000000 00000006d5b1ddc8
0x000068b0d0bfb968:   000068b0c8c61a80 000068b0d0bfb8d0
0x000068b0d0bfb978:   000068b0d0bfb998 000068b0d0bfba48
0x000068b0d0bfb988:   000068b0ebd54dfc 00000006d5b1ac98
0x000068b0d0bfb998:   0000000000000000 0000000000000000
0x000068b0d0bfb9a8:   0000000000000000 0000000000000000
0x000068b0d0bfb9b8:   0000000000000000 0000000000000000
0x000068b0d0bfb9c8:   0000000000000400 0000000000000000
0x000068b0d0bfb9d8:   000068b0800d12d0 0000000000000000
0x000068b0d0bfb9e8:   000068b0fbf6389c 0000000000000000
0x000068b0d0bfb9f8:   00000006d5b1dee0 000068b0d0bfba00
0x000068b0d0bfba08:   000068b0c8c6b2bd 000068b0d0bfbac0 

Instructions: (pc=0x000068b10455e090)
0x000068b10455df90:   82 cb 00 00 00 c4 e2 7d 78 c0 48 83 fa 40 77 20
0x000068b10455dfa0:   c5 fe 7f 07 c5 fe 7f 44 17 e0 c5 f8 77 c3 66 90
0x000068b10455dfb0:   c5 fe 7f 47 c0 c5 fe 7f 47 e0 c5 f8 77 c3 66 90
0x000068b10455dfc0:   48 3b 15 49 02 0e 00 77 77 c5 fe 7f 07 c5 fe 7f
0x000068b10455dfd0:   47 20 48 01 d7 48 81 fa 80 00 00 00 76 d2 c5 fe
0x000068b10455dfe0:   7f 40 40 c5 fe 7f 40 60 48 83 c7 80 48 81 fa 00
0x000068b10455dff0:   01 00 00 76 2b 48 8d 90 80 00 00 00 48 83 e2 c0
0x000068b10455e000:   c5 fd 7f 02 c5 fd 7f 42 20 c5 fd 7f 42 40 c5 fd
0x000068b10455e010:   7f 42 60 48 83 ea 80 48 39 fa 72 e4 0f 1f 40 00
0x000068b10455e020:   c5 fe 7f 07 c5 fe 7f 47 20 c5 fe 7f 47 40 c5 fe
0x000068b10455e030:   7f 47 60 c5 f8 77 c3 66 0f 1f 84 00 00 00 00 00
0x000068b10455e040:   40 0f b6 c6 48 89 d1 48 89 fa f3 aa 48 89 d0 c5
0x000068b10455e050:   f8 77 c3 66 66 2e 0f 1f 84 00 00 00 00 00 66 90
0x000068b10455e060:   c4 e2 79 78 c0 83 fa 10 7d 16 83 fa 08 7d 21 83
0x000068b10455e070:   fa 04 7d 2c 83 fa 01 7f 37 7c 03 40 88 37 c3 90
0x000068b10455e080:   c5 fa 7f 07 c5 fa 7f 44 17 f0 c3 0f 1f 44 00 00
0x000068b10455e090:   c5 f9 d6 07 c5 f9 d6 44 17 f8 c3 0f 1f 44 00 00
0x000068b10455e0a0:   c5 f9 7e 07 c5 f9 7e 44 17 fc c3 0f 1f 44 00 00
0x000068b10455e0b0:   40 88 37 40 88 77 01 40 88 74 17 ff c3 0f 1f 00
0x000068b10455e0c0:   f3 0f 1e fa c5 f9 6e c6 c4 e2 7d 78 c0 89 f8 25
0x000068b10455e0d0:   ff 0f 00 00 3d e0 0f 00 00 0f 87 21 01 00 00 c5
0x000068b10455e0e0:   fd 74 0f c5 fd d7 c1 85 c0 74 55 0f bc c0 48 01
0x000068b10455e0f0:   f8 c5 f8 77 c3 0f bc c0 48 ff c7 48 01 f8 c5 f8
0x000068b10455e100:   77 c3 66 66 2e 0f 1f 84 00 00 00 00 00 0f 1f 00
0x000068b10455e110:   f3 0f bc c0 48 83 c7 21 48 01 f8 c5 f8 77 c3 90
0x000068b10455e120:   f3 0f bc c0 48 83 c7 41 48 01 f8 c5 f8 77 c3 90
0x000068b10455e130:   f3 0f bc c0 48 83 c7 61 48 01 f8 c5 f8 77 c3 90
0x000068b10455e140:   48 83 cf 1f c5 fd 74 4f 01 c5 fd d7 c1 85 c0 75
0x000068b10455e150:   a4 c5 fd 74 4f 21 c5 fd d7 c1 85 c0 75 b2 c5 fd
0x000068b10455e160:   74 4f 41 c5 fd d7 c1 85 c0 75 b5 c5 fd 74 4f 61
0x000068b10455e170:   c5 fd d7 c1 85 c0 75 b8 48 ff c7 48 83 cf 7f 90
0x000068b10455e180:   c5 fd 74 4f 01 c5 fd 74 57 21 c5 fd 74 5f 41 c5 


Stack slot to memory mapping:
stack at sp + 0 slots: 0x000068b0fbf634b4: pfs_close+0x0000000000000079 in /data/git/PatrFileSys/javaPFS/lib/libpfs-core.so at 0x000068b0fbf56000
stack at sp + 1 slots: 0x0000000100000001 is an unknown value
stack at sp + 2 slots: 0x9d01c0cd84f0d600 is an unknown value
stack at sp + 3 slots: 0x0000000000000001 is an unknown value
stack at sp + 4 slots: 0x000068b0fbf63990: pfs_load_and_format+0x00000000000000f4 in /data/git/PatrFileSys/javaPFS/lib/libpfs-core.so at 0x000068b0fbf56000
stack at sp + 5 slots: 0x000068b0fc4ecd70 is a thread
stack at sp + 6 slots: 0x000068b0801045a0 points into unknown readable memory: 0x0000000000000000 | 00 00 00 00 00 00 00 00
stack at sp + 7 slots: 0x0000000000000400 is an unknown value

--------------------------------------------------------------------------------
Decoding CodeBlob, name: nep_invoker_blob, at  [0x000068b0ebeb0680, 0x000068b0ebeb0788]  264 bytes
[MachCode]
  0x000068b0ebeb0680: 5548 8bec | 4883 ec10 | c5f8 7749 | 89af d002 | 0000 49ba | 8806 ebeb | b068 0000 | 4d89 97c8 
  0x000068b0ebeb06a0: 0200 0049 | 89a7 c002 | 0000 41c7 | 8774 0300 | 0004 0000 | 0048 8bc7 | 488b fa49 | 8bd0 4c8b 
  0x000068b0ebeb06c0: d648 8bf1 | 498b c941 | ffd2 c5f8 | 7741 c787 | 7403 0000 | 0500 0000 | f083 4424 | c000 493b 
  0x000068b0ebeb06e0: af78 0300 | 000f 874d | 0000 0041 | 83bf 7003 | 0000 000f | 853f 0000 | 0041 c787 | 7403 0000 
  0x000068b0ebeb0700: 0800 0000 | 4183 bff0 | 0300 0002 | 0f84 4c00 | 0000 49c7 | 87c0 0200 | 0000 0000 | 0049 c787 
  0x000068b0ebeb0720: d002 0000 | 0000 0000 | 49c7 87c8 | 0200 0000 | 0000 00c5 | f877 c9c3 | c5f8 7748 | 8904 2449 
  0x000068b0ebeb0740: 8bff 4c8b | e448 83ec | 0048 83e4 | f0e8 7ea9 | 8517 498b | e44d 33e4 | 488b 0424 | eb9b c5f8 
  0x000068b0ebeb0760: 7748 8904 | 244c 8be4 | 4883 ec00 | 4883 e4f0 | e87b 13d0 | 1749 8be4 | 4d33 e448 | 8b04 24eb 
  0x000068b0ebeb0780: 91f4 f4f4 | f4f4 f4f4 
[/MachCode]
--------------------------------------------------------------------------------


---------------  P R O C E S S  ---------------

Threads class SMR info:
_java_thread_list=0x000068b09406e440, length=14, elements={
0x000068b0fc01ab80, 0x000068b0fc1f8e10, 0x000068b0fc1fa360, 0x000068b0fc1fbde0,
0x000068b0fc1fd1a0, 0x000068b0fc1fe550, 0x000068b0fc1fff70, 0x000068b0fc2014c0,
0x000068b0fc2633e0, 0x000068b0fc3666c0, 0x000068b0fc367c70, 0x000068b0980012c0,
0x000068b0fc47b2b0, 0x000068b0fc4ecd70
}

Java Threads: ( => current thread )
  0x000068b0fc01ab80 JavaThread "main" [_thread_blocked, id=34035, stack(0x000068b102d00000,0x000068b102e00000)]
  0x000068b0fc1f8e10 JavaThread "Reference Handler" daemon [_thread_blocked, id=34042, stack(0x000068b0d1900000,0x000068b0d1a00000)]
  0x000068b0fc1fa360 JavaThread "Finalizer" daemon [_thread_blocked, id=34043, stack(0x000068b0d1800000,0x000068b0d1900000)]
  0x000068b0fc1fbde0 JavaThread "Signal Dispatcher" daemon [_thread_blocked, id=34044, stack(0x000068b0d1700000,0x000068b0d1800000)]
  0x000068b0fc1fd1a0 JavaThread "Service Thread" daemon [_thread_blocked, id=34045, stack(0x000068b0d1600000,0x000068b0d1700000)]
  0x000068b0fc1fe550 JavaThread "Monitor Deflation Thread" daemon [_thread_blocked, id=34046, stack(0x000068b0d1500000,0x000068b0d1600000)]
  0x000068b0fc1fff70 JavaThread "C2 CompilerThread0" daemon [_thread_blocked, id=34047, stack(0x000068b0d1400000,0x000068b0d1500000)]
  0x000068b0fc2014c0 JavaThread "C1 CompilerThread0" daemon [_thread_blocked, id=34048, stack(0x000068b0d1300000,0x000068b0d1400000)]
  0x000068b0fc2633e0 JavaThread "Common-Cleaner" daemon [_thread_blocked, id=34049, stack(0x000068b0d1200000,0x000068b0d1300000)]
  0x000068b0fc3666c0 JavaThread "JDWP Transport Listener: dt_socket" daemon [_thread_blocked, id=34051, stack(0x000068b0d1100000,0x000068b0d1200000)]
  0x000068b0fc367c70 JavaThread "JDWP Event Helper Thread" daemon [_thread_blocked, id=34052, stack(0x000068b0d1000000,0x000068b0d1100000)]
  0x000068b0980012c0 JavaThread "JDWP Command Reader" daemon [_thread_in_native, id=34053, stack(0x000068b0d0f00000,0x000068b0d1000000)]
  0x000068b0fc47b2b0 JavaThread "Notification Thread" daemon [_thread_blocked, id=34059, stack(0x000068b0d0d00000,0x000068b0d0e00000)]
=>0x000068b0fc4ecd70 JavaThread "Checker : de.hechler.patrick.zeugs.pfs.FSChecker" [_thread_in_native, id=34062, stack(0x000068b0d0afe000,0x000068b0d0bfe000)]

Other Threads:
  0x000068b0fc1b4b10 VMThread "VM Thread" [stack: 0x000068b0d1e2f000,0x000068b0d1f2f000] [id=34041]
  0x000068b0fc01d480 WatcherThread "VM Periodic Task Thread" [stack: 0x000068b0d0c00000,0x000068b0d0d00000] [id=34060]
  0x000068b0fc089280 WorkerThread "GC Thread#0" [stack: 0x000068b1005cb000,0x000068b1006cb000] [id=34036]
  0x000068b0fc09a140 ConcurrentGCThread "G1 Main Marker" [stack: 0x000068b1004c9000,0x000068b1005c9000] [id=34037]
  0x000068b0fc09b060 WorkerThread "G1 Conc#0" [stack: 0x000068b1003c7000,0x000068b1004c7000] [id=34038]
  0x000068b0fc12fd30 ConcurrentGCThread "G1 Refine#0" [stack: 0x000068b0e01c1000,0x000068b0e02c1000] [id=34039]
  0x000068b0fc130c70 ConcurrentGCThread "G1 Service" [stack: 0x000068b0e00bf000,0x000068b0e01bf000] [id=34040]

Threads with active compile tasks:

VM state: not at safepoint (normal execution)

VM Mutex/Monitor currently owned by a thread: None

Heap address: 0x00000006c7200000, size: 3982 MB, Compressed Oops mode: Zero based, Oop shift amount: 3

CDS archive(s) not mapped
Compressed class space mapped at: 0x00000007c0000000-0x0000000800000000, reserved size: 1073741824
Narrow klass base: 0x0000000000000000, Narrow klass shift: 3, Narrow klass range: 0x800000000

GC Precious Log:
 CardTable entry size: 512
 Card Set container configuration: InlinePtr #cards 4 size 8 Array Of Cards #cards 16 size 48 Howl #buckets 8 coarsen threshold 3686 Howl Bitmap #cards 512 size 80 coarsen threshold 460 Card regions per heap region 1 cards per card region 4096
 CPUs: 32 total, 12 available
 Memory: 15924M
 Large Page Support: Disabled
 NUMA Support: Disabled
 Compressed Oops: Enabled (Zero based)
 Heap Region Size: 2M
 Heap Min Capacity: 8M
 Heap Initial Capacity: 250M
 Heap Max Capacity: 3982M
 Pre-touch: Disabled
 Parallel Workers: 10
 Concurrent Workers: 3
 Concurrent Refinement Workers: 10
 Periodic GC: Disabled

Heap:
 garbage-first heap   total 256000K, used 16384K [0x00000006c7200000, 0x00000007c0000000)
  region size 2048K, 9 young (18432K), 0 survivors (0K)
 Metaspace       used 14791K, committed 15168K, reserved 1114112K
  class space    used 1424K, committed 1600K, reserved 1048576K

Heap Regions: E=young(eden), S=young(survivor), O=old, HS=humongous(starts), HC=humongous(continues), CS=collection set, F=free, OA=open archive, CA=closed archive, TAMS=top-at-mark-start, PB=parsable bottom
|   0|0x00000006c7200000, 0x00000006c7200000, 0x00000006c7400000|  0%| F|  |TAMS 0x00000006c7200000| PB 0x00000006c7200000| Untracked 
|   1|0x00000006c7400000, 0x00000006c7400000, 0x00000006c7600000|  0%| F|  |TAMS 0x00000006c7400000| PB 0x00000006c7400000| Untracked 
|   2|0x00000006c7600000, 0x00000006c7600000, 0x00000006c7800000|  0%| F|  |TAMS 0x00000006c7600000| PB 0x00000006c7600000| Untracked 
|   3|0x00000006c7800000, 0x00000006c7800000, 0x00000006c7a00000|  0%| F|  |TAMS 0x00000006c7800000| PB 0x00000006c7800000| Untracked 
|   4|0x00000006c7a00000, 0x00000006c7a00000, 0x00000006c7c00000|  0%| F|  |TAMS 0x00000006c7a00000| PB 0x00000006c7a00000| Untracked 
|   5|0x00000006c7c00000, 0x00000006c7c00000, 0x00000006c7e00000|  0%| F|  |TAMS 0x00000006c7c00000| PB 0x00000006c7c00000| Untracked 
|   6|0x00000006c7e00000, 0x00000006c7e00000, 0x00000006c8000000|  0%| F|  |TAMS 0x00000006c7e00000| PB 0x00000006c7e00000| Untracked 
|   7|0x00000006c8000000, 0x00000006c8000000, 0x00000006c8200000|  0%| F|  |TAMS 0x00000006c8000000| PB 0x00000006c8000000| Untracked 
|   8|0x00000006c8200000, 0x00000006c8200000, 0x00000006c8400000|  0%| F|  |TAMS 0x00000006c8200000| PB 0x00000006c8200000| Untracked 
|   9|0x00000006c8400000, 0x00000006c8400000, 0x00000006c8600000|  0%| F|  |TAMS 0x00000006c8400000| PB 0x00000006c8400000| Untracked 
|  10|0x00000006c8600000, 0x00000006c8600000, 0x00000006c8800000|  0%| F|  |TAMS 0x00000006c8600000| PB 0x00000006c8600000| Untracked 
|  11|0x00000006c8800000, 0x00000006c8800000, 0x00000006c8a00000|  0%| F|  |TAMS 0x00000006c8800000| PB 0x00000006c8800000| Untracked 
|  12|0x00000006c8a00000, 0x00000006c8a00000, 0x00000006c8c00000|  0%| F|  |TAMS 0x00000006c8a00000| PB 0x00000006c8a00000| Untracked 
|  13|0x00000006c8c00000, 0x00000006c8c00000, 0x00000006c8e00000|  0%| F|  |TAMS 0x00000006c8c00000| PB 0x00000006c8c00000| Untracked 
|  14|0x00000006c8e00000, 0x00000006c8e00000, 0x00000006c9000000|  0%| F|  |TAMS 0x00000006c8e00000| PB 0x00000006c8e00000| Untracked 
|  15|0x00000006c9000000, 0x00000006c9000000, 0x00000006c9200000|  0%| F|  |TAMS 0x00000006c9000000| PB 0x00000006c9000000| Untracked 
|  16|0x00000006c9200000, 0x00000006c9200000, 0x00000006c9400000|  0%| F|  |TAMS 0x00000006c9200000| PB 0x00000006c9200000| Untracked 
|  17|0x00000006c9400000, 0x00000006c9400000, 0x00000006c9600000|  0%| F|  |TAMS 0x00000006c9400000| PB 0x00000006c9400000| Untracked 
|  18|0x00000006c9600000, 0x00000006c9600000, 0x00000006c9800000|  0%| F|  |TAMS 0x00000006c9600000| PB 0x00000006c9600000| Untracked 
|  19|0x00000006c9800000, 0x00000006c9800000, 0x00000006c9a00000|  0%| F|  |TAMS 0x00000006c9800000| PB 0x00000006c9800000| Untracked 
|  20|0x00000006c9a00000, 0x00000006c9a00000, 0x00000006c9c00000|  0%| F|  |TAMS 0x00000006c9a00000| PB 0x00000006c9a00000| Untracked 
|  21|0x00000006c9c00000, 0x00000006c9c00000, 0x00000006c9e00000|  0%| F|  |TAMS 0x00000006c9c00000| PB 0x00000006c9c00000| Untracked 
|  22|0x00000006c9e00000, 0x00000006c9e00000, 0x00000006ca000000|  0%| F|  |TAMS 0x00000006c9e00000| PB 0x00000006c9e00000| Untracked 
|  23|0x00000006ca000000, 0x00000006ca000000, 0x00000006ca200000|  0%| F|  |TAMS 0x00000006ca000000| PB 0x00000006ca000000| Untracked 
|  24|0x00000006ca200000, 0x00000006ca200000, 0x00000006ca400000|  0%| F|  |TAMS 0x00000006ca200000| PB 0x00000006ca200000| Untracked 
|  25|0x00000006ca400000, 0x00000006ca400000, 0x00000006ca600000|  0%| F|  |TAMS 0x00000006ca400000| PB 0x00000006ca400000| Untracked 
|  26|0x00000006ca600000, 0x00000006ca600000, 0x00000006ca800000|  0%| F|  |TAMS 0x00000006ca600000| PB 0x00000006ca600000| Untracked 
|  27|0x00000006ca800000, 0x00000006ca800000, 0x00000006caa00000|  0%| F|  |TAMS 0x00000006ca800000| PB 0x00000006ca800000| Untracked 
|  28|0x00000006caa00000, 0x00000006caa00000, 0x00000006cac00000|  0%| F|  |TAMS 0x00000006caa00000| PB 0x00000006caa00000| Untracked 
|  29|0x00000006cac00000, 0x00000006cac00000, 0x00000006cae00000|  0%| F|  |TAMS 0x00000006cac00000| PB 0x00000006cac00000| Untracked 
|  30|0x00000006cae00000, 0x00000006cae00000, 0x00000006cb000000|  0%| F|  |TAMS 0x00000006cae00000| PB 0x00000006cae00000| Untracked 
|  31|0x00000006cb000000, 0x00000006cb000000, 0x00000006cb200000|  0%| F|  |TAMS 0x00000006cb000000| PB 0x00000006cb000000| Untracked 
|  32|0x00000006cb200000, 0x00000006cb200000, 0x00000006cb400000|  0%| F|  |TAMS 0x00000006cb200000| PB 0x00000006cb200000| Untracked 
|  33|0x00000006cb400000, 0x00000006cb400000, 0x00000006cb600000|  0%| F|  |TAMS 0x00000006cb400000| PB 0x00000006cb400000| Untracked 
|  34|0x00000006cb600000, 0x00000006cb600000, 0x00000006cb800000|  0%| F|  |TAMS 0x00000006cb600000| PB 0x00000006cb600000| Untracked 
|  35|0x00000006cb800000, 0x00000006cb800000, 0x00000006cba00000|  0%| F|  |TAMS 0x00000006cb800000| PB 0x00000006cb800000| Untracked 
|  36|0x00000006cba00000, 0x00000006cba00000, 0x00000006cbc00000|  0%| F|  |TAMS 0x00000006cba00000| PB 0x00000006cba00000| Untracked 
|  37|0x00000006cbc00000, 0x00000006cbc00000, 0x00000006cbe00000|  0%| F|  |TAMS 0x00000006cbc00000| PB 0x00000006cbc00000| Untracked 
|  38|0x00000006cbe00000, 0x00000006cbe00000, 0x00000006cc000000|  0%| F|  |TAMS 0x00000006cbe00000| PB 0x00000006cbe00000| Untracked 
|  39|0x00000006cc000000, 0x00000006cc000000, 0x00000006cc200000|  0%| F|  |TAMS 0x00000006cc000000| PB 0x00000006cc000000| Untracked 
|  40|0x00000006cc200000, 0x00000006cc200000, 0x00000006cc400000|  0%| F|  |TAMS 0x00000006cc200000| PB 0x00000006cc200000| Untracked 
|  41|0x00000006cc400000, 0x00000006cc400000, 0x00000006cc600000|  0%| F|  |TAMS 0x00000006cc400000| PB 0x00000006cc400000| Untracked 
|  42|0x00000006cc600000, 0x00000006cc600000, 0x00000006cc800000|  0%| F|  |TAMS 0x00000006cc600000| PB 0x00000006cc600000| Untracked 
|  43|0x00000006cc800000, 0x00000006cc800000, 0x00000006cca00000|  0%| F|  |TAMS 0x00000006cc800000| PB 0x00000006cc800000| Untracked 
|  44|0x00000006cca00000, 0x00000006cca00000, 0x00000006ccc00000|  0%| F|  |TAMS 0x00000006cca00000| PB 0x00000006cca00000| Untracked 
|  45|0x00000006ccc00000, 0x00000006ccc00000, 0x00000006cce00000|  0%| F|  |TAMS 0x00000006ccc00000| PB 0x00000006ccc00000| Untracked 
|  46|0x00000006cce00000, 0x00000006cce00000, 0x00000006cd000000|  0%| F|  |TAMS 0x00000006cce00000| PB 0x00000006cce00000| Untracked 
|  47|0x00000006cd000000, 0x00000006cd000000, 0x00000006cd200000|  0%| F|  |TAMS 0x00000006cd000000| PB 0x00000006cd000000| Untracked 
|  48|0x00000006cd200000, 0x00000006cd200000, 0x00000006cd400000|  0%| F|  |TAMS 0x00000006cd200000| PB 0x00000006cd200000| Untracked 
|  49|0x00000006cd400000, 0x00000006cd400000, 0x00000006cd600000|  0%| F|  |TAMS 0x00000006cd400000| PB 0x00000006cd400000| Untracked 
|  50|0x00000006cd600000, 0x00000006cd600000, 0x00000006cd800000|  0%| F|  |TAMS 0x00000006cd600000| PB 0x00000006cd600000| Untracked 
|  51|0x00000006cd800000, 0x00000006cd800000, 0x00000006cda00000|  0%| F|  |TAMS 0x00000006cd800000| PB 0x00000006cd800000| Untracked 
|  52|0x00000006cda00000, 0x00000006cda00000, 0x00000006cdc00000|  0%| F|  |TAMS 0x00000006cda00000| PB 0x00000006cda00000| Untracked 
|  53|0x00000006cdc00000, 0x00000006cdc00000, 0x00000006cde00000|  0%| F|  |TAMS 0x00000006cdc00000| PB 0x00000006cdc00000| Untracked 
|  54|0x00000006cde00000, 0x00000006cde00000, 0x00000006ce000000|  0%| F|  |TAMS 0x00000006cde00000| PB 0x00000006cde00000| Untracked 
|  55|0x00000006ce000000, 0x00000006ce000000, 0x00000006ce200000|  0%| F|  |TAMS 0x00000006ce000000| PB 0x00000006ce000000| Untracked 
|  56|0x00000006ce200000, 0x00000006ce200000, 0x00000006ce400000|  0%| F|  |TAMS 0x00000006ce200000| PB 0x00000006ce200000| Untracked 
|  57|0x00000006ce400000, 0x00000006ce400000, 0x00000006ce600000|  0%| F|  |TAMS 0x00000006ce400000| PB 0x00000006ce400000| Untracked 
|  58|0x00000006ce600000, 0x00000006ce600000, 0x00000006ce800000|  0%| F|  |TAMS 0x00000006ce600000| PB 0x00000006ce600000| Untracked 
|  59|0x00000006ce800000, 0x00000006ce800000, 0x00000006cea00000|  0%| F|  |TAMS 0x00000006ce800000| PB 0x00000006ce800000| Untracked 
|  60|0x00000006cea00000, 0x00000006cea00000, 0x00000006cec00000|  0%| F|  |TAMS 0x00000006cea00000| PB 0x00000006cea00000| Untracked 
|  61|0x00000006cec00000, 0x00000006cec00000, 0x00000006cee00000|  0%| F|  |TAMS 0x00000006cec00000| PB 0x00000006cec00000| Untracked 
|  62|0x00000006cee00000, 0x00000006cee00000, 0x00000006cf000000|  0%| F|  |TAMS 0x00000006cee00000| PB 0x00000006cee00000| Untracked 
|  63|0x00000006cf000000, 0x00000006cf000000, 0x00000006cf200000|  0%| F|  |TAMS 0x00000006cf000000| PB 0x00000006cf000000| Untracked 
|  64|0x00000006cf200000, 0x00000006cf200000, 0x00000006cf400000|  0%| F|  |TAMS 0x00000006cf200000| PB 0x00000006cf200000| Untracked 
|  65|0x00000006cf400000, 0x00000006cf400000, 0x00000006cf600000|  0%| F|  |TAMS 0x00000006cf400000| PB 0x00000006cf400000| Untracked 
|  66|0x00000006cf600000, 0x00000006cf600000, 0x00000006cf800000|  0%| F|  |TAMS 0x00000006cf600000| PB 0x00000006cf600000| Untracked 
|  67|0x00000006cf800000, 0x00000006cf800000, 0x00000006cfa00000|  0%| F|  |TAMS 0x00000006cf800000| PB 0x00000006cf800000| Untracked 
|  68|0x00000006cfa00000, 0x00000006cfa00000, 0x00000006cfc00000|  0%| F|  |TAMS 0x00000006cfa00000| PB 0x00000006cfa00000| Untracked 
|  69|0x00000006cfc00000, 0x00000006cfc00000, 0x00000006cfe00000|  0%| F|  |TAMS 0x00000006cfc00000| PB 0x00000006cfc00000| Untracked 
|  70|0x00000006cfe00000, 0x00000006cfe00000, 0x00000006d0000000|  0%| F|  |TAMS 0x00000006cfe00000| PB 0x00000006cfe00000| Untracked 
|  71|0x00000006d0000000, 0x00000006d0000000, 0x00000006d0200000|  0%| F|  |TAMS 0x00000006d0000000| PB 0x00000006d0000000| Untracked 
|  72|0x00000006d0200000, 0x00000006d0200000, 0x00000006d0400000|  0%| F|  |TAMS 0x00000006d0200000| PB 0x00000006d0200000| Untracked 
|  73|0x00000006d0400000, 0x00000006d0400000, 0x00000006d0600000|  0%| F|  |TAMS 0x00000006d0400000| PB 0x00000006d0400000| Untracked 
|  74|0x00000006d0600000, 0x00000006d0600000, 0x00000006d0800000|  0%| F|  |TAMS 0x00000006d0600000| PB 0x00000006d0600000| Untracked 
|  75|0x00000006d0800000, 0x00000006d0800000, 0x00000006d0a00000|  0%| F|  |TAMS 0x00000006d0800000| PB 0x00000006d0800000| Untracked 
|  76|0x00000006d0a00000, 0x00000006d0a00000, 0x00000006d0c00000|  0%| F|  |TAMS 0x00000006d0a00000| PB 0x00000006d0a00000| Untracked 
|  77|0x00000006d0c00000, 0x00000006d0c00000, 0x00000006d0e00000|  0%| F|  |TAMS 0x00000006d0c00000| PB 0x00000006d0c00000| Untracked 
|  78|0x00000006d0e00000, 0x00000006d0e00000, 0x00000006d1000000|  0%| F|  |TAMS 0x00000006d0e00000| PB 0x00000006d0e00000| Untracked 
|  79|0x00000006d1000000, 0x00000006d1000000, 0x00000006d1200000|  0%| F|  |TAMS 0x00000006d1000000| PB 0x00000006d1000000| Untracked 
|  80|0x00000006d1200000, 0x00000006d1200000, 0x00000006d1400000|  0%| F|  |TAMS 0x00000006d1200000| PB 0x00000006d1200000| Untracked 
|  81|0x00000006d1400000, 0x00000006d1400000, 0x00000006d1600000|  0%| F|  |TAMS 0x00000006d1400000| PB 0x00000006d1400000| Untracked 
|  82|0x00000006d1600000, 0x00000006d1600000, 0x00000006d1800000|  0%| F|  |TAMS 0x00000006d1600000| PB 0x00000006d1600000| Untracked 
|  83|0x00000006d1800000, 0x00000006d1800000, 0x00000006d1a00000|  0%| F|  |TAMS 0x00000006d1800000| PB 0x00000006d1800000| Untracked 
|  84|0x00000006d1a00000, 0x00000006d1a00000, 0x00000006d1c00000|  0%| F|  |TAMS 0x00000006d1a00000| PB 0x00000006d1a00000| Untracked 
|  85|0x00000006d1c00000, 0x00000006d1c00000, 0x00000006d1e00000|  0%| F|  |TAMS 0x00000006d1c00000| PB 0x00000006d1c00000| Untracked 
|  86|0x00000006d1e00000, 0x00000006d1e00000, 0x00000006d2000000|  0%| F|  |TAMS 0x00000006d1e00000| PB 0x00000006d1e00000| Untracked 
|  87|0x00000006d2000000, 0x00000006d2000000, 0x00000006d2200000|  0%| F|  |TAMS 0x00000006d2000000| PB 0x00000006d2000000| Untracked 
|  88|0x00000006d2200000, 0x00000006d2200000, 0x00000006d2400000|  0%| F|  |TAMS 0x00000006d2200000| PB 0x00000006d2200000| Untracked 
|  89|0x00000006d2400000, 0x00000006d2400000, 0x00000006d2600000|  0%| F|  |TAMS 0x00000006d2400000| PB 0x00000006d2400000| Untracked 
|  90|0x00000006d2600000, 0x00000006d2600000, 0x00000006d2800000|  0%| F|  |TAMS 0x00000006d2600000| PB 0x00000006d2600000| Untracked 
|  91|0x00000006d2800000, 0x00000006d2800000, 0x00000006d2a00000|  0%| F|  |TAMS 0x00000006d2800000| PB 0x00000006d2800000| Untracked 
|  92|0x00000006d2a00000, 0x00000006d2a00000, 0x00000006d2c00000|  0%| F|  |TAMS 0x00000006d2a00000| PB 0x00000006d2a00000| Untracked 
|  93|0x00000006d2c00000, 0x00000006d2c00000, 0x00000006d2e00000|  0%| F|  |TAMS 0x00000006d2c00000| PB 0x00000006d2c00000| Untracked 
|  94|0x00000006d2e00000, 0x00000006d2e00000, 0x00000006d3000000|  0%| F|  |TAMS 0x00000006d2e00000| PB 0x00000006d2e00000| Untracked 
|  95|0x00000006d3000000, 0x00000006d3000000, 0x00000006d3200000|  0%| F|  |TAMS 0x00000006d3000000| PB 0x00000006d3000000| Untracked 
|  96|0x00000006d3200000, 0x00000006d3200000, 0x00000006d3400000|  0%| F|  |TAMS 0x00000006d3200000| PB 0x00000006d3200000| Untracked 
|  97|0x00000006d3400000, 0x00000006d3400000, 0x00000006d3600000|  0%| F|  |TAMS 0x00000006d3400000| PB 0x00000006d3400000| Untracked 
|  98|0x00000006d3600000, 0x00000006d3600000, 0x00000006d3800000|  0%| F|  |TAMS 0x00000006d3600000| PB 0x00000006d3600000| Untracked 
|  99|0x00000006d3800000, 0x00000006d3800000, 0x00000006d3a00000|  0%| F|  |TAMS 0x00000006d3800000| PB 0x00000006d3800000| Untracked 
| 100|0x00000006d3a00000, 0x00000006d3a00000, 0x00000006d3c00000|  0%| F|  |TAMS 0x00000006d3a00000| PB 0x00000006d3a00000| Untracked 
| 101|0x00000006d3c00000, 0x00000006d3c00000, 0x00000006d3e00000|  0%| F|  |TAMS 0x00000006d3c00000| PB 0x00000006d3c00000| Untracked 
| 102|0x00000006d3e00000, 0x00000006d3e00000, 0x00000006d4000000|  0%| F|  |TAMS 0x00000006d3e00000| PB 0x00000006d3e00000| Untracked 
| 103|0x00000006d4000000, 0x00000006d4000000, 0x00000006d4200000|  0%| F|  |TAMS 0x00000006d4000000| PB 0x00000006d4000000| Untracked 
| 104|0x00000006d4200000, 0x00000006d4200000, 0x00000006d4400000|  0%| F|  |TAMS 0x00000006d4200000| PB 0x00000006d4200000| Untracked 
| 105|0x00000006d4400000, 0x00000006d4400000, 0x00000006d4600000|  0%| F|  |TAMS 0x00000006d4400000| PB 0x00000006d4400000| Untracked 
| 106|0x00000006d4600000, 0x00000006d4600000, 0x00000006d4800000|  0%| F|  |TAMS 0x00000006d4600000| PB 0x00000006d4600000| Untracked 
| 107|0x00000006d4800000, 0x00000006d4800000, 0x00000006d4a00000|  0%| F|  |TAMS 0x00000006d4800000| PB 0x00000006d4800000| Untracked 
| 108|0x00000006d4a00000, 0x00000006d4a00000, 0x00000006d4c00000|  0%| F|  |TAMS 0x00000006d4a00000| PB 0x00000006d4a00000| Untracked 
| 109|0x00000006d4c00000, 0x00000006d4c00000, 0x00000006d4e00000|  0%| F|  |TAMS 0x00000006d4c00000| PB 0x00000006d4c00000| Untracked 
| 110|0x00000006d4e00000, 0x00000006d4e00000, 0x00000006d5000000|  0%| F|  |TAMS 0x00000006d4e00000| PB 0x00000006d4e00000| Untracked 
| 111|0x00000006d5000000, 0x00000006d5000000, 0x00000006d5200000|  0%| F|  |TAMS 0x00000006d5000000| PB 0x00000006d5000000| Untracked 
| 112|0x00000006d5200000, 0x00000006d5200000, 0x00000006d5400000|  0%| F|  |TAMS 0x00000006d5200000| PB 0x00000006d5200000| Untracked 
| 113|0x00000006d5400000, 0x00000006d5400000, 0x00000006d5600000|  0%| F|  |TAMS 0x00000006d5400000| PB 0x00000006d5400000| Untracked 
| 114|0x00000006d5600000, 0x00000006d5600000, 0x00000006d5800000|  0%| F|  |TAMS 0x00000006d5600000| PB 0x00000006d5600000| Untracked 
| 115|0x00000006d5800000, 0x00000006d5800000, 0x00000006d5a00000|  0%| F|  |TAMS 0x00000006d5800000| PB 0x00000006d5800000| Untracked 
| 116|0x00000006d5a00000, 0x00000006d5bc31b0, 0x00000006d5c00000| 88%| E|  |TAMS 0x00000006d5a00000| PB 0x00000006d5a00000| Complete 
| 117|0x00000006d5c00000, 0x00000006d5e00000, 0x00000006d5e00000|100%| E|CS|TAMS 0x00000006d5c00000| PB 0x00000006d5c00000| Complete 
| 118|0x00000006d5e00000, 0x00000006d6000000, 0x00000006d6000000|100%| E|CS|TAMS 0x00000006d5e00000| PB 0x00000006d5e00000| Complete 
| 119|0x00000006d6000000, 0x00000006d6200000, 0x00000006d6200000|100%| E|CS|TAMS 0x00000006d6000000| PB 0x00000006d6000000| Complete 
| 120|0x00000006d6200000, 0x00000006d6400000, 0x00000006d6400000|100%| E|CS|TAMS 0x00000006d6200000| PB 0x00000006d6200000| Complete 
| 121|0x00000006d6400000, 0x00000006d6600000, 0x00000006d6600000|100%| E|CS|TAMS 0x00000006d6400000| PB 0x00000006d6400000| Complete 
| 122|0x00000006d6600000, 0x00000006d6800000, 0x00000006d6800000|100%| E|CS|TAMS 0x00000006d6600000| PB 0x00000006d6600000| Complete 
| 123|0x00000006d6800000, 0x00000006d6a00000, 0x00000006d6a00000|100%| E|CS|TAMS 0x00000006d6800000| PB 0x00000006d6800000| Complete 
| 124|0x00000006d6a00000, 0x00000006d6c00000, 0x00000006d6c00000|100%| E|CS|TAMS 0x00000006d6a00000| PB 0x00000006d6a00000| Complete 

Card table byte_map: [0x000068b100e92000,0x000068b101659000] _byte_map_base: 0x000068b0fd859000

Marking Bits: (CMBitMap*) 0x000068b0fc089d10
 Bits: [0x000068b0e09c8000, 0x000068b0e4800000)

Polling page: 0x000068b1046b8000

Metaspace:

Usage:
  Non-class:     13.05 MB used.
      Class:      1.39 MB used.
       Both:     14.45 MB used.

Virtual space:
  Non-class space:       64.00 MB reserved,      13.25 MB ( 21%) committed,  1 nodes.
      Class space:        1.00 GB reserved,       1.56 MB ( <1%) committed,  1 nodes.
             Both:        1.06 GB reserved,      14.81 MB (  1%) committed. 

Chunk freelists:
   Non-Class:  2.58 MB
       Class:  2.39 MB
        Both:  4.97 MB

MaxMetaspaceSize: unlimited
CompressedClassSpaceSize: 1.00 GB
Initial GC threshold: 21.00 MB
Current GC threshold: 21.00 MB
CDS: off
MetaspaceReclaimPolicy: balanced
 - commit_granule_bytes: 65536.
 - commit_granule_words: 8192.
 - virtual_space_node_default_size: 8388608.
 - enlarge_chunks_in_place: 1.
 - new_chunks_are_fully_committed: 0.
 - uncommit_free_chunks: 1.
 - use_allocation_guard: 0.


Internal statistics:

num_allocs_failed_limit: 0.
num_arena_births: 448.
num_arena_deaths: 0.
num_vsnodes_births: 2.
num_vsnodes_deaths: 0.
num_space_committed: 237.
num_space_uncommitted: 0.
num_chunks_returned_to_freelist: 0.
num_chunks_taken_from_freelist: 606.
num_chunk_merges: 0.
num_chunk_splits: 357.
num_chunks_enlarged: 153.
num_inconsistent_stats: 0.

CodeHeap 'non-profiled nmethods': size=120028Kb used=366Kb max_used=366Kb free=119661Kb
 bounds [0x000068b0ec2c9000, 0x000068b0ec539000, 0x000068b0f3800000]
CodeHeap 'profiled nmethods': size=120028Kb used=1453Kb max_used=1453Kb free=118574Kb
 bounds [0x000068b0e4800000, 0x000068b0e4a70000, 0x000068b0ebd37000]
CodeHeap 'non-nmethods': size=5704Kb used=1522Kb max_used=1522Kb free=4181Kb
 bounds [0x000068b0ebd37000, 0x000068b0ebfa7000, 0x000068b0ec2c9000]
 total_blobs=1506 nmethods=987 adapters=423
 compilation: enabled
              stopped_count=0, restarted_count=0
 full_count=0

Compilation events (20 events):
Event: 0.625 Thread 0x000068b0fc2014c0  877       1       java.nio.Buffer::position (5 bytes)
Event: 0.625 Thread 0x000068b0fc2014c0 nmethod 877 0x000068b0ec30eb10 code [0x000068b0ec30ec80, 0x000068b0ec30ed40]
Event: 0.628 Thread 0x000068b0fc2014c0  879   !   3       java.lang.invoke.MethodHandle::setVarargs (25 bytes)
Event: 0.628 Thread 0x000068b0fc1fff70 nmethod 870 0x000068b0ec30ee10 code [0x000068b0ec30efa0, 0x000068b0ec30f3a8]
Event: 0.628 Thread 0x000068b0fc2014c0 nmethod 879 0x000068b0e4967c10 code [0x000068b0e4967e00, 0x000068b0e49683b0]
Event: 0.628 Thread 0x000068b0fc2014c0  881       3       java.lang.invoke.MethodHandle::keepsAlive (20 bytes)
Event: 0.629 Thread 0x000068b0fc2014c0 nmethod 881 0x000068b0e4968590 code [0x000068b0e49687e0, 0x000068b0e4969290]
Event: 0.629 Thread 0x000068b0fc2014c0  882       3       java.lang.invoke.BoundMethodHandle::<init> (32 bytes)
Event: 0.629 Thread 0x000068b0fc2014c0 nmethod 882 0x000068b0e4969610 code [0x000068b0e49697a0, 0x000068b0e4969910]
Event: 0.629 Thread 0x000068b0fc2014c0  883       3       java.util.ArrayList::get (15 bytes)
Event: 0.629 Thread 0x000068b0fc2014c0 nmethod 883 0x000068b0e4969990 code [0x000068b0e4969b40, 0x000068b0e4969d98]
Event: 0.629 Thread 0x000068b0fc2014c0  884       3       java.util.ArrayList::elementData (7 bytes)
Event: 0.629 Thread 0x000068b0fc2014c0 nmethod 884 0x000068b0e4969f10 code [0x000068b0e496a0a0, 0x000068b0e496a1d8]
Event: 0.629 Thread 0x000068b0fc2014c0  886       3       java.lang.invoke.LambdaForm$Name::useCount (51 bytes)
Event: 0.630 Thread 0x000068b0fc2014c0 nmethod 886 0x000068b0e496a290 code [0x000068b0e496a420, 0x000068b0e496a6a0]
Event: 0.630 Thread 0x000068b0fc2014c0  885       3       jdk.internal.org.objectweb.asm.Frame::setLocal (65 bytes)
Event: 0.630 Thread 0x000068b0fc2014c0 nmethod 885 0x000068b0e496a790 code [0x000068b0e496a940, 0x000068b0e496ae78]
Event: 0.630 Thread 0x000068b0fc2014c0  880       3       java.lang.invoke.MemberName::isVarargs (23 bytes)
Event: 0.630 Thread 0x000068b0fc2014c0 nmethod 880 0x000068b0e496b010 code [0x000068b0e496b1c0, 0x000068b0e496b540]
Event: 0.637 Thread 0x000068b0a00aec10 nmethod 878 0x000068b0ec30f690 code [0x000068b0ec30f8e0, 0x000068b0ec310c88]

GC Heap History (0 events):
No events

Dll operation events (11 events):
Event: 0.105 Loaded shared library /usr/lib/jvm/java-20-openjdk/lib/libjava.so
Event: 0.127 Loaded shared library /usr/lib/jvm/java-20-openjdk/lib/libjsvml.so
Event: 0.176 Loaded shared library /usr/lib/jvm/java-20-openjdk/lib/libnio.so
Event: 0.194 Loaded shared library /usr/lib/jvm/java-20-openjdk/lib/libnet.so
Event: 0.365 Loaded shared library /usr/lib/jvm/java-20-openjdk/lib/libzip.so
Event: 0.366 Loaded shared library /usr/lib/jvm/java-20-openjdk/lib/libinstrument.so
Event: 0.370 Loaded shared library /usr/lib/jvm/java-20-openjdk/lib/libzip.so
Event: 0.429 Loaded shared library /usr/lib/jvm/java-20-openjdk/lib/libjimage.so
Event: 0.465 Loaded shared library /usr/lib/jvm/java-20-openjdk/lib/libverify.so
Event: 6.445 Loading shared library pfs-core failed, pfs-core: cannot open shared object file: No such file or directory
Event: 6.446 Loaded shared library /data/git/PatrFileSys/javaPFS/lib/libpfs-core.so

Deoptimization events (20 events):
Event: 0.483 Thread 0x000068b0fc01ab80 DEOPT PACKING pc=0x000068b0e488fe3f sp=0x000068b102df8920
Event: 0.483 Thread 0x000068b0fc01ab80 DEOPT UNPACKING pc=0x000068b0ebda09af sp=0x000068b102df7dc8 mode 0
Event: 0.483 Thread 0x000068b0fc01ab80 DEOPT PACKING pc=0x000068b0e488fe3f sp=0x000068b102df8920
Event: 0.483 Thread 0x000068b0fc01ab80 DEOPT UNPACKING pc=0x000068b0ebda09af sp=0x000068b102df7dc8 mode 0
Event: 0.484 Thread 0x000068b0fc01ab80 DEOPT PACKING pc=0x000068b0e488fca1 sp=0x000068b102df8920
Event: 0.484 Thread 0x000068b0fc01ab80 DEOPT UNPACKING pc=0x000068b0ebda09af sp=0x000068b102df7dc8 mode 0
Event: 0.548 Thread 0x000068b0fc01ab80 Uncommon trap: trap_request=0xffffff45 fr.pc=0x000068b0ec2d5370 relative=0x0000000000000070
Event: 0.548 Thread 0x000068b0fc01ab80 Uncommon trap: reason=unstable_if action=reinterpret pc=0x000068b0ec2d5370 method=java.lang.String.isLatin1()Z @ 10 c2
Event: 0.548 Thread 0x000068b0fc01ab80 DEOPT PACKING pc=0x000068b0ec2d5370 sp=0x000068b102dfd8e0
Event: 0.548 Thread 0x000068b0fc01ab80 DEOPT UNPACKING pc=0x000068b0ebda0219 sp=0x000068b102dfd8a0 mode 2
Event: 0.548 Thread 0x000068b0fc01ab80 Uncommon trap: trap_request=0xffffff45 fr.pc=0x000068b0ec2e11d4 relative=0x0000000000000054
Event: 0.548 Thread 0x000068b0fc01ab80 Uncommon trap: reason=unstable_if action=reinterpret pc=0x000068b0ec2e11d4 method=java.lang.CharacterData.of(I)Ljava/lang/CharacterData; @ 4 c2
Event: 0.548 Thread 0x000068b0fc01ab80 DEOPT PACKING pc=0x000068b0ec2e11d4 sp=0x000068b102dfd410
Event: 0.548 Thread 0x000068b0fc01ab80 DEOPT UNPACKING pc=0x000068b0ebda0219 sp=0x000068b102dfd3d0 mode 2
Event: 0.551 Thread 0x000068b0fc01ab80 DEOPT PACKING pc=0x000068b0e481c4da sp=0x000068b102dfdaa0
Event: 0.551 Thread 0x000068b0fc01ab80 DEOPT UNPACKING pc=0x000068b0ebda09af sp=0x000068b102dfcee0 mode 0
Event: 0.601 Thread 0x000068b0fc01ab80 DEOPT PACKING pc=0x000068b0e482e049 sp=0x000068b102dfe600
Event: 0.601 Thread 0x000068b0fc01ab80 DEOPT UNPACKING pc=0x000068b0ebda09af sp=0x000068b102dfdae0 mode 1
Event: 0.601 Thread 0x000068b0fc01ab80 DEOPT PACKING pc=0x000068b0e4837d2c sp=0x000068b102dfe670
Event: 0.601 Thread 0x000068b0fc01ab80 DEOPT UNPACKING pc=0x000068b0ebda09af sp=0x000068b102dfdb38 mode 1

Classes loaded (20 events):
Event: 8.051 Loading class java/lang/invoke/BoundMethodHandle$Species_LLJLL
Event: 8.051 Loading class java/lang/invoke/BoundMethodHandle$Species_LLJLL done
Event: 8.705 Loading class java/lang/invoke/MethodHandleImpl$CountingWrapper
Event: 8.705 Loading class java/lang/invoke/MethodHandleImpl$CountingWrapper done
Event: 9.082 Loading class jdk/internal/foreign/abi/Binding$BoxAddress
Event: 9.082 Loading class jdk/internal/foreign/abi/Binding$BoxAddress done
Event: 9.140 Loading class java/util/stream/MatchOps$MatchKind
Event: 9.140 Loading class java/util/stream/MatchOps$MatchKind done
Event: 9.140 Loading class java/util/stream/MatchOps
Event: 9.140 Loading class java/util/stream/MatchOps done
Event: 9.141 Loading class java/util/stream/MatchOps$MatchOp
Event: 9.141 Loading class java/util/stream/MatchOps$MatchOp done
Event: 9.141 Loading class java/util/stream/MatchOps$BooleanTerminalSink
Event: 9.141 Loading class java/util/stream/MatchOps$BooleanTerminalSink done
Event: 9.151 Loading class java/util/stream/MatchOps$1MatchSink
Event: 9.151 Loading class java/util/stream/MatchOps$1MatchSink done
Event: 9.514 Loading class jdk/internal/foreign/abi/Binding$Context$4
Event: 9.514 Loading class jdk/internal/foreign/abi/Binding$Context$4 done
Event: 9.516 Loading class java/lang/invoke/ConstantBootstraps
Event: 9.516 Loading class java/lang/invoke/ConstantBootstraps done

Classes unloaded (0 events):
No events

Classes redefined (0 events):
No events

Internal exceptions (20 events):
Event: 8.221 Thread 0x000068b0fc4ecd70 Exception <a 'java/lang/NoSuchMethodError'{0x00000006d5df2778}: 'long java.lang.invoke.DelegatingMethodHandle$Holder.reinvoke_L(java.lang.Object, java.lang.Object, java.lang.Object, long)'> (0x00000006d5df2778) 
thrown [/usr/src/debug/java-openjdk/jdk20u-jdk-20.0.2-9/src/hotspot/share/interpreter/linkResolver.cpp, line 772]
Event: 8.343 Thread 0x000068b0fc4ecd70 Exception <a 'java/lang/NoSuchMethodError'{0x00000006d5a136f8}: 'int java.lang.invoke.DirectMethodHandle$Holder.invokeStaticInit(java.lang.Object, java.lang.Object, java.lang.Object, long)'> (0x00000006d5a136f8) 
thrown [/usr/src/debug/java-openjdk/jdk20u-jdk-20.0.2-9/src/hotspot/share/interpreter/linkResolver.cpp, line 772]
Event: 8.369 Thread 0x000068b0fc4ecd70 Exception <a 'java/lang/NoSuchMethodError'{0x00000006d5a1a648}: 'int java.lang.invoke.DelegatingMethodHandle$Holder.reinvoke_L(java.lang.Object, java.lang.Object, java.lang.Object, long)'> (0x00000006d5a1a648) 
thrown [/usr/src/debug/java-openjdk/jdk20u-jdk-20.0.2-9/src/hotspot/share/interpreter/linkResolver.cpp, line 772]
Event: 8.488 Thread 0x000068b0fc4ecd70 Exception <a 'java/lang/NoSuchMethodError'{0x00000006d5a3aca8}: 'int java.lang.invoke.DirectMethodHandle$Holder.invokeStatic(java.lang.Object, java.lang.Object, java.lang.Object, java.lang.Object, long)'> (0x00000006d5a3aca8) 
thrown [/usr/src/debug/java-openjdk/jdk20u-jdk-20.0.2-9/src/hotspot/share/interpreter/linkResolver.cpp, line 772]
Event: 8.502 Thread 0x000068b0fc4ecd70 Exception <a 'java/lang/NoSuchMethodError'{0x00000006d5a3e290}: 'int java.lang.invoke.DirectMethodHandle$Holder.invokeStaticInit(java.lang.Object, java.lang.Object, java.lang.Object, java.lang.Object, long)'> (0x00000006d5a3e290) 
thrown [/usr/src/debug/java-openjdk/jdk20u-jdk-20.0.2-9/src/hotspot/share/interpreter/linkResolver.cpp, line 772]
Event: 8.529 Thread 0x000068b0fc4ecd70 Exception <a 'java/lang/NoSuchMethodError'{0x00000006d5a453f8}: 'int java.lang.invoke.DelegatingMethodHandle$Holder.reinvoke_L(java.lang.Object, java.lang.Object, java.lang.Object, java.lang.Object, long)'> (0x00000006d5a453f8) 
thrown [/usr/src/debug/java-openjdk/jdk20u-jdk-20.0.2-9/src/hotspot/share/interpreter/linkResolver.cpp, line 772]
Event: 8.694 Thread 0x000068b0fc4ecd70 Exception <a 'java/lang/NoSuchMethodError'{0x00000006d5a6fa38}: 'java.lang.Object java.lang.invoke.DelegatingMethodHandle$Holder.delegate(java.lang.Object, int, java.lang.Object, java.lang.Object)'> (0x00000006d5a6fa38) 
thrown [/usr/src/debug/java-openjdk/jdk20u-jdk-20.0.2-9/src/hotspot/share/interpreter/linkResolver.cpp, line 772]
Event: 8.753 Thread 0x000068b0fc4ecd70 Exception <a 'java/lang/NoSuchMethodError'{0x00000006d5a7fcf0}: 'int java.lang.invoke.Invokers$Holder.linkToTargetMethod(java.lang.Object, java.lang.Object, java.lang.Object)'> (0x00000006d5a7fcf0) 
thrown [/usr/src/debug/java-openjdk/jdk20u-jdk-20.0.2-9/src/hotspot/share/interpreter/linkResolver.cpp, line 772]
Event: 8.814 Thread 0x000068b0fc4ecd70 Exception <a 'java/lang/NoSuchMethodError'{0x00000006d5a91d00}: 'int java.lang.invoke.DirectMethodHandle$Holder.invokeStaticInit(java.lang.Object, java.lang.Object, java.lang.Object, int, long)'> (0x00000006d5a91d00) 
thrown [/usr/src/debug/java-openjdk/jdk20u-jdk-20.0.2-9/src/hotspot/share/interpreter/linkResolver.cpp, line 772]
Event: 8.843 Thread 0x000068b0fc4ecd70 Exception <a 'java/lang/NoSuchMethodError'{0x00000006d5a98d18}: 'int java.lang.invoke.DelegatingMethodHandle$Holder.reinvoke_L(java.lang.Object, java.lang.Object, java.lang.Object, int, long)'> (0x00000006d5a98d18) 
thrown [/usr/src/debug/java-openjdk/jdk20u-jdk-20.0.2-9/src/hotspot/share/interpreter/linkResolver.cpp, line 772]
Event: 8.958 Thread 0x000068b0fc4ecd70 Exception <a 'java/lang/NoSuchMethodError'{0x00000006d5aba108}: 'int java.lang.invoke.DirectMethodHandle$Holder.invokeStatic(java.lang.Object, java.lang.Object, java.lang.Object, java.lang.Object, int, long)'> (0x00000006d5aba108) 
thrown [/usr/src/debug/java-openjdk/jdk20u-jdk-20.0.2-9/src/hotspot/share/interpreter/linkResolver.cpp, line 772]
Event: 8.970 Thread 0x000068b0fc4ecd70 Exception <a 'java/lang/NoSuchMethodError'{0x00000006d5abd740}: 'int java.lang.invoke.DirectMethodHandle$Holder.invokeStaticInit(java.lang.Object, java.lang.Object, java.lang.Object, java.lang.Object, int, long)'> (0x00000006d5abd740) 
thrown [/usr/src/debug/java-openjdk/jdk20u-jdk-20.0.2-9/src/hotspot/share/interpreter/linkResolver.cpp, line 772]
Event: 9.000 Thread 0x000068b0fc4ecd70 Exception <a 'java/lang/NoSuchMethodError'{0x00000006d5ac4988}: 'int java.lang.invoke.DelegatingMethodHandle$Holder.reinvoke_L(java.lang.Object, java.lang.Object, java.lang.Object, java.lang.Object, int, long)'> (0x00000006d5ac4988) 
thrown [/usr/src/debug/java-openjdk/jdk20u-jdk-20.0.2-9/src/hotspot/share/interpreter/linkResolver.cpp, line 772]
Event: 9.179 Thread 0x000068b0fc4ecd70 Exception <a 'java/lang/NoSuchMethodError'{0x00000006d5afbae8}: 'java.lang.Object java.lang.invoke.DirectMethodHandle$Holder.invokeStaticInit(java.lang.Object, java.lang.Object, java.lang.Object, java.lang.Object, int, int, long)'> (0x00000006d5afbae8) 
thrown [/usr/src/debug/java-openjdk/jdk20u-jdk-20.0.2-9/src/hotspot/share/interpreter/linkResolver.cpp, line 772]
Event: 9.207 Thread 0x000068b0fc4ecd70 Exception <a 'java/lang/NoSuchMethodError'{0x00000006d5b02ef0}: 'java.lang.Object java.lang.invoke.DelegatingMethodHandle$Holder.reinvoke_L(java.lang.Object, java.lang.Object, java.lang.Object, java.lang.Object, int, int, long)'> (0x00000006d5b02ef0) 
thrown [/usr/src/debug/java-openjdk/jdk20u-jdk-20.0.2-9/src/hotspot/share/interpreter/linkResolver.cpp, line 772]
Event: 9.372 Thread 0x000068b0fc4ecd70 Exception <a 'java/lang/NoSuchMethodError'{0x00000006d5b2f3d0}: 'int java.lang.invoke.DirectMethodHandle$Holder.invokeStaticInit(java.lang.Object, java.lang.Object, java.lang.Object, java.lang.Object, long, java.lang.Object, java.lang.Object, long)'> (0x00000006d5b2f3d0) 
thrown [/usr/src/debug/java-openjdk/jdk20u-jdk-20.0.2-9/src/hotspot/share/interpreter/linkResolver.cpp, line 772]
Event: 9.402 Thread 0x000068b0fc4ecd70 Exception <a 'java/lang/NoSuchMethodError'{0x00000006d5b36b78}: 'int java.lang.invoke.DelegatingMethodHandle$Holder.reinvoke_L(java.lang.Object, java.lang.Object, java.lang.Object, java.lang.Object, long, java.lang.Object, java.lang.Object, long)'> (0x00000006d5b36b78) 
thrown [/usr/src/debug/java-openjdk/jdk20u-jdk-20.0.2-9/src/hotspot/share/interpreter/linkResolver.cpp, line 772]
Event: 9.489 Thread 0x000068b0fc4ecd70 Exception <a 'java/lang/NoSuchMethodError'{0x00000006d5b4ced0}: 'java.lang.Object java.lang.invoke.DirectMethodHandle$Holder.invokeSpecial(java.lang.Object, java.lang.Object, java.lang.Object, int, int)'> (0x00000006d5b4ced0) 
thrown [/usr/src/debug/java-openjdk/jdk20u-jdk-20.0.2-9/src/hotspot/share/interpreter/linkResolver.cpp, line 772]
Event: 9.516 Thread 0x000068b0fc4ecd70 Exception <a 'java/lang/NoSuchMethodError'{0x00000006d5b56d78}: 'java.lang.Object java.lang.invoke.Invokers$Holder.invoke_MT(java.lang.Object, java.lang.Object, java.lang.Object, java.lang.Object, java.lang.Object)'> (0x00000006d5b56d78) 
thrown [/usr/src/debug/java-openjdk/jdk20u-jdk-20.0.2-9/src/hotspot/share/interpreter/linkResolver.cpp, line 772]
Event: 9.560 Thread 0x000068b0fc4ecd70 Exception <a 'java/lang/NoSuchMethodError'{0x00000006d5b61788}: 'int java.lang.invoke.DirectMethodHandle$Holder.invokeSpecial(java.lang.Object, java.lang.Object, java.lang.Object, long, java.lang.Object, java.lang.Object)'> (0x00000006d5b61788) 
thrown [/usr/src/debug/java-openjdk/jdk20u-jdk-20.0.2-9/src/hotspot/share/interpreter/linkResolver.cpp, line 772]

VM Operations (20 events):
Event: 0.987 Executing VM operation: get/set locals
Event: 0.987 Executing VM operation: get/set locals done
Event: 0.988 Executing VM operation: get/set locals
Event: 0.988 Executing VM operation: get/set locals done
Event: 0.990 Executing VM operation: get/set locals
Event: 0.990 Executing VM operation: get/set locals done
Event: 0.991 Executing VM operation: get/set locals
Event: 0.991 Executing VM operation: get/set locals done
Event: 0.992 Executing VM operation: get/set locals
Event: 0.992 Executing VM operation: get/set locals done
Event: 6.159 Executing VM operation: ChangeSingleStep
Event: 6.159 Executing VM operation: ChangeSingleStep done
Event: 6.160 Executing VM operation: get/set locals
Event: 6.160 Executing VM operation: get/set locals done
Event: 6.164 Executing VM operation: ChangeSingleStep
Event: 6.164 Executing VM operation: ChangeSingleStep done
Event: 6.164 Executing VM operation: get/set locals
Event: 6.164 Executing VM operation: get/set locals done
Event: 6.434 Executing VM operation: ChangeBreakpoints
Event: 6.434 Executing VM operation: ChangeBreakpoints done

Events (20 events):
Event: 0.143 Protecting memory [0x000068b0d1500000,0x000068b0d1504000] with protection modes 0
Event: 0.143 Thread 0x000068b0fc1fff70 Thread added: 0x000068b0fc1fff70
Event: 0.144 Protecting memory [0x000068b0d1400000,0x000068b0d1404000] with protection modes 0
Event: 0.144 Thread 0x000068b0fc2014c0 Thread added: 0x000068b0fc2014c0
Event: 0.144 Protecting memory [0x000068b0d1300000,0x000068b0d1304000] with protection modes 0
Event: 0.166 Thread 0x000068b0fc2633e0 Thread added: 0x000068b0fc2633e0
Event: 0.166 Protecting memory [0x000068b0d1200000,0x000068b0d1204000] with protection modes 0
Event: 0.240 Thread 0x000068b0fc3666c0 Thread added: 0x000068b0fc3666c0
Event: 0.240 Protecting memory [0x000068b0d1100000,0x000068b0d1104000] with protection modes 0
Event: 0.241 Thread 0x000068b0fc367c70 Thread added: 0x000068b0fc367c70
Event: 0.241 Protecting memory [0x000068b0d1000000,0x000068b0d1004000] with protection modes 0
Event: 0.241 Thread 0x000068b0980012c0 Thread added: 0x000068b0980012c0
Event: 0.241 Protecting memory [0x000068b0d0f00000,0x000068b0d0f04000] with protection modes 0
Event: 0.440 Thread 0x000068b0a00aec10 Thread added: 0x000068b0a00aec10
Event: 0.440 Protecting memory [0x000068b0d0e00000,0x000068b0d0e04000] with protection modes 0
Event: 0.459 Thread 0x000068b0fc47b2b0 Thread added: 0x000068b0fc47b2b0
Event: 0.459 Protecting memory [0x000068b0d0d00000,0x000068b0d0d04000] with protection modes 0
Event: 0.600 Thread 0x000068b0fc4ecd70 Thread added: 0x000068b0fc4ecd70
Event: 0.600 Protecting memory [0x000068b0d0afe000,0x000068b0d0b02000] with protection modes 0
Event: 5.637 Thread 0x000068b0a00aec10 Thread exited: 0x000068b0a00aec10


Dynamic libraries:
6c7200000-6d6c00000 rw-p 00000000 00:00 0 
6d6c00000-7c0000000 ---p 00000000 00:00 0 
7c0000000-7c0010000 rw-p 00000000 00:00 0 
7c0010000-7c0030000 rw-p 00000000 00:00 0 
7c0030000-7c0090000 rw-p 00000000 00:00 0 
7c0090000-7c00b0000 rw-p 00000000 00:00 0 
7c00b0000-7c0130000 rw-p 00000000 00:00 0 
7c0130000-7c0170000 rw-p 00000000 00:00 0 
7c0170000-7c0180000 ---p 00000000 00:00 0 
7c0180000-7c01a0000 rw-p 00000000 00:00 0 
7c01a0000-800000000 ---p 00000000 00:00 0 
58d1b105000-58d1b106000 r--p 00000000 08:03 18509904                     /usr/lib/jvm/java-20-openjdk/bin/java
58d1b106000-58d1b107000 r-xp 00001000 08:03 18509904                     /usr/lib/jvm/java-20-openjdk/bin/java
58d1b107000-58d1b108000 r--p 00002000 08:03 18509904                     /usr/lib/jvm/java-20-openjdk/bin/java
58d1b108000-58d1b109000 r--p 00002000 08:03 18509904                     /usr/lib/jvm/java-20-openjdk/bin/java
58d1b109000-58d1b10a000 rw-p 00003000 08:03 18509904                     /usr/lib/jvm/java-20-openjdk/bin/java
58d519a7000-58d519ef000 rw-p 00000000 00:00 0                            [heap]
68b080000000-68b080122000 rw-p 00000000 00:00 0 
68b080122000-68b084000000 ---p 00000000 00:00 0 
68b088000000-68b088021000 rw-p 00000000 00:00 0 
68b088021000-68b08c000000 ---p 00000000 00:00 0 
68b08c000000-68b08c021000 rw-p 00000000 00:00 0 
68b08c021000-68b090000000 ---p 00000000 00:00 0 
68b090000000-68b090021000 rw-p 00000000 00:00 0 
68b090021000-68b094000000 ---p 00000000 00:00 0 
68b094000000-68b0941a9000 rw-p 00000000 00:00 0 
68b0941a9000-68b098000000 ---p 00000000 00:00 0 
68b098000000-68b098021000 rw-p 00000000 00:00 0 
68b098021000-68b09c000000 ---p 00000000 00:00 0 
68b09c000000-68b09c021000 rw-p 00000000 00:00 0 
68b09c021000-68b0a0000000 ---p 00000000 00:00 0 
68b0a0000000-68b0a017c000 rw-p 00000000 00:00 0 
68b0a017c000-68b0a4000000 ---p 00000000 00:00 0 
68b0a4000000-68b0a4021000 rw-p 00000000 00:00 0 
68b0a4021000-68b0a8000000 ---p 00000000 00:00 0 
68b0a8000000-68b0a8021000 rw-p 00000000 00:00 0 
68b0a8021000-68b0ac000000 ---p 00000000 00:00 0 
68b0ac000000-68b0ac2b2000 rw-p 00000000 00:00 0 
68b0ac2b2000-68b0b0000000 ---p 00000000 00:00 0 
68b0b0000000-68b0b0021000 rw-p 00000000 00:00 0 
68b0b0021000-68b0b4000000 ---p 00000000 00:00 0 
68b0b4000000-68b0b4021000 rw-p 00000000 00:00 0 
68b0b4021000-68b0b8000000 ---p 00000000 00:00 0 
68b0b8000000-68b0b8021000 rw-p 00000000 00:00 0 
68b0b8021000-68b0bc000000 ---p 00000000 00:00 0 
68b0bc000000-68b0bc021000 rw-p 00000000 00:00 0 
68b0bc021000-68b0c0000000 ---p 00000000 00:00 0 
68b0c0000000-68b0c0021000 rw-p 00000000 00:00 0 
68b0c0021000-68b0c4000000 ---p 00000000 00:00 0 
68b0c4000000-68b0c4021000 rw-p 00000000 00:00 0 
68b0c4021000-68b0c8000000 ---p 00000000 00:00 0 
68b0c8000000-68b0c83f0000 rw-p 00000000 00:00 0 
68b0c83f0000-68b0c8410000 rw-p 00000000 00:00 0 
68b0c8410000-68b0c8430000 rw-p 00000000 00:00 0 
68b0c8430000-68b0c8470000 rw-p 00000000 00:00 0 
68b0c8470000-68b0c84f0000 rw-p 00000000 00:00 0 
68b0c84f0000-68b0c87f0000 rw-p 00000000 00:00 0 
68b0c87f0000-68b0c8830000 rw-p 00000000 00:00 0 
68b0c8830000-68b0c8870000 rw-p 00000000 00:00 0 
68b0c8870000-68b0c88f0000 rw-p 00000000 00:00 0 
68b0c88f0000-68b0c8a50000 rw-p 00000000 00:00 0 
68b0c8a50000-68b0c8a70000 rw-p 00000000 00:00 0 
68b0c8a70000-68b0c8af0000 rw-p 00000000 00:00 0 
68b0c8af0000-68b0c8c70000 rw-p 00000000 00:00 0 
68b0c8c70000-68b0c8d00000 ---p 00000000 00:00 0 
68b0c8d00000-68b0c8dd0000 rw-p 00000000 00:00 0 
68b0c8dd0000-68b0cc000000 ---p 00000000 00:00 0 
68b0cc000000-68b0cc021000 rw-p 00000000 00:00 0 
68b0cc021000-68b0d0000000 ---p 00000000 00:00 0 
68b0d0afe000-68b0d0b02000 ---p 00000000 00:00 0 
68b0d0b02000-68b0d0bfe000 rw-p 00000000 00:00 0 
68b0d0bfe000-68b0d0bff000 ---p 00000000 00:00 0 
68b0d0bff000-68b0d0d00000 rw-p 00000000 00:00 0 
68b0d0d00000-68b0d0d04000 ---p 00000000 00:00 0 
68b0d0d04000-68b0d0e00000 rw-p 00000000 00:00 0 
68b0d0e00000-68b0d0e04000 ---p 00000000 00:00 0 
68b0d0e04000-68b0d0f00000 rw-p 00000000 00:00 0 
68b0d0f00000-68b0d0f04000 ---p 00000000 00:00 0 
68b0d0f04000-68b0d1000000 rw-p 00000000 00:00 0 
68b0d1000000-68b0d1004000 ---p 00000000 00:00 0 
68b0d1004000-68b0d1100000 rw-p 00000000 00:00 0 
68b0d1100000-68b0d1104000 ---p 00000000 00:00 0 
68b0d1104000-68b0d1200000 rw-p 00000000 00:00 0 
68b0d1200000-68b0d1204000 ---p 00000000 00:00 0 
68b0d1204000-68b0d1300000 rw-p 00000000 00:00 0 
68b0d1300000-68b0d1304000 ---p 00000000 00:00 0 
68b0d1304000-68b0d1400000 rw-p 00000000 00:00 0 
68b0d1400000-68b0d1404000 ---p 00000000 00:00 0 
68b0d1404000-68b0d1500000 rw-p 00000000 00:00 0 
68b0d1500000-68b0d1504000 ---p 00000000 00:00 0 
68b0d1504000-68b0d1600000 rw-p 00000000 00:00 0 
68b0d1600000-68b0d1604000 ---p 00000000 00:00 0 
68b0d1604000-68b0d1700000 rw-p 00000000 00:00 0 
68b0d1700000-68b0d1704000 ---p 00000000 00:00 0 
68b0d1704000-68b0d1800000 rw-p 00000000 00:00 0 
68b0d1800000-68b0d1804000 ---p 00000000 00:00 0 
68b0d1804000-68b0d1900000 rw-p 00000000 00:00 0 
68b0d1900000-68b0d1904000 ---p 00000000 00:00 0 
68b0d1904000-68b0d1a00000 rw-p 00000000 00:00 0 
68b0d1a00000-68b0d1de4000 r--p 00000000 08:03 18400002                   /usr/lib/locale/locale-archive
68b0d1e2d000-68b0d1e2e000 ---p 00000000 00:00 0 
68b0d1e2e000-68b0d1f2f000 rw-p 00000000 00:00 0 
68b0d1f2f000-68b0d1f34000 r--p 00000000 08:03 18760237                   /usr/lib/jvm/java-20-openjdk/lib/libjsvml.so
68b0d1f34000-68b0d1f75000 r-xp 00005000 08:03 18760237                   /usr/lib/jvm/java-20-openjdk/lib/libjsvml.so
68b0d1f75000-68b0d1ffe000 r--p 00046000 08:03 18760237                   /usr/lib/jvm/java-20-openjdk/lib/libjsvml.so
68b0d1ffe000-68b0d1fff000 r--p 000ce000 08:03 18760237                   /usr/lib/jvm/java-20-openjdk/lib/libjsvml.so
68b0d1fff000-68b0d2000000 rw-p 000cf000 08:03 18760237                   /usr/lib/jvm/java-20-openjdk/lib/libjsvml.so
68b0d2000000-68b0d4021000 rw-p 00000000 00:00 0 
68b0d4021000-68b0d8000000 ---p 00000000 00:00 0 
68b0d8000000-68b0d8021000 rw-p 00000000 00:00 0 
68b0d8021000-68b0dc000000 ---p 00000000 00:00 0 
68b0dc000000-68b0dc021000 rw-p 00000000 00:00 0 
68b0dc021000-68b0e0000000 ---p 00000000 00:00 0 
68b0e003b000-68b0e003f000 r--p 00000000 08:03 18368930                   /usr/lib/libnss_resolve.so.2
68b0e003f000-68b0e0059000 r-xp 00004000 08:03 18368930                   /usr/lib/libnss_resolve.so.2
68b0e0059000-68b0e0061000 r--p 0001e000 08:03 18368930                   /usr/lib/libnss_resolve.so.2
68b0e0061000-68b0e0062000 r--p 00026000 08:03 18368930                   /usr/lib/libnss_resolve.so.2
68b0e0062000-68b0e0063000 rw-p 00027000 08:03 18368930                   /usr/lib/libnss_resolve.so.2
68b0e0063000-68b0e006a000 r--p 00000000 08:03 18368928                   /usr/lib/libnss_mymachines.so.2
68b0e006a000-68b0e00a4000 r-xp 00007000 08:03 18368928                   /usr/lib/libnss_mymachines.so.2
68b0e00a4000-68b0e00b8000 r--p 00041000 08:03 18368928                   /usr/lib/libnss_mymachines.so.2
68b0e00b8000-68b0e00bb000 r--p 00055000 08:03 18368928                   /usr/lib/libnss_mymachines.so.2
68b0e00bb000-68b0e00bc000 rw-p 00058000 08:03 18368928                   /usr/lib/libnss_mymachines.so.2
68b0e00bc000-68b0e00bd000 rw-p 00000000 00:00 0 
68b0e00bd000-68b0e00be000 ---p 00000000 00:00 0 
68b0e00be000-68b0e01bf000 rw-p 00000000 00:00 0 
68b0e01bf000-68b0e01c0000 ---p 00000000 00:00 0 
68b0e01c0000-68b0e0db0000 rw-p 00000000 00:00 0 
68b0e0db0000-68b0e4800000 ---p 00000000 00:00 0 
68b0e4800000-68b0e4a70000 rwxp 00000000 00:00 0 
68b0e4a70000-68b0ebd37000 ---p 00000000 00:00 0 
68b0ebd37000-68b0ebfa7000 rwxp 00000000 00:00 0 
68b0ebfa7000-68b0ec2c9000 ---p 00000000 00:00 0 
68b0ec2c9000-68b0ec539000 rwxp 00000000 00:00 0 
68b0ec539000-68b0f3800000 ---p 00000000 00:00 0 
68b0f3800000-68b0fbf49000 r--s 00000000 08:03 18760251                   /usr/lib/jvm/java-20-openjdk/lib/modules
68b0fbf56000-68b0fbf5a000 r--p 00000000 08:11 48506439                   /data/git/PatrFileSys/pfs-core/exports/shared/libpfs-core.so
68b0fbf5a000-68b0fbf69000 r-xp 00004000 08:11 48506439                   /data/git/PatrFileSys/pfs-core/exports/shared/libpfs-core.so
68b0fbf69000-68b0fbf6d000 r--p 00013000 08:11 48506439                   /data/git/PatrFileSys/pfs-core/exports/shared/libpfs-core.so
68b0fbf6d000-68b0fbf6e000 r--p 00016000 08:11 48506439                   /data/git/PatrFileSys/pfs-core/exports/shared/libpfs-core.so
68b0fbf6e000-68b0fbf6f000 rw-p 00017000 08:11 48506439                   /data/git/PatrFileSys/pfs-core/exports/shared/libpfs-core.so
68b0fbf6f000-68b0fbf73000 r--p 00000000 08:03 18760249                   /usr/lib/jvm/java-20-openjdk/lib/libverify.so
68b0fbf73000-68b0fbf7a000 r-xp 00004000 08:03 18760249                   /usr/lib/jvm/java-20-openjdk/lib/libverify.so
68b0fbf7a000-68b0fbf7c000 r--p 0000b000 08:03 18760249                   /usr/lib/jvm/java-20-openjdk/lib/libverify.so
68b0fbf7c000-68b0fbf7e000 r--p 0000c000 08:03 18760249                   /usr/lib/jvm/java-20-openjdk/lib/libverify.so
68b0fbf7e000-68b0fbf7f000 rw-p 0000e000 08:03 18760249                   /usr/lib/jvm/java-20-openjdk/lib/libverify.so
68b0fbf7f000-68b0fc52d000 rw-p 00000000 00:00 0 
68b0fc52d000-68b100000000 ---p 00000000 00:00 0 
68b100002000-68b100004000 r--p 00000000 08:03 18760250                   /usr/lib/jvm/java-20-openjdk/lib/libzip.so
68b100004000-68b100008000 r-xp 00002000 08:03 18760250                   /usr/lib/jvm/java-20-openjdk/lib/libzip.so
68b100008000-68b10000a000 r--p 00006000 08:03 18760250                   /usr/lib/jvm/java-20-openjdk/lib/libzip.so
68b10000a000-68b10000b000 r--p 00007000 08:03 18760250                   /usr/lib/jvm/java-20-openjdk/lib/libzip.so
68b10000b000-68b10000c000 rw-p 00008000 08:03 18760250                   /usr/lib/jvm/java-20-openjdk/lib/libzip.so
68b10000c000-68b10000f000 r--p 00000000 08:03 18362643                   /usr/lib/libcap.so.2.69
68b10000f000-68b100014000 r-xp 00003000 08:03 18362643                   /usr/lib/libcap.so.2.69
68b100014000-68b100016000 r--p 00008000 08:03 18362643                   /usr/lib/libcap.so.2.69
68b100016000-68b100017000 r--p 00009000 08:03 18362643                   /usr/lib/libcap.so.2.69
68b100017000-68b100018000 rw-p 0000a000 08:03 18362643                   /usr/lib/libcap.so.2.69
68b100018000-68b10001b000 r--p 00000000 08:03 18760243                   /usr/lib/jvm/java-20-openjdk/lib/libnet.so
68b10001b000-68b100022000 r-xp 00003000 08:03 18760243                   /usr/lib/jvm/java-20-openjdk/lib/libnet.so
68b100022000-68b100024000 r--p 0000a000 08:03 18760243                   /usr/lib/jvm/java-20-openjdk/lib/libnet.so
68b100024000-68b100025000 r--p 0000b000 08:03 18760243                   /usr/lib/jvm/java-20-openjdk/lib/libnet.so
68b100025000-68b100026000 rw-p 0000c000 08:03 18760243                   /usr/lib/jvm/java-20-openjdk/lib/libnet.so
68b100026000-68b1003c5000 rw-p 00000000 00:00 0 
68b1003c5000-68b1003c6000 ---p 00000000 00:00 0 
68b1003c6000-68b1004c7000 rw-p 00000000 00:00 0 
68b1004c7000-68b1004c8000 ---p 00000000 00:00 0 
68b1004c8000-68b1005c9000 rw-p 00000000 00:00 0 
68b1005c9000-68b1005ca000 ---p 00000000 00:00 0 
68b1005ca000-68b100748000 rw-p 00000000 00:00 0 
68b100748000-68b100e92000 ---p 00000000 00:00 0 
68b100e92000-68b100f0f000 rw-p 00000000 00:00 0 
68b100f0f000-68b101659000 ---p 00000000 00:00 0 
68b101659000-68b1016d6000 rw-p 00000000 00:00 0 
68b1016d6000-68b101e20000 ---p 00000000 00:00 0 
68b101e20000-68b10282f000 rw-p 00000000 00:00 0 
68b10282f000-68b102915000 ---p 00000000 00:00 0 
68b102915000-68b10291a000 rw-p 00000000 00:00 0 
68b10291a000-68b102a00000 ---p 00000000 00:00 0 
68b102a00000-68b102a9c000 r--p 00000000 08:03 18400005                   /usr/lib/libstdc++.so.6.0.32
68b102a9c000-68b102bd3000 r-xp 0009c000 08:03 18400005                   /usr/lib/libstdc++.so.6.0.32
68b102bd3000-68b102c69000 r--p 001d3000 08:03 18400005                   /usr/lib/libstdc++.so.6.0.32
68b102c69000-68b102c76000 r--p 00269000 08:03 18400005                   /usr/lib/libstdc++.so.6.0.32
68b102c76000-68b102c77000 rw-p 00276000 08:03 18400005                   /usr/lib/libstdc++.so.6.0.32
68b102c77000-68b102c7b000 rw-p 00000000 00:00 0 
68b102c7f000-68b102d00000 rw-p 00000000 00:00 0 
68b102d00000-68b102d04000 ---p 00000000 00:00 0 
68b102d04000-68b102e00000 rw-p 00000000 00:00 0 
68b102e00000-68b10308d000 r--p 00000000 08:03 19401371                   /usr/lib/jvm/java-20-openjdk/lib/server/libjvm.so
68b10308d000-68b103e7e000 r-xp 0028d000 08:03 19401371                   /usr/lib/jvm/java-20-openjdk/lib/server/libjvm.so
68b103e7e000-68b10412a000 r--p 0107e000 08:03 19401371                   /usr/lib/jvm/java-20-openjdk/lib/server/libjvm.so
68b10412a000-68b1041f6000 r--p 0132a000 08:03 19401371                   /usr/lib/jvm/java-20-openjdk/lib/server/libjvm.so
68b1041f6000-68b10422c000 rw-p 013f6000 08:03 19401371                   /usr/lib/jvm/java-20-openjdk/lib/server/libjvm.so
68b10422c000-68b10428c000 rw-p 00000000 00:00 0 
68b104292000-68b104299000 r--p 00000000 08:03 18760244                   /usr/lib/jvm/java-20-openjdk/lib/libnio.so
68b104299000-68b1042a1000 r-xp 00007000 08:03 18760244                   /usr/lib/jvm/java-20-openjdk/lib/libnio.so
68b1042a1000-68b1042a5000 r--p 0000f000 08:03 18760244                   /usr/lib/jvm/java-20-openjdk/lib/libnio.so
68b1042a5000-68b1042a6000 r--p 00013000 08:03 18760244                   /usr/lib/jvm/java-20-openjdk/lib/libnio.so
68b1042a6000-68b1042a7000 rw-p 00014000 08:03 18760244                   /usr/lib/jvm/java-20-openjdk/lib/libnio.so
68b1042a7000-68b1042b4000 r--p 00000000 08:03 18760231                   /usr/lib/jvm/java-20-openjdk/lib/libjava.so
68b1042b4000-68b1042c5000 r-xp 0000d000 08:03 18760231                   /usr/lib/jvm/java-20-openjdk/lib/libjava.so
68b1042c5000-68b1042cb000 r--p 0001e000 08:03 18760231                   /usr/lib/jvm/java-20-openjdk/lib/libjava.so
68b1042cb000-68b1042cc000 r--p 00024000 08:03 18760231                   /usr/lib/jvm/java-20-openjdk/lib/libjava.so
68b1042cc000-68b1042cd000 rw-p 00025000 08:03 18760231                   /usr/lib/jvm/java-20-openjdk/lib/libjava.so
68b1042cd000-68b1042ce000 rw-p 00000000 00:00 0 
68b1042ce000-68b1042d1000 r--p 00000000 08:03 18760233                   /usr/lib/jvm/java-20-openjdk/lib/libjdwp.so
68b1042d1000-68b104301000 r-xp 00003000 08:03 18760233                   /usr/lib/jvm/java-20-openjdk/lib/libjdwp.so
68b104301000-68b104310000 r--p 00033000 08:03 18760233                   /usr/lib/jvm/java-20-openjdk/lib/libjdwp.so
68b104310000-68b104311000 r--p 00041000 08:03 18760233                   /usr/lib/jvm/java-20-openjdk/lib/libjdwp.so
68b104311000-68b104312000 rw-p 00042000 08:03 18760233                   /usr/lib/jvm/java-20-openjdk/lib/libjdwp.so
68b104312000-68b104313000 rw-p 00000000 00:00 0 
68b104313000-68b104323000 r--p 00000000 08:03 18353489                   /usr/lib/libm.so.6
68b104323000-68b1043a2000 r-xp 00010000 08:03 18353489                   /usr/lib/libm.so.6
68b1043a2000-68b1043fe000 r--p 0008f000 08:03 18353489                   /usr/lib/libm.so.6
68b1043fe000-68b1043ff000 r--p 000ea000 08:03 18353489                   /usr/lib/libm.so.6
68b1043ff000-68b104400000 rw-p 000eb000 08:03 18353489                   /usr/lib/libm.so.6
68b104400000-68b104426000 r--p 00000000 08:03 18353467                   /usr/lib/libc.so.6
68b104426000-68b104585000 r-xp 00026000 08:03 18353467                   /usr/lib/libc.so.6
68b104585000-68b1045da000 r--p 00185000 08:03 18353467                   /usr/lib/libc.so.6
68b1045da000-68b10463e000 r--p 001d9000 08:03 18353467                   /usr/lib/libc.so.6
68b10463e000-68b104640000 rw-p 0023d000 08:03 18353467                   /usr/lib/libc.so.6
68b104640000-68b104652000 rw-p 00000000 00:00 0 
68b104652000-68b104659000 ---p 00000000 00:00 0 
68b104659000-68b10465d000 r--p 00000000 08:03 18354241                   /usr/lib/libgcc_s.so.1
68b10465d000-68b104678000 r-xp 00004000 08:03 18354241                   /usr/lib/libgcc_s.so.1
68b104678000-68b10467c000 r--p 0001f000 08:03 18354241                   /usr/lib/libgcc_s.so.1
68b10467c000-68b10467d000 r--p 00022000 08:03 18354241                   /usr/lib/libgcc_s.so.1
68b10467d000-68b10467e000 rw-p 00023000 08:03 18354241                   /usr/lib/libgcc_s.so.1
68b10467e000-68b104681000 rw-p 00000000 00:00 0 
68b104681000-68b104684000 r--p 00000000 08:03 18353482                   /usr/lib/libz.so.1.3
68b104684000-68b104692000 r-xp 00003000 08:03 18353482                   /usr/lib/libz.so.1.3
68b104692000-68b104699000 r--p 00011000 08:03 18353482                   /usr/lib/libz.so.1.3
68b104699000-68b10469a000 r--p 00017000 08:03 18353482                   /usr/lib/libz.so.1.3
68b10469a000-68b10469b000 rw-p 00018000 08:03 18353482                   /usr/lib/libz.so.1.3
68b10469b000-68b10469d000 r--p 00000000 08:03 18760223                   /usr/lib/jvm/java-20-openjdk/lib/libdt_socket.so
68b10469d000-68b1046a0000 r-xp 00002000 08:03 18760223                   /usr/lib/jvm/java-20-openjdk/lib/libdt_socket.so
68b1046a0000-68b1046a1000 r--p 00005000 08:03 18760223                   /usr/lib/jvm/java-20-openjdk/lib/libdt_socket.so
68b1046a1000-68b1046a2000 r--p 00006000 08:03 18760223                   /usr/lib/jvm/java-20-openjdk/lib/libdt_socket.so
68b1046a2000-68b1046a3000 rw-p 00007000 08:03 18760223                   /usr/lib/jvm/java-20-openjdk/lib/libdt_socket.so
68b1046a3000-68b1046ab000 rw-s 00000000 00:21 364                        /tmp/hsperfdata_pat/34026
68b1046ab000-68b1046ad000 r--p 00000000 08:03 18760226                   /usr/lib/jvm/java-20-openjdk/lib/libinstrument.so
68b1046ad000-68b1046b3000 r-xp 00002000 08:03 18760226                   /usr/lib/jvm/java-20-openjdk/lib/libinstrument.so
68b1046b3000-68b1046b6000 r--p 00008000 08:03 18760226                   /usr/lib/jvm/java-20-openjdk/lib/libinstrument.so
68b1046b6000-68b1046b7000 r--p 0000a000 08:03 18760226                   /usr/lib/jvm/java-20-openjdk/lib/libinstrument.so
68b1046b7000-68b1046b8000 rw-p 0000b000 08:03 18760226                   /usr/lib/jvm/java-20-openjdk/lib/libinstrument.so
68b1046b8000-68b1046b9000 ---p 00000000 00:00 0 
68b1046b9000-68b1046ba000 r--p 00000000 00:00 0 
68b1046ba000-68b1046bb000 ---p 00000000 00:00 0 
68b1046bb000-68b1046bd000 r--p 00000000 08:03 18760234                   /usr/lib/jvm/java-20-openjdk/lib/libjimage.so
68b1046bd000-68b1046c0000 r-xp 00002000 08:03 18760234                   /usr/lib/jvm/java-20-openjdk/lib/libjimage.so
68b1046c0000-68b1046c1000 r--p 00005000 08:03 18760234                   /usr/lib/jvm/java-20-openjdk/lib/libjimage.so
68b1046c1000-68b1046c2000 r--p 00006000 08:03 18760234                   /usr/lib/jvm/java-20-openjdk/lib/libjimage.so
68b1046c2000-68b1046c3000 rw-p 00007000 08:03 18760234                   /usr/lib/jvm/java-20-openjdk/lib/libjimage.so
68b1046c3000-68b1046c5000 r--p 00000000 08:03 18760235                   /usr/lib/jvm/java-20-openjdk/lib/libjli.so
68b1046c5000-68b1046cf000 r-xp 00002000 08:03 18760235                   /usr/lib/jvm/java-20-openjdk/lib/libjli.so
68b1046cf000-68b1046d2000 r--p 0000c000 08:03 18760235                   /usr/lib/jvm/java-20-openjdk/lib/libjli.so
68b1046d2000-68b1046d3000 r--p 0000e000 08:03 18760235                   /usr/lib/jvm/java-20-openjdk/lib/libjli.so
68b1046d3000-68b1046d4000 rw-p 0000f000 08:03 18760235                   /usr/lib/jvm/java-20-openjdk/lib/libjli.so
68b1046d4000-68b1046d6000 rw-p 00000000 00:00 0 
68b1046d6000-68b1046da000 r--p 00000000 00:00 0                          [vvar]
68b1046da000-68b1046dc000 r-xp 00000000 00:00 0                          [vdso]
68b1046dc000-68b1046dd000 r--p 00000000 08:03 18353447                   /usr/lib/ld-linux-x86-64.so.2
68b1046dd000-68b104703000 r-xp 00001000 08:03 18353447                   /usr/lib/ld-linux-x86-64.so.2
68b104703000-68b10470d000 r--p 00027000 08:03 18353447                   /usr/lib/ld-linux-x86-64.so.2
68b10470d000-68b10470f000 r--p 00031000 08:03 18353447                   /usr/lib/ld-linux-x86-64.so.2
68b10470f000-68b104711000 rw-p 00033000 08:03 18353447                   /usr/lib/ld-linux-x86-64.so.2
7e8f59525000-7e8f59546000 rw-p 00000000 00:00 0                          [stack]


VM Arguments:
jvm_args: -XX:+ShowCodeDetailsInExceptionMessages -agentlib:jdwp=transport=dt_socket,suspend=y,address=localhost:43269 --enable-native-access=de.hechler.patrick.zeugs.pfs -javaagent:/home/pat/.eclipse/org.eclipse.platform_4.28.0_155965261_linux_gtk_x86_64/configuration/org.eclipse.osgi/242/0/.cp/lib/javaagent-shaded.jar -Dfile.encoding=UTF-8 --module-path=/data/git/PatrFileSys/javaPFS/target/classes --enable-preview --patch-module=de.hechler.patrick.zeugs.pfs=/data/git/PatrFileSys/javaPFS/target/test-classes --add-reads=de.hechler.patrick.zeugs.pfs=ALL-UNNAMED --add-reads=de.hechler.patrick.zeugs.check=ALL-UNNAMED -Djdk.module.main=de.hechler.patrick.zeugs.pfs 
java_command: de.hechler.patrick.zeugs.pfs/de.hechler.patrick.zeugs.pfs.Test
java_class_path (initial): /data/git/Checker/target/classes
Launcher Type: SUN_STANDARD

[Global flags]
     intx CICompilerCount                          = 4                                         {product} {ergonomic}
     uint ConcGCThreads                            = 3                                         {product} {ergonomic}
     uint G1ConcRefinementThreads                  = 10                                        {product} {ergonomic}
   size_t G1HeapRegionSize                         = 2097152                                   {product} {ergonomic}
    uintx GCDrainStackTargetSize                   = 64                                        {product} {ergonomic}
   size_t InitialHeapSize                          = 262144000                                 {product} {ergonomic}
   size_t MarkStackSize                            = 4194304                                   {product} {ergonomic}
   size_t MaxHeapSize                              = 4175429632                                {product} {ergonomic}
   size_t MaxNewSize                               = 2503999488                                {product} {ergonomic}
   size_t MinHeapDeltaBytes                        = 2097152                                   {product} {ergonomic}
   size_t MinHeapSize                              = 8388608                                   {product} {ergonomic}
    uintx NonNMethodCodeHeapSize                   = 5839372                                {pd product} {ergonomic}
    uintx NonProfiledCodeHeapSize                  = 122909434                              {pd product} {ergonomic}
    uintx ProfiledCodeHeapSize                     = 122909434                              {pd product} {ergonomic}
    uintx ReservedCodeCacheSize                    = 251658240                              {pd product} {ergonomic}
     bool SegmentedCodeCache                       = true                                      {product} {ergonomic}
     bool ShowCodeDetailsInExceptionMessages       = true                                   {manageable} {command line}
   size_t SoftMaxHeapSize                          = 4175429632                             {manageable} {ergonomic}
     bool UseCompressedClassPointers               = true                           {product lp64_product} {ergonomic}
     bool UseCompressedOops                        = true                           {product lp64_product} {ergonomic}
     bool UseG1GC                                  = true                                      {product} {ergonomic}

Logging:
Log output configuration:
 #0: stdout all=warning uptime,level,tags foldmultilines=false
 #1: stderr all=off uptime,level,tags foldmultilines=false

Environment Variables:
PATH=/usr/local/sbin:/usr/local/bin:/usr/bin:/usr/lib/jvm/default/bin:/usr/bin/site_perl:/usr/bin/vendor_perl:/usr/bin/core_perl
SHELL=/bin/zsh
DISPLAY=:0
LANG=en_US.UTF-8
LC_TIME=de_DE.UTF-8

Active Locale:
LC_ALL=LC_CTYPE=en_US.UTF-8;LC_NUMERIC=en_US.UTF-8;LC_TIME=de_DE.UTF-8;LC_COLLATE=de_DE.UTF-8;LC_MONETARY=de_DE.UTF-8;LC_MESSAGES=en_US.UTF-8;LC_PAPER=en_US.UTF-8;LC_NAME=en_US.UTF-8;LC_ADDRESS=en_US.UTF-8;LC_TELEPHONE=en_US.UTF-8;LC_MEASUREMENT=de_DE.UTF-8;LC_IDENTIFICATION=en_US.UTF-8
LC_COLLATE=de_DE.UTF-8
LC_CTYPE=en_US.UTF-8
LC_MESSAGES=en_US.UTF-8
LC_MONETARY=de_DE.UTF-8
LC_NUMERIC=en_US.UTF-8
LC_TIME=de_DE.UTF-8

Signal Handlers:
   SIGSEGV: 0x000068b103dfc7c0 in libjvm.so+16762816, mask=11100100010111111101111111111110, flags=SA_RESTART|SA_SIGINFO, unblocked
    SIGBUS: 0x000068b103dfc7c0 in libjvm.so+16762816, mask=11100100010111111101111111111110, flags=SA_RESTART|SA_SIGINFO, unblocked
    SIGFPE: 0x000068b103dfc7c0 in libjvm.so+16762816, mask=11100100010111111101111111111110, flags=SA_RESTART|SA_SIGINFO, unblocked
   SIGPIPE: 0x000068b103c638a0 in libjvm.so+15087776, mask=11100100010111111101111111111110, flags=SA_RESTART|SA_SIGINFO, blocked
   SIGXFSZ: 0x000068b103c638a0 in libjvm.so+15087776, mask=11100100010111111101111111111110, flags=SA_RESTART|SA_SIGINFO, blocked
    SIGILL: 0x000068b103dfc7c0 in libjvm.so+16762816, mask=11100100010111111101111111111110, flags=SA_RESTART|SA_SIGINFO, unblocked
   SIGUSR2: 0x000068b103c65090 in libjvm.so+15093904, mask=00100000000000000000000000000000, flags=SA_RESTART|SA_SIGINFO, blocked
    SIGHUP: 0x000068b103c62cf0 in libjvm.so+15084784, mask=11100100010111111101111111111110, flags=SA_RESTART|SA_SIGINFO, blocked
    SIGINT: 0x000068b103c62cf0 in libjvm.so+15084784, mask=11100100010111111101111111111110, flags=SA_RESTART|SA_SIGINFO, blocked
   SIGTERM: 0x000068b103c62cf0 in libjvm.so+15084784, mask=11100100010111111101111111111110, flags=SA_RESTART|SA_SIGINFO, blocked
   SIGQUIT: 0x000068b103c62cf0 in libjvm.so+15084784, mask=11100100010111111101111111111110, flags=SA_RESTART|SA_SIGINFO, blocked
   SIGTRAP: 0x000068b103dfc7c0 in libjvm.so+16762816, mask=11100100010111111101111111111110, flags=SA_RESTART|SA_SIGINFO, unblocked


---------------  S Y S T E M  ---------------

OS:
DISTRIB_ID="Arch"
DISTRIB_RELEASE="rolling"
DISTRIB_DESCRIPTION="Arch Linux"
uname: Linux 6.4.14-hardened1-1-hardened #1 SMP PREEMPT_DYNAMIC Mon, 04 Sep 2023 00:11:18 +0000 x86_64
OS uptime: 0 days 4:15 hours
libc: glibc 2.38 NPTL 2.38 
rlimit (soft/hard): STACK 8192k/infinity , CORE infinity/infinity , NPROC 63288/63288 , NOFILE 524288/524288 , AS infinity/infinity , CPU infinity/infinity , DATA infinity/infinity , FSIZE infinity/infinity , MEMLOCK 8192k/8192k
load average: 1.24 1.21 1.11

/proc/meminfo:
MemTotal:       16306652 kB
MemFree:         7084212 kB
MemAvailable:    9103016 kB
Buffers:          196088 kB
Cached:          2198924 kB
SwapCached:            0 kB
Active:          7432732 kB
Inactive:         978984 kB
Active(anon):    6170668 kB
Inactive(anon):    25532 kB
Active(file):    1262064 kB
Inactive(file):   953452 kB
Unevictable:        3664 kB
Mlocked:             576 kB
SwapTotal:      16777212 kB
SwapFree:       16777212 kB
Zswap:                 0 kB
Zswapped:              0 kB
Dirty:               796 kB
Writeback:             0 kB
AnonPages:       6020504 kB
Mapped:          1215348 kB
Shmem:            179496 kB
KReclaimable:     108432 kB
Slab:             324760 kB
SReclaimable:     108432 kB
SUnreclaim:       216328 kB
KernelStack:       24336 kB
PageTables:        58584 kB
SecPageTables:         0 kB
NFS_Unstable:          0 kB
Bounce:                0 kB
WritebackTmp:          0 kB
CommitLimit:    24930536 kB
Committed_AS:   17491536 kB
VmallocTotal:   34359738367 kB
VmallocUsed:      152244 kB
VmallocChunk:          0 kB
Percpu:            15232 kB
HardwareCorrupted:     0 kB
AnonHugePages:         0 kB
ShmemHugePages:        0 kB
ShmemPmdMapped:        0 kB
FileHugePages:         0 kB
FilePmdMapped:         0 kB
CmaTotal:              0 kB
CmaFree:               0 kB
HugePages_Total:       0
HugePages_Free:        0
HugePages_Rsvd:        0
HugePages_Surp:        0
Hugepagesize:       2048 kB
Hugetlb:               0 kB
DirectMap4k:      778812 kB
DirectMap2M:    13830144 kB
DirectMap1G:     3145728 kB

/sys/kernel/mm/transparent_hugepage/enabled: always [madvise] never
/sys/kernel/mm/transparent_hugepage/defrag (defrag/compaction efforts parameter): always defer defer+madvise [madvise] never

Process Memory:
Virtual Size: 7219088K (peak: 7284524K)
Resident Set Size: 72196K (peak: 72196K) (anon: 48948K, file: 23248K, shmem: 0K)
Swapped out: 0K
C-Heap outstanding allocations: 29864K, retained: 6245K
glibc malloc tunables: (default)

/proc/sys/kernel/threads-max (system-wide limit on the number of threads): 126577
/proc/sys/vm/max_map_count (maximum number of memory map areas a process may have): 65530
/proc/sys/kernel/pid_max (system-wide limit on number of process identifiers): 4194304

container (cgroup) information:
container_type: cgroupv2
cpu_cpuset_cpus: not supported
cpu_memory_nodes: not supported
active_processor_count: 12
cpu_quota: no quota
cpu_period: 100000
cpu_shares: no shares
memory_limit_in_bytes: unlimited
memory_and_swap_limit_in_bytes: unlimited
memory_soft_limit_in_bytes: unlimited
memory_usage_in_bytes: 7915460 k
memory_max_usage_in_bytes: not supported
memory_swap_current_in_bytes: unlimited
memory_swap_max_limit_in_bytes: unlimited
maximum number of tasks: unlimited
current number of tasks: 1225

Steal ticks since vm start: 0
Steal ticks percentage since vm start:  0.000

CPU: total 32 (initial active 12) (12 cores per cpu, 2 threads per core) family 23 model 113 stepping 0 microcode 0x8701013, cx8, cmov, fxsr, ht, mmx, 3dnowpref, sse, sse2, sse3, ssse3, sse4a, sse4.1, sse4.2, popcnt, lzcnt, tsc, tscinvbit, avx, avx2, aes, clmul, bmi1, bmi2, adx, sha, fma, vzeroupper, clflush, clflushopt, rdtscp, rdpid, f16c
CPU Model and flags from /proc/cpuinfo:
model name	: AMD Ryzen 5 3600 6-Core Processor
flags		: fpu vme de pse tsc msr pae mce cx8 apic sep mtrr pge mca cmov pat pse36 clflush mmx fxsr sse sse2 ht syscall nx mmxext fxsr_opt pdpe1gb rdtscp lm constant_tsc rep_good nopl nonstop_tsc cpuid extd_apicid aperfmperf rapl pni pclmulqdq monitor ssse3 fma cx16 sse4_1 sse4_2 movbe popcnt aes xsave avx f16c rdrand lahf_lm cmp_legacy svm extapic cr8_legacy abm sse4a misalignsse 3dnowprefetch osvw ibs skinit wdt tce topoext perfctr_core perfctr_nb bpext perfctr_llc mwaitx cpb cat_l3 cdp_l3 hw_pstate pti ssbd mba ibpb stibp vmmcall fsgsbase bmi1 avx2 smep bmi2 cqm rdt_a rdseed adx smap clflushopt clwb sha_ni xsaveopt xsavec xgetbv1 cqm_llc cqm_occup_llc cqm_mbm_total cqm_mbm_local clzero irperf xsaveerptr rdpru wbnoinvd arat npt lbrv svm_lock nrip_save tsc_scale vmcb_clean flushbyasid decodeassists pausefilter pfthreshold avic v_vmsave_vmload vgif v_spec_ctrl umip rdpid overflow_recov succor smca sev sev_es

Online cpus: 0-11
Offline cpus: 12-31
BIOS frequency limitation: 3600000
Frequency switch latency (ns): 0
Available cpu frequencies: 3600000 2800000 2200000 
Current governor: schedutil
Core performance/turbo boost: 1

Memory: 4k page, physical 16306652k(7084212k free), swap 16777212k(16777212k free)
Page Sizes: 4k

vm_info: OpenJDK 64-Bit Server VM (20.0.2+9) for linux-amd64 JRE (20.0.2+9), built on 2023-07-20T13:31:15Z by "builduser" with gcc 13.1.1 20230714

END.
