#
# A fatal error has been detected by the Java Runtime Environment:
#
#  SIGSEGV (0xb) at pc=0x00006409cc05cdc0, pid=26280, tid=26286
#
# JRE version: OpenJDK Runtime Environment (19.0.1+10) (build 19.0.1+10)
# Java VM: OpenJDK 64-Bit Server VM (19.0.1+10, mixed mode, tiered, compressed oops, compressed class ptrs, g1 gc, linux-amd64)
# Problematic frame:
# C  [libpfs-core.so+0xbdc0]  pfs_folder_create_file+0x278
#
# Core dump will be written. Default location: Core dumps may be processed with "/usr/lib/systemd/systemd-coredump %P %u %g %s %t %c %h" (or dumping to /data/git/PatrFileSys/javaPFS/core.26280)
#
# If you would like to submit a bug report, please visit:
#   https://bugreport.java.com/bugreport/crash.jsp
# The crash happened outside the Java Virtual Machine in native code.
# See problematic frame for where to report the bug.
#

---------------  S U M M A R Y ------------

Command Line: -XX:+ShowCodeDetailsInExceptionMessages -agentlib:jdwp=transport=dt_socket,suspend=y,address=localhost:39309 --enable-native-access=de.hechler.patrick.zeugs.pfs -javaagent:/home/pat/.eclipse/org.eclipse.platform_4.25.0_155965261_linux_gtk_x86_64/configuration/org.eclipse.osgi/497/0/.cp/lib/javaagent-shaded.jar -Dfile.encoding=UTF-8 --module-path=/data/git/PatrFileSys/javaPFS/target/classes --enable-preview -Djdk.module.main=de.hechler.patrick.zeugs.pfs de.hechler.patrick.zeugs.pfs/de.hechler.patrick.zeugs.pfs.impl.pfs.PatrFSProvider

Host: AMD Ryzen 5 3600 6-Core Processor, 32 cores, 15G, Arch Linux
Time: Thu Jan  5 19:48:05 2023 CET elapsed time: 318.435556 seconds (0d 0h 5m 18s)

---------------  T H R E A D  ---------------

Current thread (0x00006409c8017cf0):  JavaThread "main" [_thread_in_native, id=26286, stack(0x00006409ceb00000,0x00006409cec00000)]

Stack: [0x00006409ceb00000,0x00006409cec00000],  sp=0x00006409cebfe480,  free space=1017k
Native frames: (J=compiled Java code, j=interpreted, Vv=VM code, C=native code)
C  [libpfs-core.so+0xbdc0]  pfs_folder_create_file+0x278

Java frames: (J=compiled Java code, j=interpreted, Vv=VM code)
v  ~RuntimeStub::nep_invoker_blob 0x00006409b84b1d08
j  java.lang.invoke.LambdaForm$MH+0x0000000800130400.invoke(Ljava/lang/Object;JIJJ)I+14 java.base@19.0.1
j  java.lang.invoke.LambdaForm$MH+0x0000000800187400.invokeExact_MT(Ljava/lang/Object;JIJJLjava/lang/Object;)I+25 java.base@19.0.1
j  jdk.internal.foreign.abi.DowncallStub+0x0000000800139000.invoke(Ljava/lang/foreign/SegmentAllocator;Ljava/lang/foreign/Addressable;ILjava/lang/foreign/Addressable;J)I+97 java.base@19.0.1
j  java.lang.invoke.LambdaForm$DMH+0x0000000800139800.invokeStaticInit(Ljava/lang/Object;Ljava/lang/Object;Ljava/lang/Object;ILjava/lang/Object;J)I+18 java.base@19.0.1
j  java.lang.invoke.LambdaForm$MH+0x000000080013b400.invoke(Ljava/lang/Object;ILjava/lang/Object;)I+55 java.base@19.0.1
j  java.lang.invoke.LambdaForm$MH+0x0000000800186c00.invoke_MT(Ljava/lang/Object;ILjava/lang/Object;Ljava/lang/Object;)I+22 java.base@19.0.1
j  de.hechler.patrick.zeugs.pfs.impl.pfs.PatrFolder.createFile(Ljava/lang/String;)Lde/hechler/patrick/zeugs/pfs/interfaces/File;+24 de.hechler.patrick.zeugs.pfs
j  de.hechler.patrick.zeugs.pfs.impl.pfs.PatrFSProvider.main([Ljava/lang/String;)V+106 de.hechler.patrick.zeugs.pfs
v  ~StubRoutines::call_stub 0x00006409b8337cc6

siginfo: si_signo: 11 (SIGSEGV), si_code: 1 (SEGV_MAPERR), si_addr: 0x0000000000000038

Registers:
RAX=0x0000000000000000, RBX=0x00006409c84c7170, RCX=0x0000000000000005, RDX=0x00000006409c84c7
RSP=0x00006409cebfe480, RBP=0x0000000000000000, RSI=0x00006409c80008e0, RDI=0x0000000000000007
R8 =0x00006409c84c7170, R9 =0x00006409c844943c, R10=0x0000000000000003, R11=0x6f136dd84ce405d7
R12=0x0000000000000000, R13=0x0000640958003fa0, R14=0x00006409cebfe5b8, R15=0x00006409c8017cf0
RIP=0x00006409cc05cdc0, EFLAGS=0x0000000000010202, CSGSFS=0x002b000000000033, ERR=0x0000000000000004
  TRAPNO=0x000000000000000e


Register to memory mapping:

RAX=0x0 is NULL
RBX=0x00006409c84c7170 points into unknown readable memory: 0x0000000000000000 | 00 00 00 00 00 00 00 00
RCX=0x0000000000000005 is an unknown value
RDX=0x00000006409c84c7 is an unknown value
RSP=0x00006409cebfe480 is pointing into the stack for thread: 0x00006409c8017cf0
RBP=0x0 is NULL
RSI=0x00006409c80008e0 points into unknown readable memory: 0x0000000100010000 | 00 00 01 00 01 00 00 00
RDI=0x0000000000000007 is an unknown value
R8 =0x00006409c84c7170 points into unknown readable memory: 0x0000000000000000 | 00 00 00 00 00 00 00 00
R9 =0x00006409c844943c points into unknown readable memory: 63 71 6d 5f
R10=0x0000000000000003 is an unknown value
R11=0x6f136dd84ce405d7 is an unknown value
R12=0x0 is NULL
R13=0x0000640958003fa0 points into unknown readable memory: 0x6c6966206c697665 | 65 76 69 6c 20 66 69 6c
R14=0x00006409cebfe5b8 is pointing into the stack for thread: 0x00006409c8017cf0
R15=0x00006409c8017cf0 is a thread


Top of Stack: (sp=0x00006409cebfe480)
0x00006409cebfe480:   0000000000000000 0000640990bac9b8
0x00006409cebfe490:   00006409cebfe4c0 0000000000000000
0x00006409cebfe4a0:   00006409cebfe4e0 00006409b84b1d44
0x00006409cebfe4b0:   00000000000000b8 0000000000000000 

Instructions: (pc=0x00006409cc05cdc0)
0x00006409cc05ccc0:   00 48 8b 00 48 8b 04 e8 48 8b 70 10 48 83 fe ff
0x00006409cc05ccd0:   74 18 48 8b 05 bf 52 00 00 48 8b 00 48 89 c7 ff
0x00006409cc05cce0:   50 28 85 c0 0f 84 f3 00 00 00 b8 ff ff ff ff e9
0x00006409cc05ccf0:   5f ff ff ff 8b 73 28 48 8b 05 ba 52 00 00 48 8b
0x00006409cc05cd00:   00 48 8b 3c e8 48 83 c7 40 33 73 20 48 89 da e8
0x00006409cc05cd10:   8c 74 ff ff 49 89 c4 48 85 c0 0f 84 98 00 00 00
0x00006409cc05cd20:   48 c7 43 58 00 00 00 00 c7 43 40 00 00 00 00 48
0x00006409cc05cd30:   8b 05 72 52 00 00 48 89 43 48 48 8b 05 97 52 00
0x00006409cc05cd40:   00 48 89 43 50 48 c7 43 38 01 00 00 00 48 8b 05
0x00006409cc05cd50:   64 52 00 00 48 8b 00 48 8b 3c e8 48 89 7b 30 8b
0x00006409cc05cd60:   73 28 33 73 20 48 83 c7 40 48 89 da e8 4f 76 ff
0x00006409cc05cd70:   ff 48 8b 05 40 52 00 00 48 8b 00 48 8b 04 e8 48
0x00006409cc05cd80:   8b 70 10 48 83 fe ff 74 14 48 8b 05 08 52 00 00
0x00006409cc05cd90:   48 8b 00 48 89 c7 ff 50 28 85 c0 74 54 48 89 da
0x00006409cc05cda0:   48 8b 35 11 52 00 00 48 8b 3d d2 51 00 00 e8 e5
0x00006409cc05cdb0:   ee ff ff e9 9b fe ff ff 48 89 df e8 90 72 ff ff
0x00006409cc05cdc0:   49 8b 44 24 38 48 83 c0 01 49 89 44 24 38 4c 89
0x00006409cc05cdd0:   e3 eb 9e b8 ff ff ff ff e9 76 fe ff ff b8 ff ff
0x00006409cc05cde0:   ff ff e9 6c fe ff ff b8 ff ff ff ff e9 62 fe ff
0x00006409cc05cdf0:   ff b8 ff ff ff ff e9 58 fe ff ff 48 63 d7 48 8b
0x00006409cc05ce00:   05 7b 51 00 00 48 3b 10 0f 8d 03 01 00 00 41 55
0x00006409cc05ce10:   41 54 55 53 48 83 ec 08 49 89 f5 48 63 ef 4c 8d
0x00006409cc05ce20:   24 ed 00 00 00 00 48 8b 05 8b 51 00 00 48 8b 00
0x00006409cc05ce30:   48 8b 04 e8 48 85 c0 0f 84 e7 00 00 00 48 8b 70
0x00006409cc05ce40:   10 48 83 fe ff 74 36 48 8b 05 4a 51 00 00 48 8b
0x00006409cc05ce50:   00 48 89 c7 ff 50 20 48 85 c0 0f 84 26 02 00 00
0x00006409cc05ce60:   48 8b 15 51 51 00 00 48 8b 12 48 8b 14 ea 48 63
0x00006409cc05ce70:   4a 1c f6 44 08 18 01 0f 84 bb 00 00 00 bf 60 00
0x00006409cc05ce80:   00 00 e8 69 74 ff ff 48 89 c3 48 85 c0 0f 84 cd
0x00006409cc05ce90:   00 00 00 48 8b 05 1e 51 00 00 4c 03 20 49 8b 14
0x00006409cc05cea0:   24 f3 0f 6f 02 0f 11 03 f3 0f 6f 4a 10 0f 11 4b
0x00006409cc05ceb0:   10 f3 0f 6f 52 1c 0f 11 53 1c 49 8b 34 24 4c 89 


Stack slot to memory mapping:
stack at sp + 0 slots: 0x0 is NULL
stack at sp + 1 slots: {method} {0x0000640990bac9b8} 'linkToNative' '(JIJJLjava/lang/Object;)I' in 'java/lang/invoke/MethodHandle'
stack at sp + 2 slots: 0x00006409cebfe4c0 is pointing into the stack for thread: 0x00006409c8017cf0
stack at sp + 3 slots: 0x0 is NULL
stack at sp + 4 slots: 0x00006409cebfe4e0 is pointing into the stack for thread: 0x00006409c8017cf0
stack at sp + 5 slots: 0x00006409b84b1d44 is at code_begin+68 in 
[CodeBlob (0x00006409b84b1c90)]
Framesize: 4
Runtime Stub (0x00006409b84b1c90): nep_invoker_blob
--------------------------------------------------------------------------------
Decoding CodeBlob, name: nep_invoker_blob, at  [0x00006409b84b1d00, 0x00006409b84b1e08]  264 bytes
[MachCode]
  0x00006409b84b1d00: 5548 8bec | 4883 ec10 | c5f8 7749 | 89af d002 | 0000 49ba | 081d 4bb8 | 0964 0000 | 4d89 97c8 
  0x00006409b84b1d20: 0200 0049 | 89a7 c002 | 0000 41c7 | 8774 0300 | 0004 0000 | 0049 8bc0 | 4c8b d648 | 8bf1 488b 
  0x00006409b84b1d40: fa41 ffd2 | c5f8 7741 | c787 7403 | 0000 0500 | 0000 f083 | 4424 c000 | 493b af78 | 0300 000f 
  0x00006409b84b1d60: 8753 0000 | 0041 81bf | 7003 0000 | 0000 0000 | 0f85 4200 | 0000 41c7 | 8774 0300 | 0008 0000 
  0x00006409b84b1d80: 0041 81bf | e803 0000 | 0200 0000 | 0f84 4c00 | 0000 49c7 | 87c0 0200 | 0000 0000 | 0049 c787 
  0x00006409b84b1da0: d002 0000 | 0000 0000 | 49c7 87c8 | 0200 0000 | 0000 00c5 | f877 c9c3 | c5f8 7748 | 8904 2449 
  0x00006409b84b1dc0: 8bff 4c8b | e448 83ec | 0048 83e4 | f0e8 5eb4 | a917 498b | e44d 33e4 | 488b 0424 | eb98 c5f8 
  0x00006409b84b1de0: 7748 8904 | 244c 8be4 | 4883 ec00 | 4883 e4f0 | e8db ff8f | 1749 8be4 | 4d33 e448 | 8b04 24eb 
  0x00006409b84b1e00: 91f4 f4f4 | f4f4 f4f4 
[/MachCode]
--------------------------------------------------------------------------------
stack at sp + 6 slots: 0x00000000000000b8 is an unknown value
stack at sp + 7 slots: 0x0 is NULL

--------------------------------------------------------------------------------
Decoding CodeBlob, name: nep_invoker_blob, at  [0x00006409b84b1d00, 0x00006409b84b1e08]  264 bytes
[MachCode]
  0x00006409b84b1d00: 5548 8bec | 4883 ec10 | c5f8 7749 | 89af d002 | 0000 49ba | 081d 4bb8 | 0964 0000 | 4d89 97c8 
  0x00006409b84b1d20: 0200 0049 | 89a7 c002 | 0000 41c7 | 8774 0300 | 0004 0000 | 0049 8bc0 | 4c8b d648 | 8bf1 488b 
  0x00006409b84b1d40: fa41 ffd2 | c5f8 7741 | c787 7403 | 0000 0500 | 0000 f083 | 4424 c000 | 493b af78 | 0300 000f 
  0x00006409b84b1d60: 8753 0000 | 0041 81bf | 7003 0000 | 0000 0000 | 0f85 4200 | 0000 41c7 | 8774 0300 | 0008 0000 
  0x00006409b84b1d80: 0041 81bf | e803 0000 | 0200 0000 | 0f84 4c00 | 0000 49c7 | 87c0 0200 | 0000 0000 | 0049 c787 
  0x00006409b84b1da0: d002 0000 | 0000 0000 | 49c7 87c8 | 0200 0000 | 0000 00c5 | f877 c9c3 | c5f8 7748 | 8904 2449 
  0x00006409b84b1dc0: 8bff 4c8b | e448 83ec | 0048 83e4 | f0e8 5eb4 | a917 498b | e44d 33e4 | 488b 0424 | eb98 c5f8 
  0x00006409b84b1de0: 7748 8904 | 244c 8be4 | 4883 ec00 | 4883 e4f0 | e8db ff8f | 1749 8be4 | 4d33 e448 | 8b04 24eb 
  0x00006409b84b1e00: 91f4 f4f4 | f4f4 f4f4 
[/MachCode]
--------------------------------------------------------------------------------


---------------  P R O C E S S  ---------------

Threads class SMR info:
_java_thread_list=0x0000640950000f30, length=14, elements={
0x00006409c8017cf0, 0x00006409c81f6e50, 0x00006409c81f8360, 0x00006409c81f9ab0,
0x00006409c81fae60, 0x00006409c81fc200, 0x00006409c81fdc10, 0x00006409c81ff150,
0x00006409c8200620, 0x00006409c82f8550, 0x00006409c836f490, 0x00006409c83723f0,
0x0000640964001140, 0x00006409c84a6cd0
}

Java Threads: ( => current thread )
=>0x00006409c8017cf0 JavaThread "main" [_thread_in_native, id=26286, stack(0x00006409ceb00000,0x00006409cec00000)]
  0x00006409c81f6e50 JavaThread "Reference Handler" daemon [_thread_blocked, id=26294, stack(0x00006409a86a3000,0x00006409a87a3000)]
  0x00006409c81f8360 JavaThread "Finalizer" daemon [_thread_blocked, id=26295, stack(0x00006409a8100000,0x00006409a8200000)]
  0x00006409c81f9ab0 JavaThread "Signal Dispatcher" daemon [_thread_blocked, id=26296, stack(0x00006409a8000000,0x00006409a8100000)]
  0x00006409c81fae60 JavaThread "Service Thread" daemon [_thread_blocked, id=26297, stack(0x0000640999f00000,0x000064099a000000)]
  0x00006409c81fc200 JavaThread "Monitor Deflation Thread" daemon [_thread_blocked, id=26298, stack(0x0000640999e00000,0x0000640999f00000)]
  0x00006409c81fdc10 JavaThread "C2 CompilerThread0" daemon [_thread_blocked, id=26299, stack(0x0000640999d00000,0x0000640999e00000)]
  0x00006409c81ff150 JavaThread "C1 CompilerThread0" daemon [_thread_blocked, id=26300, stack(0x0000640999c00000,0x0000640999d00000)]
  0x00006409c8200620 JavaThread "Sweeper thread" daemon [_thread_blocked, id=26301, stack(0x0000640999b00000,0x0000640999c00000)]
  0x00006409c82f8550 JavaThread "Common-Cleaner" daemon [_thread_blocked, id=26302, stack(0x0000640999a00000,0x0000640999b00000)]
  0x00006409c836f490 JavaThread "JDWP Transport Listener: dt_socket" daemon [_thread_blocked, id=26304, stack(0x0000640999900000,0x0000640999a00000)]
  0x00006409c83723f0 JavaThread "JDWP Event Helper Thread" daemon [_thread_blocked, id=26307, stack(0x0000640999800000,0x0000640999900000)]
  0x0000640964001140 JavaThread "JDWP Command Reader" daemon [_thread_in_native, id=26308, stack(0x0000640999700000,0x0000640999800000)]
  0x00006409c84a6cd0 JavaThread "Notification Thread" daemon [_thread_blocked, id=26313, stack(0x0000640999500000,0x0000640999600000)]

Other Threads:
  0x00006409c81b6410 VMThread "VM Thread" [stack: 0x00006409a87a5000,0x00006409a88a5000] [id=26293]
  0x00006409c801a600 WatcherThread "VM Periodic Task Thread" [stack: 0x0000640999400000,0x0000640999500000] [id=26314]
  0x00006409c80875f0 WorkerThread "GC Thread#0" [stack: 0x00006409cc6c8000,0x00006409cc7c8000] [id=26288]
  0x00006409c8098530 ConcurrentGCThread "G1 Main Marker" [stack: 0x00006409cc5c6000,0x00006409cc6c6000] [id=26289]
  0x00006409c8099450 WorkerThread "G1 Conc#0" [stack: 0x00006409cc4c4000,0x00006409cc5c4000] [id=26290]
  0x00006409c8017290 ConcurrentGCThread "G1 Refine#0" [stack: 0x00006409a8a7a000,0x00006409a8b7a000] [id=26291]
  0x00006409c812f480 ConcurrentGCThread "G1 Service" [stack: 0x00006409a8978000,0x00006409a8a78000] [id=26292]

Threads with active compile tasks:

VM state: not at safepoint (normal execution)

VM Mutex/Monitor currently owned by a thread: None

Heap address: 0x0000000707000000, size: 3984 MB, Compressed Oops mode: Zero based, Oop shift amount: 3

CDS archive(s) not mapped
Compressed class space mapped at: 0x0000000800000000-0x0000000840000000, reserved size: 1073741824
Narrow klass base: 0x0000000800000000, Narrow klass shift: 0, Narrow klass range: 0x40000000

GC Precious Log:
 CardTable entry size: 512
 Card Set container configuration: InlinePtr #cards 4 size 8 Array Of Cards #cards 16 size 48 Howl #buckets 8 coarsen threshold 3686 Howl Bitmap #cards 512 size 80 coarsen threshold 460 Card regions per heap region 1 cards per card region 4096
 CPUs: 32 total, 12 available
 Memory: 15932M
 Large Page Support: Disabled
 NUMA Support: Disabled
 Compressed Oops: Enabled (Zero based)
 Heap Region Size: 2M
 Heap Min Capacity: 8M
 Heap Initial Capacity: 250M
 Heap Max Capacity: 3984M
 Pre-touch: Disabled
 Parallel Workers: 10
 Concurrent Workers: 3
 Concurrent Refinement Workers: 10
 Periodic GC: Disabled

Heap:
 garbage-first heap   total 256000K, used 12288K [0x0000000707000000, 0x0000000800000000)
  region size 2048K, 7 young (14336K), 0 survivors (0K)
 Metaspace       used 13111K, committed 13632K, reserved 1114112K
  class space    used 1217K, committed 1472K, reserved 1048576K

Heap Regions: E=young(eden), S=young(survivor), O=old, HS=humongous(starts), HC=humongous(continues), CS=collection set, F=free, OA=open archive, CA=closed archive, TAMS=top-at-mark-start (previous, next)
|   0|0x0000000707000000, 0x0000000707000000, 0x0000000707200000|  0%| F|  |TAMS 0x0000000707000000, 0x0000000707000000| Untracked 
|   1|0x0000000707200000, 0x0000000707200000, 0x0000000707400000|  0%| F|  |TAMS 0x0000000707200000, 0x0000000707200000| Untracked 
|   2|0x0000000707400000, 0x0000000707400000, 0x0000000707600000|  0%| F|  |TAMS 0x0000000707400000, 0x0000000707400000| Untracked 
|   3|0x0000000707600000, 0x0000000707600000, 0x0000000707800000|  0%| F|  |TAMS 0x0000000707600000, 0x0000000707600000| Untracked 
|   4|0x0000000707800000, 0x0000000707800000, 0x0000000707a00000|  0%| F|  |TAMS 0x0000000707800000, 0x0000000707800000| Untracked 
|   5|0x0000000707a00000, 0x0000000707a00000, 0x0000000707c00000|  0%| F|  |TAMS 0x0000000707a00000, 0x0000000707a00000| Untracked 
|   6|0x0000000707c00000, 0x0000000707c00000, 0x0000000707e00000|  0%| F|  |TAMS 0x0000000707c00000, 0x0000000707c00000| Untracked 
|   7|0x0000000707e00000, 0x0000000707e00000, 0x0000000708000000|  0%| F|  |TAMS 0x0000000707e00000, 0x0000000707e00000| Untracked 
|   8|0x0000000708000000, 0x0000000708000000, 0x0000000708200000|  0%| F|  |TAMS 0x0000000708000000, 0x0000000708000000| Untracked 
|   9|0x0000000708200000, 0x0000000708200000, 0x0000000708400000|  0%| F|  |TAMS 0x0000000708200000, 0x0000000708200000| Untracked 
|  10|0x0000000708400000, 0x0000000708400000, 0x0000000708600000|  0%| F|  |TAMS 0x0000000708400000, 0x0000000708400000| Untracked 
|  11|0x0000000708600000, 0x0000000708600000, 0x0000000708800000|  0%| F|  |TAMS 0x0000000708600000, 0x0000000708600000| Untracked 
|  12|0x0000000708800000, 0x0000000708800000, 0x0000000708a00000|  0%| F|  |TAMS 0x0000000708800000, 0x0000000708800000| Untracked 
|  13|0x0000000708a00000, 0x0000000708a00000, 0x0000000708c00000|  0%| F|  |TAMS 0x0000000708a00000, 0x0000000708a00000| Untracked 
|  14|0x0000000708c00000, 0x0000000708c00000, 0x0000000708e00000|  0%| F|  |TAMS 0x0000000708c00000, 0x0000000708c00000| Untracked 
|  15|0x0000000708e00000, 0x0000000708e00000, 0x0000000709000000|  0%| F|  |TAMS 0x0000000708e00000, 0x0000000708e00000| Untracked 
|  16|0x0000000709000000, 0x0000000709000000, 0x0000000709200000|  0%| F|  |TAMS 0x0000000709000000, 0x0000000709000000| Untracked 
|  17|0x0000000709200000, 0x0000000709200000, 0x0000000709400000|  0%| F|  |TAMS 0x0000000709200000, 0x0000000709200000| Untracked 
|  18|0x0000000709400000, 0x0000000709400000, 0x0000000709600000|  0%| F|  |TAMS 0x0000000709400000, 0x0000000709400000| Untracked 
|  19|0x0000000709600000, 0x0000000709600000, 0x0000000709800000|  0%| F|  |TAMS 0x0000000709600000, 0x0000000709600000| Untracked 
|  20|0x0000000709800000, 0x0000000709800000, 0x0000000709a00000|  0%| F|  |TAMS 0x0000000709800000, 0x0000000709800000| Untracked 
|  21|0x0000000709a00000, 0x0000000709a00000, 0x0000000709c00000|  0%| F|  |TAMS 0x0000000709a00000, 0x0000000709a00000| Untracked 
|  22|0x0000000709c00000, 0x0000000709c00000, 0x0000000709e00000|  0%| F|  |TAMS 0x0000000709c00000, 0x0000000709c00000| Untracked 
|  23|0x0000000709e00000, 0x0000000709e00000, 0x000000070a000000|  0%| F|  |TAMS 0x0000000709e00000, 0x0000000709e00000| Untracked 
|  24|0x000000070a000000, 0x000000070a000000, 0x000000070a200000|  0%| F|  |TAMS 0x000000070a000000, 0x000000070a000000| Untracked 
|  25|0x000000070a200000, 0x000000070a200000, 0x000000070a400000|  0%| F|  |TAMS 0x000000070a200000, 0x000000070a200000| Untracked 
|  26|0x000000070a400000, 0x000000070a400000, 0x000000070a600000|  0%| F|  |TAMS 0x000000070a400000, 0x000000070a400000| Untracked 
|  27|0x000000070a600000, 0x000000070a600000, 0x000000070a800000|  0%| F|  |TAMS 0x000000070a600000, 0x000000070a600000| Untracked 
|  28|0x000000070a800000, 0x000000070a800000, 0x000000070aa00000|  0%| F|  |TAMS 0x000000070a800000, 0x000000070a800000| Untracked 
|  29|0x000000070aa00000, 0x000000070aa00000, 0x000000070ac00000|  0%| F|  |TAMS 0x000000070aa00000, 0x000000070aa00000| Untracked 
|  30|0x000000070ac00000, 0x000000070ac00000, 0x000000070ae00000|  0%| F|  |TAMS 0x000000070ac00000, 0x000000070ac00000| Untracked 
|  31|0x000000070ae00000, 0x000000070ae00000, 0x000000070b000000|  0%| F|  |TAMS 0x000000070ae00000, 0x000000070ae00000| Untracked 
|  32|0x000000070b000000, 0x000000070b000000, 0x000000070b200000|  0%| F|  |TAMS 0x000000070b000000, 0x000000070b000000| Untracked 
|  33|0x000000070b200000, 0x000000070b200000, 0x000000070b400000|  0%| F|  |TAMS 0x000000070b200000, 0x000000070b200000| Untracked 
|  34|0x000000070b400000, 0x000000070b400000, 0x000000070b600000|  0%| F|  |TAMS 0x000000070b400000, 0x000000070b400000| Untracked 
|  35|0x000000070b600000, 0x000000070b600000, 0x000000070b800000|  0%| F|  |TAMS 0x000000070b600000, 0x000000070b600000| Untracked 
|  36|0x000000070b800000, 0x000000070b800000, 0x000000070ba00000|  0%| F|  |TAMS 0x000000070b800000, 0x000000070b800000| Untracked 
|  37|0x000000070ba00000, 0x000000070ba00000, 0x000000070bc00000|  0%| F|  |TAMS 0x000000070ba00000, 0x000000070ba00000| Untracked 
|  38|0x000000070bc00000, 0x000000070bc00000, 0x000000070be00000|  0%| F|  |TAMS 0x000000070bc00000, 0x000000070bc00000| Untracked 
|  39|0x000000070be00000, 0x000000070be00000, 0x000000070c000000|  0%| F|  |TAMS 0x000000070be00000, 0x000000070be00000| Untracked 
|  40|0x000000070c000000, 0x000000070c000000, 0x000000070c200000|  0%| F|  |TAMS 0x000000070c000000, 0x000000070c000000| Untracked 
|  41|0x000000070c200000, 0x000000070c200000, 0x000000070c400000|  0%| F|  |TAMS 0x000000070c200000, 0x000000070c200000| Untracked 
|  42|0x000000070c400000, 0x000000070c400000, 0x000000070c600000|  0%| F|  |TAMS 0x000000070c400000, 0x000000070c400000| Untracked 
|  43|0x000000070c600000, 0x000000070c600000, 0x000000070c800000|  0%| F|  |TAMS 0x000000070c600000, 0x000000070c600000| Untracked 
|  44|0x000000070c800000, 0x000000070c800000, 0x000000070ca00000|  0%| F|  |TAMS 0x000000070c800000, 0x000000070c800000| Untracked 
|  45|0x000000070ca00000, 0x000000070ca00000, 0x000000070cc00000|  0%| F|  |TAMS 0x000000070ca00000, 0x000000070ca00000| Untracked 
|  46|0x000000070cc00000, 0x000000070cc00000, 0x000000070ce00000|  0%| F|  |TAMS 0x000000070cc00000, 0x000000070cc00000| Untracked 
|  47|0x000000070ce00000, 0x000000070ce00000, 0x000000070d000000|  0%| F|  |TAMS 0x000000070ce00000, 0x000000070ce00000| Untracked 
|  48|0x000000070d000000, 0x000000070d000000, 0x000000070d200000|  0%| F|  |TAMS 0x000000070d000000, 0x000000070d000000| Untracked 
|  49|0x000000070d200000, 0x000000070d200000, 0x000000070d400000|  0%| F|  |TAMS 0x000000070d200000, 0x000000070d200000| Untracked 
|  50|0x000000070d400000, 0x000000070d400000, 0x000000070d600000|  0%| F|  |TAMS 0x000000070d400000, 0x000000070d400000| Untracked 
|  51|0x000000070d600000, 0x000000070d600000, 0x000000070d800000|  0%| F|  |TAMS 0x000000070d600000, 0x000000070d600000| Untracked 
|  52|0x000000070d800000, 0x000000070d800000, 0x000000070da00000|  0%| F|  |TAMS 0x000000070d800000, 0x000000070d800000| Untracked 
|  53|0x000000070da00000, 0x000000070da00000, 0x000000070dc00000|  0%| F|  |TAMS 0x000000070da00000, 0x000000070da00000| Untracked 
|  54|0x000000070dc00000, 0x000000070dc00000, 0x000000070de00000|  0%| F|  |TAMS 0x000000070dc00000, 0x000000070dc00000| Untracked 
|  55|0x000000070de00000, 0x000000070de00000, 0x000000070e000000|  0%| F|  |TAMS 0x000000070de00000, 0x000000070de00000| Untracked 
|  56|0x000000070e000000, 0x000000070e000000, 0x000000070e200000|  0%| F|  |TAMS 0x000000070e000000, 0x000000070e000000| Untracked 
|  57|0x000000070e200000, 0x000000070e200000, 0x000000070e400000|  0%| F|  |TAMS 0x000000070e200000, 0x000000070e200000| Untracked 
|  58|0x000000070e400000, 0x000000070e400000, 0x000000070e600000|  0%| F|  |TAMS 0x000000070e400000, 0x000000070e400000| Untracked 
|  59|0x000000070e600000, 0x000000070e600000, 0x000000070e800000|  0%| F|  |TAMS 0x000000070e600000, 0x000000070e600000| Untracked 
|  60|0x000000070e800000, 0x000000070e800000, 0x000000070ea00000|  0%| F|  |TAMS 0x000000070e800000, 0x000000070e800000| Untracked 
|  61|0x000000070ea00000, 0x000000070ea00000, 0x000000070ec00000|  0%| F|  |TAMS 0x000000070ea00000, 0x000000070ea00000| Untracked 
|  62|0x000000070ec00000, 0x000000070ec00000, 0x000000070ee00000|  0%| F|  |TAMS 0x000000070ec00000, 0x000000070ec00000| Untracked 
|  63|0x000000070ee00000, 0x000000070ee00000, 0x000000070f000000|  0%| F|  |TAMS 0x000000070ee00000, 0x000000070ee00000| Untracked 
|  64|0x000000070f000000, 0x000000070f000000, 0x000000070f200000|  0%| F|  |TAMS 0x000000070f000000, 0x000000070f000000| Untracked 
|  65|0x000000070f200000, 0x000000070f200000, 0x000000070f400000|  0%| F|  |TAMS 0x000000070f200000, 0x000000070f200000| Untracked 
|  66|0x000000070f400000, 0x000000070f400000, 0x000000070f600000|  0%| F|  |TAMS 0x000000070f400000, 0x000000070f400000| Untracked 
|  67|0x000000070f600000, 0x000000070f600000, 0x000000070f800000|  0%| F|  |TAMS 0x000000070f600000, 0x000000070f600000| Untracked 
|  68|0x000000070f800000, 0x000000070f800000, 0x000000070fa00000|  0%| F|  |TAMS 0x000000070f800000, 0x000000070f800000| Untracked 
|  69|0x000000070fa00000, 0x000000070fa00000, 0x000000070fc00000|  0%| F|  |TAMS 0x000000070fa00000, 0x000000070fa00000| Untracked 
|  70|0x000000070fc00000, 0x000000070fc00000, 0x000000070fe00000|  0%| F|  |TAMS 0x000000070fc00000, 0x000000070fc00000| Untracked 
|  71|0x000000070fe00000, 0x000000070fe00000, 0x0000000710000000|  0%| F|  |TAMS 0x000000070fe00000, 0x000000070fe00000| Untracked 
|  72|0x0000000710000000, 0x0000000710000000, 0x0000000710200000|  0%| F|  |TAMS 0x0000000710000000, 0x0000000710000000| Untracked 
|  73|0x0000000710200000, 0x0000000710200000, 0x0000000710400000|  0%| F|  |TAMS 0x0000000710200000, 0x0000000710200000| Untracked 
|  74|0x0000000710400000, 0x0000000710400000, 0x0000000710600000|  0%| F|  |TAMS 0x0000000710400000, 0x0000000710400000| Untracked 
|  75|0x0000000710600000, 0x0000000710600000, 0x0000000710800000|  0%| F|  |TAMS 0x0000000710600000, 0x0000000710600000| Untracked 
|  76|0x0000000710800000, 0x0000000710800000, 0x0000000710a00000|  0%| F|  |TAMS 0x0000000710800000, 0x0000000710800000| Untracked 
|  77|0x0000000710a00000, 0x0000000710a00000, 0x0000000710c00000|  0%| F|  |TAMS 0x0000000710a00000, 0x0000000710a00000| Untracked 
|  78|0x0000000710c00000, 0x0000000710c00000, 0x0000000710e00000|  0%| F|  |TAMS 0x0000000710c00000, 0x0000000710c00000| Untracked 
|  79|0x0000000710e00000, 0x0000000710e00000, 0x0000000711000000|  0%| F|  |TAMS 0x0000000710e00000, 0x0000000710e00000| Untracked 
|  80|0x0000000711000000, 0x0000000711000000, 0x0000000711200000|  0%| F|  |TAMS 0x0000000711000000, 0x0000000711000000| Untracked 
|  81|0x0000000711200000, 0x0000000711200000, 0x0000000711400000|  0%| F|  |TAMS 0x0000000711200000, 0x0000000711200000| Untracked 
|  82|0x0000000711400000, 0x0000000711400000, 0x0000000711600000|  0%| F|  |TAMS 0x0000000711400000, 0x0000000711400000| Untracked 
|  83|0x0000000711600000, 0x0000000711600000, 0x0000000711800000|  0%| F|  |TAMS 0x0000000711600000, 0x0000000711600000| Untracked 
|  84|0x0000000711800000, 0x0000000711800000, 0x0000000711a00000|  0%| F|  |TAMS 0x0000000711800000, 0x0000000711800000| Untracked 
|  85|0x0000000711a00000, 0x0000000711a00000, 0x0000000711c00000|  0%| F|  |TAMS 0x0000000711a00000, 0x0000000711a00000| Untracked 
|  86|0x0000000711c00000, 0x0000000711c00000, 0x0000000711e00000|  0%| F|  |TAMS 0x0000000711c00000, 0x0000000711c00000| Untracked 
|  87|0x0000000711e00000, 0x0000000711e00000, 0x0000000712000000|  0%| F|  |TAMS 0x0000000711e00000, 0x0000000711e00000| Untracked 
|  88|0x0000000712000000, 0x0000000712000000, 0x0000000712200000|  0%| F|  |TAMS 0x0000000712000000, 0x0000000712000000| Untracked 
|  89|0x0000000712200000, 0x0000000712200000, 0x0000000712400000|  0%| F|  |TAMS 0x0000000712200000, 0x0000000712200000| Untracked 
|  90|0x0000000712400000, 0x0000000712400000, 0x0000000712600000|  0%| F|  |TAMS 0x0000000712400000, 0x0000000712400000| Untracked 
|  91|0x0000000712600000, 0x0000000712600000, 0x0000000712800000|  0%| F|  |TAMS 0x0000000712600000, 0x0000000712600000| Untracked 
|  92|0x0000000712800000, 0x0000000712800000, 0x0000000712a00000|  0%| F|  |TAMS 0x0000000712800000, 0x0000000712800000| Untracked 
|  93|0x0000000712a00000, 0x0000000712a00000, 0x0000000712c00000|  0%| F|  |TAMS 0x0000000712a00000, 0x0000000712a00000| Untracked 
|  94|0x0000000712c00000, 0x0000000712c00000, 0x0000000712e00000|  0%| F|  |TAMS 0x0000000712c00000, 0x0000000712c00000| Untracked 
|  95|0x0000000712e00000, 0x0000000712e00000, 0x0000000713000000|  0%| F|  |TAMS 0x0000000712e00000, 0x0000000712e00000| Untracked 
|  96|0x0000000713000000, 0x0000000713000000, 0x0000000713200000|  0%| F|  |TAMS 0x0000000713000000, 0x0000000713000000| Untracked 
|  97|0x0000000713200000, 0x0000000713200000, 0x0000000713400000|  0%| F|  |TAMS 0x0000000713200000, 0x0000000713200000| Untracked 
|  98|0x0000000713400000, 0x0000000713400000, 0x0000000713600000|  0%| F|  |TAMS 0x0000000713400000, 0x0000000713400000| Untracked 
|  99|0x0000000713600000, 0x0000000713600000, 0x0000000713800000|  0%| F|  |TAMS 0x0000000713600000, 0x0000000713600000| Untracked 
| 100|0x0000000713800000, 0x0000000713800000, 0x0000000713a00000|  0%| F|  |TAMS 0x0000000713800000, 0x0000000713800000| Untracked 
| 101|0x0000000713a00000, 0x0000000713a00000, 0x0000000713c00000|  0%| F|  |TAMS 0x0000000713a00000, 0x0000000713a00000| Untracked 
| 102|0x0000000713c00000, 0x0000000713c00000, 0x0000000713e00000|  0%| F|  |TAMS 0x0000000713c00000, 0x0000000713c00000| Untracked 
| 103|0x0000000713e00000, 0x0000000713e00000, 0x0000000714000000|  0%| F|  |TAMS 0x0000000713e00000, 0x0000000713e00000| Untracked 
| 104|0x0000000714000000, 0x0000000714000000, 0x0000000714200000|  0%| F|  |TAMS 0x0000000714000000, 0x0000000714000000| Untracked 
| 105|0x0000000714200000, 0x0000000714200000, 0x0000000714400000|  0%| F|  |TAMS 0x0000000714200000, 0x0000000714200000| Untracked 
| 106|0x0000000714400000, 0x0000000714400000, 0x0000000714600000|  0%| F|  |TAMS 0x0000000714400000, 0x0000000714400000| Untracked 
| 107|0x0000000714600000, 0x0000000714600000, 0x0000000714800000|  0%| F|  |TAMS 0x0000000714600000, 0x0000000714600000| Untracked 
| 108|0x0000000714800000, 0x0000000714800000, 0x0000000714a00000|  0%| F|  |TAMS 0x0000000714800000, 0x0000000714800000| Untracked 
| 109|0x0000000714a00000, 0x0000000714a00000, 0x0000000714c00000|  0%| F|  |TAMS 0x0000000714a00000, 0x0000000714a00000| Untracked 
| 110|0x0000000714c00000, 0x0000000714c00000, 0x0000000714e00000|  0%| F|  |TAMS 0x0000000714c00000, 0x0000000714c00000| Untracked 
| 111|0x0000000714e00000, 0x0000000714e00000, 0x0000000715000000|  0%| F|  |TAMS 0x0000000714e00000, 0x0000000714e00000| Untracked 
| 112|0x0000000715000000, 0x0000000715000000, 0x0000000715200000|  0%| F|  |TAMS 0x0000000715000000, 0x0000000715000000| Untracked 
| 113|0x0000000715200000, 0x0000000715200000, 0x0000000715400000|  0%| F|  |TAMS 0x0000000715200000, 0x0000000715200000| Untracked 
| 114|0x0000000715400000, 0x0000000715400000, 0x0000000715600000|  0%| F|  |TAMS 0x0000000715400000, 0x0000000715400000| Untracked 
| 115|0x0000000715600000, 0x0000000715600000, 0x0000000715800000|  0%| F|  |TAMS 0x0000000715600000, 0x0000000715600000| Untracked 
| 116|0x0000000715800000, 0x0000000715800000, 0x0000000715a00000|  0%| F|  |TAMS 0x0000000715800000, 0x0000000715800000| Untracked 
| 117|0x0000000715a00000, 0x0000000715a00000, 0x0000000715c00000|  0%| F|  |TAMS 0x0000000715a00000, 0x0000000715a00000| Untracked 
| 118|0x0000000715c00000, 0x0000000715dc3590, 0x0000000715e00000| 88%| E|  |TAMS 0x0000000715c00000, 0x0000000715c00000| Complete 
| 119|0x0000000715e00000, 0x0000000716000000, 0x0000000716000000|100%| E|CS|TAMS 0x0000000715e00000, 0x0000000715e00000| Complete 
| 120|0x0000000716000000, 0x0000000716200000, 0x0000000716200000|100%| E|CS|TAMS 0x0000000716000000, 0x0000000716000000| Complete 
| 121|0x0000000716200000, 0x0000000716400000, 0x0000000716400000|100%| E|CS|TAMS 0x0000000716200000, 0x0000000716200000| Complete 
| 122|0x0000000716400000, 0x0000000716600000, 0x0000000716600000|100%| E|CS|TAMS 0x0000000716400000, 0x0000000716400000| Complete 
| 123|0x0000000716600000, 0x0000000716800000, 0x0000000716800000|100%| E|CS|TAMS 0x0000000716600000, 0x0000000716600000| Complete 
| 124|0x0000000716800000, 0x0000000716a00000, 0x0000000716a00000|100%| E|CS|TAMS 0x0000000716800000, 0x0000000716800000| Complete 

Card table byte_map: [0x00006409ccf90000,0x00006409cd758000] _byte_map_base: 0x00006409c9758000

Marking Bits (Prev, Next): (CMBitMap*) 0x00006409c8088080, (CMBitMap*) 0x00006409c80880c0
 Prev Bits: [0x00006409acfc0000, 0x00006409b0e00000)
 Next Bits: [0x00006409a9180000, 0x00006409acfc0000)

Polling page: 0x00006409d0751000

Metaspace:

Usage:
  Non-class:     11.62 MB used.
      Class:      1.19 MB used.
       Both:     12.80 MB used.

Virtual space:
  Non-class space:       64.00 MB reserved,      11.88 MB ( 19%) committed,  1 nodes.
      Class space:        1.00 GB reserved,       1.44 MB ( <1%) committed,  1 nodes.
             Both:        1.06 GB reserved,      13.31 MB (  1%) committed. 

Chunk freelists:
   Non-Class:  18.00 KB
       Class:  2.47 MB
        Both:  2.49 MB

MaxMetaspaceSize: unlimited
CompressedClassSpaceSize: 1.00 GB
Initial GC threshold: 21.00 MB
Current GC threshold: 21.00 MB
CDS: off
MetaspaceReclaimPolicy: balanced
 - commit_granule_bytes: 65536.
 - commit_granule_words: 8192.
 - virtual_space_node_default_size: 8388608.
 - enlarge_chunks_in_place: 1.
 - new_chunks_are_fully_committed: 0.
 - uncommit_free_chunks: 1.
 - use_allocation_guard: 0.


Internal statistics:

num_allocs_failed_limit: 0.
num_arena_births: 654.
num_arena_deaths: 0.
num_vsnodes_births: 2.
num_vsnodes_deaths: 0.
num_space_committed: 213.
num_space_uncommitted: 0.
num_chunks_returned_to_freelist: 0.
num_chunks_taken_from_freelist: 713.
num_chunk_merges: 0.
num_chunk_splits: 506.
num_chunks_enlarged: 338.
num_inconsistent_stats: 0.

CodeHeap 'non-profiled nmethods': size=120028Kb used=419Kb max_used=419Kb free=119608Kb
 bounds [0x00006409b88c9000, 0x00006409b8b39000, 0x00006409bfe00000]
CodeHeap 'profiled nmethods': size=120028Kb used=1504Kb max_used=1504Kb free=118524Kb
 bounds [0x00006409b0e00000, 0x00006409b1070000, 0x00006409b8337000]
CodeHeap 'non-nmethods': size=5704Kb used=1555Kb max_used=1574Kb free=4148Kb
 bounds [0x00006409b8337000, 0x00006409b85a7000, 0x00006409b88c9000]
 total_blobs=1596 nmethods=1052 adapters=442
 compilation: enabled
              stopped_count=0, restarted_count=0
 full_count=0

Compilation events (20 events):
Event: 2.199 Thread 0x00006409c81ff150 nmethod 1028 0x00006409b0f73c10 code [0x00006409b0f73e40, 0x00006409b0f74720]
Event: 2.199 Thread 0x00006409c81ff150 1031       3       java.lang.invoke.InvokerBytecodeGenerator::classData (170 bytes)
Event: 2.200 Thread 0x00006409c81ff150 nmethod 1031 0x00006409b0f74b90 code [0x00006409b0f74e20, 0x00006409b0f75b50]
Event: 2.200 Thread 0x00006409c81fdc10 nmethod 868 0x00006409b8929b10 code [0x00006409b892a9e0, 0x00006409b892dc28]
Event: 2.200 Thread 0x00006409c81ff150 1036       3       java.lang.invoke.MethodHandle::maybeCustomize (38 bytes)
Event: 2.200 Thread 0x00006409c81ff150 nmethod 1036 0x00006409b0f75e90 code [0x00006409b0f76060, 0x00006409b0f76470]
Event: 2.201 Thread 0x00006409c81ff150 1037       3       java.lang.invoke.MethodType::invokerType (9 bytes)
Event: 2.201 Thread 0x00006409c81ff150 nmethod 1037 0x00006409b0f76610 code [0x00006409b0f767c0, 0x00006409b0f76920]
Event: 2.201 Thread 0x00006409c81ff150 1040       3       java.lang.ref.Reference::refersTo (6 bytes)
Event: 2.201 Thread 0x00006409c81ff150 nmethod 1040 0x00006409b0f76a10 code [0x00006409b0f76bc0, 0x00006409b0f76dc0]
Event: 2.201 Thread 0x00006409c81ff150 1041       3       java.lang.ref.Reference::refersToImpl (6 bytes)
Event: 2.201 Thread 0x00006409c81ff150 nmethod 1041 0x00006409b0f76e90 code [0x00006409b0f77040, 0x00006409b0f771a0]
Event: 2.201 Thread 0x00006409c81ff150 1043       1       java.security.CodeSource::getLocationNoFragString (5 bytes)
Event: 2.201 Thread 0x00006409c81ff150 nmethod 1043 0x00006409b8930890 code [0x00006409b8930a20, 0x00006409b8930af0]
Event: 2.203 Thread 0x00006409c81ff150 1046       3       java.lang.invoke.Invokers::checkCustomized (23 bytes)
Event: 2.203 Thread 0x00006409c81ff150 nmethod 1046 0x00006409b0f77290 code [0x00006409b0f77440, 0x00006409b0f77640]
Event: 2.203 Thread 0x00006409c81ff150 1047       3       java.lang.invoke.Invokers::maybeCustomize (5 bytes)
Event: 2.203 Thread 0x00006409c81ff150 nmethod 1047 0x00006409b0f77790 code [0x00006409b0f77940, 0x00006409b0f77b00]
Event: 23.429 Thread 0x00006409c81ff150 1050       3       java.lang.invoke.MethodHandleStatics::traceLambdaForm (96 bytes)
Event: 23.429 Thread 0x00006409c81ff150 nmethod 1050 0x00006409b0f77c10 code [0x00006409b0f77dc0, 0x00006409b0f77f30]

GC Heap History (0 events):
No events

Dll operation events (12 events):
Event: 0.002 Loaded shared library /usr/lib/jvm/java-19-openjdk/lib/libjava.so
Event: 0.014 Loaded shared library /usr/lib/jvm/java-19-openjdk/lib/libjsvml.so
Event: 0.029 Loaded shared library /usr/lib/jvm/java-19-openjdk/lib/libnio.so
Event: 0.056 Loaded shared library /usr/lib/jvm/java-19-openjdk/lib/libnet.so
Event: 0.112 Loaded shared library /usr/lib/jvm/java-19-openjdk/lib/libzip.so
Event: 0.113 Loaded shared library /usr/lib/jvm/java-19-openjdk/lib/libinstrument.so
Event: 0.117 Loaded shared library /usr/lib/jvm/java-19-openjdk/lib/libzip.so
Event: 0.166 Loaded shared library /usr/lib/jvm/java-19-openjdk/lib/libjimage.so
Event: 0.195 Loaded shared library /usr/lib/jvm/java-19-openjdk/lib/libverify.so
Event: 0.220 Loaded shared library /lib/libc.so.6
Event: 0.256 Loading shared library pfs-core failed, pfs-core: cannot open shared object file: No such file or directory
Event: 2.133 Loaded shared library /data/git/PatrFileSys/javaPFS/lib/libpfs-core.so

Deoptimization events (20 events):
Event: 0.203 Thread 0x00006409c8017cf0 DEOPT PACKING pc=0x00006409b0e96394 sp=0x00006409cebfbea0
Event: 0.203 Thread 0x00006409c8017cf0 DEOPT UNPACKING pc=0x00006409b839e62f sp=0x00006409cebfb328 mode 0
Event: 0.203 Thread 0x00006409c8017cf0 DEOPT PACKING pc=0x00006409b0e96394 sp=0x00006409cebfbea0
Event: 0.203 Thread 0x00006409c8017cf0 DEOPT UNPACKING pc=0x00006409b839e62f sp=0x00006409cebfb328 mode 0
Event: 0.204 Thread 0x00006409c8017cf0 DEOPT PACKING pc=0x00006409b0e96394 sp=0x00006409cebf8c70
Event: 0.204 Thread 0x00006409c8017cf0 DEOPT UNPACKING pc=0x00006409b839e62f sp=0x00006409cebf80f8 mode 0
Event: 0.205 Thread 0x00006409c8017cf0 DEOPT PACKING pc=0x00006409b0e96394 sp=0x00006409cebfbdd0
Event: 0.205 Thread 0x00006409c8017cf0 DEOPT UNPACKING pc=0x00006409b839e62f sp=0x00006409cebfb258 mode 0
Event: 0.206 Thread 0x00006409c8017cf0 DEOPT PACKING pc=0x00006409b0e96394 sp=0x00006409cebfbe90
Event: 0.206 Thread 0x00006409c8017cf0 DEOPT UNPACKING pc=0x00006409b839e62f sp=0x00006409cebfb318 mode 0
Event: 0.207 Thread 0x00006409c8017cf0 DEOPT PACKING pc=0x00006409b0e96394 sp=0x00006409cebf88f0
Event: 0.207 Thread 0x00006409c8017cf0 DEOPT UNPACKING pc=0x00006409b839e62f sp=0x00006409cebf7d78 mode 0
Event: 0.209 Thread 0x00006409c8017cf0 DEOPT PACKING pc=0x00006409b0e96394 sp=0x00006409cebf8830
Event: 0.209 Thread 0x00006409c8017cf0 DEOPT UNPACKING pc=0x00006409b839e62f sp=0x00006409cebf7cb8 mode 0
Event: 0.226 Thread 0x00006409c8017cf0 DEOPT PACKING pc=0x00006409b0e25682 sp=0x00006409cebfd080
Event: 0.226 Thread 0x00006409c8017cf0 DEOPT UNPACKING pc=0x00006409b839e62f sp=0x00006409cebfc4c0 mode 0
Event: 2.202 Thread 0x00006409c8017cf0 Uncommon trap: trap_request=0xffffff5c fr.pc=0x00006409b88e8124 relative=0x0000000000000084
Event: 2.202 Thread 0x00006409c8017cf0 Uncommon trap: reason=speculate_null_check action=make_not_entrant pc=0x00006409b88e8124 method=jdk.internal.misc.Unsafe.getIntUnaligned(Ljava/lang/Object;JZ)I @ 5 c2
Event: 2.202 Thread 0x00006409c8017cf0 DEOPT PACKING pc=0x00006409b88e8124 sp=0x00006409cebfe390
Event: 2.202 Thread 0x00006409c8017cf0 DEOPT UNPACKING pc=0x00006409b839de99 sp=0x00006409cebfe340 mode 2

Classes loaded (20 events):
Event: 2.195 Loading class java/lang/invoke/VarHandleSegmentAsLongs
Event: 2.196 Loading class java/lang/invoke/VarHandleSegmentAsLongs done
Event: 2.196 Loading class java/lang/invoke/InfoFromMemberName$1
Event: 2.196 Loading class java/lang/invoke/InfoFromMemberName$1 done
Event: 2.196 Loading class java/util/stream/MatchOps$MatchKind
Event: 2.196 Loading class java/util/stream/MatchOps$MatchKind done
Event: 2.196 Loading class java/util/stream/MatchOps
Event: 2.196 Loading class java/util/stream/MatchOps done
Event: 2.196 Loading class java/util/stream/MatchOps$MatchOp
Event: 2.196 Loading class java/util/stream/MatchOps$MatchOp done
Event: 2.196 Loading class java/util/stream/MatchOps$BooleanTerminalSink
Event: 2.196 Loading class java/util/stream/MatchOps$BooleanTerminalSink done
Event: 2.196 Loading class java/util/stream/MatchOps$1MatchSink
Event: 2.196 Loading class java/util/stream/MatchOps$1MatchSink done
Event: 2.197 Loading class java/lang/invoke/IndirectVarHandle
Event: 2.197 Loading class java/lang/invoke/IndirectVarHandle done
Event: 2.198 Loading class java/lang/invoke/VarHandles$2
Event: 2.198 Loading class java/lang/invoke/VarHandles$2 done
Event: 2.202 Loading class java/lang/invoke/VarHandleSegmentAsInts
Event: 2.202 Loading class java/lang/invoke/VarHandleSegmentAsInts done

Classes unloaded (0 events):
No events

Classes redefined (0 events):
No events

Internal exceptions (20 events):
Event: 2.185 Thread 0x00006409c8017cf0 Exception <a 'java/lang/NoSuchMethodError'{0x0000000715c572e0}: 'int java.lang.invoke.DelegatingMethodHandle$Holder.reinvoke_L(java.lang.Object, java.lang.Object, java.lang.Object, int, java.lang.Object, java.lang.Object, long)'> (0x0000000715c572e0) 
thrown [src/hotspot/share/interpreter/linkResolver.cpp, line 773]
Event: 2.188 Thread 0x00006409c8017cf0 Exception <a 'java/lang/NoSuchMethodError'{0x0000000715c84170}: 'java.lang.Object java.lang.invoke.DirectMethodHandle$Holder.invokeSpecial(java.lang.Object, java.lang.Object, int, java.lang.Object, java.lang.Object)'> (0x0000000715c84170) 
thrown [src/hotspot/share/interpreter/linkResolver.cpp, line 773]
Event: 2.188 Thread 0x00006409c8017cf0 Exception <a 'java/lang/NoSuchMethodError'{0x0000000715c87b80}: 'java.lang.Object java.lang.invoke.DelegatingMethodHandle$Holder.delegate(java.lang.Object, int, java.lang.Object, java.lang.Object)'> (0x0000000715c87b80) 
thrown [src/hotspot/share/interpreter/linkResolver.cpp, line 773]
Event: 2.189 Thread 0x00006409c8017cf0 Exception <a 'java/lang/NoSuchMethodError'{0x0000000715c9c3b8}: 'int java.lang.invoke.Invokers$Holder.linkToTargetMethod(java.lang.Object, java.lang.Object, java.lang.Object)'> (0x0000000715c9c3b8) 
thrown [src/hotspot/share/interpreter/linkResolver.cpp, line 773]
Event: 2.190 Thread 0x00006409c8017cf0 Exception <a 'java/lang/NoSuchMethodError'{0x0000000715caca00}: 'int java.lang.invoke.DirectMethodHandle$Holder.invokeStaticInit(java.lang.Object, java.lang.Object, java.lang.Object, int, java.lang.Object, long)'> (0x0000000715caca00) 
thrown [src/hotspot/share/interpreter/linkResolver.cpp, line 773]
Event: 2.190 Thread 0x00006409c8017cf0 Exception <a 'java/lang/NoSuchMethodError'{0x0000000715cb3ee8}: 'int java.lang.invoke.DelegatingMethodHandle$Holder.reinvoke_L(java.lang.Object, java.lang.Object, java.lang.Object, int, java.lang.Object, long)'> (0x0000000715cb3ee8) 
thrown [src/hotspot/share/interpreter/linkResolver.cpp, line 773]
Event: 2.192 Thread 0x00006409c8017cf0 Exception <a 'java/lang/NoSuchMethodError'{0x0000000715cd4868}: 'int java.lang.invoke.DirectMethodHandle$Holder.invokeStatic(java.lang.Object, java.lang.Object, java.lang.Object, int, int, long)'> (0x0000000715cd4868) 
thrown [src/hotspot/share/interpreter/linkResolver.cpp, line 773]
Event: 2.192 Thread 0x00006409c8017cf0 Exception <a 'java/lang/NoSuchMethodError'{0x0000000715cd80b0}: 'int java.lang.invoke.DirectMethodHandle$Holder.invokeStaticInit(java.lang.Object, java.lang.Object, java.lang.Object, int, int, long)'> (0x0000000715cd80b0) 
thrown [src/hotspot/share/interpreter/linkResolver.cpp, line 773]
Event: 2.192 Thread 0x00006409c8017cf0 Exception <a 'java/lang/NoSuchMethodError'{0x0000000715cdbaa0}: 'int java.lang.invoke.DirectMethodHandle$Holder.invokeSpecial(java.lang.Object, java.lang.Object, java.lang.Object, java.lang.Object, int, int, long)'> (0x0000000715cdbaa0) 
thrown [src/hotspot/share/interpreter/linkResolver.cpp, line 773]
Event: 2.192 Thread 0x00006409c8017cf0 Exception <a 'java/lang/NoSuchMethodError'{0x0000000715cdf330}: 'int java.lang.invoke.DelegatingMethodHandle$Holder.reinvoke_L(java.lang.Object, java.lang.Object, java.lang.Object, int, int, long)'> (0x0000000715cdf330) 
thrown [src/hotspot/share/interpreter/linkResolver.cpp, line 773]
Event: 2.194 Thread 0x00006409c8017cf0 Exception <a 'java/lang/NoSuchMethodError'{0x0000000715d06138}: 'int java.lang.invoke.DirectMethodHandle$Holder.invokeStaticInit(java.lang.Object, java.lang.Object, java.lang.Object, int, int, java.lang.Object, long)'> (0x0000000715d06138) 
thrown [src/hotspot/share/interpreter/linkResolver.cpp, line 773]
Event: 2.194 Thread 0x00006409c8017cf0 Exception <a 'java/lang/NoSuchMethodError'{0x0000000715d0d6e8}: 'int java.lang.invoke.DelegatingMethodHandle$Holder.reinvoke_L(java.lang.Object, java.lang.Object, java.lang.Object, int, int, java.lang.Object, long)'> (0x0000000715d0d6e8) 
thrown [src/hotspot/share/interpreter/linkResolver.cpp, line 773]
Event: 2.198 Thread 0x00006409c8017cf0 Exception <a 'java/lang/NoSuchMethodError'{0x0000000715d4bfb0}: 'void java.lang.invoke.DelegatingMethodHandle$Holder.reinvoke_L(java.lang.Object, java.lang.Object, java.lang.Object, long, long)'> (0x0000000715d4bfb0) 
thrown [src/hotspot/share/interpreter/linkResolver.cpp, line 773]
Event: 2.198 Thread 0x00006409c8017cf0 Exception <a 'java/lang/NoSuchMethodError'{0x0000000715d53b70}: 'int java.lang.invoke.DirectMethodHandle$Holder.invokeSpecial(java.lang.Object, java.lang.Object, int, java.lang.Object, java.lang.Object)'> (0x0000000715d53b70) 
thrown [src/hotspot/share/interpreter/linkResolver.cpp, line 773]
Event: 2.199 Thread 0x00006409c8017cf0 Exception <a 'java/lang/NoSuchMethodError'{0x0000000715d62818}: 'java.lang.Object java.lang.invoke.DirectMethodHandle$Holder.invokeSpecial(java.lang.Object, java.lang.Object, java.lang.Object, java.lang.Object, long)'> (0x0000000715d62818) 
thrown [src/hotspot/share/interpreter/linkResolver.cpp, line 773]
Event: 2.200 Thread 0x00006409c8017cf0 Exception <a 'java/lang/NoSuchMethodError'{0x0000000715d6ee40}: 'long java.lang.invoke.Invokers$Holder.invoke_MT(java.lang.Object, int, java.lang.Object)'> (0x0000000715d6ee40) 
thrown [src/hotspot/share/interpreter/linkResolver.cpp, line 773]
Event: 2.200 Thread 0x00006409c8017cf0 Exception <a 'java/lang/NoSuchMethodError'{0x0000000715d797f0}: 'int java.lang.invoke.Invokers$Holder.invoke_MT(java.lang.Object, int, int, java.lang.Object)'> (0x0000000715d797f0) 
thrown [src/hotspot/share/interpreter/linkResolver.cpp, line 773]
Event: 2.201 Thread 0x00006409c8017cf0 Exception <a 'java/lang/NoSuchMethodError'{0x0000000715d8e840}: 'int java.lang.invoke.Invokers$Holder.invoke_MT(java.lang.Object, int, java.lang.Object)'> (0x0000000715d8e840) 
thrown [src/hotspot/share/interpreter/linkResolver.cpp, line 773]
Event: 23.429 Thread 0x00006409c8017cf0 Exception <a 'java/lang/NoSuchMethodError'{0x0000000715d9de28}: 'int java.lang.invoke.DirectMethodHandle$Holder.invokeSpecial(java.lang.Object, java.lang.Object, int, java.lang.Object)'> (0x0000000715d9de28) 
thrown [src/hotspot/share/interpreter/linkResolver.cpp, line 773]
Event: 23.429 Thread 0x00006409c8017cf0 Exception <a 'java/lang/NoSuchMethodError'{0x0000000715da1370}: 'int java.lang.invoke.Invokers$Holder.invoke_MT(java.lang.Object, int, java.lang.Object, java.lang.Object)'> (0x0000000715da1370) 
thrown [src/hotspot/share/interpreter/linkResolver.cpp, line 773]

VM Operations (20 events):
Event: 14.468 Executing VM operation: get/set locals
Event: 14.468 Executing VM operation: get/set locals done
Event: 14.468 Executing VM operation: get/set locals
Event: 14.468 Executing VM operation: get/set locals done
Event: 14.468 Executing VM operation: get/set locals
Event: 14.468 Executing VM operation: get/set locals done
Event: 14.468 Executing VM operation: get/set locals
Event: 14.468 Executing VM operation: get/set locals done
Event: 14.468 Executing VM operation: get/set locals
Event: 14.468 Executing VM operation: get/set locals done
Event: 14.469 Executing VM operation: get/set locals
Event: 14.469 Executing VM operation: get/set locals done
Event: 14.469 Executing VM operation: get/set locals
Event: 14.469 Executing VM operation: get/set locals done
Event: 14.469 Executing VM operation: get/set locals
Event: 14.469 Executing VM operation: get/set locals done
Event: 14.469 Executing VM operation: get/set locals
Event: 14.469 Executing VM operation: get/set locals done
Event: 14.469 Executing VM operation: get/set locals
Event: 14.469 Executing VM operation: get/set locals done

Events (20 events):
Event: 0.024 Thread 0x00006409c81ff150 Thread added: 0x00006409c81ff150
Event: 0.024 Protecting memory [0x0000640999c00000,0x0000640999c04000] with protection modes 0
Event: 0.024 Thread 0x00006409c8200620 Thread added: 0x00006409c8200620
Event: 0.024 Protecting memory [0x0000640999b00000,0x0000640999b04000] with protection modes 0
Event: 0.051 Thread 0x00006409c82f8550 Thread added: 0x00006409c82f8550
Event: 0.051 Protecting memory [0x0000640999a00000,0x0000640999a04000] with protection modes 0
Event: 0.083 Thread 0x00006409c836f490 Thread added: 0x00006409c836f490
Event: 0.083 Protecting memory [0x0000640999900000,0x0000640999904000] with protection modes 0
Event: 0.083 Thread 0x00006409c83723f0 Thread added: 0x00006409c83723f0
Event: 0.083 Protecting memory [0x0000640999800000,0x0000640999804000] with protection modes 0
Event: 0.083 Thread 0x0000640964001140 Thread added: 0x0000640964001140
Event: 0.084 Protecting memory [0x0000640999700000,0x0000640999704000] with protection modes 0
Event: 0.175 Thread 0x00006409680a7930 Thread added: 0x00006409680a7930
Event: 0.175 Protecting memory [0x0000640999600000,0x0000640999604000] with protection modes 0
Event: 0.192 Thread 0x00006409c84a6cd0 Thread added: 0x00006409c84a6cd0
Event: 0.192 Protecting memory [0x0000640999500000,0x0000640999504000] with protection modes 0
Event: 2.134 Thread 0x00006409680a7930 Thread exited: 0x00006409680a7930
Event: 2.161 Thread 0x0000640968157610 Thread added: 0x0000640968157610
Event: 2.161 Protecting memory [0x0000640999600000,0x0000640999604000] with protection modes 0
Event: 7.203 Thread 0x0000640968157610 Thread exited: 0x0000640968157610


Dynamic libraries:
707000000-716a00000 rw-p 00000000 00:00 0 
716a00000-800000000 ---p 00000000 00:00 0 
800000000-800020000 rw-p 00000000 00:00 0 
800020000-800040000 rw-p 00000000 00:00 0 
800040000-8000c0000 rw-p 00000000 00:00 0 
8000c0000-8000e0000 rw-p 00000000 00:00 0 
8000e0000-800140000 rw-p 00000000 00:00 0 
800140000-800160000 rw-p 00000000 00:00 0 
800160000-800180000 ---p 00000000 00:00 0 
800180000-800190000 rw-p 00000000 00:00 0 
800190000-840000000 ---p 00000000 00:00 0 
629afe96000-629afe97000 r--p 00000000 08:03 18908520                     /usr/lib/jvm/java-19-openjdk/bin/java
629afe97000-629afe98000 r-xp 00001000 08:03 18908520                     /usr/lib/jvm/java-19-openjdk/bin/java
629afe98000-629afe99000 r--p 00002000 08:03 18908520                     /usr/lib/jvm/java-19-openjdk/bin/java
629afe99000-629afe9a000 r--p 00002000 08:03 18908520                     /usr/lib/jvm/java-19-openjdk/bin/java
629afe9a000-629afe9b000 rw-p 00003000 08:03 18908520                     /usr/lib/jvm/java-19-openjdk/bin/java
629e47f6000-629e483d000 rw-p 00000000 00:00 0                            [heap]
640948000000-640948021000 rw-p 00000000 00:00 0 
640948021000-64094c000000 ---p 00000000 00:00 0 
640950000000-6409501d4000 rw-p 00000000 00:00 0 
6409501d4000-640954000000 ---p 00000000 00:00 0 
640954000000-640954021000 rw-p 00000000 00:00 0 
640954021000-640958000000 ---p 00000000 00:00 0 
640958000000-640958021000 rw-p 00000000 00:00 0 
640958021000-64095c000000 ---p 00000000 00:00 0 
64095c000000-64095c021000 rw-p 00000000 00:00 0 
64095c021000-640960000000 ---p 00000000 00:00 0 
640960000000-640960021000 rw-p 00000000 00:00 0 
640960021000-640964000000 ---p 00000000 00:00 0 
640964000000-640964021000 rw-p 00000000 00:00 0 
640964021000-640968000000 ---p 00000000 00:00 0 
640968000000-6409681f3000 rw-p 00000000 00:00 0 
6409681f3000-64096c000000 ---p 00000000 00:00 0 
64096c000000-64096c021000 rw-p 00000000 00:00 0 
64096c021000-640970000000 ---p 00000000 00:00 0 
640970000000-640970021000 rw-p 00000000 00:00 0 
640970021000-640974000000 ---p 00000000 00:00 0 
640974000000-64097448f000 rw-p 00000000 00:00 0 
64097448f000-640978000000 ---p 00000000 00:00 0 
640978000000-640978021000 rw-p 00000000 00:00 0 
640978021000-64097c000000 ---p 00000000 00:00 0 
64097c000000-64097c021000 rw-p 00000000 00:00 0 
64097c021000-640980000000 ---p 00000000 00:00 0 
640980000000-640980021000 rw-p 00000000 00:00 0 
640980021000-640984000000 ---p 00000000 00:00 0 
640984000000-640984021000 rw-p 00000000 00:00 0 
640984021000-640988000000 ---p 00000000 00:00 0 
640988000000-640988021000 rw-p 00000000 00:00 0 
640988021000-64098c000000 ---p 00000000 00:00 0 
64098c000000-64098c021000 rw-p 00000000 00:00 0 
64098c021000-640990000000 ---p 00000000 00:00 0 
640990000000-640990500000 rw-p 00000000 00:00 0 
640990500000-640990520000 rw-p 00000000 00:00 0 
640990520000-640990540000 rw-p 00000000 00:00 0 
640990540000-640990580000 rw-p 00000000 00:00 0 
640990580000-640990700000 rw-p 00000000 00:00 0 
640990700000-640990720000 rw-p 00000000 00:00 0 
640990720000-640990740000 rw-p 00000000 00:00 0 
640990740000-640990780000 rw-p 00000000 00:00 0 
640990780000-640990a00000 rw-p 00000000 00:00 0 
640990a00000-640990b00000 rw-p 00000000 00:00 0 
640990b00000-640990be0000 rw-p 00000000 00:00 0 
640990be0000-640994000000 ---p 00000000 00:00 0 
640994000000-640994021000 rw-p 00000000 00:00 0 
640994021000-640998000000 ---p 00000000 00:00 0 
6409993fe000-6409993ff000 ---p 00000000 00:00 0 
6409993ff000-640999500000 rw-p 00000000 00:00 0 
640999500000-640999504000 ---p 00000000 00:00 0 
640999504000-640999600000 rw-p 00000000 00:00 0 
640999600000-640999604000 ---p 00000000 00:00 0 
640999604000-640999700000 rw-p 00000000 00:00 0 
640999700000-640999704000 ---p 00000000 00:00 0 
640999704000-640999800000 rw-p 00000000 00:00 0 
640999800000-640999804000 ---p 00000000 00:00 0 
640999804000-640999900000 rw-p 00000000 00:00 0 
640999900000-640999904000 ---p 00000000 00:00 0 
640999904000-640999a00000 rw-p 00000000 00:00 0 
640999a00000-640999a04000 ---p 00000000 00:00 0 
640999a04000-640999b00000 rw-p 00000000 00:00 0 
640999b00000-640999b04000 ---p 00000000 00:00 0 
640999b04000-640999c00000 rw-p 00000000 00:00 0 
640999c00000-640999c04000 ---p 00000000 00:00 0 
640999c04000-640999d00000 rw-p 00000000 00:00 0 
640999d00000-640999d04000 ---p 00000000 00:00 0 
640999d04000-640999e00000 rw-p 00000000 00:00 0 
640999e00000-640999e04000 ---p 00000000 00:00 0 
640999e04000-640999f00000 rw-p 00000000 00:00 0 
640999f00000-640999f04000 ---p 00000000 00:00 0 
640999f04000-64099c000000 rw-p 00000000 00:00 0 
64099c000000-64099c021000 rw-p 00000000 00:00 0 
64099c021000-6409a0000000 ---p 00000000 00:00 0 
6409a0000000-6409a0021000 rw-p 00000000 00:00 0 
6409a0021000-6409a4000000 ---p 00000000 00:00 0 
6409a4000000-6409a4021000 rw-p 00000000 00:00 0 
6409a4021000-6409a8000000 ---p 00000000 00:00 0 
6409a8000000-6409a8004000 ---p 00000000 00:00 0 
6409a8004000-6409a8100000 rw-p 00000000 00:00 0 
6409a8100000-6409a8104000 ---p 00000000 00:00 0 
6409a8104000-6409a8200000 rw-p 00000000 00:00 0 
6409a8200000-6409a85e1000 r--p 00000000 08:03 18372726                   /usr/lib/locale/locale-archive
6409a8650000-6409a8657000 r--p 00000000 08:03 18372775                   /usr/lib/libnss_mymachines.so.2
6409a8657000-6409a868b000 r-xp 00007000 08:03 18372775                   /usr/lib/libnss_mymachines.so.2
6409a868b000-6409a869e000 r--p 0003b000 08:03 18372775                   /usr/lib/libnss_mymachines.so.2
6409a869e000-6409a86a1000 r--p 0004e000 08:03 18372775                   /usr/lib/libnss_mymachines.so.2
6409a86a1000-6409a86a2000 rw-p 00051000 08:03 18372775                   /usr/lib/libnss_mymachines.so.2
6409a86a2000-6409a86a3000 rw-p 00000000 00:00 0 
6409a86a3000-6409a86a7000 ---p 00000000 00:00 0 
6409a86a7000-6409a87a3000 rw-p 00000000 00:00 0 
6409a87a3000-6409a87a4000 ---p 00000000 00:00 0 
6409a87a4000-6409a88a5000 rw-p 00000000 00:00 0 
6409a88a5000-6409a88aa000 r--p 00000000 08:03 18908576                   /usr/lib/jvm/java-19-openjdk/lib/libjsvml.so
6409a88aa000-6409a88eb000 r-xp 00005000 08:03 18908576                   /usr/lib/jvm/java-19-openjdk/lib/libjsvml.so
6409a88eb000-6409a8974000 r--p 00046000 08:03 18908576                   /usr/lib/jvm/java-19-openjdk/lib/libjsvml.so
6409a8974000-6409a8975000 r--p 000ce000 08:03 18908576                   /usr/lib/jvm/java-19-openjdk/lib/libjsvml.so
6409a8975000-6409a8976000 rw-p 000cf000 08:03 18908576                   /usr/lib/jvm/java-19-openjdk/lib/libjsvml.so
6409a8976000-6409a8977000 ---p 00000000 00:00 0 
6409a8977000-6409a8a78000 rw-p 00000000 00:00 0 
6409a8a78000-6409a8a79000 ---p 00000000 00:00 0 
6409a8a79000-6409a9568000 rw-p 00000000 00:00 0 
6409a9568000-6409acfc0000 ---p 00000000 00:00 0 
6409acfc0000-6409ad3a8000 rw-p 00000000 00:00 0 
6409ad3a8000-6409b0e00000 ---p 00000000 00:00 0 
6409b0e00000-6409b1070000 rwxp 00000000 00:00 0 
6409b1070000-6409b8337000 ---p 00000000 00:00 0 
6409b8337000-6409b85a7000 rwxp 00000000 00:00 0 
6409b85a7000-6409b88c9000 ---p 00000000 00:00 0 
6409b88c9000-6409b8b39000 rwxp 00000000 00:00 0 
6409b8b39000-6409bfe00000 ---p 00000000 00:00 0 
6409bfe00000-6409c7f33000 r--s 00000000 08:03 18908603                   /usr/lib/jvm/java-19-openjdk/lib/modules
6409c7f7f000-6409c8000000 rw-p 00000000 00:00 0 
6409c8000000-6409c85f5000 rw-p 00000000 00:00 0 
6409c85f5000-6409cc000000 ---p 00000000 00:00 0 
6409cc01e000-6409cc021000 r--p 00000000 08:03 18378775                   /usr/lib/libnss_resolve.so.2
6409cc021000-6409cc038000 r-xp 00003000 08:03 18378775                   /usr/lib/libnss_resolve.so.2
6409cc038000-6409cc040000 r--p 0001a000 08:03 18378775                   /usr/lib/libnss_resolve.so.2
6409cc040000-6409cc041000 r--p 00021000 08:03 18378775                   /usr/lib/libnss_resolve.so.2
6409cc041000-6409cc042000 rw-p 00022000 08:03 18378775                   /usr/lib/libnss_resolve.so.2
6409cc051000-6409cc054000 r--p 00000000 08:11 48500917                   /data/git/PatrFileSys/pfs-core/exports/shared/libpfs-core.so
6409cc054000-6409cc05e000 r-xp 00003000 08:11 48500917                   /data/git/PatrFileSys/pfs-core/exports/shared/libpfs-core.so
6409cc05e000-6409cc061000 r--p 0000d000 08:11 48500917                   /data/git/PatrFileSys/pfs-core/exports/shared/libpfs-core.so
6409cc061000-6409cc062000 r--p 0000f000 08:11 48500917                   /data/git/PatrFileSys/pfs-core/exports/shared/libpfs-core.so
6409cc062000-6409cc063000 rw-p 00010000 08:11 48500917                   /data/git/PatrFileSys/pfs-core/exports/shared/libpfs-core.so
6409cc063000-6409cc4c2000 rw-p 00000000 00:00 0 
6409cc4c2000-6409cc4c3000 ---p 00000000 00:00 0 
6409cc4c3000-6409cc5c4000 rw-p 00000000 00:00 0 
6409cc5c4000-6409cc5c5000 ---p 00000000 00:00 0 
6409cc5c5000-6409cc6c6000 rw-p 00000000 00:00 0 
6409cc6c6000-6409cc6c7000 ---p 00000000 00:00 0 
6409cc6c7000-6409cc845000 rw-p 00000000 00:00 0 
6409cc845000-6409ccf90000 ---p 00000000 00:00 0 
6409ccf90000-6409cd00d000 rw-p 00000000 00:00 0 
6409cd00d000-6409cd758000 ---p 00000000 00:00 0 
6409cd758000-6409cd7d5000 rw-p 00000000 00:00 0 
6409cd7d5000-6409cdf20000 ---p 00000000 00:00 0 
6409cdf20000-6409ce92f000 rw-p 00000000 00:00 0 
6409ce92f000-6409cea15000 ---p 00000000 00:00 0 
6409cea15000-6409cea1a000 rw-p 00000000 00:00 0 
6409cea1a000-6409ceb00000 ---p 00000000 00:00 0 
6409ceb00000-6409ceb04000 ---p 00000000 00:00 0 
6409ceb04000-6409cec00000 rw-p 00000000 00:00 0 
6409cec00000-6409cec99000 r--p 00000000 08:03 18354265                   /usr/lib/libstdc++.so.6.0.30
6409cec99000-6409cedaf000 r-xp 00099000 08:03 18354265                   /usr/lib/libstdc++.so.6.0.30
6409cedaf000-6409cee26000 r--p 001af000 08:03 18354265                   /usr/lib/libstdc++.so.6.0.30
6409cee26000-6409cee33000 r--p 00225000 08:03 18354265                   /usr/lib/libstdc++.so.6.0.30
6409cee33000-6409cee34000 rw-p 00232000 08:03 18354265                   /usr/lib/libstdc++.so.6.0.30
6409cee34000-6409cee37000 rw-p 00000000 00:00 0 
6409cee3c000-6409cee40000 r--p 00000000 08:03 18908600                   /usr/lib/jvm/java-19-openjdk/lib/libverify.so
6409cee40000-6409cee47000 r-xp 00004000 08:03 18908600                   /usr/lib/jvm/java-19-openjdk/lib/libverify.so
6409cee47000-6409cee49000 r--p 0000b000 08:03 18908600                   /usr/lib/jvm/java-19-openjdk/lib/libverify.so
6409cee49000-6409cee4b000 r--p 0000c000 08:03 18908600                   /usr/lib/jvm/java-19-openjdk/lib/libverify.so
6409cee4b000-6409cee4c000 rw-p 0000e000 08:03 18908600                   /usr/lib/jvm/java-19-openjdk/lib/libverify.so
6409cee4c000-6409cee4e000 r--p 00000000 08:03 18908602                   /usr/lib/jvm/java-19-openjdk/lib/libzip.so
6409cee4e000-6409cee52000 r-xp 00002000 08:03 18908602                   /usr/lib/jvm/java-19-openjdk/lib/libzip.so
6409cee52000-6409cee54000 r--p 00006000 08:03 18908602                   /usr/lib/jvm/java-19-openjdk/lib/libzip.so
6409cee54000-6409cee55000 r--p 00007000 08:03 18908602                   /usr/lib/jvm/java-19-openjdk/lib/libzip.so
6409cee55000-6409cee56000 rw-p 00008000 08:03 18908602                   /usr/lib/jvm/java-19-openjdk/lib/libzip.so
6409cee56000-6409cef18000 rw-p 00000000 00:00 0 
6409cef18000-6409cef26000 r--p 00000000 08:03 18353453                   /usr/lib/libm.so.6
6409cef26000-6409cefa0000 r-xp 0000e000 08:03 18353453                   /usr/lib/libm.so.6
6409cefa0000-6409ceffe000 r--p 00088000 08:03 18353453                   /usr/lib/libm.so.6
6409ceffe000-6409cefff000 r--p 000e5000 08:03 18353453                   /usr/lib/libm.so.6
6409cefff000-6409cf000000 rw-p 000e6000 08:03 18353453                   /usr/lib/libm.so.6
6409cf000000-6409cf28d000 r--p 00000000 08:03 19010004                   /usr/lib/jvm/java-19-openjdk/lib/server/libjvm.so
6409cf28d000-6409d005e000 r-xp 0028d000 08:03 19010004                   /usr/lib/jvm/java-19-openjdk/lib/server/libjvm.so
6409d005e000-6409d0306000 r--p 0105e000 08:03 19010004                   /usr/lib/jvm/java-19-openjdk/lib/server/libjvm.so
6409d0306000-6409d03d2000 r--p 01306000 08:03 19010004                   /usr/lib/jvm/java-19-openjdk/lib/server/libjvm.so
6409d03d2000-6409d0408000 rw-p 013d2000 08:03 19010004                   /usr/lib/jvm/java-19-openjdk/lib/server/libjvm.so
6409d0408000-6409d0464000 rw-p 00000000 00:00 0 
6409d0466000-6409d0469000 r--p 00000000 08:03 18363034                   /usr/lib/libcap.so.2.66
6409d0469000-6409d046e000 r-xp 00003000 08:03 18363034                   /usr/lib/libcap.so.2.66
6409d046e000-6409d0470000 r--p 00008000 08:03 18363034                   /usr/lib/libcap.so.2.66
6409d0470000-6409d0471000 r--p 00009000 08:03 18363034                   /usr/lib/libcap.so.2.66
6409d0471000-6409d0472000 rw-p 0000a000 08:03 18363034                   /usr/lib/libcap.so.2.66
6409d0472000-6409d0474000 r--p 00000000 08:03 18908549                   /usr/lib/jvm/java-19-openjdk/lib/libdt_socket.so
6409d0474000-6409d0477000 r-xp 00002000 08:03 18908549                   /usr/lib/jvm/java-19-openjdk/lib/libdt_socket.so
6409d0477000-6409d0478000 r--p 00005000 08:03 18908549                   /usr/lib/jvm/java-19-openjdk/lib/libdt_socket.so
6409d0478000-6409d0479000 r--p 00006000 08:03 18908549                   /usr/lib/jvm/java-19-openjdk/lib/libdt_socket.so
6409d0479000-6409d047a000 rw-p 00007000 08:03 18908549                   /usr/lib/jvm/java-19-openjdk/lib/libdt_socket.so
6409d047a000-6409d047d000 r--p 00000000 08:03 18908588                   /usr/lib/jvm/java-19-openjdk/lib/libnet.so
6409d047d000-6409d0486000 r-xp 00003000 08:03 18908588                   /usr/lib/jvm/java-19-openjdk/lib/libnet.so
6409d0486000-6409d0488000 r--p 0000c000 08:03 18908588                   /usr/lib/jvm/java-19-openjdk/lib/libnet.so
6409d0488000-6409d0489000 r--p 0000e000 08:03 18908588                   /usr/lib/jvm/java-19-openjdk/lib/libnet.so
6409d0489000-6409d048a000 rw-p 0000f000 08:03 18908588                   /usr/lib/jvm/java-19-openjdk/lib/libnet.so
6409d048a000-6409d0491000 r--p 00000000 08:03 18908590                   /usr/lib/jvm/java-19-openjdk/lib/libnio.so
6409d0491000-6409d0499000 r-xp 00007000 08:03 18908590                   /usr/lib/jvm/java-19-openjdk/lib/libnio.so
6409d0499000-6409d049d000 r--p 0000f000 08:03 18908590                   /usr/lib/jvm/java-19-openjdk/lib/libnio.so
6409d049d000-6409d049e000 r--p 00013000 08:03 18908590                   /usr/lib/jvm/java-19-openjdk/lib/libnio.so
6409d049e000-6409d049f000 rw-p 00014000 08:03 18908590                   /usr/lib/jvm/java-19-openjdk/lib/libnio.so
6409d049f000-6409d04a4000 rw-p 00000000 00:00 0 
6409d04a4000-6409d04ab000 ---p 00000000 00:00 0 
6409d04ab000-6409d04b8000 r--p 00000000 08:03 18908565                   /usr/lib/jvm/java-19-openjdk/lib/libjava.so
6409d04b8000-6409d04c9000 r-xp 0000d000 08:03 18908565                   /usr/lib/jvm/java-19-openjdk/lib/libjava.so
6409d04c9000-6409d04cf000 r--p 0001e000 08:03 18908565                   /usr/lib/jvm/java-19-openjdk/lib/libjava.so
6409d04cf000-6409d04d0000 r--p 00024000 08:03 18908565                   /usr/lib/jvm/java-19-openjdk/lib/libjava.so
6409d04d0000-6409d04d1000 rw-p 00025000 08:03 18908565                   /usr/lib/jvm/java-19-openjdk/lib/libjava.so
6409d04d1000-6409d04d2000 rw-p 00000000 00:00 0 
6409d04d2000-6409d04d5000 r--p 00000000 08:03 18908568                   /usr/lib/jvm/java-19-openjdk/lib/libjdwp.so
6409d04d5000-6409d0505000 r-xp 00003000 08:03 18908568                   /usr/lib/jvm/java-19-openjdk/lib/libjdwp.so
6409d0505000-6409d0514000 r--p 00033000 08:03 18908568                   /usr/lib/jvm/java-19-openjdk/lib/libjdwp.so
6409d0514000-6409d0515000 r--p 00041000 08:03 18908568                   /usr/lib/jvm/java-19-openjdk/lib/libjdwp.so
6409d0515000-6409d0516000 rw-p 00042000 08:03 18908568                   /usr/lib/jvm/java-19-openjdk/lib/libjdwp.so
6409d0516000-6409d0517000 rw-p 00000000 00:00 0 
6409d0517000-6409d051a000 r--p 00000000 08:03 18354235                   /usr/lib/libgcc_s.so.1
6409d051a000-6409d0531000 r-xp 00003000 08:03 18354235                   /usr/lib/libgcc_s.so.1
6409d0531000-6409d0535000 r--p 0001a000 08:03 18354235                   /usr/lib/libgcc_s.so.1
6409d0535000-6409d0536000 r--p 0001d000 08:03 18354235                   /usr/lib/libgcc_s.so.1
6409d0536000-6409d0537000 rw-p 0001e000 08:03 18354235                   /usr/lib/libgcc_s.so.1
6409d0537000-6409d053a000 rw-p 00000000 00:00 0 
6409d053a000-6409d053d000 r--p 00000000 08:03 18363433                   /usr/lib/libz.so.1.2.13
6409d053d000-6409d054b000 r-xp 00003000 08:03 18363433                   /usr/lib/libz.so.1.2.13
6409d054b000-6409d0552000 r--p 00011000 08:03 18363433                   /usr/lib/libz.so.1.2.13
6409d0552000-6409d0553000 r--p 00017000 08:03 18363433                   /usr/lib/libz.so.1.2.13
6409d0553000-6409d0554000 rw-p 00018000 08:03 18363433                   /usr/lib/libz.so.1.2.13
6409d0554000-6409d0576000 r--p 00000000 08:03 18353443                   /usr/lib/libc.so.6
6409d0576000-6409d06d1000 r-xp 00022000 08:03 18353443                   /usr/lib/libc.so.6
6409d06d1000-6409d0728000 r--p 0017d000 08:03 18353443                   /usr/lib/libc.so.6
6409d0728000-6409d072c000 r--p 001d4000 08:03 18353443                   /usr/lib/libc.so.6
6409d072c000-6409d072e000 rw-p 001d8000 08:03 18353443                   /usr/lib/libc.so.6
6409d072e000-6409d073b000 rw-p 00000000 00:00 0 
6409d073c000-6409d0744000 rw-s 00000000 00:24 411                        /tmp/hsperfdata_pat/26280
6409d0744000-6409d0746000 r--p 00000000 08:03 18908555                   /usr/lib/jvm/java-19-openjdk/lib/libinstrument.so
6409d0746000-6409d074c000 r-xp 00002000 08:03 18908555                   /usr/lib/jvm/java-19-openjdk/lib/libinstrument.so
6409d074c000-6409d074f000 r--p 00008000 08:03 18908555                   /usr/lib/jvm/java-19-openjdk/lib/libinstrument.so
6409d074f000-6409d0750000 r--p 0000a000 08:03 18908555                   /usr/lib/jvm/java-19-openjdk/lib/libinstrument.so
6409d0750000-6409d0751000 rw-p 0000b000 08:03 18908555                   /usr/lib/jvm/java-19-openjdk/lib/libinstrument.so
6409d0751000-6409d0752000 ---p 00000000 00:00 0 
6409d0752000-6409d0753000 r--p 00000000 00:00 0 
6409d0753000-6409d0754000 ---p 00000000 00:00 0 
6409d0754000-6409d0756000 r--p 00000000 08:03 18908570                   /usr/lib/jvm/java-19-openjdk/lib/libjimage.so
6409d0756000-6409d0759000 r-xp 00002000 08:03 18908570                   /usr/lib/jvm/java-19-openjdk/lib/libjimage.so
6409d0759000-6409d075a000 r--p 00005000 08:03 18908570                   /usr/lib/jvm/java-19-openjdk/lib/libjimage.so
6409d075a000-6409d075b000 r--p 00006000 08:03 18908570                   /usr/lib/jvm/java-19-openjdk/lib/libjimage.so
6409d075b000-6409d075c000 rw-p 00007000 08:03 18908570                   /usr/lib/jvm/java-19-openjdk/lib/libjimage.so
6409d075c000-6409d075e000 r--p 00000000 08:03 18908572                   /usr/lib/jvm/java-19-openjdk/lib/libjli.so
6409d075e000-6409d0767000 r-xp 00002000 08:03 18908572                   /usr/lib/jvm/java-19-openjdk/lib/libjli.so
6409d0767000-6409d076a000 r--p 0000b000 08:03 18908572                   /usr/lib/jvm/java-19-openjdk/lib/libjli.so
6409d076a000-6409d076b000 r--p 0000d000 08:03 18908572                   /usr/lib/jvm/java-19-openjdk/lib/libjli.so
6409d076b000-6409d076c000 rw-p 0000e000 08:03 18908572                   /usr/lib/jvm/java-19-openjdk/lib/libjli.so
6409d076c000-6409d076e000 rw-p 00000000 00:00 0 
6409d076e000-6409d0772000 r--p 00000000 00:00 0                          [vvar]
6409d0772000-6409d0774000 r-xp 00000000 00:00 0                          [vdso]
6409d0774000-6409d0775000 r--p 00000000 08:03 18353434                   /usr/lib/ld-linux-x86-64.so.2
6409d0775000-6409d079b000 r-xp 00001000 08:03 18353434                   /usr/lib/ld-linux-x86-64.so.2
6409d079b000-6409d07a5000 r--p 00027000 08:03 18353434                   /usr/lib/ld-linux-x86-64.so.2
6409d07a5000-6409d07a7000 r--p 00031000 08:03 18353434                   /usr/lib/ld-linux-x86-64.so.2
6409d07a7000-6409d07a9000 rw-p 00033000 08:03 18353434                   /usr/lib/ld-linux-x86-64.so.2
72e06a56c000-72e06a58e000 rw-p 00000000 00:00 0                          [stack]


VM Arguments:
jvm_args: -XX:+ShowCodeDetailsInExceptionMessages -agentlib:jdwp=transport=dt_socket,suspend=y,address=localhost:39309 --enable-native-access=de.hechler.patrick.zeugs.pfs -javaagent:/home/pat/.eclipse/org.eclipse.platform_4.25.0_155965261_linux_gtk_x86_64/configuration/org.eclipse.osgi/497/0/.cp/lib/javaagent-shaded.jar -Dfile.encoding=UTF-8 --module-path=/data/git/PatrFileSys/javaPFS/target/classes --enable-preview -Djdk.module.main=de.hechler.patrick.zeugs.pfs 
java_command: de.hechler.patrick.zeugs.pfs/de.hechler.patrick.zeugs.pfs.impl.pfs.PatrFSProvider
java_class_path (initial): /data/git/Checker/target/classes
Launcher Type: SUN_STANDARD

[Global flags]
     intx CICompilerCount                          = 4                                         {product} {ergonomic}
     uint ConcGCThreads                            = 3                                         {product} {ergonomic}
     uint G1ConcRefinementThreads                  = 10                                        {product} {ergonomic}
   size_t G1HeapRegionSize                         = 2097152                                   {product} {ergonomic}
    uintx GCDrainStackTargetSize                   = 64                                        {product} {ergonomic}
   size_t InitialHeapSize                          = 262144000                                 {product} {ergonomic}
   size_t MarkStackSize                            = 4194304                                   {product} {ergonomic}
   size_t MaxHeapSize                              = 4177526784                                {product} {ergonomic}
   size_t MaxNewSize                               = 2506096640                                {product} {ergonomic}
   size_t MinHeapDeltaBytes                        = 2097152                                   {product} {ergonomic}
   size_t MinHeapSize                              = 8388608                                   {product} {ergonomic}
    uintx NonNMethodCodeHeapSize                   = 5839372                                {pd product} {ergonomic}
    uintx NonProfiledCodeHeapSize                  = 122909434                              {pd product} {ergonomic}
    uintx ProfiledCodeHeapSize                     = 122909434                              {pd product} {ergonomic}
    uintx ReservedCodeCacheSize                    = 251658240                              {pd product} {ergonomic}
     bool SegmentedCodeCache                       = true                                      {product} {ergonomic}
     bool ShowCodeDetailsInExceptionMessages       = true                                   {manageable} {command line}
   size_t SoftMaxHeapSize                          = 4177526784                             {manageable} {ergonomic}
     bool UseCompressedClassPointers               = true                           {product lp64_product} {ergonomic}
     bool UseCompressedOops                        = true                           {product lp64_product} {ergonomic}
     bool UseG1GC                                  = true                                      {product} {ergonomic}

Logging:
Log output configuration:
 #0: stdout all=warning uptime,level,tags foldmultilines=false
 #1: stderr all=off uptime,level,tags foldmultilines=false

Environment Variables:
PATH=/usr/local/sbin:/usr/local/bin:/usr/bin:/usr/lib/jvm/default/bin:/usr/bin/site_perl:/usr/bin/vendor_perl:/usr/bin/core_perl
SHELL=/bin/zsh
DISPLAY=:0
LANG=en_US.UTF-8
LC_TIME=de_DE.UTF-8

Active Locale:
LC_ALL=LC_CTYPE=en_US.UTF-8;LC_NUMERIC=en_US.UTF-8;LC_TIME=de_DE.UTF-8;LC_COLLATE=de_DE.UTF-8;LC_MONETARY=de_DE.UTF-8;LC_MESSAGES=en_US.UTF-8;LC_PAPER=en_US.UTF-8;LC_NAME=en_US.UTF-8;LC_ADDRESS=en_US.UTF-8;LC_TELEPHONE=en_US.UTF-8;LC_MEASUREMENT=de_DE.UTF-8;LC_IDENTIFICATION=en_US.UTF-8
LC_COLLATE=de_DE.UTF-8
LC_CTYPE=en_US.UTF-8
LC_MESSAGES=en_US.UTF-8
LC_MONETARY=de_DE.UTF-8
LC_NUMERIC=en_US.UTF-8
LC_TIME=de_DE.UTF-8

Signal Handlers:
   SIGSEGV: 0x00006409cffd7730 in libjvm.so+16611120, mask=11100100010111111101111111111110, flags=SA_RESTART|SA_SIGINFO
    SIGBUS: 0x00006409cffd7730 in libjvm.so+16611120, mask=11100100010111111101111111111110, flags=SA_RESTART|SA_SIGINFO
    SIGFPE: 0x00006409cffd7730 in libjvm.so+16611120, mask=11100100010111111101111111111110, flags=SA_RESTART|SA_SIGINFO
   SIGPIPE: 0x00006409cfe62ce0 in libjvm.so+15084768, mask=11100100010111111101111111111110, flags=SA_RESTART|SA_SIGINFO
   SIGXFSZ: 0x00006409cfe62ce0 in libjvm.so+15084768, mask=11100100010111111101111111111110, flags=SA_RESTART|SA_SIGINFO
    SIGILL: 0x00006409cffd7730 in libjvm.so+16611120, mask=11100100010111111101111111111110, flags=SA_RESTART|SA_SIGINFO
   SIGUSR2: 0x00006409cfe622f0 in libjvm.so+15082224, mask=00100000000000000000000000000000, flags=SA_RESTART|SA_SIGINFO
    SIGHUP: 0x00006409cfe62200 in libjvm.so+15081984, mask=11100100010111111101111111111110, flags=SA_RESTART|SA_SIGINFO
    SIGINT: 0x00006409cfe62200 in libjvm.so+15081984, mask=11100100010111111101111111111110, flags=SA_RESTART|SA_SIGINFO
   SIGTERM: 0x00006409cfe62200 in libjvm.so+15081984, mask=11100100010111111101111111111110, flags=SA_RESTART|SA_SIGINFO
   SIGQUIT: 0x00006409cfe62200 in libjvm.so+15081984, mask=11100100010111111101111111111110, flags=SA_RESTART|SA_SIGINFO
   SIGTRAP: 0x00006409cffd7730 in libjvm.so+16611120, mask=11100100010111111101111111111110, flags=SA_RESTART|SA_SIGINFO


---------------  S Y S T E M  ---------------

OS:
DISTRIB_ID="Arch"
DISTRIB_RELEASE="rolling"
DISTRIB_DESCRIPTION="Arch Linux"
uname: Linux 6.0.16-hardened1-1-hardened #1 SMP PREEMPT_DYNAMIC Tue, 03 Jan 2023 01:01:55 +0000 x86_64
OS uptime: 0 days 3:22 hours
libc: glibc 2.36 NPTL 2.36 
rlimit (soft/hard): STACK 8192k/infinity , CORE infinity/infinity , NPROC 63318/63318 , NOFILE 524288/524288 , AS infinity/infinity , CPU infinity/infinity , DATA infinity/infinity , FSIZE infinity/infinity , MEMLOCK 8192k/8192k
load average: 0.46 0.52 0.62

/proc/meminfo:
MemTotal:       16315252 kB
MemFree:         5082912 kB
MemAvailable:    9647220 kB
Buffers:          168264 kB
Cached:          4998740 kB
SwapCached:            0 kB
Active:          2052768 kB
Inactive:        8247208 kB
Active(anon):     305252 kB
Inactive(anon):  5370624 kB
Active(file):    1747516 kB
Inactive(file):  2876584 kB
Unevictable:          64 kB
Mlocked:              64 kB
SwapTotal:      16777212 kB
SwapFree:       16777212 kB
Zswap:                 0 kB
Zswapped:              0 kB
Dirty:               320 kB
Writeback:             0 kB
AnonPages:       5120480 kB
Mapped:          1001372 kB
Shmem:            542904 kB
KReclaimable:     275616 kB
Slab:             499784 kB
SReclaimable:     275616 kB
SUnreclaim:       224168 kB
KernelStack:       18032 kB
PageTables:        45424 kB
NFS_Unstable:          0 kB
Bounce:                0 kB
WritebackTmp:          0 kB
CommitLimit:    24934836 kB
Committed_AS:   13039244 kB
VmallocTotal:   34359738367 kB
VmallocUsed:      118132 kB
VmallocChunk:          0 kB
Percpu:            20736 kB
HardwareCorrupted:     0 kB
AnonHugePages:         0 kB
ShmemHugePages:        0 kB
ShmemPmdMapped:        0 kB
FileHugePages:         0 kB
FilePmdMapped:         0 kB
CmaTotal:              0 kB
CmaFree:               0 kB
HugePages_Total:       0
HugePages_Free:        0
HugePages_Rsvd:        0
HugePages_Surp:        0
Hugepagesize:       2048 kB
Hugetlb:               0 kB
DirectMap4k:      723580 kB
DirectMap2M:    13889536 kB
DirectMap1G:     3145728 kB

/sys/kernel/mm/transparent_hugepage/enabled: always [madvise] never
/sys/kernel/mm/transparent_hugepage/defrag (defrag/compaction efforts parameter): always defer defer+madvise [madvise] never

Process Memory:
Virtual Size: 7277732K (peak: 7343132K)
Resident Set Size: 67256K (peak: 67680K) (anon: 45340K, file: 21884K, shmem: 32K)
Swapped out: 0K
C-Heap outstanding allocations: 28613K, retained: 9453K
glibc malloc tunables: (default)

/proc/sys/kernel/threads-max (system-wide limit on the number of threads): 126636
/proc/sys/vm/max_map_count (maximum number of memory map areas a process may have): 65530
/proc/sys/kernel/pid_max (system-wide limit on number of process identifiers): 4194304

container (cgroup) information:
container_type: cgroupv2
cpu_cpuset_cpus: not supported
cpu_memory_nodes: not supported
active_processor_count: 12
cpu_quota: no quota
cpu_period: 100000
cpu_shares: no shares
memory_limit_in_bytes: unlimited
memory_and_swap_limit_in_bytes: unlimited
memory_soft_limit_in_bytes: unlimited
memory_usage_in_bytes: 8791144 k
memory_max_usage_in_bytes: not supported
maximum number of tasks: unlimited
current number of tasks: 820

Steal ticks since vm start: 0
Steal ticks percentage since vm start:  0.000

CPU: total 32 (initial active 12) (12 cores per cpu, 2 threads per core) family 23 model 113 stepping 0 microcode 0x8701013, cx8, cmov, fxsr, ht, mmx, 3dnowpref, sse, sse2, sse3, ssse3, sse4a, sse4.1, sse4.2, popcnt, lzcnt, tsc, tscinvbit, avx, avx2, aes, clmul, bmi1, bmi2, adx, sha, fma, vzeroupper, clflush, clflushopt, rdtscp, rdpid
CPU Model and flags from /proc/cpuinfo:
model name	: AMD Ryzen 5 3600 6-Core Processor
flags		: fpu vme de pse tsc msr pae mce cx8 apic sep mtrr pge mca cmov pat pse36 clflush mmx fxsr sse sse2 ht syscall nx mmxext fxsr_opt pdpe1gb rdtscp lm constant_tsc rep_good nopl nonstop_tsc cpuid extd_apicid aperfmperf rapl pni pclmulqdq monitor ssse3 fma cx16 sse4_1 sse4_2 movbe popcnt aes xsave avx f16c rdrand lahf_lm cmp_legacy svm extapic cr8_legacy abm sse4a misalignsse 3dnowprefetch osvw ibs skinit wdt tce topoext perfctr_core perfctr_nb bpext perfctr_llc mwaitx cpb cat_l3 cdp_l3 hw_pstate pti ssbd mba ibpb stibp vmmcall fsgsbase bmi1 avx2 smep bmi2 cqm rdt_a rdseed adx smap clflushopt clwb sha_ni xsaveopt xsavec xgetbv1 xsaves cqm_llc cqm_occup_llc cqm_mbm_total cqm_mbm_local clzero irperf xsaveerptr rdpru wbnoinvd arat npt lbrv svm_lock nrip_save tsc_scale vmcb_clean flushbyasid decodeassists pausefilter pfthreshold avic v_vmsave_vmload vgif v_spec_ctrl umip rdpid overflow_recov succor smca sev sev_es

Online cpus: 0-11
Offline cpus: 12-31
BIOS frequency limitation: 3600000
Frequency switch latency (ns): 0
Available cpu frequencies: 3600000 2800000 2200000 
Current governor: schedutil
Core performance/turbo boost: 1

Memory: 4k page, physical 16315252k(5088112k free), swap 16777212k(16777212k free)
Page Sizes: 4k

vm_info: OpenJDK 64-Bit Server VM (19.0.1+10) for linux-amd64 JRE (19.0.1+10), built on 2022-10-27T08:18:41Z by "builduser" with gcc 12.2.0

END.
