#
# A fatal error has been detected by the Java Runtime Environment:
#
#  SIGSEGV (0xb) at pc=0x00006009dff6a1c5, pid=26815, tid=26821
#
# JRE version: OpenJDK Runtime Environment (19.0.1+10) (build 19.0.1+10)
# Java VM: OpenJDK 64-Bit Server VM (19.0.1+10, mixed mode, tiered, compressed oops, compressed class ptrs, g1 gc, linux-amd64)
# Problematic frame:
# C  [libpfs-core.so+0x81c5]  put0+0x33
#
# Core dump will be written. Default location: Core dumps may be processed with "/usr/lib/systemd/systemd-coredump %P %u %g %s %t %c %h" (or dumping to /data/git/PatrFileSys/javaPFS/core.26815)
#
# If you would like to submit a bug report, please visit:
#   https://bugreport.java.com/bugreport/crash.jsp
# The crash happened outside the Java Virtual Machine in native code.
# See problematic frame for where to report the bug.
#

---------------  S U M M A R Y ------------

Command Line: --enable-native-access=de.hechler.patrick.zeugs.pfs -Dfile.encoding=UTF-8 --module-path=/data/git/PatrFileSys/javaPFS/target/classes --enable-preview -XX:+ShowCodeDetailsInExceptionMessages -Djdk.module.main=de.hechler.patrick.zeugs.pfs de.hechler.patrick.zeugs.pfs/de.hechler.patrick.zeugs.pfs.impl.pfs.PatrFSProvider

Host: AMD Ryzen 5 3600 6-Core Processor, 32 cores, 15G, Arch Linux
Time: Thu Jan  5 19:48:23 2023 CET elapsed time: 0.193456 seconds (0d 0h 0m 0s)

---------------  T H R E A D  ---------------

Current thread (0x00006009e0015780):  JavaThread "main" [_thread_in_native, id=26821, stack(0x00006009e5700000,0x00006009e5800000)]

Stack: [0x00006009e5700000,0x00006009e5800000],  sp=0x00006009e57fe430,  free space=1017k
Native frames: (J=compiled Java code, j=interpreted, Vv=VM code, C=native code)
C  [libpfs-core.so+0x81c5]  put0+0x33

Java frames: (J=compiled Java code, j=interpreted, Vv=VM code)
v  ~RuntimeStub::nep_invoker_blob 0x00006009d0497608
j  java.lang.invoke.LambdaForm$MH+0x00000008000f9400.invoke(Ljava/lang/Object;JIJJ)I+14 java.base@19.0.1
j  java.lang.invoke.LambdaForm$MH+0x0000000800110400.invokeExact_MT(Ljava/lang/Object;JIJJLjava/lang/Object;)I+25 java.base@19.0.1
j  jdk.internal.foreign.abi.DowncallStub+0x0000000800102000.invoke(Ljava/lang/foreign/SegmentAllocator;Ljava/lang/foreign/Addressable;ILjava/lang/foreign/Addressable;J)I+97 java.base@19.0.1
j  java.lang.invoke.LambdaForm$DMH+0x0000000800102400.invokeStatic(Ljava/lang/Object;Ljava/lang/Object;Ljava/lang/Object;ILjava/lang/Object;J)I+18 java.base@19.0.1
j  java.lang.invoke.LambdaForm$MH+0x0000000800104400.invoke(Ljava/lang/Object;ILjava/lang/Object;)I+55 java.base@19.0.1
j  java.lang.invoke.LambdaForm$MH+0x000000080010fc00.invoke_MT(Ljava/lang/Object;ILjava/lang/Object;Ljava/lang/Object;)I+22 java.base@19.0.1
j  de.hechler.patrick.zeugs.pfs.impl.pfs.PatrFolder.createPipe(Ljava/lang/String;)Lde/hechler/patrick/zeugs/pfs/interfaces/Pipe;+24 de.hechler.patrick.zeugs.pfs
j  de.hechler.patrick.zeugs.pfs.impl.pfs.PatrFSProvider.main([Ljava/lang/String;)V+151 de.hechler.patrick.zeugs.pfs
v  ~StubRoutines::call_stub 0x00006009d0337cc6

siginfo: si_signo: 11 (SIGSEGV), si_code: 1 (SEGV_MAPERR), si_addr: 0x0000000000000710

Registers:
RAX=0x0000000000000710, RBX=0x0000000000000710, RCX=0x0000000000000002, RDX=0x00000000000000e2
RSP=0x00006009e57fe430, RBP=0x00000000000000e2, RSI=0x00000000000000e2, RDI=0x00006009e04a1ab0
R8 =0x00000000000003c4, R9 =0x00006009e0385bec, R10=0x0000000000000003, R11=0x00006009dff66238
R12=0x00006009e04a1ab0, R13=0x00006009e04a1b20, R14=0x00000000000000e2, R15=0x00006009e0015780
RIP=0x00006009dff6a1c5, EFLAGS=0x0000000000010202, CSGSFS=0x002b000000000033, ERR=0x0000000000000004
  TRAPNO=0x000000000000000e


Register to memory mapping:

RAX=0x0000000000000710 is an unknown value
RBX=0x0000000000000710 is an unknown value
RCX=0x0000000000000002 is an unknown value
RDX=0x00000000000000e2 is an unknown value
RSP=0x00006009e57fe430 is pointing into the stack for thread: 0x00006009e0015780
RBP=0x00000000000000e2 is an unknown value
RSI=0x00000000000000e2 is an unknown value
RDI=0x00006009e04a1ab0 points into unknown readable memory: 0x694c2f6e00000001 | 01 00 00 00 6e 2f 4c 69
R8 =0x00000000000003c4 is an unknown value
R9 =0x00006009e0385bec points into unknown readable memory: e2 00 00 00
R10=0x0000000000000003 is an unknown value
R11=0x00006009dff66238: set_parent_place_from_childs+0x0000000000000000 in /data/git/PatrFileSys/javaPFS/lib/libpfs-core.so at 0x00006009dff62000
R12=0x00006009e04a1ab0 points into unknown readable memory: 0x694c2f6e00000001 | 01 00 00 00 6e 2f 4c 69
R13=0x00006009e04a1b20 points into unknown readable memory: 0x0000000000000000 | 00 00 00 00 00 00 00 00
R14=0x00000000000000e2 is an unknown value
R15=0x00006009e0015780 is a thread


Top of Stack: (sp=0x00006009e57fe430)
0x00006009e57fe430:   00006009e04a1ab0 00000000000000e2
0x00006009e57fe440:   00006009e04a1b20 00006009e04a1b00
0x00006009e57fe450:   00006009e57fe5b8 00006009dff6a3af
0x00006009e57fe460:   0000000000000003 00006009e04a1b20 

Instructions: (pc=0x00006009dff6a1c5)
0x00006009dff6a0c5:   c0 74 27 48 63 53 28 48 8b 6c 10 08 48 8b 05 c0
0x00006009dff6a0d5:   8e 00 00 48 8b 00 48 8b 73 20 48 89 c7 ff 50 28
0x00006009dff6a0e5:   48 89 e8 48 83 c4 08 5b 5d c3 48 8b 05 9a 8e 00
0x00006009dff6a0f5:   00 c7 00 01 00 00 00 48 c7 c5 ff ff ff ff eb e0
0x00006009dff6a105:   55 53 48 83 ec 08 48 89 fb 48 8b 05 83 8e 00 00
0x00006009dff6a115:   48 8b 00 48 8b 77 20 48 89 c7 ff 50 20 48 85 c0
0x00006009dff6a125:   74 30 48 63 53 28 48 01 d0 48 8b 68 08 48 63 40
0x00006009dff6a135:   18 48 29 c5 48 8b 05 58 8e 00 00 48 8b 00 48 8b
0x00006009dff6a145:   73 20 48 89 c7 ff 50 28 48 89 e8 48 83 c4 08 5b
0x00006009dff6a155:   5d c3 48 8b 05 32 8e 00 00 c7 00 01 00 00 00 48
0x00006009dff6a165:   c7 c5 ff ff ff ff eb e0 48 83 ec 08 48 89 d1 41
0x00006009dff6a175:   b9 01 00 00 00 41 b8 01 00 00 00 48 89 f2 be 00
0x00006009dff6a185:   00 00 00 e8 55 f7 ff ff 48 83 c4 08 c3 41 56 41
0x00006009dff6a195:   55 41 54 55 53 49 89 fc 41 89 f6 49 89 d5 89 f0
0x00006009dff6a1a5:   ba 00 00 00 00 f7 77 04 89 d5 eb 05 bd 00 00 00
0x00006009dff6a1b5:   00 48 63 dd 48 c1 e3 03 48 89 d8 49 03 44 24 18
0x00006009dff6a1c5:   48 8b 38 48 85 ff 74 1f 48 3b 3d dc 8d 00 00 74
0x00006009dff6a1d5:   16 41 ff 54 24 10 44 39 f0 74 1d 83 c5 01 41 39
0x00006009dff6a1e5:   6c 24 04 7e c7 eb ca 4c 89 28 b8 00 00 00 00 5b
0x00006009dff6a1f5:   5d 41 5c 41 5d 41 5e c3 48 89 d8 49 03 44 24 18
0x00006009dff6a205:   48 8b 38 4c 89 ee 41 ff 54 24 08 85 c0 74 cc 49
0x00006009dff6a215:   03 5c 24 18 48 8b 03 4c 89 2b eb d3 41 56 41 55
0x00006009dff6a225:   41 54 55 53 49 89 fc 44 8b 6f 04 45 85 ed 74 27
0x00006009dff6a235:   43 8d 5c 2d 00 41 89 5c 24 04 4d 8b 74 24 18 48
0x00006009dff6a245:   63 fb 48 c1 e7 03 e8 a0 b0 ff ff 49 89 44 24 18
0x00006009dff6a255:   ba 00 00 00 00 eb 15 bb 11 00 00 00 eb d7 48 63
0x00006009dff6a265:   ca 48 c7 04 c8 00 00 00 00 83 c2 01 39 da 7c ee
0x00006009dff6a275:   bb 00 00 00 00 eb 03 83 c3 01 44 39 eb 7d 2c 48
0x00006009dff6a285:   63 c3 49 8b 2c c6 48 85 ed 74 ec 48 3b 2d 19 8d
0x00006009dff6a295:   00 00 74 e3 48 89 ef 41 ff 54 24 10 89 c6 48 89
0x00006009dff6a2a5:   ea 4c 89 e7 e8 e4 fe ff ff eb cc 4d 85 f6 74 08
0x00006009dff6a2b5:   4c 89 f7 e8 93 ad ff ff 5b 5d 41 5c 41 5d 41 5e 


Stack slot to memory mapping:
stack at sp + 0 slots: 0x00006009e04a1ab0 points into unknown readable memory: 0x694c2f6e00000001 | 01 00 00 00 6e 2f 4c 69
stack at sp + 1 slots: 0x00000000000000e2 is an unknown value
stack at sp + 2 slots: 0x00006009e04a1b20 points into unknown readable memory: 0x0000000000000000 | 00 00 00 00 00 00 00 00
stack at sp + 3 slots: 0x00006009e04a1b00 points into unknown readable memory: 0x7369200a73696874 | 74 68 69 73 0a 20 69 73
stack at sp + 4 slots: 0x00006009e57fe5b8 is pointing into the stack for thread: 0x00006009e0015780
stack at sp + 5 slots: 0x00006009dff6a3af: hashset_put+0x000000000000003f in /data/git/PatrFileSys/javaPFS/lib/libpfs-core.so at 0x00006009dff62000
stack at sp + 6 slots: 0x0000000000000003 is an unknown value
stack at sp + 7 slots: 0x00006009e04a1b20 points into unknown readable memory: 0x0000000000000000 | 00 00 00 00 00 00 00 00

--------------------------------------------------------------------------------
Decoding CodeBlob, name: nep_invoker_blob, at  [0x00006009d0497600, 0x00006009d0497708]  264 bytes
[MachCode]
  0x00006009d0497600: 5548 8bec | 4883 ec10 | c5f8 7749 | 89af d002 | 0000 49ba | 0876 49d0 | 0960 0000 | 4d89 97c8 
  0x00006009d0497620: 0200 0049 | 89a7 c002 | 0000 41c7 | 8774 0300 | 0004 0000 | 0049 8bc0 | 4c8b d648 | 8bf1 488b 
  0x00006009d0497640: fa41 ffd2 | c5f8 7741 | c787 7403 | 0000 0500 | 0000 f083 | 4424 c000 | 493b af78 | 0300 000f 
  0x00006009d0497660: 8753 0000 | 0041 81bf | 7003 0000 | 0000 0000 | 0f85 4200 | 0000 41c7 | 8774 0300 | 0008 0000 
  0x00006009d0497680: 0041 81bf | e803 0000 | 0200 0000 | 0f84 4c00 | 0000 49c7 | 87c0 0200 | 0000 0000 | 0049 c787 
  0x00006009d04976a0: d002 0000 | 0000 0000 | 49c7 87c8 | 0200 0000 | 0000 00c5 | f877 c9c3 | c5f8 7748 | 8904 2449 
  0x00006009d04976c0: 8bff 4c8b | e448 83ec | 0048 83e4 | f0e8 5e5b | 6b16 498b | e44d 33e4 | 488b 0424 | eb98 c5f8 
  0x00006009d04976e0: 7748 8904 | 244c 8be4 | 4883 ec00 | 4883 e4f0 | e8db a651 | 1649 8be4 | 4d33 e448 | 8b04 24eb 
  0x00006009d0497700: 91f4 f4f4 | f4f4 f4f4 
[/MachCode]
--------------------------------------------------------------------------------


---------------  P R O C E S S  ---------------

Threads class SMR info:
_java_thread_list=0x0000600980145870, length=12, elements={
0x00006009e0015780, 0x00006009e01f4e70, 0x00006009e01f6380, 0x00006009e01f7a90,
0x00006009e01f8e40, 0x00006009e01fa1e0, 0x00006009e01fbbf0, 0x00006009e01fd130,
0x00006009e01fe600, 0x00006009e02b6650, 0x00006009e030cba0, 0x00006009800abb70
}

Java Threads: ( => current thread )
=>0x00006009e0015780 JavaThread "main" [_thread_in_native, id=26821, stack(0x00006009e5700000,0x00006009e5800000)]
  0x00006009e01f4e70 JavaThread "Reference Handler" daemon [_thread_blocked, id=26828, stack(0x00006009b1220000,0x00006009b1320000)]
  0x00006009e01f6380 JavaThread "Finalizer" daemon [_thread_blocked, id=26829, stack(0x00006009b0d00000,0x00006009b0e00000)]
  0x00006009e01f7a90 JavaThread "Signal Dispatcher" daemon [_thread_blocked, id=26830, stack(0x00006009b0c00000,0x00006009b0d00000)]
  0x00006009e01f8e40 JavaThread "Service Thread" daemon [_thread_blocked, id=26831, stack(0x00006009b0b00000,0x00006009b0c00000)]
  0x00006009e01fa1e0 JavaThread "Monitor Deflation Thread" daemon [_thread_blocked, id=26832, stack(0x00006009b0a00000,0x00006009b0b00000)]
  0x00006009e01fbbf0 JavaThread "C2 CompilerThread0" daemon [_thread_blocked, id=26833, stack(0x00006009b0900000,0x00006009b0a00000)]
  0x00006009e01fd130 JavaThread "C1 CompilerThread0" daemon [_thread_blocked, id=26834, stack(0x00006009b0800000,0x00006009b0900000)]
  0x00006009e01fe600 JavaThread "Sweeper thread" daemon [_thread_blocked, id=26835, stack(0x00006009b0700000,0x00006009b0800000)]
  0x00006009e02b6650 JavaThread "Common-Cleaner" daemon [_thread_blocked, id=26836, stack(0x00006009b0600000,0x00006009b0700000)]
  0x00006009e030cba0 JavaThread "Notification Thread" daemon [_thread_blocked, id=26837, stack(0x00006009b0500000,0x00006009b0600000)]
  0x00006009800abb70 JavaThread "C2 CompilerThread1" daemon [_thread_blocked, id=26839, stack(0x00006009b02fe000,0x00006009b03fe000)]

Other Threads:
  0x00006009e01b4430 VMThread "VM Thread" [stack: 0x00006009b1322000,0x00006009b1422000] [id=26827]
  0x00006009e030e260 WatcherThread "VM Periodic Task Thread" [stack: 0x00006009b0400000,0x00006009b0500000] [id=26838]
  0x00006009e0085610 WorkerThread "GC Thread#0" [stack: 0x00006009e4258000,0x00006009e4358000] [id=26822]
  0x00006009e0096550 ConcurrentGCThread "G1 Main Marker" [stack: 0x00006009e4156000,0x00006009e4256000] [id=26823]
  0x00006009e0097470 WorkerThread "G1 Conc#0" [stack: 0x00006009e4054000,0x00006009e4154000] [id=26824]
  0x00006009e0000e00 ConcurrentGCThread "G1 Refine#0" [stack: 0x00006009b15f7000,0x00006009b16f7000] [id=26825]
  0x00006009e012d4a0 ConcurrentGCThread "G1 Service" [stack: 0x00006009b14f5000,0x00006009b15f5000] [id=26826]

Threads with active compile tasks:

VM state: not at safepoint (normal execution)

VM Mutex/Monitor currently owned by a thread: None

Heap address: 0x0000000707000000, size: 3984 MB, Compressed Oops mode: Zero based, Oop shift amount: 3

CDS archive(s) not mapped
Compressed class space mapped at: 0x0000000800000000-0x0000000840000000, reserved size: 1073741824
Narrow klass base: 0x0000000800000000, Narrow klass shift: 0, Narrow klass range: 0x40000000

GC Precious Log:
 CardTable entry size: 512
 Card Set container configuration: InlinePtr #cards 4 size 8 Array Of Cards #cards 16 size 48 Howl #buckets 8 coarsen threshold 3686 Howl Bitmap #cards 512 size 80 coarsen threshold 460 Card regions per heap region 1 cards per card region 4096
 CPUs: 32 total, 12 available
 Memory: 15932M
 Large Page Support: Disabled
 NUMA Support: Disabled
 Compressed Oops: Enabled (Zero based)
 Heap Region Size: 2M
 Heap Min Capacity: 8M
 Heap Initial Capacity: 250M
 Heap Max Capacity: 3984M
 Pre-touch: Disabled
 Parallel Workers: 10
 Concurrent Workers: 3
 Concurrent Refinement Workers: 10
 Periodic GC: Disabled

Heap:
 garbage-first heap   total 256000K, used 8192K [0x0000000707000000, 0x0000000800000000)
  region size 2048K, 5 young (10240K), 0 survivors (0K)
 Metaspace       used 9588K, committed 10112K, reserved 1114112K
  class space    used 921K, committed 1152K, reserved 1048576K

Heap Regions: E=young(eden), S=young(survivor), O=old, HS=humongous(starts), HC=humongous(continues), CS=collection set, F=free, OA=open archive, CA=closed archive, TAMS=top-at-mark-start (previous, next)
|   0|0x0000000707000000, 0x0000000707000000, 0x0000000707200000|  0%| F|  |TAMS 0x0000000707000000, 0x0000000707000000| Untracked 
|   1|0x0000000707200000, 0x0000000707200000, 0x0000000707400000|  0%| F|  |TAMS 0x0000000707200000, 0x0000000707200000| Untracked 
|   2|0x0000000707400000, 0x0000000707400000, 0x0000000707600000|  0%| F|  |TAMS 0x0000000707400000, 0x0000000707400000| Untracked 
|   3|0x0000000707600000, 0x0000000707600000, 0x0000000707800000|  0%| F|  |TAMS 0x0000000707600000, 0x0000000707600000| Untracked 
|   4|0x0000000707800000, 0x0000000707800000, 0x0000000707a00000|  0%| F|  |TAMS 0x0000000707800000, 0x0000000707800000| Untracked 
|   5|0x0000000707a00000, 0x0000000707a00000, 0x0000000707c00000|  0%| F|  |TAMS 0x0000000707a00000, 0x0000000707a00000| Untracked 
|   6|0x0000000707c00000, 0x0000000707c00000, 0x0000000707e00000|  0%| F|  |TAMS 0x0000000707c00000, 0x0000000707c00000| Untracked 
|   7|0x0000000707e00000, 0x0000000707e00000, 0x0000000708000000|  0%| F|  |TAMS 0x0000000707e00000, 0x0000000707e00000| Untracked 
|   8|0x0000000708000000, 0x0000000708000000, 0x0000000708200000|  0%| F|  |TAMS 0x0000000708000000, 0x0000000708000000| Untracked 
|   9|0x0000000708200000, 0x0000000708200000, 0x0000000708400000|  0%| F|  |TAMS 0x0000000708200000, 0x0000000708200000| Untracked 
|  10|0x0000000708400000, 0x0000000708400000, 0x0000000708600000|  0%| F|  |TAMS 0x0000000708400000, 0x0000000708400000| Untracked 
|  11|0x0000000708600000, 0x0000000708600000, 0x0000000708800000|  0%| F|  |TAMS 0x0000000708600000, 0x0000000708600000| Untracked 
|  12|0x0000000708800000, 0x0000000708800000, 0x0000000708a00000|  0%| F|  |TAMS 0x0000000708800000, 0x0000000708800000| Untracked 
|  13|0x0000000708a00000, 0x0000000708a00000, 0x0000000708c00000|  0%| F|  |TAMS 0x0000000708a00000, 0x0000000708a00000| Untracked 
|  14|0x0000000708c00000, 0x0000000708c00000, 0x0000000708e00000|  0%| F|  |TAMS 0x0000000708c00000, 0x0000000708c00000| Untracked 
|  15|0x0000000708e00000, 0x0000000708e00000, 0x0000000709000000|  0%| F|  |TAMS 0x0000000708e00000, 0x0000000708e00000| Untracked 
|  16|0x0000000709000000, 0x0000000709000000, 0x0000000709200000|  0%| F|  |TAMS 0x0000000709000000, 0x0000000709000000| Untracked 
|  17|0x0000000709200000, 0x0000000709200000, 0x0000000709400000|  0%| F|  |TAMS 0x0000000709200000, 0x0000000709200000| Untracked 
|  18|0x0000000709400000, 0x0000000709400000, 0x0000000709600000|  0%| F|  |TAMS 0x0000000709400000, 0x0000000709400000| Untracked 
|  19|0x0000000709600000, 0x0000000709600000, 0x0000000709800000|  0%| F|  |TAMS 0x0000000709600000, 0x0000000709600000| Untracked 
|  20|0x0000000709800000, 0x0000000709800000, 0x0000000709a00000|  0%| F|  |TAMS 0x0000000709800000, 0x0000000709800000| Untracked 
|  21|0x0000000709a00000, 0x0000000709a00000, 0x0000000709c00000|  0%| F|  |TAMS 0x0000000709a00000, 0x0000000709a00000| Untracked 
|  22|0x0000000709c00000, 0x0000000709c00000, 0x0000000709e00000|  0%| F|  |TAMS 0x0000000709c00000, 0x0000000709c00000| Untracked 
|  23|0x0000000709e00000, 0x0000000709e00000, 0x000000070a000000|  0%| F|  |TAMS 0x0000000709e00000, 0x0000000709e00000| Untracked 
|  24|0x000000070a000000, 0x000000070a000000, 0x000000070a200000|  0%| F|  |TAMS 0x000000070a000000, 0x000000070a000000| Untracked 
|  25|0x000000070a200000, 0x000000070a200000, 0x000000070a400000|  0%| F|  |TAMS 0x000000070a200000, 0x000000070a200000| Untracked 
|  26|0x000000070a400000, 0x000000070a400000, 0x000000070a600000|  0%| F|  |TAMS 0x000000070a400000, 0x000000070a400000| Untracked 
|  27|0x000000070a600000, 0x000000070a600000, 0x000000070a800000|  0%| F|  |TAMS 0x000000070a600000, 0x000000070a600000| Untracked 
|  28|0x000000070a800000, 0x000000070a800000, 0x000000070aa00000|  0%| F|  |TAMS 0x000000070a800000, 0x000000070a800000| Untracked 
|  29|0x000000070aa00000, 0x000000070aa00000, 0x000000070ac00000|  0%| F|  |TAMS 0x000000070aa00000, 0x000000070aa00000| Untracked 
|  30|0x000000070ac00000, 0x000000070ac00000, 0x000000070ae00000|  0%| F|  |TAMS 0x000000070ac00000, 0x000000070ac00000| Untracked 
|  31|0x000000070ae00000, 0x000000070ae00000, 0x000000070b000000|  0%| F|  |TAMS 0x000000070ae00000, 0x000000070ae00000| Untracked 
|  32|0x000000070b000000, 0x000000070b000000, 0x000000070b200000|  0%| F|  |TAMS 0x000000070b000000, 0x000000070b000000| Untracked 
|  33|0x000000070b200000, 0x000000070b200000, 0x000000070b400000|  0%| F|  |TAMS 0x000000070b200000, 0x000000070b200000| Untracked 
|  34|0x000000070b400000, 0x000000070b400000, 0x000000070b600000|  0%| F|  |TAMS 0x000000070b400000, 0x000000070b400000| Untracked 
|  35|0x000000070b600000, 0x000000070b600000, 0x000000070b800000|  0%| F|  |TAMS 0x000000070b600000, 0x000000070b600000| Untracked 
|  36|0x000000070b800000, 0x000000070b800000, 0x000000070ba00000|  0%| F|  |TAMS 0x000000070b800000, 0x000000070b800000| Untracked 
|  37|0x000000070ba00000, 0x000000070ba00000, 0x000000070bc00000|  0%| F|  |TAMS 0x000000070ba00000, 0x000000070ba00000| Untracked 
|  38|0x000000070bc00000, 0x000000070bc00000, 0x000000070be00000|  0%| F|  |TAMS 0x000000070bc00000, 0x000000070bc00000| Untracked 
|  39|0x000000070be00000, 0x000000070be00000, 0x000000070c000000|  0%| F|  |TAMS 0x000000070be00000, 0x000000070be00000| Untracked 
|  40|0x000000070c000000, 0x000000070c000000, 0x000000070c200000|  0%| F|  |TAMS 0x000000070c000000, 0x000000070c000000| Untracked 
|  41|0x000000070c200000, 0x000000070c200000, 0x000000070c400000|  0%| F|  |TAMS 0x000000070c200000, 0x000000070c200000| Untracked 
|  42|0x000000070c400000, 0x000000070c400000, 0x000000070c600000|  0%| F|  |TAMS 0x000000070c400000, 0x000000070c400000| Untracked 
|  43|0x000000070c600000, 0x000000070c600000, 0x000000070c800000|  0%| F|  |TAMS 0x000000070c600000, 0x000000070c600000| Untracked 
|  44|0x000000070c800000, 0x000000070c800000, 0x000000070ca00000|  0%| F|  |TAMS 0x000000070c800000, 0x000000070c800000| Untracked 
|  45|0x000000070ca00000, 0x000000070ca00000, 0x000000070cc00000|  0%| F|  |TAMS 0x000000070ca00000, 0x000000070ca00000| Untracked 
|  46|0x000000070cc00000, 0x000000070cc00000, 0x000000070ce00000|  0%| F|  |TAMS 0x000000070cc00000, 0x000000070cc00000| Untracked 
|  47|0x000000070ce00000, 0x000000070ce00000, 0x000000070d000000|  0%| F|  |TAMS 0x000000070ce00000, 0x000000070ce00000| Untracked 
|  48|0x000000070d000000, 0x000000070d000000, 0x000000070d200000|  0%| F|  |TAMS 0x000000070d000000, 0x000000070d000000| Untracked 
|  49|0x000000070d200000, 0x000000070d200000, 0x000000070d400000|  0%| F|  |TAMS 0x000000070d200000, 0x000000070d200000| Untracked 
|  50|0x000000070d400000, 0x000000070d400000, 0x000000070d600000|  0%| F|  |TAMS 0x000000070d400000, 0x000000070d400000| Untracked 
|  51|0x000000070d600000, 0x000000070d600000, 0x000000070d800000|  0%| F|  |TAMS 0x000000070d600000, 0x000000070d600000| Untracked 
|  52|0x000000070d800000, 0x000000070d800000, 0x000000070da00000|  0%| F|  |TAMS 0x000000070d800000, 0x000000070d800000| Untracked 
|  53|0x000000070da00000, 0x000000070da00000, 0x000000070dc00000|  0%| F|  |TAMS 0x000000070da00000, 0x000000070da00000| Untracked 
|  54|0x000000070dc00000, 0x000000070dc00000, 0x000000070de00000|  0%| F|  |TAMS 0x000000070dc00000, 0x000000070dc00000| Untracked 
|  55|0x000000070de00000, 0x000000070de00000, 0x000000070e000000|  0%| F|  |TAMS 0x000000070de00000, 0x000000070de00000| Untracked 
|  56|0x000000070e000000, 0x000000070e000000, 0x000000070e200000|  0%| F|  |TAMS 0x000000070e000000, 0x000000070e000000| Untracked 
|  57|0x000000070e200000, 0x000000070e200000, 0x000000070e400000|  0%| F|  |TAMS 0x000000070e200000, 0x000000070e200000| Untracked 
|  58|0x000000070e400000, 0x000000070e400000, 0x000000070e600000|  0%| F|  |TAMS 0x000000070e400000, 0x000000070e400000| Untracked 
|  59|0x000000070e600000, 0x000000070e600000, 0x000000070e800000|  0%| F|  |TAMS 0x000000070e600000, 0x000000070e600000| Untracked 
|  60|0x000000070e800000, 0x000000070e800000, 0x000000070ea00000|  0%| F|  |TAMS 0x000000070e800000, 0x000000070e800000| Untracked 
|  61|0x000000070ea00000, 0x000000070ea00000, 0x000000070ec00000|  0%| F|  |TAMS 0x000000070ea00000, 0x000000070ea00000| Untracked 
|  62|0x000000070ec00000, 0x000000070ec00000, 0x000000070ee00000|  0%| F|  |TAMS 0x000000070ec00000, 0x000000070ec00000| Untracked 
|  63|0x000000070ee00000, 0x000000070ee00000, 0x000000070f000000|  0%| F|  |TAMS 0x000000070ee00000, 0x000000070ee00000| Untracked 
|  64|0x000000070f000000, 0x000000070f000000, 0x000000070f200000|  0%| F|  |TAMS 0x000000070f000000, 0x000000070f000000| Untracked 
|  65|0x000000070f200000, 0x000000070f200000, 0x000000070f400000|  0%| F|  |TAMS 0x000000070f200000, 0x000000070f200000| Untracked 
|  66|0x000000070f400000, 0x000000070f400000, 0x000000070f600000|  0%| F|  |TAMS 0x000000070f400000, 0x000000070f400000| Untracked 
|  67|0x000000070f600000, 0x000000070f600000, 0x000000070f800000|  0%| F|  |TAMS 0x000000070f600000, 0x000000070f600000| Untracked 
|  68|0x000000070f800000, 0x000000070f800000, 0x000000070fa00000|  0%| F|  |TAMS 0x000000070f800000, 0x000000070f800000| Untracked 
|  69|0x000000070fa00000, 0x000000070fa00000, 0x000000070fc00000|  0%| F|  |TAMS 0x000000070fa00000, 0x000000070fa00000| Untracked 
|  70|0x000000070fc00000, 0x000000070fc00000, 0x000000070fe00000|  0%| F|  |TAMS 0x000000070fc00000, 0x000000070fc00000| Untracked 
|  71|0x000000070fe00000, 0x000000070fe00000, 0x0000000710000000|  0%| F|  |TAMS 0x000000070fe00000, 0x000000070fe00000| Untracked 
|  72|0x0000000710000000, 0x0000000710000000, 0x0000000710200000|  0%| F|  |TAMS 0x0000000710000000, 0x0000000710000000| Untracked 
|  73|0x0000000710200000, 0x0000000710200000, 0x0000000710400000|  0%| F|  |TAMS 0x0000000710200000, 0x0000000710200000| Untracked 
|  74|0x0000000710400000, 0x0000000710400000, 0x0000000710600000|  0%| F|  |TAMS 0x0000000710400000, 0x0000000710400000| Untracked 
|  75|0x0000000710600000, 0x0000000710600000, 0x0000000710800000|  0%| F|  |TAMS 0x0000000710600000, 0x0000000710600000| Untracked 
|  76|0x0000000710800000, 0x0000000710800000, 0x0000000710a00000|  0%| F|  |TAMS 0x0000000710800000, 0x0000000710800000| Untracked 
|  77|0x0000000710a00000, 0x0000000710a00000, 0x0000000710c00000|  0%| F|  |TAMS 0x0000000710a00000, 0x0000000710a00000| Untracked 
|  78|0x0000000710c00000, 0x0000000710c00000, 0x0000000710e00000|  0%| F|  |TAMS 0x0000000710c00000, 0x0000000710c00000| Untracked 
|  79|0x0000000710e00000, 0x0000000710e00000, 0x0000000711000000|  0%| F|  |TAMS 0x0000000710e00000, 0x0000000710e00000| Untracked 
|  80|0x0000000711000000, 0x0000000711000000, 0x0000000711200000|  0%| F|  |TAMS 0x0000000711000000, 0x0000000711000000| Untracked 
|  81|0x0000000711200000, 0x0000000711200000, 0x0000000711400000|  0%| F|  |TAMS 0x0000000711200000, 0x0000000711200000| Untracked 
|  82|0x0000000711400000, 0x0000000711400000, 0x0000000711600000|  0%| F|  |TAMS 0x0000000711400000, 0x0000000711400000| Untracked 
|  83|0x0000000711600000, 0x0000000711600000, 0x0000000711800000|  0%| F|  |TAMS 0x0000000711600000, 0x0000000711600000| Untracked 
|  84|0x0000000711800000, 0x0000000711800000, 0x0000000711a00000|  0%| F|  |TAMS 0x0000000711800000, 0x0000000711800000| Untracked 
|  85|0x0000000711a00000, 0x0000000711a00000, 0x0000000711c00000|  0%| F|  |TAMS 0x0000000711a00000, 0x0000000711a00000| Untracked 
|  86|0x0000000711c00000, 0x0000000711c00000, 0x0000000711e00000|  0%| F|  |TAMS 0x0000000711c00000, 0x0000000711c00000| Untracked 
|  87|0x0000000711e00000, 0x0000000711e00000, 0x0000000712000000|  0%| F|  |TAMS 0x0000000711e00000, 0x0000000711e00000| Untracked 
|  88|0x0000000712000000, 0x0000000712000000, 0x0000000712200000|  0%| F|  |TAMS 0x0000000712000000, 0x0000000712000000| Untracked 
|  89|0x0000000712200000, 0x0000000712200000, 0x0000000712400000|  0%| F|  |TAMS 0x0000000712200000, 0x0000000712200000| Untracked 
|  90|0x0000000712400000, 0x0000000712400000, 0x0000000712600000|  0%| F|  |TAMS 0x0000000712400000, 0x0000000712400000| Untracked 
|  91|0x0000000712600000, 0x0000000712600000, 0x0000000712800000|  0%| F|  |TAMS 0x0000000712600000, 0x0000000712600000| Untracked 
|  92|0x0000000712800000, 0x0000000712800000, 0x0000000712a00000|  0%| F|  |TAMS 0x0000000712800000, 0x0000000712800000| Untracked 
|  93|0x0000000712a00000, 0x0000000712a00000, 0x0000000712c00000|  0%| F|  |TAMS 0x0000000712a00000, 0x0000000712a00000| Untracked 
|  94|0x0000000712c00000, 0x0000000712c00000, 0x0000000712e00000|  0%| F|  |TAMS 0x0000000712c00000, 0x0000000712c00000| Untracked 
|  95|0x0000000712e00000, 0x0000000712e00000, 0x0000000713000000|  0%| F|  |TAMS 0x0000000712e00000, 0x0000000712e00000| Untracked 
|  96|0x0000000713000000, 0x0000000713000000, 0x0000000713200000|  0%| F|  |TAMS 0x0000000713000000, 0x0000000713000000| Untracked 
|  97|0x0000000713200000, 0x0000000713200000, 0x0000000713400000|  0%| F|  |TAMS 0x0000000713200000, 0x0000000713200000| Untracked 
|  98|0x0000000713400000, 0x0000000713400000, 0x0000000713600000|  0%| F|  |TAMS 0x0000000713400000, 0x0000000713400000| Untracked 
|  99|0x0000000713600000, 0x0000000713600000, 0x0000000713800000|  0%| F|  |TAMS 0x0000000713600000, 0x0000000713600000| Untracked 
| 100|0x0000000713800000, 0x0000000713800000, 0x0000000713a00000|  0%| F|  |TAMS 0x0000000713800000, 0x0000000713800000| Untracked 
| 101|0x0000000713a00000, 0x0000000713a00000, 0x0000000713c00000|  0%| F|  |TAMS 0x0000000713a00000, 0x0000000713a00000| Untracked 
| 102|0x0000000713c00000, 0x0000000713c00000, 0x0000000713e00000|  0%| F|  |TAMS 0x0000000713c00000, 0x0000000713c00000| Untracked 
| 103|0x0000000713e00000, 0x0000000713e00000, 0x0000000714000000|  0%| F|  |TAMS 0x0000000713e00000, 0x0000000713e00000| Untracked 
| 104|0x0000000714000000, 0x0000000714000000, 0x0000000714200000|  0%| F|  |TAMS 0x0000000714000000, 0x0000000714000000| Untracked 
| 105|0x0000000714200000, 0x0000000714200000, 0x0000000714400000|  0%| F|  |TAMS 0x0000000714200000, 0x0000000714200000| Untracked 
| 106|0x0000000714400000, 0x0000000714400000, 0x0000000714600000|  0%| F|  |TAMS 0x0000000714400000, 0x0000000714400000| Untracked 
| 107|0x0000000714600000, 0x0000000714600000, 0x0000000714800000|  0%| F|  |TAMS 0x0000000714600000, 0x0000000714600000| Untracked 
| 108|0x0000000714800000, 0x0000000714800000, 0x0000000714a00000|  0%| F|  |TAMS 0x0000000714800000, 0x0000000714800000| Untracked 
| 109|0x0000000714a00000, 0x0000000714a00000, 0x0000000714c00000|  0%| F|  |TAMS 0x0000000714a00000, 0x0000000714a00000| Untracked 
| 110|0x0000000714c00000, 0x0000000714c00000, 0x0000000714e00000|  0%| F|  |TAMS 0x0000000714c00000, 0x0000000714c00000| Untracked 
| 111|0x0000000714e00000, 0x0000000714e00000, 0x0000000715000000|  0%| F|  |TAMS 0x0000000714e00000, 0x0000000714e00000| Untracked 
| 112|0x0000000715000000, 0x0000000715000000, 0x0000000715200000|  0%| F|  |TAMS 0x0000000715000000, 0x0000000715000000| Untracked 
| 113|0x0000000715200000, 0x0000000715200000, 0x0000000715400000|  0%| F|  |TAMS 0x0000000715200000, 0x0000000715200000| Untracked 
| 114|0x0000000715400000, 0x0000000715400000, 0x0000000715600000|  0%| F|  |TAMS 0x0000000715400000, 0x0000000715400000| Untracked 
| 115|0x0000000715600000, 0x0000000715600000, 0x0000000715800000|  0%| F|  |TAMS 0x0000000715600000, 0x0000000715600000| Untracked 
| 116|0x0000000715800000, 0x0000000715800000, 0x0000000715a00000|  0%| F|  |TAMS 0x0000000715800000, 0x0000000715800000| Untracked 
| 117|0x0000000715a00000, 0x0000000715a00000, 0x0000000715c00000|  0%| F|  |TAMS 0x0000000715a00000, 0x0000000715a00000| Untracked 
| 118|0x0000000715c00000, 0x0000000715c00000, 0x0000000715e00000|  0%| F|  |TAMS 0x0000000715c00000, 0x0000000715c00000| Untracked 
| 119|0x0000000715e00000, 0x0000000715e00000, 0x0000000716000000|  0%| F|  |TAMS 0x0000000715e00000, 0x0000000715e00000| Untracked 
| 120|0x0000000716000000, 0x0000000716152b58, 0x0000000716200000| 66%| E|  |TAMS 0x0000000716000000, 0x0000000716000000| Complete 
| 121|0x0000000716200000, 0x0000000716400000, 0x0000000716400000|100%| E|CS|TAMS 0x0000000716200000, 0x0000000716200000| Complete 
| 122|0x0000000716400000, 0x0000000716600000, 0x0000000716600000|100%| E|CS|TAMS 0x0000000716400000, 0x0000000716400000| Complete 
| 123|0x0000000716600000, 0x0000000716800000, 0x0000000716800000|100%| E|CS|TAMS 0x0000000716600000, 0x0000000716600000| Complete 
| 124|0x0000000716800000, 0x0000000716a00000, 0x0000000716a00000|100%| E|CS|TAMS 0x0000000716800000, 0x0000000716800000| Complete 

Card table byte_map: [0x00006009c8638000,0x00006009c8e00000] _byte_map_base: 0x00006009c4e00000

Marking Bits (Prev, Next): (CMBitMap*) 0x00006009e00860a0, (CMBitMap*) 0x00006009e00860e0
 Prev Bits: [0x00006009c4030000, 0x00006009c7e70000)
 Next Bits: [0x00006009c01f0000, 0x00006009c4030000)

Polling page: 0x00006009e7287000

Metaspace:

Usage:
  Non-class:      8.46 MB used.
      Class:    921.34 KB used.
       Both:      9.36 MB used.

Virtual space:
  Non-class space:       64.00 MB reserved,       8.75 MB ( 14%) committed,  1 nodes.
      Class space:        1.00 GB reserved,       1.12 MB ( <1%) committed,  1 nodes.
             Both:        1.06 GB reserved,       9.88 MB ( <1%) committed. 

Chunk freelists:
   Non-Class:  2.68 MB
       Class:  2.92 MB
        Both:  5.60 MB

MaxMetaspaceSize: unlimited
CompressedClassSpaceSize: 1.00 GB
Initial GC threshold: 21.00 MB
Current GC threshold: 21.00 MB
CDS: off
MetaspaceReclaimPolicy: balanced
 - commit_granule_bytes: 65536.
 - commit_granule_words: 8192.
 - virtual_space_node_default_size: 8388608.
 - enlarge_chunks_in_place: 1.
 - new_chunks_are_fully_committed: 0.
 - uncommit_free_chunks: 1.
 - use_allocation_guard: 0.


Internal statistics:

num_allocs_failed_limit: 0.
num_arena_births: 638.
num_arena_deaths: 0.
num_vsnodes_births: 2.
num_vsnodes_deaths: 0.
num_space_committed: 158.
num_space_uncommitted: 0.
num_chunks_returned_to_freelist: 0.
num_chunks_taken_from_freelist: 673.
num_chunk_merges: 0.
num_chunk_splits: 486.
num_chunks_enlarged: 317.
num_inconsistent_stats: 0.

CodeHeap 'non-profiled nmethods': size=120028Kb used=329Kb max_used=329Kb free=119698Kb
 bounds [0x00006009d08c9000, 0x00006009d0b39000, 0x00006009d7e00000]
CodeHeap 'profiled nmethods': size=120028Kb used=1114Kb max_used=1114Kb free=118913Kb
 bounds [0x00006009c8e00000, 0x00006009c9070000, 0x00006009d0337000]
CodeHeap 'non-nmethods': size=5704Kb used=1467Kb max_used=1480Kb free=4237Kb
 bounds [0x00006009d0337000, 0x00006009d05a7000, 0x00006009d08c9000]
 total_blobs=1334 nmethods=820 adapters=412
 compilation: enabled
              stopped_count=0, restarted_count=0
 full_count=0

Compilation events (20 events):
Event: 0.190 Thread 0x00006009e01fbbf0  804       4       java.lang.ref.Reference::reachabilityFence (1 bytes)
Event: 0.190 Thread 0x00006009e01fbbf0 nmethod 804 0x00006009d0919590 code [0x00006009d0919700, 0x00006009d0919778]
Event: 0.190 Thread 0x00006009e01fd130 nmethod 801 0x00006009c8f11b10 code [0x00006009c8f11d60, 0x00006009c8f12540]
Event: 0.190 Thread 0x00006009e01fd130  802       3       jdk.internal.org.objectweb.asm.SymbolTable::<init> (41 bytes)
Event: 0.190 Thread 0x00006009e01fd130 nmethod 802 0x00006009c8f12810 code [0x00006009c8f129e0, 0x00006009c8f12f90]
Event: 0.190 Thread 0x00006009e01fd130  803       3       jdk.internal.org.objectweb.asm.SymbolTable::setMajorVersionAndClassName (19 bytes)
Event: 0.190 Thread 0x00006009e01fd130 nmethod 803 0x00006009c8f13110 code [0x00006009c8f132c0, 0x00006009c8f134e0]
Event: 0.190 Thread 0x00006009e01fd130  805       3       java.util.List::of (64 bytes)
Event: 0.190 Thread 0x00006009e01fd130 nmethod 805 0x00006009c8f13610 code [0x00006009c8f138c0, 0x00006009c8f145f0]
Event: 0.190 Thread 0x00006009e01fd130  809       3       java.lang.invoke.MethodHandles$Lookup$ClassOption::optionsToFlag (40 bytes)
Event: 0.191 Thread 0x00006009e01fd130 nmethod 809 0x00006009c8f14a10 code [0x00006009c8f14c00, 0x00006009c8f15120]
Event: 0.191 Thread 0x00006009e01fd130  808       3       java.lang.invoke.MethodHandles$Lookup$ClassFile::<init> (20 bytes)
Event: 0.191 Thread 0x00006009e01fd130 nmethod 808 0x00006009c8f15290 code [0x00006009c8f15440, 0x00006009c8f15690]
Event: 0.191 Thread 0x00006009e01fd130  810       3       java.lang.invoke.MethodHandles$Lookup$ClassDefiner::<init> (58 bytes)
Event: 0.191 Thread 0x00006009e01fd130 nmethod 810 0x00006009c8f15790 code [0x00006009c8f15940, 0x00006009c8f15c10]
Event: 0.191 Thread 0x00006009e01fd130  811       3       java.lang.System$2::defineClass (21 bytes)
Event: 0.191 Thread 0x00006009e01fd130 nmethod 811 0x00006009c8f15d10 code [0x00006009c8f15ec0, 0x00006009c8f16060]
Event: 0.191 Thread 0x00006009e01fd130  815       3       java.lang.invoke.MethodType::invokerType (9 bytes)
Event: 0.191 Thread 0x00006009e01fd130 nmethod 815 0x00006009c8f16190 code [0x00006009c8f16340, 0x00006009c8f164a0]
Event: 0.192 Thread 0x00006009e01fd130  818       3       jdk.internal.util.Preconditions::checkFromIndexSize (25 bytes)

GC Heap History (0 events):
No events

Dll operation events (8 events):
Event: 0.001 Loaded shared library /usr/lib/jvm/java-19-openjdk/lib/libjava.so
Event: 0.013 Loaded shared library /usr/lib/jvm/java-19-openjdk/lib/libjsvml.so
Event: 0.029 Loaded shared library /usr/lib/jvm/java-19-openjdk/lib/libnio.so
Event: 0.056 Loaded shared library /usr/lib/jvm/java-19-openjdk/lib/libnet.so
Event: 0.087 Loaded shared library /usr/lib/jvm/java-19-openjdk/lib/libjimage.so
Event: 0.092 Loaded shared library /lib/libc.so.6
Event: 0.125 Loading shared library pfs-core failed, pfs-core: cannot open shared object file: No such file or directory
Event: 0.125 Loaded shared library /data/git/PatrFileSys/javaPFS/lib/libpfs-core.so

Deoptimization events (12 events):
Event: 0.100 Thread 0x00006009e0015780 Uncommon trap: trap_request=0xffffff45 fr.pc=0x00006009d08d7c10 relative=0x0000000000000ab0
Event: 0.100 Thread 0x00006009e0015780 Uncommon trap: reason=unstable_if action=reinterpret pc=0x00006009d08d7c10 method=java.util.HashMap.putVal(ILjava/lang/Object;Ljava/lang/Object;ZZ)Ljava/lang/Object; @ 181 c2
Event: 0.100 Thread 0x00006009e0015780 DEOPT PACKING pc=0x00006009d08d7c10 sp=0x00006009e57fd970
Event: 0.100 Thread 0x00006009e0015780 DEOPT UNPACKING pc=0x00006009d039de99 sp=0x00006009e57fd920 mode 2
Event: 0.145 Thread 0x00006009e0015780 Uncommon trap: trap_request=0xffffff45 fr.pc=0x00006009d08f3cb8 relative=0x0000000000000118
Event: 0.145 Thread 0x00006009e0015780 Uncommon trap: reason=unstable_if action=reinterpret pc=0x00006009d08f3cb8 method=jdk.internal.org.objectweb.asm.ByteVector.putShort(I)Ljdk/internal/org/objectweb/asm/ByteVector; @ 13 c2
Event: 0.145 Thread 0x00006009e0015780 DEOPT PACKING pc=0x00006009d08f3cb8 sp=0x00006009e57fd810
Event: 0.145 Thread 0x00006009e0015780 DEOPT UNPACKING pc=0x00006009d039de99 sp=0x00006009e57fd7c8 mode 2
Event: 0.146 Thread 0x00006009e0015780 DEOPT PACKING pc=0x00006009c8e235f2 sp=0x00006009e57fd110
Event: 0.146 Thread 0x00006009e0015780 DEOPT UNPACKING pc=0x00006009d039e62f sp=0x00006009e57fc550 mode 0
Event: 0.148 Thread 0x00006009e0015780 DEOPT PACKING pc=0x00006009c8e18de6 sp=0x00006009e57fd080
Event: 0.148 Thread 0x00006009e0015780 DEOPT UNPACKING pc=0x00006009d039e62f sp=0x00006009e57fc518 mode 0

Classes loaded (20 events):
Event: 0.186 Loading class java/lang/constant/DirectMethodHandleDesc done
Event: 0.186 Loading class java/lang/constant/DirectMethodHandleDescImpl done
Event: 0.186 Loading class java/lang/constant/DirectMethodHandleDescImpl$1
Event: 0.186 Loading class java/lang/constant/DirectMethodHandleDescImpl$1 done
Event: 0.186 Loading class java/lang/constant/DirectMethodHandleDesc$1
Event: 0.186 Loading class java/lang/constant/DirectMethodHandleDesc$1 done
Event: 0.186 Loading class java/lang/constant/PrimitiveClassDescImpl
Event: 0.186 Loading class java/lang/constant/DynamicConstantDesc
Event: 0.186 Loading class java/lang/constant/DynamicConstantDesc done
Event: 0.186 Loading class java/lang/constant/PrimitiveClassDescImpl done
Event: 0.186 Loading class java/lang/constant/DynamicConstantDesc$AnonymousDynamicConstantDesc
Event: 0.186 Loading class java/lang/constant/DynamicConstantDesc$AnonymousDynamicConstantDesc done
Event: 0.186 Loading class java/lang/invoke/IndirectVarHandle
Event: 0.186 Loading class java/lang/invoke/IndirectVarHandle done
Event: 0.187 Loading class java/lang/invoke/VarHandles$2
Event: 0.187 Loading class java/lang/invoke/VarHandles$2 done
Event: 0.190 Loading class java/lang/UnsupportedOperationException
Event: 0.190 Loading class java/lang/UnsupportedOperationException done
Event: 0.190 Loading class java/lang/invoke/VarHandleSegmentAsInts
Event: 0.191 Loading class java/lang/invoke/VarHandleSegmentAsInts done

Classes unloaded (0 events):
No events

Classes redefined (0 events):
No events

Internal exceptions (20 events):
Event: 0.174 Thread 0x00006009e0015780 Exception <a 'java/lang/NoSuchMethodError'{0x00000007163ca470}: 'int java.lang.invoke.DelegatingMethodHandle$Holder.reinvoke_L(java.lang.Object, java.lang.Object, java.lang.Object, int, java.lang.Object, java.lang.Object, long)'> (0x00000007163ca470) 
thrown [src/hotspot/share/interpreter/linkResolver.cpp, line 773]
Event: 0.176 Thread 0x00006009e0015780 Exception <a 'java/lang/NoSuchMethodError'{0x00000007163f7180}: 'java.lang.Object java.lang.invoke.DirectMethodHandle$Holder.invokeSpecial(java.lang.Object, java.lang.Object, int, java.lang.Object, java.lang.Object)'> (0x00000007163f7180) 
thrown [src/hotspot/share/interpreter/linkResolver.cpp, line 773]
Event: 0.177 Thread 0x00006009e0015780 Exception <a 'java/lang/NoSuchMethodError'{0x00000007163fab90}: 'java.lang.Object java.lang.invoke.DelegatingMethodHandle$Holder.delegate(java.lang.Object, int, java.lang.Object, java.lang.Object)'> (0x00000007163fab90) 
thrown [src/hotspot/share/interpreter/linkResolver.cpp, line 773]
Event: 0.178 Thread 0x00006009e0015780 Exception <a 'java/lang/NoSuchMethodError'{0x000000071600eaa8}: 'int java.lang.invoke.Invokers$Holder.linkToTargetMethod(java.lang.Object, java.lang.Object, java.lang.Object)'> (0x000000071600eaa8) 
thrown [src/hotspot/share/interpreter/linkResolver.cpp, line 773]
Event: 0.178 Thread 0x00006009e0015780 Exception <a 'java/lang/NoSuchMethodError'{0x000000071601df58}: 'int java.lang.invoke.DirectMethodHandle$Holder.invokeStaticInit(java.lang.Object, java.lang.Object, java.lang.Object, int, java.lang.Object, long)'> (0x000000071601df58) 
thrown [src/hotspot/share/interpreter/linkResolver.cpp, line 773]
Event: 0.179 Thread 0x00006009e0015780 Exception <a 'java/lang/NoSuchMethodError'{0x0000000716025440}: 'int java.lang.invoke.DelegatingMethodHandle$Holder.reinvoke_L(java.lang.Object, java.lang.Object, java.lang.Object, int, java.lang.Object, long)'> (0x0000000716025440) 
thrown [src/hotspot/share/interpreter/linkResolver.cpp, line 773]
Event: 0.180 Thread 0x00006009e0015780 Exception <a 'java/lang/NoSuchMethodError'{0x0000000716045e38}: 'int java.lang.invoke.DirectMethodHandle$Holder.invokeStatic(java.lang.Object, java.lang.Object, java.lang.Object, int, int, long)'> (0x0000000716045e38) 
thrown [src/hotspot/share/interpreter/linkResolver.cpp, line 773]
Event: 0.180 Thread 0x00006009e0015780 Exception <a 'java/lang/NoSuchMethodError'{0x0000000716049680}: 'int java.lang.invoke.DirectMethodHandle$Holder.invokeStaticInit(java.lang.Object, java.lang.Object, java.lang.Object, int, int, long)'> (0x0000000716049680) 
thrown [src/hotspot/share/interpreter/linkResolver.cpp, line 773]
Event: 0.180 Thread 0x00006009e0015780 Exception <a 'java/lang/NoSuchMethodError'{0x000000071604d070}: 'int java.lang.invoke.DirectMethodHandle$Holder.invokeSpecial(java.lang.Object, java.lang.Object, java.lang.Object, java.lang.Object, int, int, long)'> (0x000000071604d070) 
thrown [src/hotspot/share/interpreter/linkResolver.cpp, line 773]
Event: 0.180 Thread 0x00006009e0015780 Exception <a 'java/lang/NoSuchMethodError'{0x00000007160508a0}: 'int java.lang.invoke.DelegatingMethodHandle$Holder.reinvoke_L(java.lang.Object, java.lang.Object, java.lang.Object, int, int, long)'> (0x00000007160508a0) 
thrown [src/hotspot/share/interpreter/linkResolver.cpp, line 773]
Event: 0.182 Thread 0x00006009e0015780 Exception <a 'java/lang/NoSuchMethodError'{0x0000000716077678}: 'int java.lang.invoke.DirectMethodHandle$Holder.invokeStaticInit(java.lang.Object, java.lang.Object, java.lang.Object, int, int, java.lang.Object, long)'> (0x0000000716077678) 
thrown [src/hotspot/share/interpreter/linkResolver.cpp, line 773]
Event: 0.182 Thread 0x00006009e0015780 Exception <a 'java/lang/NoSuchMethodError'{0x000000071607ec28}: 'int java.lang.invoke.DelegatingMethodHandle$Holder.reinvoke_L(java.lang.Object, java.lang.Object, java.lang.Object, int, int, java.lang.Object, long)'> (0x000000071607ec28) 
thrown [src/hotspot/share/interpreter/linkResolver.cpp, line 773]
Event: 0.187 Thread 0x00006009e0015780 Exception <a 'java/lang/NoSuchMethodError'{0x00000007160ba950}: 'void java.lang.invoke.DelegatingMethodHandle$Holder.reinvoke_L(java.lang.Object, java.lang.Object, java.lang.Object, long, long)'> (0x00000007160ba950) 
thrown [src/hotspot/share/interpreter/linkResolver.cpp, line 773]
Event: 0.187 Thread 0x00006009e0015780 Exception <a 'java/lang/NoSuchMethodError'{0x00000007160c22d0}: 'int java.lang.invoke.DirectMethodHandle$Holder.invokeSpecial(java.lang.Object, java.lang.Object, int, java.lang.Object, java.lang.Object)'> (0x00000007160c22d0) 
thrown [src/hotspot/share/interpreter/linkResolver.cpp, line 773]
Event: 0.188 Thread 0x00006009e0015780 Exception <a 'java/lang/NoSuchMethodError'{0x00000007160d0fa8}: 'java.lang.Object java.lang.invoke.DirectMethodHandle$Holder.invokeSpecial(java.lang.Object, java.lang.Object, java.lang.Object, java.lang.Object, long)'> (0x00000007160d0fa8) 
thrown [src/hotspot/share/interpreter/linkResolver.cpp, line 773]
Event: 0.189 Thread 0x00006009e0015780 Exception <a 'java/lang/NoSuchMethodError'{0x00000007160dd5d0}: 'long java.lang.invoke.Invokers$Holder.invoke_MT(java.lang.Object, int, java.lang.Object)'> (0x00000007160dd5d0) 
thrown [src/hotspot/share/interpreter/linkResolver.cpp, line 773]
Event: 0.189 Thread 0x00006009e0015780 Exception <a 'java/lang/NoSuchMethodError'{0x00000007160e81f0}: 'int java.lang.invoke.Invokers$Holder.invoke_MT(java.lang.Object, int, int, java.lang.Object)'> (0x00000007160e81f0) 
thrown [src/hotspot/share/interpreter/linkResolver.cpp, line 773]
Event: 0.190 Thread 0x00006009e0015780 Exception <a 'java/lang/NoSuchMethodError'{0x00000007160f48f8}: 'int java.lang.invoke.Invokers$Holder.invoke_MT(java.lang.Object, int, java.lang.Object)'> (0x00000007160f48f8) 
thrown [src/hotspot/share/interpreter/linkResolver.cpp, line 773]
Event: 0.191 Thread 0x00006009e0015780 Exception <a 'java/lang/NoSuchMethodError'{0x00000007161006b0}: 'int java.lang.invoke.DirectMethodHandle$Holder.invokeSpecial(java.lang.Object, java.lang.Object, int, java.lang.Object)'> (0x00000007161006b0) 
thrown [src/hotspot/share/interpreter/linkResolver.cpp, line 773]
Event: 0.191 Thread 0x00006009e0015780 Exception <a 'java/lang/NoSuchMethodError'{0x0000000716103bf8}: 'int java.lang.invoke.Invokers$Holder.invoke_MT(java.lang.Object, int, java.lang.Object, java.lang.Object)'> (0x0000000716103bf8) 
thrown [src/hotspot/share/interpreter/linkResolver.cpp, line 773]

VM Operations (4 events):
Event: 0.075 Executing VM operation: HandshakeAllThreads
Event: 0.075 Executing VM operation: HandshakeAllThreads done
Event: 0.090 Executing VM operation: HandshakeAllThreads
Event: 0.090 Executing VM operation: HandshakeAllThreads done

Events (20 events):
Event: 0.022 Thread 0x00006009e01f6380 Thread added: 0x00006009e01f6380
Event: 0.022 Protecting memory [0x00006009b0d00000,0x00006009b0d04000] with protection modes 0
Event: 0.023 Thread 0x00006009e01f7a90 Thread added: 0x00006009e01f7a90
Event: 0.023 Protecting memory [0x00006009b0c00000,0x00006009b0c04000] with protection modes 0
Event: 0.023 Thread 0x00006009e01f8e40 Thread added: 0x00006009e01f8e40
Event: 0.023 Protecting memory [0x00006009b0b00000,0x00006009b0b04000] with protection modes 0
Event: 0.023 Thread 0x00006009e01fa1e0 Thread added: 0x00006009e01fa1e0
Event: 0.023 Protecting memory [0x00006009b0a00000,0x00006009b0a04000] with protection modes 0
Event: 0.023 Thread 0x00006009e01fbbf0 Thread added: 0x00006009e01fbbf0
Event: 0.023 Protecting memory [0x00006009b0900000,0x00006009b0904000] with protection modes 0
Event: 0.023 Thread 0x00006009e01fd130 Thread added: 0x00006009e01fd130
Event: 0.023 Protecting memory [0x00006009b0800000,0x00006009b0804000] with protection modes 0
Event: 0.023 Thread 0x00006009e01fe600 Thread added: 0x00006009e01fe600
Event: 0.023 Protecting memory [0x00006009b0700000,0x00006009b0704000] with protection modes 0
Event: 0.051 Thread 0x00006009e02b6650 Thread added: 0x00006009e02b6650
Event: 0.051 Protecting memory [0x00006009b0600000,0x00006009b0604000] with protection modes 0
Event: 0.081 Thread 0x00006009e030cba0 Thread added: 0x00006009e030cba0
Event: 0.081 Protecting memory [0x00006009b0500000,0x00006009b0504000] with protection modes 0
Event: 0.149 Thread 0x00006009800abb70 Thread added: 0x00006009800abb70
Event: 0.149 Protecting memory [0x00006009b02fe000,0x00006009b0302000] with protection modes 0


Dynamic libraries:
707000000-716a00000 rw-p 00000000 00:00 0 
716a00000-800000000 ---p 00000000 00:00 0 
800000000-800020000 rw-p 00000000 00:00 0 
800020000-800040000 rw-p 00000000 00:00 0 
800040000-8000c0000 rw-p 00000000 00:00 0 
8000c0000-800120000 rw-p 00000000 00:00 0 
800120000-840000000 ---p 00000000 00:00 0 
a6e461df000-a6e461e0000 r--p 00000000 08:03 18908520                     /usr/lib/jvm/java-19-openjdk/bin/java
a6e461e0000-a6e461e1000 r-xp 00001000 08:03 18908520                     /usr/lib/jvm/java-19-openjdk/bin/java
a6e461e1000-a6e461e2000 r--p 00002000 08:03 18908520                     /usr/lib/jvm/java-19-openjdk/bin/java
a6e461e2000-a6e461e3000 r--p 00002000 08:03 18908520                     /usr/lib/jvm/java-19-openjdk/bin/java
a6e461e3000-a6e461e4000 rw-p 00003000 08:03 18908520                     /usr/lib/jvm/java-19-openjdk/bin/java
a6e6dae7000-a6e6db2e000 rw-p 00000000 00:00 0                            [heap]
600970000000-600970021000 rw-p 00000000 00:00 0 
600970021000-600974000000 ---p 00000000 00:00 0 
600974000000-60097424d000 rw-p 00000000 00:00 0 
60097424d000-600978000000 ---p 00000000 00:00 0 
600978000000-600978021000 rw-p 00000000 00:00 0 
600978021000-60097c000000 ---p 00000000 00:00 0 
60097c000000-60097c021000 rw-p 00000000 00:00 0 
60097c021000-600980000000 ---p 00000000 00:00 0 
600980000000-600980231000 rw-p 00000000 00:00 0 
600980231000-600984000000 ---p 00000000 00:00 0 
600984000000-600984021000 rw-p 00000000 00:00 0 
600984021000-600988000000 ---p 00000000 00:00 0 
600988000000-600988021000 rw-p 00000000 00:00 0 
600988021000-60098c000000 ---p 00000000 00:00 0 
60098c000000-60098c352000 rw-p 00000000 00:00 0 
60098c352000-600990000000 ---p 00000000 00:00 0 
600990000000-600990021000 rw-p 00000000 00:00 0 
600990021000-600994000000 ---p 00000000 00:00 0 
600994000000-600994021000 rw-p 00000000 00:00 0 
600994021000-600998000000 ---p 00000000 00:00 0 
600998000000-600998021000 rw-p 00000000 00:00 0 
600998021000-60099c000000 ---p 00000000 00:00 0 
60099c000000-60099c021000 rw-p 00000000 00:00 0 
60099c021000-6009a0000000 ---p 00000000 00:00 0 
6009a0000000-6009a0021000 rw-p 00000000 00:00 0 
6009a0021000-6009a4000000 ---p 00000000 00:00 0 
6009a4000000-6009a4021000 rw-p 00000000 00:00 0 
6009a4021000-6009a8000000 ---p 00000000 00:00 0 
6009a8000000-6009a8500000 rw-p 00000000 00:00 0 
6009a8500000-6009a8520000 rw-p 00000000 00:00 0 
6009a8520000-6009a8540000 rw-p 00000000 00:00 0 
6009a8540000-6009a8580000 rw-p 00000000 00:00 0 
6009a8580000-6009a8700000 rw-p 00000000 00:00 0 
6009a8700000-6009a8760000 rw-p 00000000 00:00 0 
6009a8760000-6009a8780000 rw-p 00000000 00:00 0 
6009a8780000-6009a8860000 rw-p 00000000 00:00 0 
6009a8860000-6009a8900000 ---p 00000000 00:00 0 
6009a8900000-6009a8960000 rw-p 00000000 00:00 0 
6009a8960000-6009ac000000 ---p 00000000 00:00 0 
6009ac000000-6009ac021000 rw-p 00000000 00:00 0 
6009ac021000-6009b0000000 ---p 00000000 00:00 0 
6009b02fe000-6009b0302000 ---p 00000000 00:00 0 
6009b0302000-6009b03fe000 rw-p 00000000 00:00 0 
6009b03fe000-6009b03ff000 ---p 00000000 00:00 0 
6009b03ff000-6009b0500000 rw-p 00000000 00:00 0 
6009b0500000-6009b0504000 ---p 00000000 00:00 0 
6009b0504000-6009b0600000 rw-p 00000000 00:00 0 
6009b0600000-6009b0604000 ---p 00000000 00:00 0 
6009b0604000-6009b0700000 rw-p 00000000 00:00 0 
6009b0700000-6009b0704000 ---p 00000000 00:00 0 
6009b0704000-6009b0800000 rw-p 00000000 00:00 0 
6009b0800000-6009b0804000 ---p 00000000 00:00 0 
6009b0804000-6009b0900000 rw-p 00000000 00:00 0 
6009b0900000-6009b0904000 ---p 00000000 00:00 0 
6009b0904000-6009b0a00000 rw-p 00000000 00:00 0 
6009b0a00000-6009b0a04000 ---p 00000000 00:00 0 
6009b0a04000-6009b0b00000 rw-p 00000000 00:00 0 
6009b0b00000-6009b0b04000 ---p 00000000 00:00 0 
6009b0b04000-6009b0c00000 rw-p 00000000 00:00 0 
6009b0c00000-6009b0c04000 ---p 00000000 00:00 0 
6009b0c04000-6009b0d00000 rw-p 00000000 00:00 0 
6009b0d00000-6009b0d04000 ---p 00000000 00:00 0 
6009b0d04000-6009b0e00000 rw-p 00000000 00:00 0 
6009b0e00000-6009b11e1000 r--p 00000000 08:03 18372726                   /usr/lib/locale/locale-archive
6009b1220000-6009b1224000 ---p 00000000 00:00 0 
6009b1224000-6009b1320000 rw-p 00000000 00:00 0 
6009b1320000-6009b1321000 ---p 00000000 00:00 0 
6009b1321000-6009b1422000 rw-p 00000000 00:00 0 
6009b1422000-6009b1427000 r--p 00000000 08:03 18908576                   /usr/lib/jvm/java-19-openjdk/lib/libjsvml.so
6009b1427000-6009b1468000 r-xp 00005000 08:03 18908576                   /usr/lib/jvm/java-19-openjdk/lib/libjsvml.so
6009b1468000-6009b14f1000 r--p 00046000 08:03 18908576                   /usr/lib/jvm/java-19-openjdk/lib/libjsvml.so
6009b14f1000-6009b14f2000 r--p 000ce000 08:03 18908576                   /usr/lib/jvm/java-19-openjdk/lib/libjsvml.so
6009b14f2000-6009b14f3000 rw-p 000cf000 08:03 18908576                   /usr/lib/jvm/java-19-openjdk/lib/libjsvml.so
6009b14f3000-6009b14f4000 ---p 00000000 00:00 0 
6009b14f4000-6009b15f5000 rw-p 00000000 00:00 0 
6009b15f5000-6009b15f6000 ---p 00000000 00:00 0 
6009b15f6000-6009b4000000 rw-p 00000000 00:00 0 
6009b4000000-6009b4021000 rw-p 00000000 00:00 0 
6009b4021000-6009b8000000 ---p 00000000 00:00 0 
6009b8000000-6009b8021000 rw-p 00000000 00:00 0 
6009b8021000-6009bc000000 ---p 00000000 00:00 0 
6009bc000000-6009bc021000 rw-p 00000000 00:00 0 
6009bc021000-6009c0000000 ---p 00000000 00:00 0 
6009c006e000-6009c05d8000 rw-p 00000000 00:00 0 
6009c05d8000-6009c4030000 ---p 00000000 00:00 0 
6009c4030000-6009c4418000 rw-p 00000000 00:00 0 
6009c4418000-6009c7e70000 ---p 00000000 00:00 0 
6009c7e70000-6009c7eed000 rw-p 00000000 00:00 0 
6009c7eed000-6009c8638000 ---p 00000000 00:00 0 
6009c8638000-6009c86b5000 rw-p 00000000 00:00 0 
6009c86b5000-6009c8e00000 ---p 00000000 00:00 0 
6009c8e00000-6009c9070000 rwxp 00000000 00:00 0 
6009c9070000-6009d0337000 ---p 00000000 00:00 0 
6009d0337000-6009d05a7000 rwxp 00000000 00:00 0 
6009d05a7000-6009d08c9000 ---p 00000000 00:00 0 
6009d08c9000-6009d0b39000 rwxp 00000000 00:00 0 
6009d0b39000-6009d7e00000 ---p 00000000 00:00 0 
6009d7e00000-6009dff33000 r--s 00000000 08:03 18908603                   /usr/lib/jvm/java-19-openjdk/lib/modules
6009dff62000-6009dff65000 r--p 00000000 08:11 48500917                   /data/git/PatrFileSys/pfs-core/exports/shared/libpfs-core.so
6009dff65000-6009dff6f000 r-xp 00003000 08:11 48500917                   /data/git/PatrFileSys/pfs-core/exports/shared/libpfs-core.so
6009dff6f000-6009dff72000 r--p 0000d000 08:11 48500917                   /data/git/PatrFileSys/pfs-core/exports/shared/libpfs-core.so
6009dff72000-6009dff73000 r--p 0000f000 08:11 48500917                   /data/git/PatrFileSys/pfs-core/exports/shared/libpfs-core.so
6009dff73000-6009dff74000 rw-p 00010000 08:11 48500917                   /data/git/PatrFileSys/pfs-core/exports/shared/libpfs-core.so
6009dff74000-6009e0000000 rw-p 00000000 00:00 0 
6009e0000000-6009e04d2000 rw-p 00000000 00:00 0 
6009e04d2000-6009e4000000 ---p 00000000 00:00 0 
6009e4001000-6009e4004000 r--p 00000000 08:03 18908588                   /usr/lib/jvm/java-19-openjdk/lib/libnet.so
6009e4004000-6009e400d000 r-xp 00003000 08:03 18908588                   /usr/lib/jvm/java-19-openjdk/lib/libnet.so
6009e400d000-6009e400f000 r--p 0000c000 08:03 18908588                   /usr/lib/jvm/java-19-openjdk/lib/libnet.so
6009e400f000-6009e4010000 r--p 0000e000 08:03 18908588                   /usr/lib/jvm/java-19-openjdk/lib/libnet.so
6009e4010000-6009e4011000 rw-p 0000f000 08:03 18908588                   /usr/lib/jvm/java-19-openjdk/lib/libnet.so
6009e4011000-6009e4052000 rw-p 00000000 00:00 0 
6009e4052000-6009e4053000 ---p 00000000 00:00 0 
6009e4053000-6009e4154000 rw-p 00000000 00:00 0 
6009e4154000-6009e4155000 ---p 00000000 00:00 0 
6009e4155000-6009e4256000 rw-p 00000000 00:00 0 
6009e4256000-6009e4257000 ---p 00000000 00:00 0 
6009e4257000-6009e43d5000 rw-p 00000000 00:00 0 
6009e43d5000-6009e4b20000 ---p 00000000 00:00 0 
6009e4b20000-6009e552f000 rw-p 00000000 00:00 0 
6009e552f000-6009e5615000 ---p 00000000 00:00 0 
6009e5615000-6009e561a000 rw-p 00000000 00:00 0 
6009e561a000-6009e5700000 ---p 00000000 00:00 0 
6009e5700000-6009e5704000 ---p 00000000 00:00 0 
6009e5704000-6009e5800000 rw-p 00000000 00:00 0 
6009e5800000-6009e5899000 r--p 00000000 08:03 18354265                   /usr/lib/libstdc++.so.6.0.30
6009e5899000-6009e59af000 r-xp 00099000 08:03 18354265                   /usr/lib/libstdc++.so.6.0.30
6009e59af000-6009e5a26000 r--p 001af000 08:03 18354265                   /usr/lib/libstdc++.so.6.0.30
6009e5a26000-6009e5a33000 r--p 00225000 08:03 18354265                   /usr/lib/libstdc++.so.6.0.30
6009e5a33000-6009e5a34000 rw-p 00232000 08:03 18354265                   /usr/lib/libstdc++.so.6.0.30
6009e5a34000-6009e5a37000 rw-p 00000000 00:00 0 
6009e5a3b000-6009e5a42000 r--p 00000000 08:03 18908590                   /usr/lib/jvm/java-19-openjdk/lib/libnio.so
6009e5a42000-6009e5a4a000 r-xp 00007000 08:03 18908590                   /usr/lib/jvm/java-19-openjdk/lib/libnio.so
6009e5a4a000-6009e5a4e000 r--p 0000f000 08:03 18908590                   /usr/lib/jvm/java-19-openjdk/lib/libnio.so
6009e5a4e000-6009e5a4f000 r--p 00013000 08:03 18908590                   /usr/lib/jvm/java-19-openjdk/lib/libnio.so
6009e5a4f000-6009e5a50000 rw-p 00014000 08:03 18908590                   /usr/lib/jvm/java-19-openjdk/lib/libnio.so
6009e5a50000-6009e5ad1000 rw-p 00000000 00:00 0 
6009e5ad1000-6009e5ade000 r--p 00000000 08:03 18908565                   /usr/lib/jvm/java-19-openjdk/lib/libjava.so
6009e5ade000-6009e5aef000 r-xp 0000d000 08:03 18908565                   /usr/lib/jvm/java-19-openjdk/lib/libjava.so
6009e5aef000-6009e5af5000 r--p 0001e000 08:03 18908565                   /usr/lib/jvm/java-19-openjdk/lib/libjava.so
6009e5af5000-6009e5af6000 r--p 00024000 08:03 18908565                   /usr/lib/jvm/java-19-openjdk/lib/libjava.so
6009e5af6000-6009e5af7000 rw-p 00025000 08:03 18908565                   /usr/lib/jvm/java-19-openjdk/lib/libjava.so
6009e5af7000-6009e5af8000 rw-p 00000000 00:00 0 
6009e5af8000-6009e5afb000 r--p 00000000 08:03 18354235                   /usr/lib/libgcc_s.so.1
6009e5afb000-6009e5b12000 r-xp 00003000 08:03 18354235                   /usr/lib/libgcc_s.so.1
6009e5b12000-6009e5b16000 r--p 0001a000 08:03 18354235                   /usr/lib/libgcc_s.so.1
6009e5b16000-6009e5b17000 r--p 0001d000 08:03 18354235                   /usr/lib/libgcc_s.so.1
6009e5b17000-6009e5b18000 rw-p 0001e000 08:03 18354235                   /usr/lib/libgcc_s.so.1
6009e5b18000-6009e5b26000 r--p 00000000 08:03 18353453                   /usr/lib/libm.so.6
6009e5b26000-6009e5ba0000 r-xp 0000e000 08:03 18353453                   /usr/lib/libm.so.6
6009e5ba0000-6009e5bfe000 r--p 00088000 08:03 18353453                   /usr/lib/libm.so.6
6009e5bfe000-6009e5bff000 r--p 000e5000 08:03 18353453                   /usr/lib/libm.so.6
6009e5bff000-6009e5c00000 rw-p 000e6000 08:03 18353453                   /usr/lib/libm.so.6
6009e5c00000-6009e5e8d000 r--p 00000000 08:03 19010004                   /usr/lib/jvm/java-19-openjdk/lib/server/libjvm.so
6009e5e8d000-6009e6c5e000 r-xp 0028d000 08:03 19010004                   /usr/lib/jvm/java-19-openjdk/lib/server/libjvm.so
6009e6c5e000-6009e6f06000 r--p 0105e000 08:03 19010004                   /usr/lib/jvm/java-19-openjdk/lib/server/libjvm.so
6009e6f06000-6009e6fd2000 r--p 01306000 08:03 19010004                   /usr/lib/jvm/java-19-openjdk/lib/server/libjvm.so
6009e6fd2000-6009e7008000 rw-p 013d2000 08:03 19010004                   /usr/lib/jvm/java-19-openjdk/lib/server/libjvm.so
6009e7008000-6009e7064000 rw-p 00000000 00:00 0 
6009e706d000-6009e7070000 rw-p 00000000 00:00 0 
6009e7070000-6009e7073000 r--p 00000000 08:03 18363433                   /usr/lib/libz.so.1.2.13
6009e7073000-6009e7081000 r-xp 00003000 08:03 18363433                   /usr/lib/libz.so.1.2.13
6009e7081000-6009e7088000 r--p 00011000 08:03 18363433                   /usr/lib/libz.so.1.2.13
6009e7088000-6009e7089000 r--p 00017000 08:03 18363433                   /usr/lib/libz.so.1.2.13
6009e7089000-6009e708a000 rw-p 00018000 08:03 18363433                   /usr/lib/libz.so.1.2.13
6009e708a000-6009e70ac000 r--p 00000000 08:03 18353443                   /usr/lib/libc.so.6
6009e70ac000-6009e7207000 r-xp 00022000 08:03 18353443                   /usr/lib/libc.so.6
6009e7207000-6009e725e000 r--p 0017d000 08:03 18353443                   /usr/lib/libc.so.6
6009e725e000-6009e7262000 r--p 001d4000 08:03 18353443                   /usr/lib/libc.so.6
6009e7262000-6009e7264000 rw-p 001d8000 08:03 18353443                   /usr/lib/libc.so.6
6009e7264000-6009e7271000 rw-p 00000000 00:00 0 
6009e7273000-6009e7278000 rw-p 00000000 00:00 0 
6009e7278000-6009e727f000 ---p 00000000 00:00 0 
6009e727f000-6009e7287000 rw-s 00000000 00:24 437                        /tmp/hsperfdata_pat/26815
6009e7287000-6009e7288000 ---p 00000000 00:00 0 
6009e7288000-6009e7289000 r--p 00000000 00:00 0 
6009e7289000-6009e728a000 ---p 00000000 00:00 0 
6009e728a000-6009e728c000 r--p 00000000 08:03 18908570                   /usr/lib/jvm/java-19-openjdk/lib/libjimage.so
6009e728c000-6009e728f000 r-xp 00002000 08:03 18908570                   /usr/lib/jvm/java-19-openjdk/lib/libjimage.so
6009e728f000-6009e7290000 r--p 00005000 08:03 18908570                   /usr/lib/jvm/java-19-openjdk/lib/libjimage.so
6009e7290000-6009e7291000 r--p 00006000 08:03 18908570                   /usr/lib/jvm/java-19-openjdk/lib/libjimage.so
6009e7291000-6009e7292000 rw-p 00007000 08:03 18908570                   /usr/lib/jvm/java-19-openjdk/lib/libjimage.so
6009e7292000-6009e7294000 r--p 00000000 08:03 18908572                   /usr/lib/jvm/java-19-openjdk/lib/libjli.so
6009e7294000-6009e729d000 r-xp 00002000 08:03 18908572                   /usr/lib/jvm/java-19-openjdk/lib/libjli.so
6009e729d000-6009e72a0000 r--p 0000b000 08:03 18908572                   /usr/lib/jvm/java-19-openjdk/lib/libjli.so
6009e72a0000-6009e72a1000 r--p 0000d000 08:03 18908572                   /usr/lib/jvm/java-19-openjdk/lib/libjli.so
6009e72a1000-6009e72a2000 rw-p 0000e000 08:03 18908572                   /usr/lib/jvm/java-19-openjdk/lib/libjli.so
6009e72a2000-6009e72a4000 rw-p 00000000 00:00 0 
6009e72a4000-6009e72a8000 r--p 00000000 00:00 0                          [vvar]
6009e72a8000-6009e72aa000 r-xp 00000000 00:00 0                          [vdso]
6009e72aa000-6009e72ab000 r--p 00000000 08:03 18353434                   /usr/lib/ld-linux-x86-64.so.2
6009e72ab000-6009e72d1000 r-xp 00001000 08:03 18353434                   /usr/lib/ld-linux-x86-64.so.2
6009e72d1000-6009e72db000 r--p 00027000 08:03 18353434                   /usr/lib/ld-linux-x86-64.so.2
6009e72db000-6009e72dd000 r--p 00031000 08:03 18353434                   /usr/lib/ld-linux-x86-64.so.2
6009e72dd000-6009e72df000 rw-p 00033000 08:03 18353434                   /usr/lib/ld-linux-x86-64.so.2
756990d3d000-756990d5f000 rw-p 00000000 00:00 0                          [stack]


VM Arguments:
jvm_args: --enable-native-access=de.hechler.patrick.zeugs.pfs -Dfile.encoding=UTF-8 --module-path=/data/git/PatrFileSys/javaPFS/target/classes --enable-preview -XX:+ShowCodeDetailsInExceptionMessages -Djdk.module.main=de.hechler.patrick.zeugs.pfs 
java_command: de.hechler.patrick.zeugs.pfs/de.hechler.patrick.zeugs.pfs.impl.pfs.PatrFSProvider
java_class_path (initial): /data/git/Checker/target/classes
Launcher Type: SUN_STANDARD

[Global flags]
     intx CICompilerCount                          = 4                                         {product} {ergonomic}
     uint ConcGCThreads                            = 3                                         {product} {ergonomic}
     uint G1ConcRefinementThreads                  = 10                                        {product} {ergonomic}
   size_t G1HeapRegionSize                         = 2097152                                   {product} {ergonomic}
    uintx GCDrainStackTargetSize                   = 64                                        {product} {ergonomic}
   size_t InitialHeapSize                          = 262144000                                 {product} {ergonomic}
   size_t MarkStackSize                            = 4194304                                   {product} {ergonomic}
   size_t MaxHeapSize                              = 4177526784                                {product} {ergonomic}
   size_t MaxNewSize                               = 2506096640                                {product} {ergonomic}
   size_t MinHeapDeltaBytes                        = 2097152                                   {product} {ergonomic}
   size_t MinHeapSize                              = 8388608                                   {product} {ergonomic}
    uintx NonNMethodCodeHeapSize                   = 5839372                                {pd product} {ergonomic}
    uintx NonProfiledCodeHeapSize                  = 122909434                              {pd product} {ergonomic}
    uintx ProfiledCodeHeapSize                     = 122909434                              {pd product} {ergonomic}
    uintx ReservedCodeCacheSize                    = 251658240                              {pd product} {ergonomic}
     bool SegmentedCodeCache                       = true                                      {product} {ergonomic}
     bool ShowCodeDetailsInExceptionMessages       = true                                   {manageable} {command line}
   size_t SoftMaxHeapSize                          = 4177526784                             {manageable} {ergonomic}
     bool UseCompressedClassPointers               = true                           {product lp64_product} {ergonomic}
     bool UseCompressedOops                        = true                           {product lp64_product} {ergonomic}
     bool UseG1GC                                  = true                                      {product} {ergonomic}

Logging:
Log output configuration:
 #0: stdout all=warning uptime,level,tags foldmultilines=false
 #1: stderr all=off uptime,level,tags foldmultilines=false

Environment Variables:
PATH=/usr/local/sbin:/usr/local/bin:/usr/bin:/usr/lib/jvm/default/bin:/usr/bin/site_perl:/usr/bin/vendor_perl:/usr/bin/core_perl
SHELL=/bin/zsh
DISPLAY=:0
LANG=en_US.UTF-8
LC_TIME=de_DE.UTF-8

Active Locale:
LC_ALL=LC_CTYPE=en_US.UTF-8;LC_NUMERIC=en_US.UTF-8;LC_TIME=de_DE.UTF-8;LC_COLLATE=de_DE.UTF-8;LC_MONETARY=de_DE.UTF-8;LC_MESSAGES=en_US.UTF-8;LC_PAPER=en_US.UTF-8;LC_NAME=en_US.UTF-8;LC_ADDRESS=en_US.UTF-8;LC_TELEPHONE=en_US.UTF-8;LC_MEASUREMENT=de_DE.UTF-8;LC_IDENTIFICATION=en_US.UTF-8
LC_COLLATE=de_DE.UTF-8
LC_CTYPE=en_US.UTF-8
LC_MESSAGES=en_US.UTF-8
LC_MONETARY=de_DE.UTF-8
LC_NUMERIC=en_US.UTF-8
LC_TIME=de_DE.UTF-8

Signal Handlers:
   SIGSEGV: 0x00006009e6bd7730 in libjvm.so+16611120, mask=11100100010111111101111111111110, flags=SA_RESTART|SA_SIGINFO
    SIGBUS: 0x00006009e6bd7730 in libjvm.so+16611120, mask=11100100010111111101111111111110, flags=SA_RESTART|SA_SIGINFO
    SIGFPE: 0x00006009e6bd7730 in libjvm.so+16611120, mask=11100100010111111101111111111110, flags=SA_RESTART|SA_SIGINFO
   SIGPIPE: 0x00006009e6a62ce0 in libjvm.so+15084768, mask=11100100010111111101111111111110, flags=SA_RESTART|SA_SIGINFO
   SIGXFSZ: 0x00006009e6a62ce0 in libjvm.so+15084768, mask=11100100010111111101111111111110, flags=SA_RESTART|SA_SIGINFO
    SIGILL: 0x00006009e6bd7730 in libjvm.so+16611120, mask=11100100010111111101111111111110, flags=SA_RESTART|SA_SIGINFO
   SIGUSR2: 0x00006009e6a622f0 in libjvm.so+15082224, mask=00100000000000000000000000000000, flags=SA_RESTART|SA_SIGINFO
    SIGHUP: 0x00006009e6a62200 in libjvm.so+15081984, mask=11100100010111111101111111111110, flags=SA_RESTART|SA_SIGINFO
    SIGINT: 0x00006009e6a62200 in libjvm.so+15081984, mask=11100100010111111101111111111110, flags=SA_RESTART|SA_SIGINFO
   SIGTERM: 0x00006009e6a62200 in libjvm.so+15081984, mask=11100100010111111101111111111110, flags=SA_RESTART|SA_SIGINFO
   SIGQUIT: 0x00006009e6a62200 in libjvm.so+15081984, mask=11100100010111111101111111111110, flags=SA_RESTART|SA_SIGINFO
   SIGTRAP: 0x00006009e6bd7730 in libjvm.so+16611120, mask=11100100010111111101111111111110, flags=SA_RESTART|SA_SIGINFO


---------------  S Y S T E M  ---------------

OS:
DISTRIB_ID="Arch"
DISTRIB_RELEASE="rolling"
DISTRIB_DESCRIPTION="Arch Linux"
uname: Linux 6.0.16-hardened1-1-hardened #1 SMP PREEMPT_DYNAMIC Tue, 03 Jan 2023 01:01:55 +0000 x86_64
OS uptime: 0 days 3:22 hours
libc: glibc 2.36 NPTL 2.36 
rlimit (soft/hard): STACK 8192k/infinity , CORE infinity/infinity , NPROC 63318/63318 , NOFILE 524288/524288 , AS infinity/infinity , CPU infinity/infinity , DATA infinity/infinity , FSIZE infinity/infinity , MEMLOCK 8192k/8192k
load average: 0.43 0.51 0.62

/proc/meminfo:
MemTotal:       16315252 kB
MemFree:         5072368 kB
MemAvailable:    9695972 kB
Buffers:          168364 kB
Cached:          5056132 kB
SwapCached:            0 kB
Active:          2052652 kB
Inactive:        8286116 kB
Active(anon):     305044 kB
Inactive(anon):  5352104 kB
Active(file):    1747608 kB
Inactive(file):  2934012 kB
Unevictable:          64 kB
Mlocked:              64 kB
SwapTotal:      16777212 kB
SwapFree:       16777212 kB
Zswap:                 0 kB
Zswapped:              0 kB
Dirty:             10100 kB
Writeback:             0 kB
AnonPages:       5114588 kB
Mapped:           995536 kB
Shmem:            542876 kB
KReclaimable:     277392 kB
Slab:             501836 kB
SReclaimable:     277392 kB
SUnreclaim:       224444 kB
KernelStack:       17552 kB
PageTables:        44692 kB
NFS_Unstable:          0 kB
Bounce:                0 kB
WritebackTmp:          0 kB
CommitLimit:    24934836 kB
Committed_AS:   12814156 kB
VmallocTotal:   34359738367 kB
VmallocUsed:      117588 kB
VmallocChunk:          0 kB
Percpu:            20736 kB
HardwareCorrupted:     0 kB
AnonHugePages:         0 kB
ShmemHugePages:        0 kB
ShmemPmdMapped:        0 kB
FileHugePages:         0 kB
FilePmdMapped:         0 kB
CmaTotal:              0 kB
CmaFree:               0 kB
HugePages_Total:       0
HugePages_Free:        0
HugePages_Rsvd:        0
HugePages_Surp:        0
Hugepagesize:       2048 kB
Hugetlb:               0 kB
DirectMap4k:      723580 kB
DirectMap2M:    13889536 kB
DirectMap1G:     3145728 kB

/sys/kernel/mm/transparent_hugepage/enabled: always [madvise] never
/sys/kernel/mm/transparent_hugepage/defrag (defrag/compaction efforts parameter): always defer defer+madvise [madvise] never

Process Memory:
Virtual Size: 7077260K (peak: 7078204K)
Resident Set Size: 56024K (peak: 56024K) (anon: 35692K, file: 20300K, shmem: 32K)
Swapped out: 0K
C-Heap outstanding allocations: 33862K, retained: 3231K
glibc malloc tunables: (default)

/proc/sys/kernel/threads-max (system-wide limit on the number of threads): 126636
/proc/sys/vm/max_map_count (maximum number of memory map areas a process may have): 65530
/proc/sys/kernel/pid_max (system-wide limit on number of process identifiers): 4194304

container (cgroup) information:
container_type: cgroupv2
cpu_cpuset_cpus: not supported
cpu_memory_nodes: not supported
active_processor_count: 12
cpu_quota: no quota
cpu_period: 100000
cpu_shares: no shares
memory_limit_in_bytes: unlimited
memory_and_swap_limit_in_bytes: unlimited
memory_soft_limit_in_bytes: unlimited
memory_usage_in_bytes: 8773228 k
memory_max_usage_in_bytes: not supported
maximum number of tasks: unlimited
current number of tasks: 813

Steal ticks since vm start: 0
Steal ticks percentage since vm start:  0.000

CPU: total 32 (initial active 12) (12 cores per cpu, 2 threads per core) family 23 model 113 stepping 0 microcode 0x8701013, cx8, cmov, fxsr, ht, mmx, 3dnowpref, sse, sse2, sse3, ssse3, sse4a, sse4.1, sse4.2, popcnt, lzcnt, tsc, tscinvbit, avx, avx2, aes, clmul, bmi1, bmi2, adx, sha, fma, vzeroupper, clflush, clflushopt, rdtscp, rdpid
CPU Model and flags from /proc/cpuinfo:
model name	: AMD Ryzen 5 3600 6-Core Processor
flags		: fpu vme de pse tsc msr pae mce cx8 apic sep mtrr pge mca cmov pat pse36 clflush mmx fxsr sse sse2 ht syscall nx mmxext fxsr_opt pdpe1gb rdtscp lm constant_tsc rep_good nopl nonstop_tsc cpuid extd_apicid aperfmperf rapl pni pclmulqdq monitor ssse3 fma cx16 sse4_1 sse4_2 movbe popcnt aes xsave avx f16c rdrand lahf_lm cmp_legacy svm extapic cr8_legacy abm sse4a misalignsse 3dnowprefetch osvw ibs skinit wdt tce topoext perfctr_core perfctr_nb bpext perfctr_llc mwaitx cpb cat_l3 cdp_l3 hw_pstate pti ssbd mba ibpb stibp vmmcall fsgsbase bmi1 avx2 smep bmi2 cqm rdt_a rdseed adx smap clflushopt clwb sha_ni xsaveopt xsavec xgetbv1 xsaves cqm_llc cqm_occup_llc cqm_mbm_total cqm_mbm_local clzero irperf xsaveerptr rdpru wbnoinvd arat npt lbrv svm_lock nrip_save tsc_scale vmcb_clean flushbyasid decodeassists pausefilter pfthreshold avic v_vmsave_vmload vgif v_spec_ctrl umip rdpid overflow_recov succor smca sev sev_es

Online cpus: 0-11
Offline cpus: 12-31
BIOS frequency limitation: 3600000
Frequency switch latency (ns): 0
Available cpu frequencies: 3600000 2800000 2200000 
Current governor: schedutil
Core performance/turbo boost: 1

Memory: 4k page, physical 16315252k(5072368k free), swap 16777212k(16777212k free)
Page Sizes: 4k

vm_info: OpenJDK 64-Bit Server VM (19.0.1+10) for linux-amd64 JRE (19.0.1+10), built on 2022-10-27T08:18:41Z by "builduser" with gcc 12.2.0

END.
