#
# A fatal error has been detected by the Java Runtime Environment:
#
#  SIGSEGV (0xb) at pc=0x000061081aa53dc0, pid=25708, tid=25715
#
# JRE version: OpenJDK Runtime Environment (19.0.1+10) (build 19.0.1+10)
# Java VM: OpenJDK 64-Bit Server VM (19.0.1+10, mixed mode, tiered, compressed oops, compressed class ptrs, g1 gc, linux-amd64)
# Problematic frame:
# C  [libpfs-core.so+0xbdc0]  pfs_folder_create_file+0x278
#
# Core dump will be written. Default location: Core dumps may be processed with "/usr/lib/systemd/systemd-coredump %P %u %g %s %t %c %h" (or dumping to /data/git/PatrFileSys/javaPFS/core.25708)
#
# If you would like to submit a bug report, please visit:
#   https://bugreport.java.com/bugreport/crash.jsp
# The crash happened outside the Java Virtual Machine in native code.
# See problematic frame for where to report the bug.
#

---------------  S U M M A R Y ------------

Command Line: --enable-native-access=de.hechler.patrick.zeugs.pfs -Dfile.encoding=UTF-8 --module-path=/data/git/PatrFileSys/javaPFS/target/classes --enable-preview -XX:+ShowCodeDetailsInExceptionMessages -Djdk.module.main=de.hechler.patrick.zeugs.pfs de.hechler.patrick.zeugs.pfs/de.hechler.patrick.zeugs.pfs.impl.pfs.PatrFSProvider

Host: AMD Ryzen 5 3600 6-Core Processor, 32 cores, 15G, Arch Linux
Time: Thu Jan  5 19:39:03 2023 CET elapsed time: 0.193944 seconds (0d 0h 0m 0s)

---------------  T H R E A D  ---------------

Current thread (0x0000610814015780):  JavaThread "main" [_thread_in_native, id=25715, stack(0x000061081ab00000,0x000061081ac00000)]

Stack: [0x000061081ab00000,0x000061081ac00000],  sp=0x000061081abfe480,  free space=1017k
Native frames: (J=compiled Java code, j=interpreted, Vv=VM code, C=native code)
C  [libpfs-core.so+0xbdc0]  pfs_folder_create_file+0x278

Java frames: (J=compiled Java code, j=interpreted, Vv=VM code)
v  ~RuntimeStub::nep_invoker_blob 0x00006108044a0d88
j  java.lang.invoke.LambdaForm$MH+0x00000008000f9400.invoke(Ljava/lang/Object;JIJJ)I+14 java.base@19.0.1
j  java.lang.invoke.LambdaForm$MH+0x0000000800110400.invokeExact_MT(Ljava/lang/Object;JIJJLjava/lang/Object;)I+25 java.base@19.0.1
j  jdk.internal.foreign.abi.DowncallStub+0x0000000800102000.invoke(Ljava/lang/foreign/SegmentAllocator;Ljava/lang/foreign/Addressable;ILjava/lang/foreign/Addressable;J)I+97 java.base@19.0.1
j  java.lang.invoke.LambdaForm$DMH+0x0000000800102800.invokeStaticInit(Ljava/lang/Object;Ljava/lang/Object;Ljava/lang/Object;ILjava/lang/Object;J)I+18 java.base@19.0.1
j  java.lang.invoke.LambdaForm$MH+0x0000000800104400.invoke(Ljava/lang/Object;ILjava/lang/Object;)I+55 java.base@19.0.1
j  java.lang.invoke.LambdaForm$MH+0x000000080010fc00.invoke_MT(Ljava/lang/Object;ILjava/lang/Object;Ljava/lang/Object;)I+22 java.base@19.0.1
j  de.hechler.patrick.zeugs.pfs.impl.pfs.PatrFolder.createFile(Ljava/lang/String;)Lde/hechler/patrick/zeugs/pfs/interfaces/File;+24 de.hechler.patrick.zeugs.pfs
j  de.hechler.patrick.zeugs.pfs.impl.pfs.PatrFSProvider.main([Ljava/lang/String;)V+106 de.hechler.patrick.zeugs.pfs
v  ~StubRoutines::call_stub 0x0000610804337cc6

siginfo: si_signo: 11 (SIGSEGV), si_code: 1 (SEGV_MAPERR), si_addr: 0x0000000000000038

Registers:
RAX=0x0000000000000000, RBX=0x00006108144c17f0, RCX=0x0000000000000005, RDX=0x00000006108144c1
RSP=0x000061081abfe480, RBP=0x0000000000000000, RSI=0x00006108140008e0, RDI=0x0000000000000007
R8 =0x00006108144c17f0, R9 =0x000061081438a1ac, R10=0x0000000000000003, R11=0x5acba2dcd7d7c6c9
R12=0x0000000000000000, R13=0x00006108144c0260, R14=0x000061081abfe5b8, R15=0x0000610814015780
RIP=0x000061081aa53dc0, EFLAGS=0x0000000000010202, CSGSFS=0x002b000000000033, ERR=0x0000000000000004
  TRAPNO=0x000000000000000e


Register to memory mapping:

RAX=0x0 is NULL
RBX=0x00006108144c17f0 points into unknown readable memory: 0x00006108144c1800 | 00 18 4c 14 08 61 00 00
RCX=0x0000000000000005 is an unknown value
RDX=0x00000006108144c1 is an unknown value
RSP=0x000061081abfe480 is pointing into the stack for thread: 0x0000610814015780
RBP=0x0 is NULL
RSI=0x00006108140008e0 points into unknown readable memory: 0x0000000000000000 | 00 00 00 00 00 00 00 00
RDI=0x0000000000000007 is an unknown value
R8 =0x00006108144c17f0 points into unknown readable memory: 0x00006108144c1800 | 00 18 4c 14 08 61 00 00
R9 =0x000061081438a1ac points into unknown readable memory: 63 71 6d 5f
R10=0x0000000000000003 is an unknown value
R11=0x5acba2dcd7d7c6c9 is an unknown value
R12=0x0 is NULL
R13=0x00006108144c0260 points into unknown readable memory: 0x6c6966206c697665 | 65 76 69 6c 20 66 69 6c
R14=0x000061081abfe5b8 is pointing into the stack for thread: 0x0000610814015780
R15=0x0000610814015780 is a thread


Top of Stack: (sp=0x000061081abfe480)
0x000061081abfe480:   0000000000000000 00006107dc9180d0
0x000061081abfe490:   000061081abfe4c0 0000000000000000
0x000061081abfe4a0:   000061081abfe4e0 00006108044a0dc4
0x000061081abfe4b0:   00000000000000b8 0000000000000000 

Instructions: (pc=0x000061081aa53dc0)
0x000061081aa53cc0:   00 48 8b 00 48 8b 04 e8 48 8b 70 10 48 83 fe ff
0x000061081aa53cd0:   74 18 48 8b 05 bf 52 00 00 48 8b 00 48 89 c7 ff
0x000061081aa53ce0:   50 28 85 c0 0f 84 f3 00 00 00 b8 ff ff ff ff e9
0x000061081aa53cf0:   5f ff ff ff 8b 73 28 48 8b 05 ba 52 00 00 48 8b
0x000061081aa53d00:   00 48 8b 3c e8 48 83 c7 40 33 73 20 48 89 da e8
0x000061081aa53d10:   8c 74 ff ff 49 89 c4 48 85 c0 0f 84 98 00 00 00
0x000061081aa53d20:   48 c7 43 58 00 00 00 00 c7 43 40 00 00 00 00 48
0x000061081aa53d30:   8b 05 72 52 00 00 48 89 43 48 48 8b 05 97 52 00
0x000061081aa53d40:   00 48 89 43 50 48 c7 43 38 01 00 00 00 48 8b 05
0x000061081aa53d50:   64 52 00 00 48 8b 00 48 8b 3c e8 48 89 7b 30 8b
0x000061081aa53d60:   73 28 33 73 20 48 83 c7 40 48 89 da e8 4f 76 ff
0x000061081aa53d70:   ff 48 8b 05 40 52 00 00 48 8b 00 48 8b 04 e8 48
0x000061081aa53d80:   8b 70 10 48 83 fe ff 74 14 48 8b 05 08 52 00 00
0x000061081aa53d90:   48 8b 00 48 89 c7 ff 50 28 85 c0 74 54 48 89 da
0x000061081aa53da0:   48 8b 35 11 52 00 00 48 8b 3d d2 51 00 00 e8 e5
0x000061081aa53db0:   ee ff ff e9 9b fe ff ff 48 89 df e8 90 72 ff ff
0x000061081aa53dc0:   49 8b 44 24 38 48 83 c0 01 49 89 44 24 38 4c 89
0x000061081aa53dd0:   e3 eb 9e b8 ff ff ff ff e9 76 fe ff ff b8 ff ff
0x000061081aa53de0:   ff ff e9 6c fe ff ff b8 ff ff ff ff e9 62 fe ff
0x000061081aa53df0:   ff b8 ff ff ff ff e9 58 fe ff ff 48 63 d7 48 8b
0x000061081aa53e00:   05 7b 51 00 00 48 3b 10 0f 8d 03 01 00 00 41 55
0x000061081aa53e10:   41 54 55 53 48 83 ec 08 49 89 f5 48 63 ef 4c 8d
0x000061081aa53e20:   24 ed 00 00 00 00 48 8b 05 8b 51 00 00 48 8b 00
0x000061081aa53e30:   48 8b 04 e8 48 85 c0 0f 84 e7 00 00 00 48 8b 70
0x000061081aa53e40:   10 48 83 fe ff 74 36 48 8b 05 4a 51 00 00 48 8b
0x000061081aa53e50:   00 48 89 c7 ff 50 20 48 85 c0 0f 84 26 02 00 00
0x000061081aa53e60:   48 8b 15 51 51 00 00 48 8b 12 48 8b 14 ea 48 63
0x000061081aa53e70:   4a 1c f6 44 08 18 01 0f 84 bb 00 00 00 bf 60 00
0x000061081aa53e80:   00 00 e8 69 74 ff ff 48 89 c3 48 85 c0 0f 84 cd
0x000061081aa53e90:   00 00 00 48 8b 05 1e 51 00 00 4c 03 20 49 8b 14
0x000061081aa53ea0:   24 f3 0f 6f 02 0f 11 03 f3 0f 6f 4a 10 0f 11 4b
0x000061081aa53eb0:   10 f3 0f 6f 52 1c 0f 11 53 1c 49 8b 34 24 4c 89 


Stack slot to memory mapping:
stack at sp + 0 slots: 0x0 is NULL
stack at sp + 1 slots: {method} {0x00006107dc9180d0} 'linkToNative' '(JIJJLjava/lang/Object;)I' in 'java/lang/invoke/MethodHandle'
stack at sp + 2 slots: 0x000061081abfe4c0 is pointing into the stack for thread: 0x0000610814015780
stack at sp + 3 slots: 0x0 is NULL
stack at sp + 4 slots: 0x000061081abfe4e0 is pointing into the stack for thread: 0x0000610814015780
stack at sp + 5 slots: 0x00006108044a0dc4 is at code_begin+68 in 
[CodeBlob (0x00006108044a0d10)]
Framesize: 4
Runtime Stub (0x00006108044a0d10): nep_invoker_blob
--------------------------------------------------------------------------------
Decoding CodeBlob, name: nep_invoker_blob, at  [0x00006108044a0d80, 0x00006108044a0e88]  264 bytes
[MachCode]
  0x00006108044a0d80: 5548 8bec | 4883 ec10 | c5f8 7749 | 89af d002 | 0000 49ba | 880d 4a04 | 0861 0000 | 4d89 97c8 
  0x00006108044a0da0: 0200 0049 | 89a7 c002 | 0000 41c7 | 8774 0300 | 0004 0000 | 0049 8bc0 | 4c8b d648 | 8bf1 488b 
  0x00006108044a0dc0: fa41 ffd2 | c5f8 7741 | c787 7403 | 0000 0500 | 0000 f083 | 4424 c000 | 493b af78 | 0300 000f 
  0x00006108044a0de0: 8753 0000 | 0041 81bf | 7003 0000 | 0000 0000 | 0f85 4200 | 0000 41c7 | 8774 0300 | 0008 0000 
  0x00006108044a0e00: 0041 81bf | e803 0000 | 0200 0000 | 0f84 4c00 | 0000 49c7 | 87c0 0200 | 0000 0000 | 0049 c787 
  0x00006108044a0e20: d002 0000 | 0000 0000 | 49c7 87c8 | 0200 0000 | 0000 00c5 | f877 c9c3 | c5f8 7748 | 8904 2449 
  0x00006108044a0e40: 8bff 4c8b | e448 83ec | 0048 83e4 | f0e8 dec3 | 6a17 498b | e44d 33e4 | 488b 0424 | eb98 c5f8 
  0x00006108044a0e60: 7748 8904 | 244c 8be4 | 4883 ec00 | 4883 e4f0 | e85b 0f51 | 1749 8be4 | 4d33 e448 | 8b04 24eb 
  0x00006108044a0e80: 91f4 f4f4 | f4f4 f4f4 
[/MachCode]
--------------------------------------------------------------------------------
stack at sp + 6 slots: 0x00000000000000b8 is an unknown value
stack at sp + 7 slots: 0x0 is NULL

--------------------------------------------------------------------------------
Decoding CodeBlob, name: nep_invoker_blob, at  [0x00006108044a0d80, 0x00006108044a0e88]  264 bytes
[MachCode]
  0x00006108044a0d80: 5548 8bec | 4883 ec10 | c5f8 7749 | 89af d002 | 0000 49ba | 880d 4a04 | 0861 0000 | 4d89 97c8 
  0x00006108044a0da0: 0200 0049 | 89a7 c002 | 0000 41c7 | 8774 0300 | 0004 0000 | 0049 8bc0 | 4c8b d648 | 8bf1 488b 
  0x00006108044a0dc0: fa41 ffd2 | c5f8 7741 | c787 7403 | 0000 0500 | 0000 f083 | 4424 c000 | 493b af78 | 0300 000f 
  0x00006108044a0de0: 8753 0000 | 0041 81bf | 7003 0000 | 0000 0000 | 0f85 4200 | 0000 41c7 | 8774 0300 | 0008 0000 
  0x00006108044a0e00: 0041 81bf | e803 0000 | 0200 0000 | 0f84 4c00 | 0000 49c7 | 87c0 0200 | 0000 0000 | 0049 c787 
  0x00006108044a0e20: d002 0000 | 0000 0000 | 49c7 87c8 | 0200 0000 | 0000 00c5 | f877 c9c3 | c5f8 7748 | 8904 2449 
  0x00006108044a0e40: 8bff 4c8b | e448 83ec | 0048 83e4 | f0e8 dec3 | 6a17 498b | e44d 33e4 | 488b 0424 | eb98 c5f8 
  0x00006108044a0e60: 7748 8904 | 244c 8be4 | 4883 ec00 | 4883 e4f0 | e85b 0f51 | 1749 8be4 | 4d33 e448 | 8b04 24eb 
  0x00006108044a0e80: 91f4 f4f4 | f4f4 f4f4 
[/MachCode]
--------------------------------------------------------------------------------


---------------  P R O C E S S  ---------------

Threads class SMR info:
_java_thread_list=0x00006107b41977f0, length=12, elements={
0x0000610814015780, 0x00006108141f4e70, 0x00006108141f6380, 0x00006108141f7a90,
0x00006108141f8e40, 0x00006108141fa1e0, 0x00006108141fbbf0, 0x00006108141fd130,
0x00006108141fe600, 0x00006108142ae580, 0x000061081430ce10, 0x00006107b4196760
}

Java Threads: ( => current thread )
=>0x0000610814015780 JavaThread "main" [_thread_in_native, id=25715, stack(0x000061081ab00000,0x000061081ac00000)]
  0x00006108141f4e70 JavaThread "Reference Handler" daemon [_thread_blocked, id=25722, stack(0x00006107f43a0000,0x00006107f44a0000)]
  0x00006108141f6380 JavaThread "Finalizer" daemon [_thread_blocked, id=25723, stack(0x00006107f42a0000,0x00006107f43a0000)]
  0x00006108141f7a90 JavaThread "Signal Dispatcher" daemon [_thread_blocked, id=25724, stack(0x00006107f41a0000,0x00006107f42a0000)]
  0x00006108141f8e40 JavaThread "Service Thread" daemon [_thread_blocked, id=25725, stack(0x00006107f40a0000,0x00006107f41a0000)]
  0x00006108141fa1e0 JavaThread "Monitor Deflation Thread" daemon [_thread_blocked, id=25726, stack(0x00006107e5b00000,0x00006107e5c00000)]
  0x00006108141fbbf0 JavaThread "C2 CompilerThread0" daemon [_thread_blocked, id=25727, stack(0x00006107e5a00000,0x00006107e5b00000)]
  0x00006108141fd130 JavaThread "C1 CompilerThread0" daemon [_thread_blocked, id=25728, stack(0x00006107e5900000,0x00006107e5a00000)]
  0x00006108141fe600 JavaThread "Sweeper thread" daemon [_thread_blocked, id=25729, stack(0x00006107e5800000,0x00006107e5900000)]
  0x00006108142ae580 JavaThread "Common-Cleaner" daemon [_thread_blocked, id=25730, stack(0x00006107e5700000,0x00006107e5800000)]
  0x000061081430ce10 JavaThread "Notification Thread" daemon [_thread_blocked, id=25731, stack(0x00006107e5600000,0x00006107e5700000)]
  0x00006107b4196760 JavaThread "C2 CompilerThread1" daemon [_thread_blocked, id=25733, stack(0x00006107e53fe000,0x00006107e54fe000)]

Other Threads:
  0x00006108141b4430 VMThread "VM Thread" [stack: 0x00006107f44a2000,0x00006107f45a2000] [id=25721]
  0x000061081430e4d0 WatcherThread "VM Periodic Task Thread" [stack: 0x00006107e5500000,0x00006107e5600000] [id=25732]
  0x0000610814085610 WorkerThread "GC Thread#0" [stack: 0x00006108183c8000,0x00006108184c8000] [id=25716]
  0x0000610814096550 ConcurrentGCThread "G1 Main Marker" [stack: 0x00006108182c6000,0x00006108183c6000] [id=25717]
  0x0000610814097470 WorkerThread "G1 Conc#0" [stack: 0x00006108181c4000,0x00006108182c4000] [id=25718]
  0x0000610814000e00 ConcurrentGCThread "G1 Refine#0" [stack: 0x00006107f4777000,0x00006107f4877000] [id=25719]
  0x000061081412d4a0 ConcurrentGCThread "G1 Service" [stack: 0x00006107f4675000,0x00006107f4775000] [id=25720]

Threads with active compile tasks:

VM state: not at safepoint (normal execution)

VM Mutex/Monitor currently owned by a thread: None

Heap address: 0x0000000707000000, size: 3984 MB, Compressed Oops mode: Zero based, Oop shift amount: 3

CDS archive(s) not mapped
Compressed class space mapped at: 0x0000000800000000-0x0000000840000000, reserved size: 1073741824
Narrow klass base: 0x0000000800000000, Narrow klass shift: 0, Narrow klass range: 0x40000000

GC Precious Log:
 CardTable entry size: 512
 Card Set container configuration: InlinePtr #cards 4 size 8 Array Of Cards #cards 16 size 48 Howl #buckets 8 coarsen threshold 3686 Howl Bitmap #cards 512 size 80 coarsen threshold 460 Card regions per heap region 1 cards per card region 4096
 CPUs: 32 total, 12 available
 Memory: 15932M
 Large Page Support: Disabled
 NUMA Support: Disabled
 Compressed Oops: Enabled (Zero based)
 Heap Region Size: 2M
 Heap Min Capacity: 8M
 Heap Initial Capacity: 250M
 Heap Max Capacity: 3984M
 Pre-touch: Disabled
 Parallel Workers: 10
 Concurrent Workers: 3
 Concurrent Refinement Workers: 10
 Periodic GC: Disabled

Heap:
 garbage-first heap   total 256000K, used 8192K [0x0000000707000000, 0x0000000800000000)
  region size 2048K, 5 young (10240K), 0 survivors (0K)
 Metaspace       used 9591K, committed 10112K, reserved 1114112K
  class space    used 919K, committed 1152K, reserved 1048576K

Heap Regions: E=young(eden), S=young(survivor), O=old, HS=humongous(starts), HC=humongous(continues), CS=collection set, F=free, OA=open archive, CA=closed archive, TAMS=top-at-mark-start (previous, next)
|   0|0x0000000707000000, 0x0000000707000000, 0x0000000707200000|  0%| F|  |TAMS 0x0000000707000000, 0x0000000707000000| Untracked 
|   1|0x0000000707200000, 0x0000000707200000, 0x0000000707400000|  0%| F|  |TAMS 0x0000000707200000, 0x0000000707200000| Untracked 
|   2|0x0000000707400000, 0x0000000707400000, 0x0000000707600000|  0%| F|  |TAMS 0x0000000707400000, 0x0000000707400000| Untracked 
|   3|0x0000000707600000, 0x0000000707600000, 0x0000000707800000|  0%| F|  |TAMS 0x0000000707600000, 0x0000000707600000| Untracked 
|   4|0x0000000707800000, 0x0000000707800000, 0x0000000707a00000|  0%| F|  |TAMS 0x0000000707800000, 0x0000000707800000| Untracked 
|   5|0x0000000707a00000, 0x0000000707a00000, 0x0000000707c00000|  0%| F|  |TAMS 0x0000000707a00000, 0x0000000707a00000| Untracked 
|   6|0x0000000707c00000, 0x0000000707c00000, 0x0000000707e00000|  0%| F|  |TAMS 0x0000000707c00000, 0x0000000707c00000| Untracked 
|   7|0x0000000707e00000, 0x0000000707e00000, 0x0000000708000000|  0%| F|  |TAMS 0x0000000707e00000, 0x0000000707e00000| Untracked 
|   8|0x0000000708000000, 0x0000000708000000, 0x0000000708200000|  0%| F|  |TAMS 0x0000000708000000, 0x0000000708000000| Untracked 
|   9|0x0000000708200000, 0x0000000708200000, 0x0000000708400000|  0%| F|  |TAMS 0x0000000708200000, 0x0000000708200000| Untracked 
|  10|0x0000000708400000, 0x0000000708400000, 0x0000000708600000|  0%| F|  |TAMS 0x0000000708400000, 0x0000000708400000| Untracked 
|  11|0x0000000708600000, 0x0000000708600000, 0x0000000708800000|  0%| F|  |TAMS 0x0000000708600000, 0x0000000708600000| Untracked 
|  12|0x0000000708800000, 0x0000000708800000, 0x0000000708a00000|  0%| F|  |TAMS 0x0000000708800000, 0x0000000708800000| Untracked 
|  13|0x0000000708a00000, 0x0000000708a00000, 0x0000000708c00000|  0%| F|  |TAMS 0x0000000708a00000, 0x0000000708a00000| Untracked 
|  14|0x0000000708c00000, 0x0000000708c00000, 0x0000000708e00000|  0%| F|  |TAMS 0x0000000708c00000, 0x0000000708c00000| Untracked 
|  15|0x0000000708e00000, 0x0000000708e00000, 0x0000000709000000|  0%| F|  |TAMS 0x0000000708e00000, 0x0000000708e00000| Untracked 
|  16|0x0000000709000000, 0x0000000709000000, 0x0000000709200000|  0%| F|  |TAMS 0x0000000709000000, 0x0000000709000000| Untracked 
|  17|0x0000000709200000, 0x0000000709200000, 0x0000000709400000|  0%| F|  |TAMS 0x0000000709200000, 0x0000000709200000| Untracked 
|  18|0x0000000709400000, 0x0000000709400000, 0x0000000709600000|  0%| F|  |TAMS 0x0000000709400000, 0x0000000709400000| Untracked 
|  19|0x0000000709600000, 0x0000000709600000, 0x0000000709800000|  0%| F|  |TAMS 0x0000000709600000, 0x0000000709600000| Untracked 
|  20|0x0000000709800000, 0x0000000709800000, 0x0000000709a00000|  0%| F|  |TAMS 0x0000000709800000, 0x0000000709800000| Untracked 
|  21|0x0000000709a00000, 0x0000000709a00000, 0x0000000709c00000|  0%| F|  |TAMS 0x0000000709a00000, 0x0000000709a00000| Untracked 
|  22|0x0000000709c00000, 0x0000000709c00000, 0x0000000709e00000|  0%| F|  |TAMS 0x0000000709c00000, 0x0000000709c00000| Untracked 
|  23|0x0000000709e00000, 0x0000000709e00000, 0x000000070a000000|  0%| F|  |TAMS 0x0000000709e00000, 0x0000000709e00000| Untracked 
|  24|0x000000070a000000, 0x000000070a000000, 0x000000070a200000|  0%| F|  |TAMS 0x000000070a000000, 0x000000070a000000| Untracked 
|  25|0x000000070a200000, 0x000000070a200000, 0x000000070a400000|  0%| F|  |TAMS 0x000000070a200000, 0x000000070a200000| Untracked 
|  26|0x000000070a400000, 0x000000070a400000, 0x000000070a600000|  0%| F|  |TAMS 0x000000070a400000, 0x000000070a400000| Untracked 
|  27|0x000000070a600000, 0x000000070a600000, 0x000000070a800000|  0%| F|  |TAMS 0x000000070a600000, 0x000000070a600000| Untracked 
|  28|0x000000070a800000, 0x000000070a800000, 0x000000070aa00000|  0%| F|  |TAMS 0x000000070a800000, 0x000000070a800000| Untracked 
|  29|0x000000070aa00000, 0x000000070aa00000, 0x000000070ac00000|  0%| F|  |TAMS 0x000000070aa00000, 0x000000070aa00000| Untracked 
|  30|0x000000070ac00000, 0x000000070ac00000, 0x000000070ae00000|  0%| F|  |TAMS 0x000000070ac00000, 0x000000070ac00000| Untracked 
|  31|0x000000070ae00000, 0x000000070ae00000, 0x000000070b000000|  0%| F|  |TAMS 0x000000070ae00000, 0x000000070ae00000| Untracked 
|  32|0x000000070b000000, 0x000000070b000000, 0x000000070b200000|  0%| F|  |TAMS 0x000000070b000000, 0x000000070b000000| Untracked 
|  33|0x000000070b200000, 0x000000070b200000, 0x000000070b400000|  0%| F|  |TAMS 0x000000070b200000, 0x000000070b200000| Untracked 
|  34|0x000000070b400000, 0x000000070b400000, 0x000000070b600000|  0%| F|  |TAMS 0x000000070b400000, 0x000000070b400000| Untracked 
|  35|0x000000070b600000, 0x000000070b600000, 0x000000070b800000|  0%| F|  |TAMS 0x000000070b600000, 0x000000070b600000| Untracked 
|  36|0x000000070b800000, 0x000000070b800000, 0x000000070ba00000|  0%| F|  |TAMS 0x000000070b800000, 0x000000070b800000| Untracked 
|  37|0x000000070ba00000, 0x000000070ba00000, 0x000000070bc00000|  0%| F|  |TAMS 0x000000070ba00000, 0x000000070ba00000| Untracked 
|  38|0x000000070bc00000, 0x000000070bc00000, 0x000000070be00000|  0%| F|  |TAMS 0x000000070bc00000, 0x000000070bc00000| Untracked 
|  39|0x000000070be00000, 0x000000070be00000, 0x000000070c000000|  0%| F|  |TAMS 0x000000070be00000, 0x000000070be00000| Untracked 
|  40|0x000000070c000000, 0x000000070c000000, 0x000000070c200000|  0%| F|  |TAMS 0x000000070c000000, 0x000000070c000000| Untracked 
|  41|0x000000070c200000, 0x000000070c200000, 0x000000070c400000|  0%| F|  |TAMS 0x000000070c200000, 0x000000070c200000| Untracked 
|  42|0x000000070c400000, 0x000000070c400000, 0x000000070c600000|  0%| F|  |TAMS 0x000000070c400000, 0x000000070c400000| Untracked 
|  43|0x000000070c600000, 0x000000070c600000, 0x000000070c800000|  0%| F|  |TAMS 0x000000070c600000, 0x000000070c600000| Untracked 
|  44|0x000000070c800000, 0x000000070c800000, 0x000000070ca00000|  0%| F|  |TAMS 0x000000070c800000, 0x000000070c800000| Untracked 
|  45|0x000000070ca00000, 0x000000070ca00000, 0x000000070cc00000|  0%| F|  |TAMS 0x000000070ca00000, 0x000000070ca00000| Untracked 
|  46|0x000000070cc00000, 0x000000070cc00000, 0x000000070ce00000|  0%| F|  |TAMS 0x000000070cc00000, 0x000000070cc00000| Untracked 
|  47|0x000000070ce00000, 0x000000070ce00000, 0x000000070d000000|  0%| F|  |TAMS 0x000000070ce00000, 0x000000070ce00000| Untracked 
|  48|0x000000070d000000, 0x000000070d000000, 0x000000070d200000|  0%| F|  |TAMS 0x000000070d000000, 0x000000070d000000| Untracked 
|  49|0x000000070d200000, 0x000000070d200000, 0x000000070d400000|  0%| F|  |TAMS 0x000000070d200000, 0x000000070d200000| Untracked 
|  50|0x000000070d400000, 0x000000070d400000, 0x000000070d600000|  0%| F|  |TAMS 0x000000070d400000, 0x000000070d400000| Untracked 
|  51|0x000000070d600000, 0x000000070d600000, 0x000000070d800000|  0%| F|  |TAMS 0x000000070d600000, 0x000000070d600000| Untracked 
|  52|0x000000070d800000, 0x000000070d800000, 0x000000070da00000|  0%| F|  |TAMS 0x000000070d800000, 0x000000070d800000| Untracked 
|  53|0x000000070da00000, 0x000000070da00000, 0x000000070dc00000|  0%| F|  |TAMS 0x000000070da00000, 0x000000070da00000| Untracked 
|  54|0x000000070dc00000, 0x000000070dc00000, 0x000000070de00000|  0%| F|  |TAMS 0x000000070dc00000, 0x000000070dc00000| Untracked 
|  55|0x000000070de00000, 0x000000070de00000, 0x000000070e000000|  0%| F|  |TAMS 0x000000070de00000, 0x000000070de00000| Untracked 
|  56|0x000000070e000000, 0x000000070e000000, 0x000000070e200000|  0%| F|  |TAMS 0x000000070e000000, 0x000000070e000000| Untracked 
|  57|0x000000070e200000, 0x000000070e200000, 0x000000070e400000|  0%| F|  |TAMS 0x000000070e200000, 0x000000070e200000| Untracked 
|  58|0x000000070e400000, 0x000000070e400000, 0x000000070e600000|  0%| F|  |TAMS 0x000000070e400000, 0x000000070e400000| Untracked 
|  59|0x000000070e600000, 0x000000070e600000, 0x000000070e800000|  0%| F|  |TAMS 0x000000070e600000, 0x000000070e600000| Untracked 
|  60|0x000000070e800000, 0x000000070e800000, 0x000000070ea00000|  0%| F|  |TAMS 0x000000070e800000, 0x000000070e800000| Untracked 
|  61|0x000000070ea00000, 0x000000070ea00000, 0x000000070ec00000|  0%| F|  |TAMS 0x000000070ea00000, 0x000000070ea00000| Untracked 
|  62|0x000000070ec00000, 0x000000070ec00000, 0x000000070ee00000|  0%| F|  |TAMS 0x000000070ec00000, 0x000000070ec00000| Untracked 
|  63|0x000000070ee00000, 0x000000070ee00000, 0x000000070f000000|  0%| F|  |TAMS 0x000000070ee00000, 0x000000070ee00000| Untracked 
|  64|0x000000070f000000, 0x000000070f000000, 0x000000070f200000|  0%| F|  |TAMS 0x000000070f000000, 0x000000070f000000| Untracked 
|  65|0x000000070f200000, 0x000000070f200000, 0x000000070f400000|  0%| F|  |TAMS 0x000000070f200000, 0x000000070f200000| Untracked 
|  66|0x000000070f400000, 0x000000070f400000, 0x000000070f600000|  0%| F|  |TAMS 0x000000070f400000, 0x000000070f400000| Untracked 
|  67|0x000000070f600000, 0x000000070f600000, 0x000000070f800000|  0%| F|  |TAMS 0x000000070f600000, 0x000000070f600000| Untracked 
|  68|0x000000070f800000, 0x000000070f800000, 0x000000070fa00000|  0%| F|  |TAMS 0x000000070f800000, 0x000000070f800000| Untracked 
|  69|0x000000070fa00000, 0x000000070fa00000, 0x000000070fc00000|  0%| F|  |TAMS 0x000000070fa00000, 0x000000070fa00000| Untracked 
|  70|0x000000070fc00000, 0x000000070fc00000, 0x000000070fe00000|  0%| F|  |TAMS 0x000000070fc00000, 0x000000070fc00000| Untracked 
|  71|0x000000070fe00000, 0x000000070fe00000, 0x0000000710000000|  0%| F|  |TAMS 0x000000070fe00000, 0x000000070fe00000| Untracked 
|  72|0x0000000710000000, 0x0000000710000000, 0x0000000710200000|  0%| F|  |TAMS 0x0000000710000000, 0x0000000710000000| Untracked 
|  73|0x0000000710200000, 0x0000000710200000, 0x0000000710400000|  0%| F|  |TAMS 0x0000000710200000, 0x0000000710200000| Untracked 
|  74|0x0000000710400000, 0x0000000710400000, 0x0000000710600000|  0%| F|  |TAMS 0x0000000710400000, 0x0000000710400000| Untracked 
|  75|0x0000000710600000, 0x0000000710600000, 0x0000000710800000|  0%| F|  |TAMS 0x0000000710600000, 0x0000000710600000| Untracked 
|  76|0x0000000710800000, 0x0000000710800000, 0x0000000710a00000|  0%| F|  |TAMS 0x0000000710800000, 0x0000000710800000| Untracked 
|  77|0x0000000710a00000, 0x0000000710a00000, 0x0000000710c00000|  0%| F|  |TAMS 0x0000000710a00000, 0x0000000710a00000| Untracked 
|  78|0x0000000710c00000, 0x0000000710c00000, 0x0000000710e00000|  0%| F|  |TAMS 0x0000000710c00000, 0x0000000710c00000| Untracked 
|  79|0x0000000710e00000, 0x0000000710e00000, 0x0000000711000000|  0%| F|  |TAMS 0x0000000710e00000, 0x0000000710e00000| Untracked 
|  80|0x0000000711000000, 0x0000000711000000, 0x0000000711200000|  0%| F|  |TAMS 0x0000000711000000, 0x0000000711000000| Untracked 
|  81|0x0000000711200000, 0x0000000711200000, 0x0000000711400000|  0%| F|  |TAMS 0x0000000711200000, 0x0000000711200000| Untracked 
|  82|0x0000000711400000, 0x0000000711400000, 0x0000000711600000|  0%| F|  |TAMS 0x0000000711400000, 0x0000000711400000| Untracked 
|  83|0x0000000711600000, 0x0000000711600000, 0x0000000711800000|  0%| F|  |TAMS 0x0000000711600000, 0x0000000711600000| Untracked 
|  84|0x0000000711800000, 0x0000000711800000, 0x0000000711a00000|  0%| F|  |TAMS 0x0000000711800000, 0x0000000711800000| Untracked 
|  85|0x0000000711a00000, 0x0000000711a00000, 0x0000000711c00000|  0%| F|  |TAMS 0x0000000711a00000, 0x0000000711a00000| Untracked 
|  86|0x0000000711c00000, 0x0000000711c00000, 0x0000000711e00000|  0%| F|  |TAMS 0x0000000711c00000, 0x0000000711c00000| Untracked 
|  87|0x0000000711e00000, 0x0000000711e00000, 0x0000000712000000|  0%| F|  |TAMS 0x0000000711e00000, 0x0000000711e00000| Untracked 
|  88|0x0000000712000000, 0x0000000712000000, 0x0000000712200000|  0%| F|  |TAMS 0x0000000712000000, 0x0000000712000000| Untracked 
|  89|0x0000000712200000, 0x0000000712200000, 0x0000000712400000|  0%| F|  |TAMS 0x0000000712200000, 0x0000000712200000| Untracked 
|  90|0x0000000712400000, 0x0000000712400000, 0x0000000712600000|  0%| F|  |TAMS 0x0000000712400000, 0x0000000712400000| Untracked 
|  91|0x0000000712600000, 0x0000000712600000, 0x0000000712800000|  0%| F|  |TAMS 0x0000000712600000, 0x0000000712600000| Untracked 
|  92|0x0000000712800000, 0x0000000712800000, 0x0000000712a00000|  0%| F|  |TAMS 0x0000000712800000, 0x0000000712800000| Untracked 
|  93|0x0000000712a00000, 0x0000000712a00000, 0x0000000712c00000|  0%| F|  |TAMS 0x0000000712a00000, 0x0000000712a00000| Untracked 
|  94|0x0000000712c00000, 0x0000000712c00000, 0x0000000712e00000|  0%| F|  |TAMS 0x0000000712c00000, 0x0000000712c00000| Untracked 
|  95|0x0000000712e00000, 0x0000000712e00000, 0x0000000713000000|  0%| F|  |TAMS 0x0000000712e00000, 0x0000000712e00000| Untracked 
|  96|0x0000000713000000, 0x0000000713000000, 0x0000000713200000|  0%| F|  |TAMS 0x0000000713000000, 0x0000000713000000| Untracked 
|  97|0x0000000713200000, 0x0000000713200000, 0x0000000713400000|  0%| F|  |TAMS 0x0000000713200000, 0x0000000713200000| Untracked 
|  98|0x0000000713400000, 0x0000000713400000, 0x0000000713600000|  0%| F|  |TAMS 0x0000000713400000, 0x0000000713400000| Untracked 
|  99|0x0000000713600000, 0x0000000713600000, 0x0000000713800000|  0%| F|  |TAMS 0x0000000713600000, 0x0000000713600000| Untracked 
| 100|0x0000000713800000, 0x0000000713800000, 0x0000000713a00000|  0%| F|  |TAMS 0x0000000713800000, 0x0000000713800000| Untracked 
| 101|0x0000000713a00000, 0x0000000713a00000, 0x0000000713c00000|  0%| F|  |TAMS 0x0000000713a00000, 0x0000000713a00000| Untracked 
| 102|0x0000000713c00000, 0x0000000713c00000, 0x0000000713e00000|  0%| F|  |TAMS 0x0000000713c00000, 0x0000000713c00000| Untracked 
| 103|0x0000000713e00000, 0x0000000713e00000, 0x0000000714000000|  0%| F|  |TAMS 0x0000000713e00000, 0x0000000713e00000| Untracked 
| 104|0x0000000714000000, 0x0000000714000000, 0x0000000714200000|  0%| F|  |TAMS 0x0000000714000000, 0x0000000714000000| Untracked 
| 105|0x0000000714200000, 0x0000000714200000, 0x0000000714400000|  0%| F|  |TAMS 0x0000000714200000, 0x0000000714200000| Untracked 
| 106|0x0000000714400000, 0x0000000714400000, 0x0000000714600000|  0%| F|  |TAMS 0x0000000714400000, 0x0000000714400000| Untracked 
| 107|0x0000000714600000, 0x0000000714600000, 0x0000000714800000|  0%| F|  |TAMS 0x0000000714600000, 0x0000000714600000| Untracked 
| 108|0x0000000714800000, 0x0000000714800000, 0x0000000714a00000|  0%| F|  |TAMS 0x0000000714800000, 0x0000000714800000| Untracked 
| 109|0x0000000714a00000, 0x0000000714a00000, 0x0000000714c00000|  0%| F|  |TAMS 0x0000000714a00000, 0x0000000714a00000| Untracked 
| 110|0x0000000714c00000, 0x0000000714c00000, 0x0000000714e00000|  0%| F|  |TAMS 0x0000000714c00000, 0x0000000714c00000| Untracked 
| 111|0x0000000714e00000, 0x0000000714e00000, 0x0000000715000000|  0%| F|  |TAMS 0x0000000714e00000, 0x0000000714e00000| Untracked 
| 112|0x0000000715000000, 0x0000000715000000, 0x0000000715200000|  0%| F|  |TAMS 0x0000000715000000, 0x0000000715000000| Untracked 
| 113|0x0000000715200000, 0x0000000715200000, 0x0000000715400000|  0%| F|  |TAMS 0x0000000715200000, 0x0000000715200000| Untracked 
| 114|0x0000000715400000, 0x0000000715400000, 0x0000000715600000|  0%| F|  |TAMS 0x0000000715400000, 0x0000000715400000| Untracked 
| 115|0x0000000715600000, 0x0000000715600000, 0x0000000715800000|  0%| F|  |TAMS 0x0000000715600000, 0x0000000715600000| Untracked 
| 116|0x0000000715800000, 0x0000000715800000, 0x0000000715a00000|  0%| F|  |TAMS 0x0000000715800000, 0x0000000715800000| Untracked 
| 117|0x0000000715a00000, 0x0000000715a00000, 0x0000000715c00000|  0%| F|  |TAMS 0x0000000715a00000, 0x0000000715a00000| Untracked 
| 118|0x0000000715c00000, 0x0000000715c00000, 0x0000000715e00000|  0%| F|  |TAMS 0x0000000715c00000, 0x0000000715c00000| Untracked 
| 119|0x0000000715e00000, 0x0000000715e00000, 0x0000000716000000|  0%| F|  |TAMS 0x0000000715e00000, 0x0000000715e00000| Untracked 
| 120|0x0000000716000000, 0x0000000716152910, 0x0000000716200000| 66%| E|  |TAMS 0x0000000716000000, 0x0000000716000000| Complete 
| 121|0x0000000716200000, 0x0000000716400000, 0x0000000716400000|100%| E|CS|TAMS 0x0000000716200000, 0x0000000716200000| Complete 
| 122|0x0000000716400000, 0x0000000716600000, 0x0000000716600000|100%| E|CS|TAMS 0x0000000716400000, 0x0000000716400000| Complete 
| 123|0x0000000716600000, 0x0000000716800000, 0x0000000716800000|100%| E|CS|TAMS 0x0000000716600000, 0x0000000716600000| Complete 
| 124|0x0000000716800000, 0x0000000716a00000, 0x0000000716a00000|100%| E|CS|TAMS 0x0000000716800000, 0x0000000716800000| Complete 

Card table byte_map: [0x0000610818c90000,0x0000610819458000] _byte_map_base: 0x0000610815458000

Marking Bits (Prev, Next): (CMBitMap*) 0x00006108140860a0, (CMBitMap*) 0x00006108140860e0
 Prev Bits: [0x00006107f8fc0000, 0x00006107fce00000)
 Next Bits: [0x00006107f5180000, 0x00006107f8fc0000)

Polling page: 0x000061081c3f2000

Metaspace:

Usage:
  Non-class:      8.47 MB used.
      Class:    919.56 KB used.
       Both:      9.37 MB used.

Virtual space:
  Non-class space:       64.00 MB reserved,       8.75 MB ( 14%) committed,  1 nodes.
      Class space:        1.00 GB reserved,       1.12 MB ( <1%) committed,  1 nodes.
             Both:        1.06 GB reserved,       9.88 MB ( <1%) committed. 

Chunk freelists:
   Non-Class:  2.67 MB
       Class:  2.94 MB
        Both:  5.60 MB

MaxMetaspaceSize: unlimited
CompressedClassSpaceSize: 1.00 GB
Initial GC threshold: 21.00 MB
Current GC threshold: 21.00 MB
CDS: off
MetaspaceReclaimPolicy: balanced
 - commit_granule_bytes: 65536.
 - commit_granule_words: 8192.
 - virtual_space_node_default_size: 8388608.
 - enlarge_chunks_in_place: 1.
 - new_chunks_are_fully_committed: 0.
 - uncommit_free_chunks: 1.
 - use_allocation_guard: 0.


Internal statistics:

num_allocs_failed_limit: 0.
num_arena_births: 638.
num_arena_deaths: 0.
num_vsnodes_births: 2.
num_vsnodes_deaths: 0.
num_space_committed: 158.
num_space_uncommitted: 0.
num_chunks_returned_to_freelist: 0.
num_chunks_taken_from_freelist: 674.
num_chunk_merges: 0.
num_chunk_splits: 487.
num_chunks_enlarged: 317.
num_inconsistent_stats: 0.

CodeHeap 'non-profiled nmethods': size=120028Kb used=323Kb max_used=323Kb free=119704Kb
 bounds [0x00006108048c9000, 0x0000610804b39000, 0x000061080be00000]
CodeHeap 'profiled nmethods': size=120028Kb used=1145Kb max_used=1145Kb free=118882Kb
 bounds [0x00006107fce00000, 0x00006107fd070000, 0x0000610804337000]
CodeHeap 'non-nmethods': size=5704Kb used=1468Kb max_used=1493Kb free=4235Kb
 bounds [0x0000610804337000, 0x00006108045a7000, 0x00006108048c9000]
 total_blobs=1332 nmethods=818 adapters=412
 compilation: enabled
              stopped_count=0, restarted_count=0
 full_count=0

Compilation events (20 events):
Event: 0.191 Thread 0x00006107b4196760 nmethod 804 0x0000610804918a90 code [0x0000610804918c00, 0x0000610804918c78]
Event: 0.191 Thread 0x00006108141fd130 nmethod 802 0x00006107fcf19510 code [0x00006107fcf19740, 0x00006107fcf19fb0]
Event: 0.191 Thread 0x00006108141fd130  803       3       jdk.internal.org.objectweb.asm.SymbolTable::setMajorVersionAndClassName (19 bytes)
Event: 0.191 Thread 0x00006108141fd130 nmethod 803 0x00006107fcf1a410 code [0x00006107fcf1a5c0, 0x00006107fcf1a7e0]
Event: 0.191 Thread 0x00006108141fd130  805       3       java.util.List::of (64 bytes)
Event: 0.191 Thread 0x00006108141fd130 nmethod 805 0x00006107fcf1a910 code [0x00006107fcf1abc0, 0x00006107fcf1b8f0]
Event: 0.191 Thread 0x00006108141fd130  811       3       java.lang.invoke.MethodHandles$Lookup$ClassOption::optionsToFlag (40 bytes)
Event: 0.192 Thread 0x00006108141fd130 nmethod 811 0x00006107fcf1bd10 code [0x00006107fcf1bf00, 0x00006107fcf1c420]
Event: 0.192 Thread 0x00006108141fd130  810       3       java.lang.invoke.MethodHandles$Lookup$ClassFile::<init> (20 bytes)
Event: 0.192 Thread 0x00006108141fd130 nmethod 810 0x00006107fcf1c590 code [0x00006107fcf1c740, 0x00006107fcf1c990]
Event: 0.192 Thread 0x00006108141fd130  812       3       java.lang.invoke.MethodHandles$Lookup$ClassDefiner::<init> (58 bytes)
Event: 0.192 Thread 0x00006108141fd130 nmethod 812 0x00006107fcf1ca90 code [0x00006107fcf1cc40, 0x00006107fcf1cf10]
Event: 0.192 Thread 0x00006108141fd130  813       3       java.lang.System$2::defineClass (21 bytes)
Event: 0.192 Thread 0x00006108141fd130 nmethod 813 0x00006107fcf1d010 code [0x00006107fcf1d1c0, 0x00006107fcf1d360]
Event: 0.192 Thread 0x00006108141fd130  806       3       java.lang.invoke.LambdaForm::editor (5 bytes)
Event: 0.192 Thread 0x00006108141fd130 nmethod 806 0x00006107fcf1d490 code [0x00006107fcf1d660, 0x00006107fcf1d9a0]
Event: 0.192 Thread 0x00006108141fd130  807       3       java.lang.invoke.LambdaFormEditor::lambdaFormEditor (12 bytes)
Event: 0.192 Thread 0x00006108141fd130 nmethod 807 0x00006107fcf1db10 code [0x00006107fcf1dce0, 0x00006107fcf1dfc0]
Event: 0.192 Thread 0x00006108141fd130  816       3       java.lang.invoke.MethodType::invokerType (9 bytes)
Event: 0.192 Thread 0x00006108141fd130 nmethod 816 0x00006107fcf1e110 code [0x00006107fcf1e2c0, 0x00006107fcf1e420]

GC Heap History (0 events):
No events

Dll operation events (8 events):
Event: 0.002 Loaded shared library /usr/lib/jvm/java-19-openjdk/lib/libjava.so
Event: 0.014 Loaded shared library /usr/lib/jvm/java-19-openjdk/lib/libjsvml.so
Event: 0.029 Loaded shared library /usr/lib/jvm/java-19-openjdk/lib/libnio.so
Event: 0.056 Loaded shared library /usr/lib/jvm/java-19-openjdk/lib/libnet.so
Event: 0.085 Loaded shared library /usr/lib/jvm/java-19-openjdk/lib/libjimage.so
Event: 0.090 Loaded shared library /lib/libc.so.6
Event: 0.122 Loading shared library pfs-core failed, pfs-core: cannot open shared object file: No such file or directory
Event: 0.122 Loaded shared library /data/git/PatrFileSys/javaPFS/lib/libpfs-core.so

Deoptimization events (12 events):
Event: 0.143 Thread 0x0000610814015780 Uncommon trap: trap_request=0xffffff45 fr.pc=0x00006108048f2f38 relative=0x0000000000000118
Event: 0.143 Thread 0x0000610814015780 Uncommon trap: reason=unstable_if action=reinterpret pc=0x00006108048f2f38 method=jdk.internal.org.objectweb.asm.ByteVector.putShort(I)Ljdk/internal/org/objectweb/asm/ByteVector; @ 13 c2
Event: 0.143 Thread 0x0000610814015780 DEOPT PACKING pc=0x00006108048f2f38 sp=0x000061081abfd810
Event: 0.143 Thread 0x0000610814015780 DEOPT UNPACKING pc=0x000061080439de99 sp=0x000061081abfd7c8 mode 2
Event: 0.145 Thread 0x0000610814015780 DEOPT PACKING pc=0x00006107fce1fd72 sp=0x000061081abfd110
Event: 0.145 Thread 0x0000610814015780 DEOPT UNPACKING pc=0x000061080439e62f sp=0x000061081abfc550 mode 0
Event: 0.148 Thread 0x0000610814015780 DEOPT PACKING pc=0x00006107fce177e6 sp=0x000061081abfd090
Event: 0.148 Thread 0x0000610814015780 DEOPT UNPACKING pc=0x000061080439e62f sp=0x000061081abfc528 mode 0
Event: 0.178 Thread 0x0000610814015780 Uncommon trap: trap_request=0xffffff45 fr.pc=0x000061080490c7ec relative=0x000000000000168c
Event: 0.178 Thread 0x0000610814015780 Uncommon trap: reason=unstable_if action=reinterpret pc=0x000061080490c7ec method=jdk.internal.org.objectweb.asm.Frame.execute(IILjdk/internal/org/objectweb/asm/Symbol;Ljdk/internal/org/objectweb/asm/SymbolTable;)V @ 1 c2
Event: 0.178 Thread 0x0000610814015780 DEOPT PACKING pc=0x000061080490c7ec sp=0x000061081abfc330
Event: 0.178 Thread 0x0000610814015780 DEOPT UNPACKING pc=0x000061080439de99 sp=0x000061081abfc2a8 mode 2

Classes loaded (20 events):
Event: 0.187 Loading class java/lang/constant/DirectMethodHandleDesc done
Event: 0.187 Loading class java/lang/constant/DirectMethodHandleDescImpl done
Event: 0.187 Loading class java/lang/constant/DirectMethodHandleDescImpl$1
Event: 0.187 Loading class java/lang/constant/DirectMethodHandleDescImpl$1 done
Event: 0.187 Loading class java/lang/constant/DirectMethodHandleDesc$1
Event: 0.187 Loading class java/lang/constant/DirectMethodHandleDesc$1 done
Event: 0.187 Loading class java/lang/constant/PrimitiveClassDescImpl
Event: 0.187 Loading class java/lang/constant/DynamicConstantDesc
Event: 0.187 Loading class java/lang/constant/DynamicConstantDesc done
Event: 0.187 Loading class java/lang/constant/PrimitiveClassDescImpl done
Event: 0.187 Loading class java/lang/constant/DynamicConstantDesc$AnonymousDynamicConstantDesc
Event: 0.187 Loading class java/lang/constant/DynamicConstantDesc$AnonymousDynamicConstantDesc done
Event: 0.187 Loading class java/lang/invoke/IndirectVarHandle
Event: 0.187 Loading class java/lang/invoke/IndirectVarHandle done
Event: 0.188 Loading class java/lang/invoke/VarHandles$2
Event: 0.188 Loading class java/lang/invoke/VarHandles$2 done
Event: 0.191 Loading class java/lang/UnsupportedOperationException
Event: 0.191 Loading class java/lang/UnsupportedOperationException done
Event: 0.192 Loading class java/lang/invoke/VarHandleSegmentAsInts
Event: 0.192 Loading class java/lang/invoke/VarHandleSegmentAsInts done

Classes unloaded (0 events):
No events

Classes redefined (0 events):
No events

Internal exceptions (20 events):
Event: 0.175 Thread 0x0000610814015780 Exception <a 'java/lang/NoSuchMethodError'{0x00000007163cae60}: 'int java.lang.invoke.DelegatingMethodHandle$Holder.reinvoke_L(java.lang.Object, java.lang.Object, java.lang.Object, int, java.lang.Object, java.lang.Object, long)'> (0x00000007163cae60) 
thrown [src/hotspot/share/interpreter/linkResolver.cpp, line 773]
Event: 0.177 Thread 0x0000610814015780 Exception <a 'java/lang/NoSuchMethodError'{0x00000007163f7b70}: 'java.lang.Object java.lang.invoke.DirectMethodHandle$Holder.invokeSpecial(java.lang.Object, java.lang.Object, int, java.lang.Object, java.lang.Object)'> (0x00000007163f7b70) 
thrown [src/hotspot/share/interpreter/linkResolver.cpp, line 773]
Event: 0.177 Thread 0x0000610814015780 Exception <a 'java/lang/NoSuchMethodError'{0x00000007163fb580}: 'java.lang.Object java.lang.invoke.DelegatingMethodHandle$Holder.delegate(java.lang.Object, int, java.lang.Object, java.lang.Object)'> (0x00000007163fb580) 
thrown [src/hotspot/share/interpreter/linkResolver.cpp, line 773]
Event: 0.178 Thread 0x0000610814015780 Exception <a 'java/lang/NoSuchMethodError'{0x000000071600f3e8}: 'int java.lang.invoke.Invokers$Holder.linkToTargetMethod(java.lang.Object, java.lang.Object, java.lang.Object)'> (0x000000071600f3e8) 
thrown [src/hotspot/share/interpreter/linkResolver.cpp, line 773]
Event: 0.179 Thread 0x0000610814015780 Exception <a 'java/lang/NoSuchMethodError'{0x000000071601e898}: 'int java.lang.invoke.DirectMethodHandle$Holder.invokeStaticInit(java.lang.Object, java.lang.Object, java.lang.Object, int, java.lang.Object, long)'> (0x000000071601e898) 
thrown [src/hotspot/share/interpreter/linkResolver.cpp, line 773]
Event: 0.179 Thread 0x0000610814015780 Exception <a 'java/lang/NoSuchMethodError'{0x0000000716025d80}: 'int java.lang.invoke.DelegatingMethodHandle$Holder.reinvoke_L(java.lang.Object, java.lang.Object, java.lang.Object, int, java.lang.Object, long)'> (0x0000000716025d80) 
thrown [src/hotspot/share/interpreter/linkResolver.cpp, line 773]
Event: 0.181 Thread 0x0000610814015780 Exception <a 'java/lang/NoSuchMethodError'{0x0000000716046740}: 'int java.lang.invoke.DirectMethodHandle$Holder.invokeStatic(java.lang.Object, java.lang.Object, java.lang.Object, int, int, long)'> (0x0000000716046740) 
thrown [src/hotspot/share/interpreter/linkResolver.cpp, line 773]
Event: 0.181 Thread 0x0000610814015780 Exception <a 'java/lang/NoSuchMethodError'{0x0000000716049f88}: 'int java.lang.invoke.DirectMethodHandle$Holder.invokeStaticInit(java.lang.Object, java.lang.Object, java.lang.Object, int, int, long)'> (0x0000000716049f88) 
thrown [src/hotspot/share/interpreter/linkResolver.cpp, line 773]
Event: 0.182 Thread 0x0000610814015780 Exception <a 'java/lang/NoSuchMethodError'{0x000000071604d978}: 'int java.lang.invoke.DirectMethodHandle$Holder.invokeSpecial(java.lang.Object, java.lang.Object, java.lang.Object, java.lang.Object, int, int, long)'> (0x000000071604d978) 
thrown [src/hotspot/share/interpreter/linkResolver.cpp, line 773]
Event: 0.182 Thread 0x0000610814015780 Exception <a 'java/lang/NoSuchMethodError'{0x00000007160511a8}: 'int java.lang.invoke.DelegatingMethodHandle$Holder.reinvoke_L(java.lang.Object, java.lang.Object, java.lang.Object, int, int, long)'> (0x00000007160511a8) 
thrown [src/hotspot/share/interpreter/linkResolver.cpp, line 773]
Event: 0.183 Thread 0x0000610814015780 Exception <a 'java/lang/NoSuchMethodError'{0x0000000716077fa8}: 'int java.lang.invoke.DirectMethodHandle$Holder.invokeStaticInit(java.lang.Object, java.lang.Object, java.lang.Object, int, int, java.lang.Object, long)'> (0x0000000716077fa8) 
thrown [src/hotspot/share/interpreter/linkResolver.cpp, line 773]
Event: 0.184 Thread 0x0000610814015780 Exception <a 'java/lang/NoSuchMethodError'{0x000000071607f558}: 'int java.lang.invoke.DelegatingMethodHandle$Holder.reinvoke_L(java.lang.Object, java.lang.Object, java.lang.Object, int, int, java.lang.Object, long)'> (0x000000071607f558) 
thrown [src/hotspot/share/interpreter/linkResolver.cpp, line 773]
Event: 0.188 Thread 0x0000610814015780 Exception <a 'java/lang/NoSuchMethodError'{0x00000007160bb220}: 'void java.lang.invoke.DelegatingMethodHandle$Holder.reinvoke_L(java.lang.Object, java.lang.Object, java.lang.Object, long, long)'> (0x00000007160bb220) 
thrown [src/hotspot/share/interpreter/linkResolver.cpp, line 773]
Event: 0.188 Thread 0x0000610814015780 Exception <a 'java/lang/NoSuchMethodError'{0x00000007160c2ba0}: 'int java.lang.invoke.DirectMethodHandle$Holder.invokeSpecial(java.lang.Object, java.lang.Object, int, java.lang.Object, java.lang.Object)'> (0x00000007160c2ba0) 
thrown [src/hotspot/share/interpreter/linkResolver.cpp, line 773]
Event: 0.189 Thread 0x0000610814015780 Exception <a 'java/lang/NoSuchMethodError'{0x00000007160d1878}: 'java.lang.Object java.lang.invoke.DirectMethodHandle$Holder.invokeSpecial(java.lang.Object, java.lang.Object, java.lang.Object, java.lang.Object, long)'> (0x00000007160d1878) 
thrown [src/hotspot/share/interpreter/linkResolver.cpp, line 773]
Event: 0.190 Thread 0x0000610814015780 Exception <a 'java/lang/NoSuchMethodError'{0x00000007160ddea0}: 'long java.lang.invoke.Invokers$Holder.invoke_MT(java.lang.Object, int, java.lang.Object)'> (0x00000007160ddea0) 
thrown [src/hotspot/share/interpreter/linkResolver.cpp, line 773]
Event: 0.190 Thread 0x0000610814015780 Exception <a 'java/lang/NoSuchMethodError'{0x00000007160e8a90}: 'int java.lang.invoke.Invokers$Holder.invoke_MT(java.lang.Object, int, int, java.lang.Object)'> (0x00000007160e8a90) 
thrown [src/hotspot/share/interpreter/linkResolver.cpp, line 773]
Event: 0.191 Thread 0x0000610814015780 Exception <a 'java/lang/NoSuchMethodError'{0x00000007160f5198}: 'int java.lang.invoke.Invokers$Holder.invoke_MT(java.lang.Object, int, java.lang.Object)'> (0x00000007160f5198) 
thrown [src/hotspot/share/interpreter/linkResolver.cpp, line 773]
Event: 0.192 Thread 0x0000610814015780 Exception <a 'java/lang/NoSuchMethodError'{0x0000000716100f50}: 'int java.lang.invoke.DirectMethodHandle$Holder.invokeSpecial(java.lang.Object, java.lang.Object, int, java.lang.Object)'> (0x0000000716100f50) 
thrown [src/hotspot/share/interpreter/linkResolver.cpp, line 773]
Event: 0.192 Thread 0x0000610814015780 Exception <a 'java/lang/NoSuchMethodError'{0x0000000716104498}: 'int java.lang.invoke.Invokers$Holder.invoke_MT(java.lang.Object, int, java.lang.Object, java.lang.Object)'> (0x0000000716104498) 
thrown [src/hotspot/share/interpreter/linkResolver.cpp, line 773]

VM Operations (2 events):
Event: 0.073 Executing VM operation: HandshakeAllThreads
Event: 0.073 Executing VM operation: HandshakeAllThreads done

Events (20 events):
Event: 0.023 Thread 0x00006108141f6380 Thread added: 0x00006108141f6380
Event: 0.023 Protecting memory [0x00006107f42a0000,0x00006107f42a4000] with protection modes 0
Event: 0.024 Thread 0x00006108141f7a90 Thread added: 0x00006108141f7a90
Event: 0.024 Protecting memory [0x00006107f41a0000,0x00006107f41a4000] with protection modes 0
Event: 0.024 Thread 0x00006108141f8e40 Thread added: 0x00006108141f8e40
Event: 0.024 Protecting memory [0x00006107f40a0000,0x00006107f40a4000] with protection modes 0
Event: 0.024 Thread 0x00006108141fa1e0 Thread added: 0x00006108141fa1e0
Event: 0.024 Protecting memory [0x00006107e5b00000,0x00006107e5b04000] with protection modes 0
Event: 0.024 Thread 0x00006108141fbbf0 Thread added: 0x00006108141fbbf0
Event: 0.024 Protecting memory [0x00006107e5a00000,0x00006107e5a04000] with protection modes 0
Event: 0.024 Thread 0x00006108141fd130 Thread added: 0x00006108141fd130
Event: 0.024 Protecting memory [0x00006107e5900000,0x00006107e5904000] with protection modes 0
Event: 0.024 Thread 0x00006108141fe600 Thread added: 0x00006108141fe600
Event: 0.024 Protecting memory [0x00006107e5800000,0x00006107e5804000] with protection modes 0
Event: 0.051 Thread 0x00006108142ae580 Thread added: 0x00006108142ae580
Event: 0.051 Protecting memory [0x00006107e5700000,0x00006107e5704000] with protection modes 0
Event: 0.080 Thread 0x000061081430ce10 Thread added: 0x000061081430ce10
Event: 0.080 Protecting memory [0x00006107e5600000,0x00006107e5604000] with protection modes 0
Event: 0.150 Thread 0x00006107b4196760 Thread added: 0x00006107b4196760
Event: 0.150 Protecting memory [0x00006107e53fe000,0x00006107e5402000] with protection modes 0


Dynamic libraries:
707000000-716a00000 rw-p 00000000 00:00 0 
716a00000-800000000 ---p 00000000 00:00 0 
800000000-800020000 rw-p 00000000 00:00 0 
800020000-800040000 rw-p 00000000 00:00 0 
800040000-8000c0000 rw-p 00000000 00:00 0 
8000c0000-800120000 rw-p 00000000 00:00 0 
800120000-840000000 ---p 00000000 00:00 0 
82642910000-82642911000 r--p 00000000 08:03 18908520                     /usr/lib/jvm/java-19-openjdk/bin/java
82642911000-82642912000 r-xp 00001000 08:03 18908520                     /usr/lib/jvm/java-19-openjdk/bin/java
82642912000-82642913000 r--p 00002000 08:03 18908520                     /usr/lib/jvm/java-19-openjdk/bin/java
82642913000-82642914000 r--p 00002000 08:03 18908520                     /usr/lib/jvm/java-19-openjdk/bin/java
82642914000-82642915000 rw-p 00003000 08:03 18908520                     /usr/lib/jvm/java-19-openjdk/bin/java
82650d96000-82650dde000 rw-p 00000000 00:00 0                            [heap]
6107a4000000-6107a4021000 rw-p 00000000 00:00 0 
6107a4021000-6107a8000000 ---p 00000000 00:00 0 
6107a8000000-6107a8270000 rw-p 00000000 00:00 0 
6107a8270000-6107ac000000 ---p 00000000 00:00 0 
6107ac000000-6107ac021000 rw-p 00000000 00:00 0 
6107ac021000-6107b0000000 ---p 00000000 00:00 0 
6107b0000000-6107b0021000 rw-p 00000000 00:00 0 
6107b0021000-6107b4000000 ---p 00000000 00:00 0 
6107b4000000-6107b4245000 rw-p 00000000 00:00 0 
6107b4245000-6107b8000000 ---p 00000000 00:00 0 
6107b8000000-6107b8021000 rw-p 00000000 00:00 0 
6107b8021000-6107bc000000 ---p 00000000 00:00 0 
6107bc000000-6107bc021000 rw-p 00000000 00:00 0 
6107bc021000-6107c0000000 ---p 00000000 00:00 0 
6107c0000000-6107c02b2000 rw-p 00000000 00:00 0 
6107c02b2000-6107c4000000 ---p 00000000 00:00 0 
6107c4000000-6107c4021000 rw-p 00000000 00:00 0 
6107c4021000-6107c8000000 ---p 00000000 00:00 0 
6107c8000000-6107c8021000 rw-p 00000000 00:00 0 
6107c8021000-6107cc000000 ---p 00000000 00:00 0 
6107cc000000-6107cc021000 rw-p 00000000 00:00 0 
6107cc021000-6107d0000000 ---p 00000000 00:00 0 
6107d0000000-6107d0021000 rw-p 00000000 00:00 0 
6107d0021000-6107d4000000 ---p 00000000 00:00 0 
6107d4000000-6107d4021000 rw-p 00000000 00:00 0 
6107d4021000-6107d8000000 ---p 00000000 00:00 0 
6107d8000000-6107d8021000 rw-p 00000000 00:00 0 
6107d8021000-6107dc000000 ---p 00000000 00:00 0 
6107dc000000-6107dc500000 rw-p 00000000 00:00 0 
6107dc500000-6107dc520000 rw-p 00000000 00:00 0 
6107dc520000-6107dc540000 rw-p 00000000 00:00 0 
6107dc540000-6107dc580000 rw-p 00000000 00:00 0 
6107dc580000-6107dc700000 rw-p 00000000 00:00 0 
6107dc700000-6107dc760000 rw-p 00000000 00:00 0 
6107dc760000-6107dc780000 rw-p 00000000 00:00 0 
6107dc780000-6107dc860000 rw-p 00000000 00:00 0 
6107dc860000-6107dc900000 ---p 00000000 00:00 0 
6107dc900000-6107dc960000 rw-p 00000000 00:00 0 
6107dc960000-6107e0000000 ---p 00000000 00:00 0 
6107e0000000-6107e0021000 rw-p 00000000 00:00 0 
6107e0021000-6107e4000000 ---p 00000000 00:00 0 
6107e53fe000-6107e5402000 ---p 00000000 00:00 0 
6107e5402000-6107e54fe000 rw-p 00000000 00:00 0 
6107e54fe000-6107e54ff000 ---p 00000000 00:00 0 
6107e54ff000-6107e5600000 rw-p 00000000 00:00 0 
6107e5600000-6107e5604000 ---p 00000000 00:00 0 
6107e5604000-6107e5700000 rw-p 00000000 00:00 0 
6107e5700000-6107e5704000 ---p 00000000 00:00 0 
6107e5704000-6107e5800000 rw-p 00000000 00:00 0 
6107e5800000-6107e5804000 ---p 00000000 00:00 0 
6107e5804000-6107e5900000 rw-p 00000000 00:00 0 
6107e5900000-6107e5904000 ---p 00000000 00:00 0 
6107e5904000-6107e5a00000 rw-p 00000000 00:00 0 
6107e5a00000-6107e5a04000 ---p 00000000 00:00 0 
6107e5a04000-6107e5b00000 rw-p 00000000 00:00 0 
6107e5b00000-6107e5b04000 ---p 00000000 00:00 0 
6107e5b04000-6107e5c00000 rw-p 00000000 00:00 0 
6107e5c00000-6107e5fe1000 r--p 00000000 08:03 18372726                   /usr/lib/locale/locale-archive
6107e6000000-6107e8000000 rw-p 00000000 00:00 0 
6107e8000000-6107e8021000 rw-p 00000000 00:00 0 
6107e8021000-6107ec000000 ---p 00000000 00:00 0 
6107ec000000-6107ec021000 rw-p 00000000 00:00 0 
6107ec021000-6107f0000000 ---p 00000000 00:00 0 
6107f0000000-6107f0021000 rw-p 00000000 00:00 0 
6107f0021000-6107f4000000 ---p 00000000 00:00 0 
6107f40a0000-6107f40a4000 ---p 00000000 00:00 0 
6107f40a4000-6107f41a0000 rw-p 00000000 00:00 0 
6107f41a0000-6107f41a4000 ---p 00000000 00:00 0 
6107f41a4000-6107f42a0000 rw-p 00000000 00:00 0 
6107f42a0000-6107f42a4000 ---p 00000000 00:00 0 
6107f42a4000-6107f43a0000 rw-p 00000000 00:00 0 
6107f43a0000-6107f43a4000 ---p 00000000 00:00 0 
6107f43a4000-6107f44a0000 rw-p 00000000 00:00 0 
6107f44a0000-6107f44a1000 ---p 00000000 00:00 0 
6107f44a1000-6107f45a2000 rw-p 00000000 00:00 0 
6107f45a2000-6107f45a7000 r--p 00000000 08:03 18908576                   /usr/lib/jvm/java-19-openjdk/lib/libjsvml.so
6107f45a7000-6107f45e8000 r-xp 00005000 08:03 18908576                   /usr/lib/jvm/java-19-openjdk/lib/libjsvml.so
6107f45e8000-6107f4671000 r--p 00046000 08:03 18908576                   /usr/lib/jvm/java-19-openjdk/lib/libjsvml.so
6107f4671000-6107f4672000 r--p 000ce000 08:03 18908576                   /usr/lib/jvm/java-19-openjdk/lib/libjsvml.so
6107f4672000-6107f4673000 rw-p 000cf000 08:03 18908576                   /usr/lib/jvm/java-19-openjdk/lib/libjsvml.so
6107f4673000-6107f4674000 ---p 00000000 00:00 0 
6107f4674000-6107f4775000 rw-p 00000000 00:00 0 
6107f4775000-6107f4776000 ---p 00000000 00:00 0 
6107f4776000-6107f5568000 rw-p 00000000 00:00 0 
6107f5568000-6107f8fc0000 ---p 00000000 00:00 0 
6107f8fc0000-6107f93a8000 rw-p 00000000 00:00 0 
6107f93a8000-6107fce00000 ---p 00000000 00:00 0 
6107fce00000-6107fd070000 rwxp 00000000 00:00 0 
6107fd070000-610804337000 ---p 00000000 00:00 0 
610804337000-6108045a7000 rwxp 00000000 00:00 0 
6108045a7000-6108048c9000 ---p 00000000 00:00 0 
6108048c9000-610804b39000 rwxp 00000000 00:00 0 
610804b39000-61080be00000 ---p 00000000 00:00 0 
61080be00000-610813f33000 r--s 00000000 08:03 18908603                   /usr/lib/jvm/java-19-openjdk/lib/modules
610813f7f000-610814000000 rw-p 00000000 00:00 0 
610814000000-6108144ed000 rw-p 00000000 00:00 0 
6108144ed000-610818000000 ---p 00000000 00:00 0 
610818035000-6108181c2000 rw-p 00000000 00:00 0 
6108181c2000-6108181c3000 ---p 00000000 00:00 0 
6108181c3000-6108182c4000 rw-p 00000000 00:00 0 
6108182c4000-6108182c5000 ---p 00000000 00:00 0 
6108182c5000-6108183c6000 rw-p 00000000 00:00 0 
6108183c6000-6108183c7000 ---p 00000000 00:00 0 
6108183c7000-610818545000 rw-p 00000000 00:00 0 
610818545000-610818c90000 ---p 00000000 00:00 0 
610818c90000-610818d0d000 rw-p 00000000 00:00 0 
610818d0d000-610819458000 ---p 00000000 00:00 0 
610819458000-6108194d5000 rw-p 00000000 00:00 0 
6108194d5000-610819c20000 ---p 00000000 00:00 0 
610819c20000-61081a62f000 rw-p 00000000 00:00 0 
61081a62f000-61081a715000 ---p 00000000 00:00 0 
61081a715000-61081a71a000 rw-p 00000000 00:00 0 
61081a71a000-61081a800000 ---p 00000000 00:00 0 
61081a800000-61081a899000 r--p 00000000 08:03 18354265                   /usr/lib/libstdc++.so.6.0.30
61081a899000-61081a9af000 r-xp 00099000 08:03 18354265                   /usr/lib/libstdc++.so.6.0.30
61081a9af000-61081aa26000 r--p 001af000 08:03 18354265                   /usr/lib/libstdc++.so.6.0.30
61081aa26000-61081aa33000 r--p 00225000 08:03 18354265                   /usr/lib/libstdc++.so.6.0.30
61081aa33000-61081aa34000 rw-p 00232000 08:03 18354265                   /usr/lib/libstdc++.so.6.0.30
61081aa34000-61081aa37000 rw-p 00000000 00:00 0 
61081aa48000-61081aa4b000 r--p 00000000 08:11 48500917                   /data/git/PatrFileSys/pfs-core/exports/shared/libpfs-core.so
61081aa4b000-61081aa55000 r-xp 00003000 08:11 48500917                   /data/git/PatrFileSys/pfs-core/exports/shared/libpfs-core.so
61081aa55000-61081aa58000 r--p 0000d000 08:11 48500917                   /data/git/PatrFileSys/pfs-core/exports/shared/libpfs-core.so
61081aa58000-61081aa59000 r--p 0000f000 08:11 48500917                   /data/git/PatrFileSys/pfs-core/exports/shared/libpfs-core.so
61081aa59000-61081aa5a000 rw-p 00010000 08:11 48500917                   /data/git/PatrFileSys/pfs-core/exports/shared/libpfs-core.so
61081aa5a000-61081aa5d000 r--p 00000000 08:03 18908588                   /usr/lib/jvm/java-19-openjdk/lib/libnet.so
61081aa5d000-61081aa66000 r-xp 00003000 08:03 18908588                   /usr/lib/jvm/java-19-openjdk/lib/libnet.so
61081aa66000-61081aa68000 r--p 0000c000 08:03 18908588                   /usr/lib/jvm/java-19-openjdk/lib/libnet.so
61081aa68000-61081aa69000 r--p 0000e000 08:03 18908588                   /usr/lib/jvm/java-19-openjdk/lib/libnet.so
61081aa69000-61081aa6a000 rw-p 0000f000 08:03 18908588                   /usr/lib/jvm/java-19-openjdk/lib/libnet.so
61081aa6a000-61081aa71000 r--p 00000000 08:03 18908590                   /usr/lib/jvm/java-19-openjdk/lib/libnio.so
61081aa71000-61081aa79000 r-xp 00007000 08:03 18908590                   /usr/lib/jvm/java-19-openjdk/lib/libnio.so
61081aa79000-61081aa7d000 r--p 0000f000 08:03 18908590                   /usr/lib/jvm/java-19-openjdk/lib/libnio.so
61081aa7d000-61081aa7e000 r--p 00013000 08:03 18908590                   /usr/lib/jvm/java-19-openjdk/lib/libnio.so
61081aa7e000-61081aa7f000 rw-p 00014000 08:03 18908590                   /usr/lib/jvm/java-19-openjdk/lib/libnio.so
61081aa7f000-61081ab00000 rw-p 00000000 00:00 0 
61081ab00000-61081ab04000 ---p 00000000 00:00 0 
61081ab04000-61081ac00000 rw-p 00000000 00:00 0 
61081ac00000-61081ae8d000 r--p 00000000 08:03 19010004                   /usr/lib/jvm/java-19-openjdk/lib/server/libjvm.so
61081ae8d000-61081bc5e000 r-xp 0028d000 08:03 19010004                   /usr/lib/jvm/java-19-openjdk/lib/server/libjvm.so
61081bc5e000-61081bf06000 r--p 0105e000 08:03 19010004                   /usr/lib/jvm/java-19-openjdk/lib/server/libjvm.so
61081bf06000-61081bfd2000 r--p 01306000 08:03 19010004                   /usr/lib/jvm/java-19-openjdk/lib/server/libjvm.so
61081bfd2000-61081c008000 rw-p 013d2000 08:03 19010004                   /usr/lib/jvm/java-19-openjdk/lib/server/libjvm.so
61081c008000-61081c064000 rw-p 00000000 00:00 0 
61081c068000-61081c0a9000 rw-p 00000000 00:00 0 
61081c0a9000-61081c0b6000 r--p 00000000 08:03 18908565                   /usr/lib/jvm/java-19-openjdk/lib/libjava.so
61081c0b6000-61081c0c7000 r-xp 0000d000 08:03 18908565                   /usr/lib/jvm/java-19-openjdk/lib/libjava.so
61081c0c7000-61081c0cd000 r--p 0001e000 08:03 18908565                   /usr/lib/jvm/java-19-openjdk/lib/libjava.so
61081c0cd000-61081c0ce000 r--p 00024000 08:03 18908565                   /usr/lib/jvm/java-19-openjdk/lib/libjava.so
61081c0ce000-61081c0cf000 rw-p 00025000 08:03 18908565                   /usr/lib/jvm/java-19-openjdk/lib/libjava.so
61081c0cf000-61081c0d0000 rw-p 00000000 00:00 0 
61081c0d0000-61081c0d3000 r--p 00000000 08:03 18354235                   /usr/lib/libgcc_s.so.1
61081c0d3000-61081c0ea000 r-xp 00003000 08:03 18354235                   /usr/lib/libgcc_s.so.1
61081c0ea000-61081c0ee000 r--p 0001a000 08:03 18354235                   /usr/lib/libgcc_s.so.1
61081c0ee000-61081c0ef000 r--p 0001d000 08:03 18354235                   /usr/lib/libgcc_s.so.1
61081c0ef000-61081c0f0000 rw-p 0001e000 08:03 18354235                   /usr/lib/libgcc_s.so.1
61081c0f0000-61081c0fe000 r--p 00000000 08:03 18353453                   /usr/lib/libm.so.6
61081c0fe000-61081c178000 r-xp 0000e000 08:03 18353453                   /usr/lib/libm.so.6
61081c178000-61081c1d6000 r--p 00088000 08:03 18353453                   /usr/lib/libm.so.6
61081c1d6000-61081c1d7000 r--p 000e5000 08:03 18353453                   /usr/lib/libm.so.6
61081c1d7000-61081c1d8000 rw-p 000e6000 08:03 18353453                   /usr/lib/libm.so.6
61081c1d8000-61081c1db000 rw-p 00000000 00:00 0 
61081c1db000-61081c1de000 r--p 00000000 08:03 18363433                   /usr/lib/libz.so.1.2.13
61081c1de000-61081c1ec000 r-xp 00003000 08:03 18363433                   /usr/lib/libz.so.1.2.13
61081c1ec000-61081c1f3000 r--p 00011000 08:03 18363433                   /usr/lib/libz.so.1.2.13
61081c1f3000-61081c1f4000 r--p 00017000 08:03 18363433                   /usr/lib/libz.so.1.2.13
61081c1f4000-61081c1f5000 rw-p 00018000 08:03 18363433                   /usr/lib/libz.so.1.2.13
61081c1f5000-61081c217000 r--p 00000000 08:03 18353443                   /usr/lib/libc.so.6
61081c217000-61081c372000 r-xp 00022000 08:03 18353443                   /usr/lib/libc.so.6
61081c372000-61081c3c9000 r--p 0017d000 08:03 18353443                   /usr/lib/libc.so.6
61081c3c9000-61081c3cd000 r--p 001d4000 08:03 18353443                   /usr/lib/libc.so.6
61081c3cd000-61081c3cf000 rw-p 001d8000 08:03 18353443                   /usr/lib/libc.so.6
61081c3cf000-61081c3dc000 rw-p 00000000 00:00 0 
61081c3de000-61081c3e3000 rw-p 00000000 00:00 0 
61081c3e3000-61081c3ea000 ---p 00000000 00:00 0 
61081c3ea000-61081c3f2000 rw-s 00000000 00:24 387                        /tmp/hsperfdata_pat/25708
61081c3f2000-61081c3f3000 ---p 00000000 00:00 0 
61081c3f3000-61081c3f4000 r--p 00000000 00:00 0 
61081c3f4000-61081c3f5000 ---p 00000000 00:00 0 
61081c3f5000-61081c3f7000 r--p 00000000 08:03 18908570                   /usr/lib/jvm/java-19-openjdk/lib/libjimage.so
61081c3f7000-61081c3fa000 r-xp 00002000 08:03 18908570                   /usr/lib/jvm/java-19-openjdk/lib/libjimage.so
61081c3fa000-61081c3fb000 r--p 00005000 08:03 18908570                   /usr/lib/jvm/java-19-openjdk/lib/libjimage.so
61081c3fb000-61081c3fc000 r--p 00006000 08:03 18908570                   /usr/lib/jvm/java-19-openjdk/lib/libjimage.so
61081c3fc000-61081c3fd000 rw-p 00007000 08:03 18908570                   /usr/lib/jvm/java-19-openjdk/lib/libjimage.so
61081c3fd000-61081c3ff000 r--p 00000000 08:03 18908572                   /usr/lib/jvm/java-19-openjdk/lib/libjli.so
61081c3ff000-61081c408000 r-xp 00002000 08:03 18908572                   /usr/lib/jvm/java-19-openjdk/lib/libjli.so
61081c408000-61081c40b000 r--p 0000b000 08:03 18908572                   /usr/lib/jvm/java-19-openjdk/lib/libjli.so
61081c40b000-61081c40c000 r--p 0000d000 08:03 18908572                   /usr/lib/jvm/java-19-openjdk/lib/libjli.so
61081c40c000-61081c40d000 rw-p 0000e000 08:03 18908572                   /usr/lib/jvm/java-19-openjdk/lib/libjli.so
61081c40d000-61081c40f000 rw-p 00000000 00:00 0 
61081c40f000-61081c413000 r--p 00000000 00:00 0                          [vvar]
61081c413000-61081c415000 r-xp 00000000 00:00 0                          [vdso]
61081c415000-61081c416000 r--p 00000000 08:03 18353434                   /usr/lib/ld-linux-x86-64.so.2
61081c416000-61081c43c000 r-xp 00001000 08:03 18353434                   /usr/lib/ld-linux-x86-64.so.2
61081c43c000-61081c446000 r--p 00027000 08:03 18353434                   /usr/lib/ld-linux-x86-64.so.2
61081c446000-61081c448000 r--p 00031000 08:03 18353434                   /usr/lib/ld-linux-x86-64.so.2
61081c448000-61081c44a000 rw-p 00033000 08:03 18353434                   /usr/lib/ld-linux-x86-64.so.2
70da1fa83000-70da1faa4000 rw-p 00000000 00:00 0                          [stack]


VM Arguments:
jvm_args: --enable-native-access=de.hechler.patrick.zeugs.pfs -Dfile.encoding=UTF-8 --module-path=/data/git/PatrFileSys/javaPFS/target/classes --enable-preview -XX:+ShowCodeDetailsInExceptionMessages -Djdk.module.main=de.hechler.patrick.zeugs.pfs 
java_command: de.hechler.patrick.zeugs.pfs/de.hechler.patrick.zeugs.pfs.impl.pfs.PatrFSProvider
java_class_path (initial): /data/git/Checker/target/classes
Launcher Type: SUN_STANDARD

[Global flags]
     intx CICompilerCount                          = 4                                         {product} {ergonomic}
     uint ConcGCThreads                            = 3                                         {product} {ergonomic}
     uint G1ConcRefinementThreads                  = 10                                        {product} {ergonomic}
   size_t G1HeapRegionSize                         = 2097152                                   {product} {ergonomic}
    uintx GCDrainStackTargetSize                   = 64                                        {product} {ergonomic}
   size_t InitialHeapSize                          = 262144000                                 {product} {ergonomic}
   size_t MarkStackSize                            = 4194304                                   {product} {ergonomic}
   size_t MaxHeapSize                              = 4177526784                                {product} {ergonomic}
   size_t MaxNewSize                               = 2506096640                                {product} {ergonomic}
   size_t MinHeapDeltaBytes                        = 2097152                                   {product} {ergonomic}
   size_t MinHeapSize                              = 8388608                                   {product} {ergonomic}
    uintx NonNMethodCodeHeapSize                   = 5839372                                {pd product} {ergonomic}
    uintx NonProfiledCodeHeapSize                  = 122909434                              {pd product} {ergonomic}
    uintx ProfiledCodeHeapSize                     = 122909434                              {pd product} {ergonomic}
    uintx ReservedCodeCacheSize                    = 251658240                              {pd product} {ergonomic}
     bool SegmentedCodeCache                       = true                                      {product} {ergonomic}
     bool ShowCodeDetailsInExceptionMessages       = true                                   {manageable} {command line}
   size_t SoftMaxHeapSize                          = 4177526784                             {manageable} {ergonomic}
     bool UseCompressedClassPointers               = true                           {product lp64_product} {ergonomic}
     bool UseCompressedOops                        = true                           {product lp64_product} {ergonomic}
     bool UseG1GC                                  = true                                      {product} {ergonomic}

Logging:
Log output configuration:
 #0: stdout all=warning uptime,level,tags foldmultilines=false
 #1: stderr all=off uptime,level,tags foldmultilines=false

Environment Variables:
PATH=/usr/local/sbin:/usr/local/bin:/usr/bin:/usr/lib/jvm/default/bin:/usr/bin/site_perl:/usr/bin/vendor_perl:/usr/bin/core_perl
SHELL=/bin/zsh
DISPLAY=:0
LANG=en_US.UTF-8
LC_TIME=de_DE.UTF-8

Active Locale:
LC_ALL=LC_CTYPE=en_US.UTF-8;LC_NUMERIC=en_US.UTF-8;LC_TIME=de_DE.UTF-8;LC_COLLATE=de_DE.UTF-8;LC_MONETARY=de_DE.UTF-8;LC_MESSAGES=en_US.UTF-8;LC_PAPER=en_US.UTF-8;LC_NAME=en_US.UTF-8;LC_ADDRESS=en_US.UTF-8;LC_TELEPHONE=en_US.UTF-8;LC_MEASUREMENT=de_DE.UTF-8;LC_IDENTIFICATION=en_US.UTF-8
LC_COLLATE=de_DE.UTF-8
LC_CTYPE=en_US.UTF-8
LC_MESSAGES=en_US.UTF-8
LC_MONETARY=de_DE.UTF-8
LC_NUMERIC=en_US.UTF-8
LC_TIME=de_DE.UTF-8

Signal Handlers:
   SIGSEGV: 0x000061081bbd7730 in libjvm.so+16611120, mask=11100100010111111101111111111110, flags=SA_RESTART|SA_SIGINFO
    SIGBUS: 0x000061081bbd7730 in libjvm.so+16611120, mask=11100100010111111101111111111110, flags=SA_RESTART|SA_SIGINFO
    SIGFPE: 0x000061081bbd7730 in libjvm.so+16611120, mask=11100100010111111101111111111110, flags=SA_RESTART|SA_SIGINFO
   SIGPIPE: 0x000061081ba62ce0 in libjvm.so+15084768, mask=11100100010111111101111111111110, flags=SA_RESTART|SA_SIGINFO
   SIGXFSZ: 0x000061081ba62ce0 in libjvm.so+15084768, mask=11100100010111111101111111111110, flags=SA_RESTART|SA_SIGINFO
    SIGILL: 0x000061081bbd7730 in libjvm.so+16611120, mask=11100100010111111101111111111110, flags=SA_RESTART|SA_SIGINFO
   SIGUSR2: 0x000061081ba622f0 in libjvm.so+15082224, mask=00100000000000000000000000000000, flags=SA_RESTART|SA_SIGINFO
    SIGHUP: 0x000061081ba62200 in libjvm.so+15081984, mask=11100100010111111101111111111110, flags=SA_RESTART|SA_SIGINFO
    SIGINT: 0x000061081ba62200 in libjvm.so+15081984, mask=11100100010111111101111111111110, flags=SA_RESTART|SA_SIGINFO
   SIGTERM: 0x000061081ba62200 in libjvm.so+15081984, mask=11100100010111111101111111111110, flags=SA_RESTART|SA_SIGINFO
   SIGQUIT: 0x000061081ba62200 in libjvm.so+15081984, mask=11100100010111111101111111111110, flags=SA_RESTART|SA_SIGINFO
   SIGTRAP: 0x000061081bbd7730 in libjvm.so+16611120, mask=11100100010111111101111111111110, flags=SA_RESTART|SA_SIGINFO


---------------  S Y S T E M  ---------------

OS:
DISTRIB_ID="Arch"
DISTRIB_RELEASE="rolling"
DISTRIB_DESCRIPTION="Arch Linux"
uname: Linux 6.0.16-hardened1-1-hardened #1 SMP PREEMPT_DYNAMIC Tue, 03 Jan 2023 01:01:55 +0000 x86_64
OS uptime: 0 days 3:13 hours
libc: glibc 2.36 NPTL 2.36 
rlimit (soft/hard): STACK 8192k/infinity , CORE infinity/infinity , NPROC 63318/63318 , NOFILE 524288/524288 , AS infinity/infinity , CPU infinity/infinity , DATA infinity/infinity , FSIZE infinity/infinity , MEMLOCK 8192k/8192k
load average: 0.40 0.65 0.68

/proc/meminfo:
MemTotal:       16315252 kB
MemFree:         5267176 kB
MemAvailable:    9548940 kB
Buffers:          165760 kB
Cached:          4726908 kB
SwapCached:            0 kB
Active:          1995684 kB
Inactive:        8150752 kB
Active(anon):     305080 kB
Inactive(anon):  5492860 kB
Active(file):    1690604 kB
Inactive(file):  2657892 kB
Unevictable:          64 kB
Mlocked:              64 kB
SwapTotal:      16777212 kB
SwapFree:       16777212 kB
Zswap:                 0 kB
Zswapped:              0 kB
Dirty:                12 kB
Writeback:             0 kB
AnonPages:       5253856 kB
Mapped:           995984 kB
Shmem:            544172 kB
KReclaimable:     268676 kB
Slab:             490904 kB
SReclaimable:     268676 kB
SUnreclaim:       222228 kB
KernelStack:       17572 kB
PageTables:        44848 kB
NFS_Unstable:          0 kB
Bounce:                0 kB
WritebackTmp:          0 kB
CommitLimit:    24934836 kB
Committed_AS:   12891048 kB
VmallocTotal:   34359738367 kB
VmallocUsed:      117508 kB
VmallocChunk:          0 kB
Percpu:            20352 kB
HardwareCorrupted:     0 kB
AnonHugePages:         0 kB
ShmemHugePages:        0 kB
ShmemPmdMapped:        0 kB
FileHugePages:         0 kB
FilePmdMapped:         0 kB
CmaTotal:              0 kB
CmaFree:               0 kB
HugePages_Total:       0
HugePages_Free:        0
HugePages_Rsvd:        0
HugePages_Surp:        0
Hugepagesize:       2048 kB
Hugetlb:               0 kB
DirectMap4k:      723580 kB
DirectMap2M:    13889536 kB
DirectMap1G:     3145728 kB

/sys/kernel/mm/transparent_hugepage/enabled: always [madvise] never
/sys/kernel/mm/transparent_hugepage/defrag (defrag/compaction efforts parameter): always defer defer+madvise [madvise] never

Process Memory:
Virtual Size: 7077260K (peak: 7078204K)
Resident Set Size: 55896K (peak: 55896K) (anon: 35656K, file: 20208K, shmem: 32K)
Swapped out: 0K
C-Heap outstanding allocations: 33043K, retained: 3741K
glibc malloc tunables: (default)

/proc/sys/kernel/threads-max (system-wide limit on the number of threads): 126636
/proc/sys/vm/max_map_count (maximum number of memory map areas a process may have): 65530
/proc/sys/kernel/pid_max (system-wide limit on number of process identifiers): 4194304

container (cgroup) information:
container_type: cgroupv2
cpu_cpuset_cpus: not supported
cpu_memory_nodes: not supported
active_processor_count: 12
cpu_quota: no quota
cpu_period: 100000
cpu_shares: no shares
memory_limit_in_bytes: unlimited
memory_and_swap_limit_in_bytes: unlimited
memory_soft_limit_in_bytes: unlimited
memory_usage_in_bytes: 8861016 k
memory_max_usage_in_bytes: not supported
maximum number of tasks: unlimited
current number of tasks: 813

Steal ticks since vm start: 0
Steal ticks percentage since vm start:  0.000

CPU: total 32 (initial active 12) (12 cores per cpu, 2 threads per core) family 23 model 113 stepping 0 microcode 0x8701013, cx8, cmov, fxsr, ht, mmx, 3dnowpref, sse, sse2, sse3, ssse3, sse4a, sse4.1, sse4.2, popcnt, lzcnt, tsc, tscinvbit, avx, avx2, aes, clmul, bmi1, bmi2, adx, sha, fma, vzeroupper, clflush, clflushopt, rdtscp, rdpid
CPU Model and flags from /proc/cpuinfo:
model name	: AMD Ryzen 5 3600 6-Core Processor
flags		: fpu vme de pse tsc msr pae mce cx8 apic sep mtrr pge mca cmov pat pse36 clflush mmx fxsr sse sse2 ht syscall nx mmxext fxsr_opt pdpe1gb rdtscp lm constant_tsc rep_good nopl nonstop_tsc cpuid extd_apicid aperfmperf rapl pni pclmulqdq monitor ssse3 fma cx16 sse4_1 sse4_2 movbe popcnt aes xsave avx f16c rdrand lahf_lm cmp_legacy svm extapic cr8_legacy abm sse4a misalignsse 3dnowprefetch osvw ibs skinit wdt tce topoext perfctr_core perfctr_nb bpext perfctr_llc mwaitx cpb cat_l3 cdp_l3 hw_pstate pti ssbd mba ibpb stibp vmmcall fsgsbase bmi1 avx2 smep bmi2 cqm rdt_a rdseed adx smap clflushopt clwb sha_ni xsaveopt xsavec xgetbv1 xsaves cqm_llc cqm_occup_llc cqm_mbm_total cqm_mbm_local clzero irperf xsaveerptr rdpru wbnoinvd arat npt lbrv svm_lock nrip_save tsc_scale vmcb_clean flushbyasid decodeassists pausefilter pfthreshold avic v_vmsave_vmload vgif v_spec_ctrl umip rdpid overflow_recov succor smca sev sev_es

Online cpus: 0-11
Offline cpus: 12-31
BIOS frequency limitation: 3600000
Frequency switch latency (ns): 0
Available cpu frequencies: 3600000 2800000 2200000 
Current governor: schedutil
Core performance/turbo boost: 1

Memory: 4k page, physical 16315252k(5267176k free), swap 16777212k(16777212k free)
Page Sizes: 4k

vm_info: OpenJDK 64-Bit Server VM (19.0.1+10) for linux-amd64 JRE (19.0.1+10), built on 2022-10-27T08:18:41Z by "builduser" with gcc 12.2.0

END.
