#
# A fatal error has been detected by the Java Runtime Environment:
#
#  SIGSEGV (0xb) at pc=0x0000644ce88561c5, pid=26876, tid=26883
#
# JRE version: OpenJDK Runtime Environment (19.0.1+10) (build 19.0.1+10)
# Java VM: OpenJDK 64-Bit Server VM (19.0.1+10, mixed mode, tiered, compressed oops, compressed class ptrs, g1 gc, linux-amd64)
# Problematic frame:
# C  [libpfs-core.so+0x81c5]  put0+0x33
#
# Core dump will be written. Default location: Core dumps may be processed with "/usr/lib/systemd/systemd-coredump %P %u %g %s %t %c %h" (or dumping to /data/git/PatrFileSys/javaPFS/core.26876)
#
# If you would like to submit a bug report, please visit:
#   https://bugreport.java.com/bugreport/crash.jsp
# The crash happened outside the Java Virtual Machine in native code.
# See problematic frame for where to report the bug.
#

---------------  S U M M A R Y ------------

Command Line: --enable-native-access=de.hechler.patrick.zeugs.pfs -Dfile.encoding=UTF-8 --module-path=/data/git/PatrFileSys/javaPFS/target/classes --enable-preview -XX:+ShowCodeDetailsInExceptionMessages -Djdk.module.main=de.hechler.patrick.zeugs.pfs de.hechler.patrick.zeugs.pfs/de.hechler.patrick.zeugs.pfs.impl.pfs.PatrFSProvider

Host: AMD Ryzen 5 3600 6-Core Processor, 32 cores, 15G, Arch Linux
Time: Thu Jan  5 19:48:54 2023 CET elapsed time: 0.199330 seconds (0d 0h 0m 0s)

---------------  T H R E A D  ---------------

Current thread (0x0000644ce4015780):  JavaThread "main" [_thread_in_native, id=26883, stack(0x0000644ce8500000,0x0000644ce8600000)]

Stack: [0x0000644ce8500000,0x0000644ce8600000],  sp=0x0000644ce85fe430,  free space=1017k
Native frames: (J=compiled Java code, j=interpreted, Vv=VM code, C=native code)
C  [libpfs-core.so+0x81c5]  put0+0x33

Java frames: (J=compiled Java code, j=interpreted, Vv=VM code)
v  ~RuntimeStub::nep_invoker_blob 0x0000644cd449c188
j  java.lang.invoke.LambdaForm$MH+0x00000008000f9400.invoke(Ljava/lang/Object;JIJJ)I+14 java.base@19.0.1
j  java.lang.invoke.LambdaForm$MH+0x0000000800110400.invokeExact_MT(Ljava/lang/Object;JIJJLjava/lang/Object;)I+25 java.base@19.0.1
j  jdk.internal.foreign.abi.DowncallStub+0x0000000800102000.invoke(Ljava/lang/foreign/SegmentAllocator;Ljava/lang/foreign/Addressable;ILjava/lang/foreign/Addressable;J)I+97 java.base@19.0.1
j  java.lang.invoke.LambdaForm$DMH+0x0000000800102400.invokeStatic(Ljava/lang/Object;Ljava/lang/Object;Ljava/lang/Object;ILjava/lang/Object;J)I+18 java.base@19.0.1
j  java.lang.invoke.LambdaForm$MH+0x0000000800104400.invoke(Ljava/lang/Object;ILjava/lang/Object;)I+55 java.base@19.0.1
j  java.lang.invoke.LambdaForm$MH+0x000000080010fc00.invoke_MT(Ljava/lang/Object;ILjava/lang/Object;Ljava/lang/Object;)I+22 java.base@19.0.1
j  de.hechler.patrick.zeugs.pfs.impl.pfs.PatrFolder.createPipe(Ljava/lang/String;)Lde/hechler/patrick/zeugs/pfs/interfaces/Pipe;+24 de.hechler.patrick.zeugs.pfs
j  de.hechler.patrick.zeugs.pfs.impl.pfs.PatrFSProvider.main([Ljava/lang/String;)V+151 de.hechler.patrick.zeugs.pfs
v  ~StubRoutines::call_stub 0x0000644cd4337cc6

siginfo: si_signo: 11 (SIGSEGV), si_code: 1 (SEGV_MAPERR), si_addr: 0x0000000000000710

Registers:
RAX=0x0000000000000710, RBX=0x0000000000000710, RCX=0x0000000000000002, RDX=0x00000000000000e2
RSP=0x0000644ce85fe430, RBP=0x00000000000000e2, RSI=0x00000000000000e2, RDI=0x0000644ce4499520
R8 =0x00000000000003c4, R9 =0x0000644ce4385aec, R10=0x0000000000000003, R11=0x0000644ce8852238
R12=0x0000644ce4499520, R13=0x0000644ce4499590, R14=0x00000000000000e2, R15=0x0000644ce4015780
RIP=0x0000644ce88561c5, EFLAGS=0x0000000000010202, CSGSFS=0x002b000000000033, ERR=0x0000000000000004
  TRAPNO=0x000000000000000e


Register to memory mapping:

RAX=0x0000000000000710 is an unknown value
RBX=0x0000000000000710 is an unknown value
RCX=0x0000000000000002 is an unknown value
RDX=0x00000000000000e2 is an unknown value
RSP=0x0000644ce85fe430 is pointing into the stack for thread: 0x0000644ce4015780
RBP=0x00000000000000e2 is an unknown value
RSI=0x00000000000000e2 is an unknown value
RDI=0x0000644ce4499520 points into unknown readable memory: 0x694c2f6e00000001 | 01 00 00 00 6e 2f 4c 69
R8 =0x00000000000003c4 is an unknown value
R9 =0x0000644ce4385aec points into unknown readable memory: e2 00 00 00
R10=0x0000000000000003 is an unknown value
R11=0x0000644ce8852238: set_parent_place_from_childs+0x0000000000000000 in /data/git/PatrFileSys/javaPFS/lib/libpfs-core.so at 0x0000644ce884e000
R12=0x0000644ce4499520 points into unknown readable memory: 0x694c2f6e00000001 | 01 00 00 00 6e 2f 4c 69
R13=0x0000644ce4499590 points into unknown readable memory: 0x0000000000000000 | 00 00 00 00 00 00 00 00
R14=0x00000000000000e2 is an unknown value
R15=0x0000644ce4015780 is a thread


Top of Stack: (sp=0x0000644ce85fe430)
0x0000644ce85fe430:   0000644ce4499520 00000000000000e2
0x0000644ce85fe440:   0000644ce4499590 0000644ce4499570
0x0000644ce85fe450:   0000644ce85fe5b8 0000644ce88563af
0x0000644ce85fe460:   0000000000000003 0000644ce4499590 

Instructions: (pc=0x0000644ce88561c5)
0x0000644ce88560c5:   c0 74 27 48 63 53 28 48 8b 6c 10 08 48 8b 05 c0
0x0000644ce88560d5:   8e 00 00 48 8b 00 48 8b 73 20 48 89 c7 ff 50 28
0x0000644ce88560e5:   48 89 e8 48 83 c4 08 5b 5d c3 48 8b 05 9a 8e 00
0x0000644ce88560f5:   00 c7 00 01 00 00 00 48 c7 c5 ff ff ff ff eb e0
0x0000644ce8856105:   55 53 48 83 ec 08 48 89 fb 48 8b 05 83 8e 00 00
0x0000644ce8856115:   48 8b 00 48 8b 77 20 48 89 c7 ff 50 20 48 85 c0
0x0000644ce8856125:   74 30 48 63 53 28 48 01 d0 48 8b 68 08 48 63 40
0x0000644ce8856135:   18 48 29 c5 48 8b 05 58 8e 00 00 48 8b 00 48 8b
0x0000644ce8856145:   73 20 48 89 c7 ff 50 28 48 89 e8 48 83 c4 08 5b
0x0000644ce8856155:   5d c3 48 8b 05 32 8e 00 00 c7 00 01 00 00 00 48
0x0000644ce8856165:   c7 c5 ff ff ff ff eb e0 48 83 ec 08 48 89 d1 41
0x0000644ce8856175:   b9 01 00 00 00 41 b8 01 00 00 00 48 89 f2 be 00
0x0000644ce8856185:   00 00 00 e8 55 f7 ff ff 48 83 c4 08 c3 41 56 41
0x0000644ce8856195:   55 41 54 55 53 49 89 fc 41 89 f6 49 89 d5 89 f0
0x0000644ce88561a5:   ba 00 00 00 00 f7 77 04 89 d5 eb 05 bd 00 00 00
0x0000644ce88561b5:   00 48 63 dd 48 c1 e3 03 48 89 d8 49 03 44 24 18
0x0000644ce88561c5:   48 8b 38 48 85 ff 74 1f 48 3b 3d dc 8d 00 00 74
0x0000644ce88561d5:   16 41 ff 54 24 10 44 39 f0 74 1d 83 c5 01 41 39
0x0000644ce88561e5:   6c 24 04 7e c7 eb ca 4c 89 28 b8 00 00 00 00 5b
0x0000644ce88561f5:   5d 41 5c 41 5d 41 5e c3 48 89 d8 49 03 44 24 18
0x0000644ce8856205:   48 8b 38 4c 89 ee 41 ff 54 24 08 85 c0 74 cc 49
0x0000644ce8856215:   03 5c 24 18 48 8b 03 4c 89 2b eb d3 41 56 41 55
0x0000644ce8856225:   41 54 55 53 49 89 fc 44 8b 6f 04 45 85 ed 74 27
0x0000644ce8856235:   43 8d 5c 2d 00 41 89 5c 24 04 4d 8b 74 24 18 48
0x0000644ce8856245:   63 fb 48 c1 e7 03 e8 a0 b0 ff ff 49 89 44 24 18
0x0000644ce8856255:   ba 00 00 00 00 eb 15 bb 11 00 00 00 eb d7 48 63
0x0000644ce8856265:   ca 48 c7 04 c8 00 00 00 00 83 c2 01 39 da 7c ee
0x0000644ce8856275:   bb 00 00 00 00 eb 03 83 c3 01 44 39 eb 7d 2c 48
0x0000644ce8856285:   63 c3 49 8b 2c c6 48 85 ed 74 ec 48 3b 2d 19 8d
0x0000644ce8856295:   00 00 74 e3 48 89 ef 41 ff 54 24 10 89 c6 48 89
0x0000644ce88562a5:   ea 4c 89 e7 e8 e4 fe ff ff eb cc 4d 85 f6 74 08
0x0000644ce88562b5:   4c 89 f7 e8 93 ad ff ff 5b 5d 41 5c 41 5d 41 5e 


Stack slot to memory mapping:
stack at sp + 0 slots: 0x0000644ce4499520 points into unknown readable memory: 0x694c2f6e00000001 | 01 00 00 00 6e 2f 4c 69
stack at sp + 1 slots: 0x00000000000000e2 is an unknown value
stack at sp + 2 slots: 0x0000644ce4499590 points into unknown readable memory: 0x0000000000000000 | 00 00 00 00 00 00 00 00
stack at sp + 3 slots: 0x0000644ce4499570 points into unknown readable memory: 0x7369200a73696874 | 74 68 69 73 0a 20 69 73
stack at sp + 4 slots: 0x0000644ce85fe5b8 is pointing into the stack for thread: 0x0000644ce4015780
stack at sp + 5 slots: 0x0000644ce88563af: hashset_put+0x000000000000003f in /data/git/PatrFileSys/javaPFS/lib/libpfs-core.so at 0x0000644ce884e000
stack at sp + 6 slots: 0x0000000000000003 is an unknown value
stack at sp + 7 slots: 0x0000644ce4499590 points into unknown readable memory: 0x0000000000000000 | 00 00 00 00 00 00 00 00

--------------------------------------------------------------------------------
Decoding CodeBlob, name: nep_invoker_blob, at  [0x0000644cd449c180, 0x0000644cd449c288]  264 bytes
[MachCode]
  0x0000644cd449c180: 5548 8bec | 4883 ec10 | c5f8 7749 | 89af d002 | 0000 49ba | 88c1 49d4 | 4c64 0000 | 4d89 97c8 
  0x0000644cd449c1a0: 0200 0049 | 89a7 c002 | 0000 41c7 | 8774 0300 | 0004 0000 | 0049 8bc0 | 4c8b d648 | 8bf1 488b 
  0x0000644cd449c1c0: fa41 ffd2 | c5f8 7741 | c787 7403 | 0000 0500 | 0000 f083 | 4424 c000 | 493b af78 | 0300 000f 
  0x0000644cd449c1e0: 8753 0000 | 0041 81bf | 7003 0000 | 0000 0000 | 0f85 4200 | 0000 41c7 | 8774 0300 | 0008 0000 
  0x0000644cd449c200: 0041 81bf | e803 0000 | 0200 0000 | 0f84 4c00 | 0000 49c7 | 87c0 0200 | 0000 0000 | 0049 c787 
  0x0000644cd449c220: d002 0000 | 0000 0000 | 49c7 87c8 | 0200 0000 | 0000 00c5 | f877 c9c3 | c5f8 7748 | 8904 2449 
  0x0000644cd449c240: 8bff 4c8b | e448 83ec | 0048 83e4 | f0e8 de0f | 4b15 498b | e44d 33e4 | 488b 0424 | eb98 c5f8 
  0x0000644cd449c260: 7748 8904 | 244c 8be4 | 4883 ec00 | 4883 e4f0 | e85b 5b31 | 1549 8be4 | 4d33 e448 | 8b04 24eb 
  0x0000644cd449c280: 91f4 f4f4 | f4f4 f4f4 
[/MachCode]
--------------------------------------------------------------------------------


---------------  P R O C E S S  ---------------

Threads class SMR info:
_java_thread_list=0x0000644c880ec3f0, length=12, elements={
0x0000644ce4015780, 0x0000644ce41f4e70, 0x0000644ce41f6380, 0x0000644ce41f7a90,
0x0000644ce41f8e40, 0x0000644ce41fa1e0, 0x0000644ce41fbbf0, 0x0000644ce41fd130,
0x0000644ce41fe600, 0x0000644ce42ae670, 0x0000644ce43049d0, 0x0000644c880eb360
}

Java Threads: ( => current thread )
=>0x0000644ce4015780 JavaThread "main" [_thread_in_native, id=26883, stack(0x0000644ce8500000,0x0000644ce8600000)]
  0x0000644ce41f4e70 JavaThread "Reference Handler" daemon [_thread_blocked, id=26890, stack(0x0000644cc00b9000,0x0000644cc01b9000)]
  0x0000644ce41f6380 JavaThread "Finalizer" daemon [_thread_blocked, id=26891, stack(0x0000644ca7b00000,0x0000644ca7c00000)]
  0x0000644ce41f7a90 JavaThread "Signal Dispatcher" daemon [_thread_blocked, id=26892, stack(0x0000644ca7a00000,0x0000644ca7b00000)]
  0x0000644ce41f8e40 JavaThread "Service Thread" daemon [_thread_blocked, id=26893, stack(0x0000644ca7900000,0x0000644ca7a00000)]
  0x0000644ce41fa1e0 JavaThread "Monitor Deflation Thread" daemon [_thread_blocked, id=26894, stack(0x0000644ca7800000,0x0000644ca7900000)]
  0x0000644ce41fbbf0 JavaThread "C2 CompilerThread0" daemon [_thread_blocked, id=26895, stack(0x0000644ca7700000,0x0000644ca7800000)]
  0x0000644ce41fd130 JavaThread "C1 CompilerThread0" daemon [_thread_blocked, id=26896, stack(0x0000644ca7600000,0x0000644ca7700000)]
  0x0000644ce41fe600 JavaThread "Sweeper thread" daemon [_thread_blocked, id=26897, stack(0x0000644ca7500000,0x0000644ca7600000)]
  0x0000644ce42ae670 JavaThread "Common-Cleaner" daemon [_thread_blocked, id=26898, stack(0x0000644ca7400000,0x0000644ca7500000)]
  0x0000644ce43049d0 JavaThread "Notification Thread" daemon [_thread_blocked, id=26899, stack(0x0000644ca7300000,0x0000644ca7400000)]
  0x0000644c880eb360 JavaThread "C2 CompilerThread1" daemon [_thread_blocked, id=26901, stack(0x0000644ca70fe000,0x0000644ca71fe000)]

Other Threads:
  0x0000644ce41b4430 VMThread "VM Thread" [stack: 0x0000644cc01bb000,0x0000644cc02bb000] [id=26889]
  0x0000644ce4306090 WatcherThread "VM Periodic Task Thread" [stack: 0x0000644ca7200000,0x0000644ca7300000] [id=26900]
  0x0000644ce4085610 WorkerThread "GC Thread#0" [stack: 0x0000644cc3221000,0x0000644cc3321000] [id=26884]
  0x0000644ce4096550 ConcurrentGCThread "G1 Main Marker" [stack: 0x0000644cc311f000,0x0000644cc321f000] [id=26885]
  0x0000644ce4097470 WorkerThread "G1 Conc#0" [stack: 0x0000644cc301d000,0x0000644cc311d000] [id=26886]
  0x0000644ce4000e00 ConcurrentGCThread "G1 Refine#0" [stack: 0x0000644cc0511000,0x0000644cc0611000] [id=26887]
  0x0000644ce412d4a0 ConcurrentGCThread "G1 Service" [stack: 0x0000644cc040f000,0x0000644cc050f000] [id=26888]

Threads with active compile tasks:

VM state: not at safepoint (normal execution)

VM Mutex/Monitor currently owned by a thread: None

Heap address: 0x0000000707000000, size: 3984 MB, Compressed Oops mode: Zero based, Oop shift amount: 3

CDS archive(s) not mapped
Compressed class space mapped at: 0x0000000800000000-0x0000000840000000, reserved size: 1073741824
Narrow klass base: 0x0000000800000000, Narrow klass shift: 0, Narrow klass range: 0x40000000

GC Precious Log:
 CardTable entry size: 512
 Card Set container configuration: InlinePtr #cards 4 size 8 Array Of Cards #cards 16 size 48 Howl #buckets 8 coarsen threshold 3686 Howl Bitmap #cards 512 size 80 coarsen threshold 460 Card regions per heap region 1 cards per card region 4096
 CPUs: 32 total, 12 available
 Memory: 15932M
 Large Page Support: Disabled
 NUMA Support: Disabled
 Compressed Oops: Enabled (Zero based)
 Heap Region Size: 2M
 Heap Min Capacity: 8M
 Heap Initial Capacity: 250M
 Heap Max Capacity: 3984M
 Pre-touch: Disabled
 Parallel Workers: 10
 Concurrent Workers: 3
 Concurrent Refinement Workers: 10
 Periodic GC: Disabled

Heap:
 garbage-first heap   total 256000K, used 8192K [0x0000000707000000, 0x0000000800000000)
  region size 2048K, 5 young (10240K), 0 survivors (0K)
 Metaspace       used 9560K, committed 10112K, reserved 1114112K
  class space    used 921K, committed 1152K, reserved 1048576K

Heap Regions: E=young(eden), S=young(survivor), O=old, HS=humongous(starts), HC=humongous(continues), CS=collection set, F=free, OA=open archive, CA=closed archive, TAMS=top-at-mark-start (previous, next)
|   0|0x0000000707000000, 0x0000000707000000, 0x0000000707200000|  0%| F|  |TAMS 0x0000000707000000, 0x0000000707000000| Untracked 
|   1|0x0000000707200000, 0x0000000707200000, 0x0000000707400000|  0%| F|  |TAMS 0x0000000707200000, 0x0000000707200000| Untracked 
|   2|0x0000000707400000, 0x0000000707400000, 0x0000000707600000|  0%| F|  |TAMS 0x0000000707400000, 0x0000000707400000| Untracked 
|   3|0x0000000707600000, 0x0000000707600000, 0x0000000707800000|  0%| F|  |TAMS 0x0000000707600000, 0x0000000707600000| Untracked 
|   4|0x0000000707800000, 0x0000000707800000, 0x0000000707a00000|  0%| F|  |TAMS 0x0000000707800000, 0x0000000707800000| Untracked 
|   5|0x0000000707a00000, 0x0000000707a00000, 0x0000000707c00000|  0%| F|  |TAMS 0x0000000707a00000, 0x0000000707a00000| Untracked 
|   6|0x0000000707c00000, 0x0000000707c00000, 0x0000000707e00000|  0%| F|  |TAMS 0x0000000707c00000, 0x0000000707c00000| Untracked 
|   7|0x0000000707e00000, 0x0000000707e00000, 0x0000000708000000|  0%| F|  |TAMS 0x0000000707e00000, 0x0000000707e00000| Untracked 
|   8|0x0000000708000000, 0x0000000708000000, 0x0000000708200000|  0%| F|  |TAMS 0x0000000708000000, 0x0000000708000000| Untracked 
|   9|0x0000000708200000, 0x0000000708200000, 0x0000000708400000|  0%| F|  |TAMS 0x0000000708200000, 0x0000000708200000| Untracked 
|  10|0x0000000708400000, 0x0000000708400000, 0x0000000708600000|  0%| F|  |TAMS 0x0000000708400000, 0x0000000708400000| Untracked 
|  11|0x0000000708600000, 0x0000000708600000, 0x0000000708800000|  0%| F|  |TAMS 0x0000000708600000, 0x0000000708600000| Untracked 
|  12|0x0000000708800000, 0x0000000708800000, 0x0000000708a00000|  0%| F|  |TAMS 0x0000000708800000, 0x0000000708800000| Untracked 
|  13|0x0000000708a00000, 0x0000000708a00000, 0x0000000708c00000|  0%| F|  |TAMS 0x0000000708a00000, 0x0000000708a00000| Untracked 
|  14|0x0000000708c00000, 0x0000000708c00000, 0x0000000708e00000|  0%| F|  |TAMS 0x0000000708c00000, 0x0000000708c00000| Untracked 
|  15|0x0000000708e00000, 0x0000000708e00000, 0x0000000709000000|  0%| F|  |TAMS 0x0000000708e00000, 0x0000000708e00000| Untracked 
|  16|0x0000000709000000, 0x0000000709000000, 0x0000000709200000|  0%| F|  |TAMS 0x0000000709000000, 0x0000000709000000| Untracked 
|  17|0x0000000709200000, 0x0000000709200000, 0x0000000709400000|  0%| F|  |TAMS 0x0000000709200000, 0x0000000709200000| Untracked 
|  18|0x0000000709400000, 0x0000000709400000, 0x0000000709600000|  0%| F|  |TAMS 0x0000000709400000, 0x0000000709400000| Untracked 
|  19|0x0000000709600000, 0x0000000709600000, 0x0000000709800000|  0%| F|  |TAMS 0x0000000709600000, 0x0000000709600000| Untracked 
|  20|0x0000000709800000, 0x0000000709800000, 0x0000000709a00000|  0%| F|  |TAMS 0x0000000709800000, 0x0000000709800000| Untracked 
|  21|0x0000000709a00000, 0x0000000709a00000, 0x0000000709c00000|  0%| F|  |TAMS 0x0000000709a00000, 0x0000000709a00000| Untracked 
|  22|0x0000000709c00000, 0x0000000709c00000, 0x0000000709e00000|  0%| F|  |TAMS 0x0000000709c00000, 0x0000000709c00000| Untracked 
|  23|0x0000000709e00000, 0x0000000709e00000, 0x000000070a000000|  0%| F|  |TAMS 0x0000000709e00000, 0x0000000709e00000| Untracked 
|  24|0x000000070a000000, 0x000000070a000000, 0x000000070a200000|  0%| F|  |TAMS 0x000000070a000000, 0x000000070a000000| Untracked 
|  25|0x000000070a200000, 0x000000070a200000, 0x000000070a400000|  0%| F|  |TAMS 0x000000070a200000, 0x000000070a200000| Untracked 
|  26|0x000000070a400000, 0x000000070a400000, 0x000000070a600000|  0%| F|  |TAMS 0x000000070a400000, 0x000000070a400000| Untracked 
|  27|0x000000070a600000, 0x000000070a600000, 0x000000070a800000|  0%| F|  |TAMS 0x000000070a600000, 0x000000070a600000| Untracked 
|  28|0x000000070a800000, 0x000000070a800000, 0x000000070aa00000|  0%| F|  |TAMS 0x000000070a800000, 0x000000070a800000| Untracked 
|  29|0x000000070aa00000, 0x000000070aa00000, 0x000000070ac00000|  0%| F|  |TAMS 0x000000070aa00000, 0x000000070aa00000| Untracked 
|  30|0x000000070ac00000, 0x000000070ac00000, 0x000000070ae00000|  0%| F|  |TAMS 0x000000070ac00000, 0x000000070ac00000| Untracked 
|  31|0x000000070ae00000, 0x000000070ae00000, 0x000000070b000000|  0%| F|  |TAMS 0x000000070ae00000, 0x000000070ae00000| Untracked 
|  32|0x000000070b000000, 0x000000070b000000, 0x000000070b200000|  0%| F|  |TAMS 0x000000070b000000, 0x000000070b000000| Untracked 
|  33|0x000000070b200000, 0x000000070b200000, 0x000000070b400000|  0%| F|  |TAMS 0x000000070b200000, 0x000000070b200000| Untracked 
|  34|0x000000070b400000, 0x000000070b400000, 0x000000070b600000|  0%| F|  |TAMS 0x000000070b400000, 0x000000070b400000| Untracked 
|  35|0x000000070b600000, 0x000000070b600000, 0x000000070b800000|  0%| F|  |TAMS 0x000000070b600000, 0x000000070b600000| Untracked 
|  36|0x000000070b800000, 0x000000070b800000, 0x000000070ba00000|  0%| F|  |TAMS 0x000000070b800000, 0x000000070b800000| Untracked 
|  37|0x000000070ba00000, 0x000000070ba00000, 0x000000070bc00000|  0%| F|  |TAMS 0x000000070ba00000, 0x000000070ba00000| Untracked 
|  38|0x000000070bc00000, 0x000000070bc00000, 0x000000070be00000|  0%| F|  |TAMS 0x000000070bc00000, 0x000000070bc00000| Untracked 
|  39|0x000000070be00000, 0x000000070be00000, 0x000000070c000000|  0%| F|  |TAMS 0x000000070be00000, 0x000000070be00000| Untracked 
|  40|0x000000070c000000, 0x000000070c000000, 0x000000070c200000|  0%| F|  |TAMS 0x000000070c000000, 0x000000070c000000| Untracked 
|  41|0x000000070c200000, 0x000000070c200000, 0x000000070c400000|  0%| F|  |TAMS 0x000000070c200000, 0x000000070c200000| Untracked 
|  42|0x000000070c400000, 0x000000070c400000, 0x000000070c600000|  0%| F|  |TAMS 0x000000070c400000, 0x000000070c400000| Untracked 
|  43|0x000000070c600000, 0x000000070c600000, 0x000000070c800000|  0%| F|  |TAMS 0x000000070c600000, 0x000000070c600000| Untracked 
|  44|0x000000070c800000, 0x000000070c800000, 0x000000070ca00000|  0%| F|  |TAMS 0x000000070c800000, 0x000000070c800000| Untracked 
|  45|0x000000070ca00000, 0x000000070ca00000, 0x000000070cc00000|  0%| F|  |TAMS 0x000000070ca00000, 0x000000070ca00000| Untracked 
|  46|0x000000070cc00000, 0x000000070cc00000, 0x000000070ce00000|  0%| F|  |TAMS 0x000000070cc00000, 0x000000070cc00000| Untracked 
|  47|0x000000070ce00000, 0x000000070ce00000, 0x000000070d000000|  0%| F|  |TAMS 0x000000070ce00000, 0x000000070ce00000| Untracked 
|  48|0x000000070d000000, 0x000000070d000000, 0x000000070d200000|  0%| F|  |TAMS 0x000000070d000000, 0x000000070d000000| Untracked 
|  49|0x000000070d200000, 0x000000070d200000, 0x000000070d400000|  0%| F|  |TAMS 0x000000070d200000, 0x000000070d200000| Untracked 
|  50|0x000000070d400000, 0x000000070d400000, 0x000000070d600000|  0%| F|  |TAMS 0x000000070d400000, 0x000000070d400000| Untracked 
|  51|0x000000070d600000, 0x000000070d600000, 0x000000070d800000|  0%| F|  |TAMS 0x000000070d600000, 0x000000070d600000| Untracked 
|  52|0x000000070d800000, 0x000000070d800000, 0x000000070da00000|  0%| F|  |TAMS 0x000000070d800000, 0x000000070d800000| Untracked 
|  53|0x000000070da00000, 0x000000070da00000, 0x000000070dc00000|  0%| F|  |TAMS 0x000000070da00000, 0x000000070da00000| Untracked 
|  54|0x000000070dc00000, 0x000000070dc00000, 0x000000070de00000|  0%| F|  |TAMS 0x000000070dc00000, 0x000000070dc00000| Untracked 
|  55|0x000000070de00000, 0x000000070de00000, 0x000000070e000000|  0%| F|  |TAMS 0x000000070de00000, 0x000000070de00000| Untracked 
|  56|0x000000070e000000, 0x000000070e000000, 0x000000070e200000|  0%| F|  |TAMS 0x000000070e000000, 0x000000070e000000| Untracked 
|  57|0x000000070e200000, 0x000000070e200000, 0x000000070e400000|  0%| F|  |TAMS 0x000000070e200000, 0x000000070e200000| Untracked 
|  58|0x000000070e400000, 0x000000070e400000, 0x000000070e600000|  0%| F|  |TAMS 0x000000070e400000, 0x000000070e400000| Untracked 
|  59|0x000000070e600000, 0x000000070e600000, 0x000000070e800000|  0%| F|  |TAMS 0x000000070e600000, 0x000000070e600000| Untracked 
|  60|0x000000070e800000, 0x000000070e800000, 0x000000070ea00000|  0%| F|  |TAMS 0x000000070e800000, 0x000000070e800000| Untracked 
|  61|0x000000070ea00000, 0x000000070ea00000, 0x000000070ec00000|  0%| F|  |TAMS 0x000000070ea00000, 0x000000070ea00000| Untracked 
|  62|0x000000070ec00000, 0x000000070ec00000, 0x000000070ee00000|  0%| F|  |TAMS 0x000000070ec00000, 0x000000070ec00000| Untracked 
|  63|0x000000070ee00000, 0x000000070ee00000, 0x000000070f000000|  0%| F|  |TAMS 0x000000070ee00000, 0x000000070ee00000| Untracked 
|  64|0x000000070f000000, 0x000000070f000000, 0x000000070f200000|  0%| F|  |TAMS 0x000000070f000000, 0x000000070f000000| Untracked 
|  65|0x000000070f200000, 0x000000070f200000, 0x000000070f400000|  0%| F|  |TAMS 0x000000070f200000, 0x000000070f200000| Untracked 
|  66|0x000000070f400000, 0x000000070f400000, 0x000000070f600000|  0%| F|  |TAMS 0x000000070f400000, 0x000000070f400000| Untracked 
|  67|0x000000070f600000, 0x000000070f600000, 0x000000070f800000|  0%| F|  |TAMS 0x000000070f600000, 0x000000070f600000| Untracked 
|  68|0x000000070f800000, 0x000000070f800000, 0x000000070fa00000|  0%| F|  |TAMS 0x000000070f800000, 0x000000070f800000| Untracked 
|  69|0x000000070fa00000, 0x000000070fa00000, 0x000000070fc00000|  0%| F|  |TAMS 0x000000070fa00000, 0x000000070fa00000| Untracked 
|  70|0x000000070fc00000, 0x000000070fc00000, 0x000000070fe00000|  0%| F|  |TAMS 0x000000070fc00000, 0x000000070fc00000| Untracked 
|  71|0x000000070fe00000, 0x000000070fe00000, 0x0000000710000000|  0%| F|  |TAMS 0x000000070fe00000, 0x000000070fe00000| Untracked 
|  72|0x0000000710000000, 0x0000000710000000, 0x0000000710200000|  0%| F|  |TAMS 0x0000000710000000, 0x0000000710000000| Untracked 
|  73|0x0000000710200000, 0x0000000710200000, 0x0000000710400000|  0%| F|  |TAMS 0x0000000710200000, 0x0000000710200000| Untracked 
|  74|0x0000000710400000, 0x0000000710400000, 0x0000000710600000|  0%| F|  |TAMS 0x0000000710400000, 0x0000000710400000| Untracked 
|  75|0x0000000710600000, 0x0000000710600000, 0x0000000710800000|  0%| F|  |TAMS 0x0000000710600000, 0x0000000710600000| Untracked 
|  76|0x0000000710800000, 0x0000000710800000, 0x0000000710a00000|  0%| F|  |TAMS 0x0000000710800000, 0x0000000710800000| Untracked 
|  77|0x0000000710a00000, 0x0000000710a00000, 0x0000000710c00000|  0%| F|  |TAMS 0x0000000710a00000, 0x0000000710a00000| Untracked 
|  78|0x0000000710c00000, 0x0000000710c00000, 0x0000000710e00000|  0%| F|  |TAMS 0x0000000710c00000, 0x0000000710c00000| Untracked 
|  79|0x0000000710e00000, 0x0000000710e00000, 0x0000000711000000|  0%| F|  |TAMS 0x0000000710e00000, 0x0000000710e00000| Untracked 
|  80|0x0000000711000000, 0x0000000711000000, 0x0000000711200000|  0%| F|  |TAMS 0x0000000711000000, 0x0000000711000000| Untracked 
|  81|0x0000000711200000, 0x0000000711200000, 0x0000000711400000|  0%| F|  |TAMS 0x0000000711200000, 0x0000000711200000| Untracked 
|  82|0x0000000711400000, 0x0000000711400000, 0x0000000711600000|  0%| F|  |TAMS 0x0000000711400000, 0x0000000711400000| Untracked 
|  83|0x0000000711600000, 0x0000000711600000, 0x0000000711800000|  0%| F|  |TAMS 0x0000000711600000, 0x0000000711600000| Untracked 
|  84|0x0000000711800000, 0x0000000711800000, 0x0000000711a00000|  0%| F|  |TAMS 0x0000000711800000, 0x0000000711800000| Untracked 
|  85|0x0000000711a00000, 0x0000000711a00000, 0x0000000711c00000|  0%| F|  |TAMS 0x0000000711a00000, 0x0000000711a00000| Untracked 
|  86|0x0000000711c00000, 0x0000000711c00000, 0x0000000711e00000|  0%| F|  |TAMS 0x0000000711c00000, 0x0000000711c00000| Untracked 
|  87|0x0000000711e00000, 0x0000000711e00000, 0x0000000712000000|  0%| F|  |TAMS 0x0000000711e00000, 0x0000000711e00000| Untracked 
|  88|0x0000000712000000, 0x0000000712000000, 0x0000000712200000|  0%| F|  |TAMS 0x0000000712000000, 0x0000000712000000| Untracked 
|  89|0x0000000712200000, 0x0000000712200000, 0x0000000712400000|  0%| F|  |TAMS 0x0000000712200000, 0x0000000712200000| Untracked 
|  90|0x0000000712400000, 0x0000000712400000, 0x0000000712600000|  0%| F|  |TAMS 0x0000000712400000, 0x0000000712400000| Untracked 
|  91|0x0000000712600000, 0x0000000712600000, 0x0000000712800000|  0%| F|  |TAMS 0x0000000712600000, 0x0000000712600000| Untracked 
|  92|0x0000000712800000, 0x0000000712800000, 0x0000000712a00000|  0%| F|  |TAMS 0x0000000712800000, 0x0000000712800000| Untracked 
|  93|0x0000000712a00000, 0x0000000712a00000, 0x0000000712c00000|  0%| F|  |TAMS 0x0000000712a00000, 0x0000000712a00000| Untracked 
|  94|0x0000000712c00000, 0x0000000712c00000, 0x0000000712e00000|  0%| F|  |TAMS 0x0000000712c00000, 0x0000000712c00000| Untracked 
|  95|0x0000000712e00000, 0x0000000712e00000, 0x0000000713000000|  0%| F|  |TAMS 0x0000000712e00000, 0x0000000712e00000| Untracked 
|  96|0x0000000713000000, 0x0000000713000000, 0x0000000713200000|  0%| F|  |TAMS 0x0000000713000000, 0x0000000713000000| Untracked 
|  97|0x0000000713200000, 0x0000000713200000, 0x0000000713400000|  0%| F|  |TAMS 0x0000000713200000, 0x0000000713200000| Untracked 
|  98|0x0000000713400000, 0x0000000713400000, 0x0000000713600000|  0%| F|  |TAMS 0x0000000713400000, 0x0000000713400000| Untracked 
|  99|0x0000000713600000, 0x0000000713600000, 0x0000000713800000|  0%| F|  |TAMS 0x0000000713600000, 0x0000000713600000| Untracked 
| 100|0x0000000713800000, 0x0000000713800000, 0x0000000713a00000|  0%| F|  |TAMS 0x0000000713800000, 0x0000000713800000| Untracked 
| 101|0x0000000713a00000, 0x0000000713a00000, 0x0000000713c00000|  0%| F|  |TAMS 0x0000000713a00000, 0x0000000713a00000| Untracked 
| 102|0x0000000713c00000, 0x0000000713c00000, 0x0000000713e00000|  0%| F|  |TAMS 0x0000000713c00000, 0x0000000713c00000| Untracked 
| 103|0x0000000713e00000, 0x0000000713e00000, 0x0000000714000000|  0%| F|  |TAMS 0x0000000713e00000, 0x0000000713e00000| Untracked 
| 104|0x0000000714000000, 0x0000000714000000, 0x0000000714200000|  0%| F|  |TAMS 0x0000000714000000, 0x0000000714000000| Untracked 
| 105|0x0000000714200000, 0x0000000714200000, 0x0000000714400000|  0%| F|  |TAMS 0x0000000714200000, 0x0000000714200000| Untracked 
| 106|0x0000000714400000, 0x0000000714400000, 0x0000000714600000|  0%| F|  |TAMS 0x0000000714400000, 0x0000000714400000| Untracked 
| 107|0x0000000714600000, 0x0000000714600000, 0x0000000714800000|  0%| F|  |TAMS 0x0000000714600000, 0x0000000714600000| Untracked 
| 108|0x0000000714800000, 0x0000000714800000, 0x0000000714a00000|  0%| F|  |TAMS 0x0000000714800000, 0x0000000714800000| Untracked 
| 109|0x0000000714a00000, 0x0000000714a00000, 0x0000000714c00000|  0%| F|  |TAMS 0x0000000714a00000, 0x0000000714a00000| Untracked 
| 110|0x0000000714c00000, 0x0000000714c00000, 0x0000000714e00000|  0%| F|  |TAMS 0x0000000714c00000, 0x0000000714c00000| Untracked 
| 111|0x0000000714e00000, 0x0000000714e00000, 0x0000000715000000|  0%| F|  |TAMS 0x0000000714e00000, 0x0000000714e00000| Untracked 
| 112|0x0000000715000000, 0x0000000715000000, 0x0000000715200000|  0%| F|  |TAMS 0x0000000715000000, 0x0000000715000000| Untracked 
| 113|0x0000000715200000, 0x0000000715200000, 0x0000000715400000|  0%| F|  |TAMS 0x0000000715200000, 0x0000000715200000| Untracked 
| 114|0x0000000715400000, 0x0000000715400000, 0x0000000715600000|  0%| F|  |TAMS 0x0000000715400000, 0x0000000715400000| Untracked 
| 115|0x0000000715600000, 0x0000000715600000, 0x0000000715800000|  0%| F|  |TAMS 0x0000000715600000, 0x0000000715600000| Untracked 
| 116|0x0000000715800000, 0x0000000715800000, 0x0000000715a00000|  0%| F|  |TAMS 0x0000000715800000, 0x0000000715800000| Untracked 
| 117|0x0000000715a00000, 0x0000000715a00000, 0x0000000715c00000|  0%| F|  |TAMS 0x0000000715a00000, 0x0000000715a00000| Untracked 
| 118|0x0000000715c00000, 0x0000000715c00000, 0x0000000715e00000|  0%| F|  |TAMS 0x0000000715c00000, 0x0000000715c00000| Untracked 
| 119|0x0000000715e00000, 0x0000000715e00000, 0x0000000716000000|  0%| F|  |TAMS 0x0000000715e00000, 0x0000000715e00000| Untracked 
| 120|0x0000000716000000, 0x0000000716152b58, 0x0000000716200000| 66%| E|  |TAMS 0x0000000716000000, 0x0000000716000000| Complete 
| 121|0x0000000716200000, 0x0000000716400000, 0x0000000716400000|100%| E|CS|TAMS 0x0000000716200000, 0x0000000716200000| Complete 
| 122|0x0000000716400000, 0x0000000716600000, 0x0000000716600000|100%| E|CS|TAMS 0x0000000716400000, 0x0000000716400000| Complete 
| 123|0x0000000716600000, 0x0000000716800000, 0x0000000716800000|100%| E|CS|TAMS 0x0000000716600000, 0x0000000716600000| Complete 
| 124|0x0000000716800000, 0x0000000716a00000, 0x0000000716a00000|100%| E|CS|TAMS 0x0000000716800000, 0x0000000716800000| Complete 

Card table byte_map: [0x0000644ccb769000,0x0000644ccbf31000] _byte_map_base: 0x0000644cc7f31000

Marking Bits (Prev, Next): (CMBitMap*) 0x0000644ce40860a0, (CMBitMap*) 0x0000644ce40860e0
 Prev Bits: [0x0000644cc7161000, 0x0000644ccafa1000)
 Next Bits: [0x0000644cc3321000, 0x0000644cc7161000)

Polling page: 0x0000644cea0b4000

Metaspace:

Usage:
  Non-class:      8.44 MB used.
      Class:    921.34 KB used.
       Both:      9.34 MB used.

Virtual space:
  Non-class space:       64.00 MB reserved,       8.75 MB ( 14%) committed,  1 nodes.
      Class space:        1.00 GB reserved,       1.12 MB ( <1%) committed,  1 nodes.
             Both:        1.06 GB reserved,       9.88 MB ( <1%) committed. 

Chunk freelists:
   Non-Class:  2.68 MB
       Class:  2.92 MB
        Both:  5.60 MB

MaxMetaspaceSize: unlimited
CompressedClassSpaceSize: 1.00 GB
Initial GC threshold: 21.00 MB
Current GC threshold: 21.00 MB
CDS: off
MetaspaceReclaimPolicy: balanced
 - commit_granule_bytes: 65536.
 - commit_granule_words: 8192.
 - virtual_space_node_default_size: 8388608.
 - enlarge_chunks_in_place: 1.
 - new_chunks_are_fully_committed: 0.
 - uncommit_free_chunks: 1.
 - use_allocation_guard: 0.


Internal statistics:

num_allocs_failed_limit: 0.
num_arena_births: 638.
num_arena_deaths: 0.
num_vsnodes_births: 2.
num_vsnodes_deaths: 0.
num_space_committed: 158.
num_space_uncommitted: 0.
num_chunks_returned_to_freelist: 0.
num_chunks_taken_from_freelist: 673.
num_chunk_merges: 0.
num_chunk_splits: 486.
num_chunks_enlarged: 317.
num_inconsistent_stats: 0.

CodeHeap 'non-profiled nmethods': size=120028Kb used=328Kb max_used=328Kb free=119700Kb
 bounds [0x0000644cd48c9000, 0x0000644cd4b39000, 0x0000644cdbe00000]
CodeHeap 'profiled nmethods': size=120028Kb used=1102Kb max_used=1102Kb free=118925Kb
 bounds [0x0000644ccce00000, 0x0000644ccd070000, 0x0000644cd4337000]
CodeHeap 'non-nmethods': size=5704Kb used=1468Kb max_used=1487Kb free=4235Kb
 bounds [0x0000644cd4337000, 0x0000644cd45a7000, 0x0000644cd48c9000]
 total_blobs=1322 nmethods=808 adapters=412
 compilation: enabled
              stopped_count=0, restarted_count=0
 full_count=0

Compilation events (20 events):
Event: 0.196 Thread 0x0000644ce41fd130 nmethod 789 0x0000644cccf0e690 code [0x0000644cccf0e900, 0x0000644cccf0f250]
Event: 0.196 Thread 0x0000644ce41fd130  790       3       jdk.internal.org.objectweb.asm.ClassWriter::<init> (7 bytes)
Event: 0.196 Thread 0x0000644ce41fd130 nmethod 790 0x0000644cccf0f590 code [0x0000644cccf0f740, 0x0000644cccf0f8a0]
Event: 0.196 Thread 0x0000644ce41fd130  791       3       jdk.internal.org.objectweb.asm.ClassWriter::<init> (73 bytes)
Event: 0.196 Thread 0x0000644ce41fd130 nmethod 791 0x0000644cccf0f990 code [0x0000644cccf0fb80, 0x0000644cccf10060]
Event: 0.196 Thread 0x0000644ce41fd130  792       3       jdk.internal.org.objectweb.asm.ClassVisitor::<init> (7 bytes)
Event: 0.196 Thread 0x0000644ce41fd130 nmethod 792 0x0000644cccf10210 code [0x0000644cccf103c0, 0x0000644cccf10520]
Event: 0.196 Thread 0x0000644ce41fd130  797       3       java.lang.invoke.MethodHandles$Lookup$ClassOption::optionsToFlag (40 bytes)
Event: 0.196 Thread 0x0000644ce41fd130 nmethod 797 0x0000644cccf10610 code [0x0000644cccf10800, 0x0000644cccf10d20]
Event: 0.196 Thread 0x0000644ce41fd130  796       3       java.lang.invoke.MethodHandles$Lookup$ClassFile::<init> (20 bytes)
Event: 0.196 Thread 0x0000644ce41fd130 nmethod 796 0x0000644cccf10e90 code [0x0000644cccf11040, 0x0000644cccf11290]
Event: 0.196 Thread 0x0000644ce41fd130  801       3       java.util.ArrayList::grow (60 bytes)
Event: 0.197 Thread 0x0000644ce41fd130 nmethod 801 0x0000644cccf11390 code [0x0000644cccf115a0, 0x0000644cccf11c30]
Event: 0.197 Thread 0x0000644ce41fd130  793       3       jdk.internal.org.objectweb.asm.ClassVisitor::<init> (78 bytes)
Event: 0.197 Thread 0x0000644ce41fd130 nmethod 793 0x0000644cccf11e10 code [0x0000644cccf12060, 0x0000644cccf12840]
Event: 0.197 Thread 0x0000644ce41fd130  798       3       java.lang.invoke.MethodHandles$Lookup$ClassDefiner::<init> (58 bytes)
Event: 0.197 Thread 0x0000644ce41fd130 nmethod 798 0x0000644cccf12b10 code [0x0000644cccf12cc0, 0x0000644cccf12f90]
Event: 0.197 Thread 0x0000644ce41fd130  799       3       java.lang.System$2::defineClass (21 bytes)
Event: 0.197 Thread 0x0000644ce41fd130 nmethod 799 0x0000644cccf13090 code [0x0000644cccf13240, 0x0000644cccf133e0]
Event: 0.198 Thread 0x0000644ce41fd130  806       3       jdk.internal.util.Preconditions::checkFromIndexSize (25 bytes)

GC Heap History (0 events):
No events

Dll operation events (8 events):
Event: 0.002 Loaded shared library /usr/lib/jvm/java-19-openjdk/lib/libjava.so
Event: 0.016 Loaded shared library /usr/lib/jvm/java-19-openjdk/lib/libjsvml.so
Event: 0.031 Loaded shared library /usr/lib/jvm/java-19-openjdk/lib/libnio.so
Event: 0.059 Loaded shared library /usr/lib/jvm/java-19-openjdk/lib/libnet.so
Event: 0.093 Loaded shared library /usr/lib/jvm/java-19-openjdk/lib/libjimage.so
Event: 0.098 Loaded shared library /lib/libc.so.6
Event: 0.131 Loading shared library pfs-core failed, pfs-core: cannot open shared object file: No such file or directory
Event: 0.131 Loaded shared library /data/git/PatrFileSys/javaPFS/lib/libpfs-core.so

Deoptimization events (16 events):
Event: 0.106 Thread 0x0000644ce4015780 Uncommon trap: trap_request=0xffffff45 fr.pc=0x0000644cd48d7c14 relative=0x0000000000000ab4
Event: 0.106 Thread 0x0000644ce4015780 Uncommon trap: reason=unstable_if action=reinterpret pc=0x0000644cd48d7c14 method=java.util.HashMap.putVal(ILjava/lang/Object;Ljava/lang/Object;ZZ)Ljava/lang/Object; @ 181 c2
Event: 0.106 Thread 0x0000644ce4015780 DEOPT PACKING pc=0x0000644cd48d7c14 sp=0x0000644ce85fd980
Event: 0.106 Thread 0x0000644ce4015780 DEOPT UNPACKING pc=0x0000644cd439de99 sp=0x0000644ce85fd920 mode 2
Event: 0.149 Thread 0x0000644ce4015780 Uncommon trap: trap_request=0xffffff45 fr.pc=0x0000644cd48f38b8 relative=0x0000000000000118
Event: 0.149 Thread 0x0000644ce4015780 Uncommon trap: reason=unstable_if action=reinterpret pc=0x0000644cd48f38b8 method=jdk.internal.org.objectweb.asm.ByteVector.putShort(I)Ljdk/internal/org/objectweb/asm/ByteVector; @ 13 c2
Event: 0.149 Thread 0x0000644ce4015780 DEOPT PACKING pc=0x0000644cd48f38b8 sp=0x0000644ce85fd810
Event: 0.149 Thread 0x0000644ce4015780 DEOPT UNPACKING pc=0x0000644cd439de99 sp=0x0000644ce85fd7c8 mode 2
Event: 0.150 Thread 0x0000644ce4015780 DEOPT PACKING pc=0x0000644ccce24372 sp=0x0000644ce85fd160
Event: 0.150 Thread 0x0000644ce4015780 DEOPT UNPACKING pc=0x0000644cd439e62f sp=0x0000644ce85fc5a0 mode 0
Event: 0.153 Thread 0x0000644ce4015780 DEOPT PACKING pc=0x0000644ccce19e66 sp=0x0000644ce85fd090
Event: 0.153 Thread 0x0000644ce4015780 DEOPT UNPACKING pc=0x0000644cd439e62f sp=0x0000644ce85fc528 mode 0
Event: 0.182 Thread 0x0000644ce4015780 Uncommon trap: trap_request=0xffffff45 fr.pc=0x0000644cd490cfec relative=0x000000000000168c
Event: 0.182 Thread 0x0000644ce4015780 Uncommon trap: reason=unstable_if action=reinterpret pc=0x0000644cd490cfec method=jdk.internal.org.objectweb.asm.Frame.execute(IILjdk/internal/org/objectweb/asm/Symbol;Ljdk/internal/org/objectweb/asm/SymbolTable;)V @ 1 c2
Event: 0.182 Thread 0x0000644ce4015780 DEOPT PACKING pc=0x0000644cd490cfec sp=0x0000644ce85fc340
Event: 0.182 Thread 0x0000644ce4015780 DEOPT UNPACKING pc=0x0000644cd439de99 sp=0x0000644ce85fc2b8 mode 2

Classes loaded (20 events):
Event: 0.191 Loading class java/lang/constant/DirectMethodHandleDesc done
Event: 0.191 Loading class java/lang/constant/DirectMethodHandleDescImpl done
Event: 0.191 Loading class java/lang/constant/DirectMethodHandleDescImpl$1
Event: 0.191 Loading class java/lang/constant/DirectMethodHandleDescImpl$1 done
Event: 0.191 Loading class java/lang/constant/DirectMethodHandleDesc$1
Event: 0.191 Loading class java/lang/constant/DirectMethodHandleDesc$1 done
Event: 0.192 Loading class java/lang/constant/PrimitiveClassDescImpl
Event: 0.192 Loading class java/lang/constant/DynamicConstantDesc
Event: 0.192 Loading class java/lang/constant/DynamicConstantDesc done
Event: 0.192 Loading class java/lang/constant/PrimitiveClassDescImpl done
Event: 0.192 Loading class java/lang/constant/DynamicConstantDesc$AnonymousDynamicConstantDesc
Event: 0.192 Loading class java/lang/constant/DynamicConstantDesc$AnonymousDynamicConstantDesc done
Event: 0.192 Loading class java/lang/invoke/IndirectVarHandle
Event: 0.192 Loading class java/lang/invoke/IndirectVarHandle done
Event: 0.193 Loading class java/lang/invoke/VarHandles$2
Event: 0.193 Loading class java/lang/invoke/VarHandles$2 done
Event: 0.196 Loading class java/lang/UnsupportedOperationException
Event: 0.196 Loading class java/lang/UnsupportedOperationException done
Event: 0.196 Loading class java/lang/invoke/VarHandleSegmentAsInts
Event: 0.196 Loading class java/lang/invoke/VarHandleSegmentAsInts done

Classes unloaded (0 events):
No events

Classes redefined (0 events):
No events

Internal exceptions (20 events):
Event: 0.179 Thread 0x0000644ce4015780 Exception <a 'java/lang/NoSuchMethodError'{0x00000007163ca2f8}: 'int java.lang.invoke.DelegatingMethodHandle$Holder.reinvoke_L(java.lang.Object, java.lang.Object, java.lang.Object, int, java.lang.Object, java.lang.Object, long)'> (0x00000007163ca2f8) 
thrown [src/hotspot/share/interpreter/linkResolver.cpp, line 773]
Event: 0.182 Thread 0x0000644ce4015780 Exception <a 'java/lang/NoSuchMethodError'{0x00000007163f7140}: 'java.lang.Object java.lang.invoke.DirectMethodHandle$Holder.invokeSpecial(java.lang.Object, java.lang.Object, int, java.lang.Object, java.lang.Object)'> (0x00000007163f7140) 
thrown [src/hotspot/share/interpreter/linkResolver.cpp, line 773]
Event: 0.182 Thread 0x0000644ce4015780 Exception <a 'java/lang/NoSuchMethodError'{0x00000007163fab50}: 'java.lang.Object java.lang.invoke.DelegatingMethodHandle$Holder.delegate(java.lang.Object, int, java.lang.Object, java.lang.Object)'> (0x00000007163fab50) 
thrown [src/hotspot/share/interpreter/linkResolver.cpp, line 773]
Event: 0.183 Thread 0x0000644ce4015780 Exception <a 'java/lang/NoSuchMethodError'{0x000000071600eaa8}: 'int java.lang.invoke.Invokers$Holder.linkToTargetMethod(java.lang.Object, java.lang.Object, java.lang.Object)'> (0x000000071600eaa8) 
thrown [src/hotspot/share/interpreter/linkResolver.cpp, line 773]
Event: 0.184 Thread 0x0000644ce4015780 Exception <a 'java/lang/NoSuchMethodError'{0x000000071601df58}: 'int java.lang.invoke.DirectMethodHandle$Holder.invokeStaticInit(java.lang.Object, java.lang.Object, java.lang.Object, int, java.lang.Object, long)'> (0x000000071601df58) 
thrown [src/hotspot/share/interpreter/linkResolver.cpp, line 773]
Event: 0.184 Thread 0x0000644ce4015780 Exception <a 'java/lang/NoSuchMethodError'{0x0000000716025440}: 'int java.lang.invoke.DelegatingMethodHandle$Holder.reinvoke_L(java.lang.Object, java.lang.Object, java.lang.Object, int, java.lang.Object, long)'> (0x0000000716025440) 
thrown [src/hotspot/share/interpreter/linkResolver.cpp, line 773]
Event: 0.186 Thread 0x0000644ce4015780 Exception <a 'java/lang/NoSuchMethodError'{0x0000000716045e38}: 'int java.lang.invoke.DirectMethodHandle$Holder.invokeStatic(java.lang.Object, java.lang.Object, java.lang.Object, int, int, long)'> (0x0000000716045e38) 
thrown [src/hotspot/share/interpreter/linkResolver.cpp, line 773]
Event: 0.186 Thread 0x0000644ce4015780 Exception <a 'java/lang/NoSuchMethodError'{0x0000000716049680}: 'int java.lang.invoke.DirectMethodHandle$Holder.invokeStaticInit(java.lang.Object, java.lang.Object, java.lang.Object, int, int, long)'> (0x0000000716049680) 
thrown [src/hotspot/share/interpreter/linkResolver.cpp, line 773]
Event: 0.186 Thread 0x0000644ce4015780 Exception <a 'java/lang/NoSuchMethodError'{0x000000071604d070}: 'int java.lang.invoke.DirectMethodHandle$Holder.invokeSpecial(java.lang.Object, java.lang.Object, java.lang.Object, java.lang.Object, int, int, long)'> (0x000000071604d070) 
thrown [src/hotspot/share/interpreter/linkResolver.cpp, line 773]
Event: 0.186 Thread 0x0000644ce4015780 Exception <a 'java/lang/NoSuchMethodError'{0x00000007160508a0}: 'int java.lang.invoke.DelegatingMethodHandle$Holder.reinvoke_L(java.lang.Object, java.lang.Object, java.lang.Object, int, int, long)'> (0x00000007160508a0) 
thrown [src/hotspot/share/interpreter/linkResolver.cpp, line 773]
Event: 0.188 Thread 0x0000644ce4015780 Exception <a 'java/lang/NoSuchMethodError'{0x0000000716077678}: 'int java.lang.invoke.DirectMethodHandle$Holder.invokeStaticInit(java.lang.Object, java.lang.Object, java.lang.Object, int, int, java.lang.Object, long)'> (0x0000000716077678) 
thrown [src/hotspot/share/interpreter/linkResolver.cpp, line 773]
Event: 0.188 Thread 0x0000644ce4015780 Exception <a 'java/lang/NoSuchMethodError'{0x000000071607ec28}: 'int java.lang.invoke.DelegatingMethodHandle$Holder.reinvoke_L(java.lang.Object, java.lang.Object, java.lang.Object, int, int, java.lang.Object, long)'> (0x000000071607ec28) 
thrown [src/hotspot/share/interpreter/linkResolver.cpp, line 773]
Event: 0.193 Thread 0x0000644ce4015780 Exception <a 'java/lang/NoSuchMethodError'{0x00000007160ba8f0}: 'void java.lang.invoke.DelegatingMethodHandle$Holder.reinvoke_L(java.lang.Object, java.lang.Object, java.lang.Object, long, long)'> (0x00000007160ba8f0) 
thrown [src/hotspot/share/interpreter/linkResolver.cpp, line 773]
Event: 0.193 Thread 0x0000644ce4015780 Exception <a 'java/lang/NoSuchMethodError'{0x00000007160c22d0}: 'int java.lang.invoke.DirectMethodHandle$Holder.invokeSpecial(java.lang.Object, java.lang.Object, int, java.lang.Object, java.lang.Object)'> (0x00000007160c22d0) 
thrown [src/hotspot/share/interpreter/linkResolver.cpp, line 773]
Event: 0.194 Thread 0x0000644ce4015780 Exception <a 'java/lang/NoSuchMethodError'{0x00000007160d0f78}: 'java.lang.Object java.lang.invoke.DirectMethodHandle$Holder.invokeSpecial(java.lang.Object, java.lang.Object, java.lang.Object, java.lang.Object, long)'> (0x00000007160d0f78) 
thrown [src/hotspot/share/interpreter/linkResolver.cpp, line 773]
Event: 0.194 Thread 0x0000644ce4015780 Exception <a 'java/lang/NoSuchMethodError'{0x00000007160dd5a0}: 'long java.lang.invoke.Invokers$Holder.invoke_MT(java.lang.Object, int, java.lang.Object)'> (0x00000007160dd5a0) 
thrown [src/hotspot/share/interpreter/linkResolver.cpp, line 773]
Event: 0.195 Thread 0x0000644ce4015780 Exception <a 'java/lang/NoSuchMethodError'{0x00000007160e81b8}: 'int java.lang.invoke.Invokers$Holder.invoke_MT(java.lang.Object, int, int, java.lang.Object)'> (0x00000007160e81b8) 
thrown [src/hotspot/share/interpreter/linkResolver.cpp, line 773]
Event: 0.196 Thread 0x0000644ce4015780 Exception <a 'java/lang/NoSuchMethodError'{0x00000007160f48c0}: 'int java.lang.invoke.Invokers$Holder.invoke_MT(java.lang.Object, int, java.lang.Object)'> (0x00000007160f48c0) 
thrown [src/hotspot/share/interpreter/linkResolver.cpp, line 773]
Event: 0.197 Thread 0x0000644ce4015780 Exception <a 'java/lang/NoSuchMethodError'{0x0000000716100678}: 'int java.lang.invoke.DirectMethodHandle$Holder.invokeSpecial(java.lang.Object, java.lang.Object, int, java.lang.Object)'> (0x0000000716100678) 
thrown [src/hotspot/share/interpreter/linkResolver.cpp, line 773]
Event: 0.197 Thread 0x0000644ce4015780 Exception <a 'java/lang/NoSuchMethodError'{0x0000000716103bc0}: 'int java.lang.invoke.Invokers$Holder.invoke_MT(java.lang.Object, int, java.lang.Object, java.lang.Object)'> (0x0000000716103bc0) 
thrown [src/hotspot/share/interpreter/linkResolver.cpp, line 773]

VM Operations (4 events):
Event: 0.078 Executing VM operation: HandshakeAllThreads
Event: 0.078 Executing VM operation: HandshakeAllThreads done
Event: 0.096 Executing VM operation: HandshakeAllThreads
Event: 0.096 Executing VM operation: HandshakeAllThreads done

Events (20 events):
Event: 0.025 Thread 0x0000644ce41f6380 Thread added: 0x0000644ce41f6380
Event: 0.025 Protecting memory [0x0000644ca7b00000,0x0000644ca7b04000] with protection modes 0
Event: 0.025 Thread 0x0000644ce41f7a90 Thread added: 0x0000644ce41f7a90
Event: 0.025 Protecting memory [0x0000644ca7a00000,0x0000644ca7a04000] with protection modes 0
Event: 0.025 Thread 0x0000644ce41f8e40 Thread added: 0x0000644ce41f8e40
Event: 0.025 Protecting memory [0x0000644ca7900000,0x0000644ca7904000] with protection modes 0
Event: 0.025 Thread 0x0000644ce41fa1e0 Thread added: 0x0000644ce41fa1e0
Event: 0.025 Protecting memory [0x0000644ca7800000,0x0000644ca7804000] with protection modes 0
Event: 0.025 Thread 0x0000644ce41fbbf0 Thread added: 0x0000644ce41fbbf0
Event: 0.026 Protecting memory [0x0000644ca7700000,0x0000644ca7704000] with protection modes 0
Event: 0.026 Thread 0x0000644ce41fd130 Thread added: 0x0000644ce41fd130
Event: 0.026 Protecting memory [0x0000644ca7600000,0x0000644ca7604000] with protection modes 0
Event: 0.026 Thread 0x0000644ce41fe600 Thread added: 0x0000644ce41fe600
Event: 0.026 Protecting memory [0x0000644ca7500000,0x0000644ca7504000] with protection modes 0
Event: 0.053 Thread 0x0000644ce42ae670 Thread added: 0x0000644ce42ae670
Event: 0.053 Protecting memory [0x0000644ca7400000,0x0000644ca7404000] with protection modes 0
Event: 0.086 Thread 0x0000644ce43049d0 Thread added: 0x0000644ce43049d0
Event: 0.086 Protecting memory [0x0000644ca7300000,0x0000644ca7304000] with protection modes 0
Event: 0.153 Thread 0x0000644c880eb360 Thread added: 0x0000644c880eb360
Event: 0.153 Protecting memory [0x0000644ca70fe000,0x0000644ca7102000] with protection modes 0


Dynamic libraries:
707000000-716a00000 rw-p 00000000 00:00 0 
716a00000-800000000 ---p 00000000 00:00 0 
800000000-800020000 rw-p 00000000 00:00 0 
800020000-800040000 rw-p 00000000 00:00 0 
800040000-8000c0000 rw-p 00000000 00:00 0 
8000c0000-800120000 rw-p 00000000 00:00 0 
800120000-840000000 ---p 00000000 00:00 0 
f63653f4000-f63653f5000 r--p 00000000 08:03 18908520                     /usr/lib/jvm/java-19-openjdk/bin/java
f63653f5000-f63653f6000 r-xp 00001000 08:03 18908520                     /usr/lib/jvm/java-19-openjdk/bin/java
f63653f6000-f63653f7000 r--p 00002000 08:03 18908520                     /usr/lib/jvm/java-19-openjdk/bin/java
f63653f7000-f63653f8000 r--p 00002000 08:03 18908520                     /usr/lib/jvm/java-19-openjdk/bin/java
f63653f8000-f63653f9000 rw-p 00003000 08:03 18908520                     /usr/lib/jvm/java-19-openjdk/bin/java
f6372bf7000-f6372c3e000 rw-p 00000000 00:00 0                            [heap]
644c6c000000-644c6c2b0000 rw-p 00000000 00:00 0 
644c6c2b0000-644c70000000 ---p 00000000 00:00 0 
644c74000000-644c74021000 rw-p 00000000 00:00 0 
644c74021000-644c78000000 ---p 00000000 00:00 0 
644c78000000-644c78021000 rw-p 00000000 00:00 0 
644c78021000-644c7c000000 ---p 00000000 00:00 0 
644c7c000000-644c7c021000 rw-p 00000000 00:00 0 
644c7c021000-644c80000000 ---p 00000000 00:00 0 
644c80000000-644c80021000 rw-p 00000000 00:00 0 
644c80021000-644c84000000 ---p 00000000 00:00 0 
644c84000000-644c842fb000 rw-p 00000000 00:00 0 
644c842fb000-644c88000000 ---p 00000000 00:00 0 
644c88000000-644c88244000 rw-p 00000000 00:00 0 
644c88244000-644c8c000000 ---p 00000000 00:00 0 
644c8c000000-644c8c021000 rw-p 00000000 00:00 0 
644c8c021000-644c90000000 ---p 00000000 00:00 0 
644c90000000-644c90021000 rw-p 00000000 00:00 0 
644c90021000-644c94000000 ---p 00000000 00:00 0 
644c94000000-644c94021000 rw-p 00000000 00:00 0 
644c94021000-644c98000000 ---p 00000000 00:00 0 
644c98000000-644c98021000 rw-p 00000000 00:00 0 
644c98021000-644c9c000000 ---p 00000000 00:00 0 
644c9c000000-644c9c021000 rw-p 00000000 00:00 0 
644c9c021000-644ca0000000 ---p 00000000 00:00 0 
644ca0000000-644ca0021000 rw-p 00000000 00:00 0 
644ca0021000-644ca4000000 ---p 00000000 00:00 0 
644ca70fe000-644ca7102000 ---p 00000000 00:00 0 
644ca7102000-644ca71fe000 rw-p 00000000 00:00 0 
644ca71fe000-644ca71ff000 ---p 00000000 00:00 0 
644ca71ff000-644ca7300000 rw-p 00000000 00:00 0 
644ca7300000-644ca7304000 ---p 00000000 00:00 0 
644ca7304000-644ca7400000 rw-p 00000000 00:00 0 
644ca7400000-644ca7404000 ---p 00000000 00:00 0 
644ca7404000-644ca7500000 rw-p 00000000 00:00 0 
644ca7500000-644ca7504000 ---p 00000000 00:00 0 
644ca7504000-644ca7600000 rw-p 00000000 00:00 0 
644ca7600000-644ca7604000 ---p 00000000 00:00 0 
644ca7604000-644ca7700000 rw-p 00000000 00:00 0 
644ca7700000-644ca7704000 ---p 00000000 00:00 0 
644ca7704000-644ca7800000 rw-p 00000000 00:00 0 
644ca7800000-644ca7804000 ---p 00000000 00:00 0 
644ca7804000-644ca7900000 rw-p 00000000 00:00 0 
644ca7900000-644ca7904000 ---p 00000000 00:00 0 
644ca7904000-644ca7a00000 rw-p 00000000 00:00 0 
644ca7a00000-644ca7a04000 ---p 00000000 00:00 0 
644ca7a04000-644ca7b00000 rw-p 00000000 00:00 0 
644ca7b00000-644ca7b04000 ---p 00000000 00:00 0 
644ca7b04000-644ca7c00000 rw-p 00000000 00:00 0 
644ca7c00000-644ca7fe1000 r--p 00000000 08:03 18372726                   /usr/lib/locale/locale-archive
644ca8000000-644ca8500000 rw-p 00000000 00:00 0 
644ca8500000-644ca8520000 rw-p 00000000 00:00 0 
644ca8520000-644ca8540000 rw-p 00000000 00:00 0 
644ca8540000-644ca8580000 rw-p 00000000 00:00 0 
644ca8580000-644ca8700000 rw-p 00000000 00:00 0 
644ca8700000-644ca8760000 rw-p 00000000 00:00 0 
644ca8760000-644ca8780000 rw-p 00000000 00:00 0 
644ca8780000-644ca8860000 rw-p 00000000 00:00 0 
644ca8860000-644ca8900000 ---p 00000000 00:00 0 
644ca8900000-644ca8960000 rw-p 00000000 00:00 0 
644ca8960000-644cac000000 ---p 00000000 00:00 0 
644cac000000-644cac021000 rw-p 00000000 00:00 0 
644cac021000-644cb0000000 ---p 00000000 00:00 0 
644cb0000000-644cb0021000 rw-p 00000000 00:00 0 
644cb0021000-644cb4000000 ---p 00000000 00:00 0 
644cb4000000-644cb4021000 rw-p 00000000 00:00 0 
644cb4021000-644cb8000000 ---p 00000000 00:00 0 
644cb8000000-644cb8021000 rw-p 00000000 00:00 0 
644cb8021000-644cbc000000 ---p 00000000 00:00 0 
644cbc000000-644cbc021000 rw-p 00000000 00:00 0 
644cbc021000-644cc0000000 ---p 00000000 00:00 0 
644cc00b9000-644cc00bd000 ---p 00000000 00:00 0 
644cc00bd000-644cc01b9000 rw-p 00000000 00:00 0 
644cc01b9000-644cc01ba000 ---p 00000000 00:00 0 
644cc01ba000-644cc02bb000 rw-p 00000000 00:00 0 
644cc02bb000-644cc02c0000 r--p 00000000 08:03 18908576                   /usr/lib/jvm/java-19-openjdk/lib/libjsvml.so
644cc02c0000-644cc0301000 r-xp 00005000 08:03 18908576                   /usr/lib/jvm/java-19-openjdk/lib/libjsvml.so
644cc0301000-644cc038a000 r--p 00046000 08:03 18908576                   /usr/lib/jvm/java-19-openjdk/lib/libjsvml.so
644cc038a000-644cc038b000 r--p 000ce000 08:03 18908576                   /usr/lib/jvm/java-19-openjdk/lib/libjsvml.so
644cc038b000-644cc038c000 rw-p 000cf000 08:03 18908576                   /usr/lib/jvm/java-19-openjdk/lib/libjsvml.so
644cc038c000-644cc040d000 rw-p 00000000 00:00 0 
644cc040d000-644cc040e000 ---p 00000000 00:00 0 
644cc040e000-644cc050f000 rw-p 00000000 00:00 0 
644cc050f000-644cc0510000 ---p 00000000 00:00 0 
644cc0510000-644cc301b000 rw-p 00000000 00:00 0 
644cc301b000-644cc301c000 ---p 00000000 00:00 0 
644cc301c000-644cc311d000 rw-p 00000000 00:00 0 
644cc311d000-644cc311e000 ---p 00000000 00:00 0 
644cc311e000-644cc321f000 rw-p 00000000 00:00 0 
644cc321f000-644cc3220000 ---p 00000000 00:00 0 
644cc3220000-644cc3709000 rw-p 00000000 00:00 0 
644cc3709000-644cc7161000 ---p 00000000 00:00 0 
644cc7161000-644cc7549000 rw-p 00000000 00:00 0 
644cc7549000-644ccafa1000 ---p 00000000 00:00 0 
644ccafa1000-644ccb01e000 rw-p 00000000 00:00 0 
644ccb01e000-644ccb769000 ---p 00000000 00:00 0 
644ccb769000-644ccb7e6000 rw-p 00000000 00:00 0 
644ccb7e6000-644ccbf31000 ---p 00000000 00:00 0 
644ccbf31000-644ccbfae000 rw-p 00000000 00:00 0 
644ccbfae000-644ccc6f9000 ---p 00000000 00:00 0 
644ccc6f9000-644ccce00000 rw-p 00000000 00:00 0 
644ccce00000-644ccd070000 rwxp 00000000 00:00 0 
644ccd070000-644cd4337000 ---p 00000000 00:00 0 
644cd4337000-644cd45a7000 rwxp 00000000 00:00 0 
644cd45a7000-644cd48c9000 ---p 00000000 00:00 0 
644cd48c9000-644cd4b39000 rwxp 00000000 00:00 0 
644cd4b39000-644cdbe00000 ---p 00000000 00:00 0 
644cdbe00000-644ce3f33000 r--s 00000000 08:03 18908603                   /usr/lib/jvm/java-19-openjdk/lib/modules
644ce3f33000-644ce4000000 rw-p 00000000 00:00 0 
644ce4000000-644ce44ca000 rw-p 00000000 00:00 0 
644ce44ca000-644ce8000000 ---p 00000000 00:00 0 
644ce8027000-644ce832f000 rw-p 00000000 00:00 0 
644ce832f000-644ce8415000 ---p 00000000 00:00 0 
644ce8415000-644ce841a000 rw-p 00000000 00:00 0 
644ce841a000-644ce8500000 ---p 00000000 00:00 0 
644ce8500000-644ce8504000 ---p 00000000 00:00 0 
644ce8504000-644ce8600000 rw-p 00000000 00:00 0 
644ce8600000-644ce8699000 r--p 00000000 08:03 18354265                   /usr/lib/libstdc++.so.6.0.30
644ce8699000-644ce87af000 r-xp 00099000 08:03 18354265                   /usr/lib/libstdc++.so.6.0.30
644ce87af000-644ce8826000 r--p 001af000 08:03 18354265                   /usr/lib/libstdc++.so.6.0.30
644ce8826000-644ce8833000 r--p 00225000 08:03 18354265                   /usr/lib/libstdc++.so.6.0.30
644ce8833000-644ce8834000 rw-p 00232000 08:03 18354265                   /usr/lib/libstdc++.so.6.0.30
644ce8834000-644ce8837000 rw-p 00000000 00:00 0 
644ce884e000-644ce8851000 r--p 00000000 08:11 48500917                   /data/git/PatrFileSys/pfs-core/exports/shared/libpfs-core.so
644ce8851000-644ce885b000 r-xp 00003000 08:11 48500917                   /data/git/PatrFileSys/pfs-core/exports/shared/libpfs-core.so
644ce885b000-644ce885e000 r--p 0000d000 08:11 48500917                   /data/git/PatrFileSys/pfs-core/exports/shared/libpfs-core.so
644ce885e000-644ce885f000 r--p 0000f000 08:11 48500917                   /data/git/PatrFileSys/pfs-core/exports/shared/libpfs-core.so
644ce885f000-644ce8860000 rw-p 00010000 08:11 48500917                   /data/git/PatrFileSys/pfs-core/exports/shared/libpfs-core.so
644ce8860000-644ce8863000 r--p 00000000 08:03 18908588                   /usr/lib/jvm/java-19-openjdk/lib/libnet.so
644ce8863000-644ce886c000 r-xp 00003000 08:03 18908588                   /usr/lib/jvm/java-19-openjdk/lib/libnet.so
644ce886c000-644ce886e000 r--p 0000c000 08:03 18908588                   /usr/lib/jvm/java-19-openjdk/lib/libnet.so
644ce886e000-644ce886f000 r--p 0000e000 08:03 18908588                   /usr/lib/jvm/java-19-openjdk/lib/libnet.so
644ce886f000-644ce8870000 rw-p 0000f000 08:03 18908588                   /usr/lib/jvm/java-19-openjdk/lib/libnet.so
644ce8870000-644ce88f1000 rw-p 00000000 00:00 0 
644ce88f1000-644ce88fe000 r--p 00000000 08:03 18908565                   /usr/lib/jvm/java-19-openjdk/lib/libjava.so
644ce88fe000-644ce890f000 r-xp 0000d000 08:03 18908565                   /usr/lib/jvm/java-19-openjdk/lib/libjava.so
644ce890f000-644ce8915000 r--p 0001e000 08:03 18908565                   /usr/lib/jvm/java-19-openjdk/lib/libjava.so
644ce8915000-644ce8916000 r--p 00024000 08:03 18908565                   /usr/lib/jvm/java-19-openjdk/lib/libjava.so
644ce8916000-644ce8917000 rw-p 00025000 08:03 18908565                   /usr/lib/jvm/java-19-openjdk/lib/libjava.so
644ce8917000-644ce8918000 rw-p 00000000 00:00 0 
644ce8918000-644ce8926000 r--p 00000000 08:03 18353453                   /usr/lib/libm.so.6
644ce8926000-644ce89a0000 r-xp 0000e000 08:03 18353453                   /usr/lib/libm.so.6
644ce89a0000-644ce89fe000 r--p 00088000 08:03 18353453                   /usr/lib/libm.so.6
644ce89fe000-644ce89ff000 r--p 000e5000 08:03 18353453                   /usr/lib/libm.so.6
644ce89ff000-644ce8a00000 rw-p 000e6000 08:03 18353453                   /usr/lib/libm.so.6
644ce8a00000-644ce8c8d000 r--p 00000000 08:03 19010004                   /usr/lib/jvm/java-19-openjdk/lib/server/libjvm.so
644ce8c8d000-644ce9a5e000 r-xp 0028d000 08:03 19010004                   /usr/lib/jvm/java-19-openjdk/lib/server/libjvm.so
644ce9a5e000-644ce9d06000 r--p 0105e000 08:03 19010004                   /usr/lib/jvm/java-19-openjdk/lib/server/libjvm.so
644ce9d06000-644ce9dd2000 r--p 01306000 08:03 19010004                   /usr/lib/jvm/java-19-openjdk/lib/server/libjvm.so
644ce9dd2000-644ce9e08000 rw-p 013d2000 08:03 19010004                   /usr/lib/jvm/java-19-openjdk/lib/server/libjvm.so
644ce9e08000-644ce9e64000 rw-p 00000000 00:00 0 
644ce9e65000-644ce9e6c000 r--p 00000000 08:03 18908590                   /usr/lib/jvm/java-19-openjdk/lib/libnio.so
644ce9e6c000-644ce9e74000 r-xp 00007000 08:03 18908590                   /usr/lib/jvm/java-19-openjdk/lib/libnio.so
644ce9e74000-644ce9e78000 r--p 0000f000 08:03 18908590                   /usr/lib/jvm/java-19-openjdk/lib/libnio.so
644ce9e78000-644ce9e79000 r--p 00013000 08:03 18908590                   /usr/lib/jvm/java-19-openjdk/lib/libnio.so
644ce9e79000-644ce9e7a000 rw-p 00014000 08:03 18908590                   /usr/lib/jvm/java-19-openjdk/lib/libnio.so
644ce9e7a000-644ce9e7d000 r--p 00000000 08:03 18354235                   /usr/lib/libgcc_s.so.1
644ce9e7d000-644ce9e94000 r-xp 00003000 08:03 18354235                   /usr/lib/libgcc_s.so.1
644ce9e94000-644ce9e98000 r--p 0001a000 08:03 18354235                   /usr/lib/libgcc_s.so.1
644ce9e98000-644ce9e99000 r--p 0001d000 08:03 18354235                   /usr/lib/libgcc_s.so.1
644ce9e99000-644ce9e9a000 rw-p 0001e000 08:03 18354235                   /usr/lib/libgcc_s.so.1
644ce9e9a000-644ce9e9d000 rw-p 00000000 00:00 0 
644ce9e9d000-644ce9ea0000 r--p 00000000 08:03 18363433                   /usr/lib/libz.so.1.2.13
644ce9ea0000-644ce9eae000 r-xp 00003000 08:03 18363433                   /usr/lib/libz.so.1.2.13
644ce9eae000-644ce9eb5000 r--p 00011000 08:03 18363433                   /usr/lib/libz.so.1.2.13
644ce9eb5000-644ce9eb6000 r--p 00017000 08:03 18363433                   /usr/lib/libz.so.1.2.13
644ce9eb6000-644ce9eb7000 rw-p 00018000 08:03 18363433                   /usr/lib/libz.so.1.2.13
644ce9eb7000-644ce9ed9000 r--p 00000000 08:03 18353443                   /usr/lib/libc.so.6
644ce9ed9000-644cea034000 r-xp 00022000 08:03 18353443                   /usr/lib/libc.so.6
644cea034000-644cea08b000 r--p 0017d000 08:03 18353443                   /usr/lib/libc.so.6
644cea08b000-644cea08f000 r--p 001d4000 08:03 18353443                   /usr/lib/libc.so.6
644cea08f000-644cea091000 rw-p 001d8000 08:03 18353443                   /usr/lib/libc.so.6
644cea091000-644cea09e000 rw-p 00000000 00:00 0 
644cea0a0000-644cea0a5000 rw-p 00000000 00:00 0 
644cea0a5000-644cea0ac000 ---p 00000000 00:00 0 
644cea0ac000-644cea0b4000 rw-s 00000000 00:24 442                        /tmp/hsperfdata_pat/26876
644cea0b4000-644cea0b5000 ---p 00000000 00:00 0 
644cea0b5000-644cea0b6000 r--p 00000000 00:00 0 
644cea0b6000-644cea0b7000 ---p 00000000 00:00 0 
644cea0b7000-644cea0b9000 r--p 00000000 08:03 18908570                   /usr/lib/jvm/java-19-openjdk/lib/libjimage.so
644cea0b9000-644cea0bc000 r-xp 00002000 08:03 18908570                   /usr/lib/jvm/java-19-openjdk/lib/libjimage.so
644cea0bc000-644cea0bd000 r--p 00005000 08:03 18908570                   /usr/lib/jvm/java-19-openjdk/lib/libjimage.so
644cea0bd000-644cea0be000 r--p 00006000 08:03 18908570                   /usr/lib/jvm/java-19-openjdk/lib/libjimage.so
644cea0be000-644cea0bf000 rw-p 00007000 08:03 18908570                   /usr/lib/jvm/java-19-openjdk/lib/libjimage.so
644cea0bf000-644cea0c1000 r--p 00000000 08:03 18908572                   /usr/lib/jvm/java-19-openjdk/lib/libjli.so
644cea0c1000-644cea0ca000 r-xp 00002000 08:03 18908572                   /usr/lib/jvm/java-19-openjdk/lib/libjli.so
644cea0ca000-644cea0cd000 r--p 0000b000 08:03 18908572                   /usr/lib/jvm/java-19-openjdk/lib/libjli.so
644cea0cd000-644cea0ce000 r--p 0000d000 08:03 18908572                   /usr/lib/jvm/java-19-openjdk/lib/libjli.so
644cea0ce000-644cea0cf000 rw-p 0000e000 08:03 18908572                   /usr/lib/jvm/java-19-openjdk/lib/libjli.so
644cea0cf000-644cea0d1000 rw-p 00000000 00:00 0 
644cea0d1000-644cea0d5000 r--p 00000000 00:00 0                          [vvar]
644cea0d5000-644cea0d7000 r-xp 00000000 00:00 0                          [vdso]
644cea0d7000-644cea0d8000 r--p 00000000 08:03 18353434                   /usr/lib/ld-linux-x86-64.so.2
644cea0d8000-644cea0fe000 r-xp 00001000 08:03 18353434                   /usr/lib/ld-linux-x86-64.so.2
644cea0fe000-644cea108000 r--p 00027000 08:03 18353434                   /usr/lib/ld-linux-x86-64.so.2
644cea108000-644cea10a000 r--p 00031000 08:03 18353434                   /usr/lib/ld-linux-x86-64.so.2
644cea10a000-644cea10c000 rw-p 00033000 08:03 18353434                   /usr/lib/ld-linux-x86-64.so.2
726d935d4000-726d935f5000 rw-p 00000000 00:00 0                          [stack]


VM Arguments:
jvm_args: --enable-native-access=de.hechler.patrick.zeugs.pfs -Dfile.encoding=UTF-8 --module-path=/data/git/PatrFileSys/javaPFS/target/classes --enable-preview -XX:+ShowCodeDetailsInExceptionMessages -Djdk.module.main=de.hechler.patrick.zeugs.pfs 
java_command: de.hechler.patrick.zeugs.pfs/de.hechler.patrick.zeugs.pfs.impl.pfs.PatrFSProvider
java_class_path (initial): /data/git/Checker/target/classes
Launcher Type: SUN_STANDARD

[Global flags]
     intx CICompilerCount                          = 4                                         {product} {ergonomic}
     uint ConcGCThreads                            = 3                                         {product} {ergonomic}
     uint G1ConcRefinementThreads                  = 10                                        {product} {ergonomic}
   size_t G1HeapRegionSize                         = 2097152                                   {product} {ergonomic}
    uintx GCDrainStackTargetSize                   = 64                                        {product} {ergonomic}
   size_t InitialHeapSize                          = 262144000                                 {product} {ergonomic}
   size_t MarkStackSize                            = 4194304                                   {product} {ergonomic}
   size_t MaxHeapSize                              = 4177526784                                {product} {ergonomic}
   size_t MaxNewSize                               = 2506096640                                {product} {ergonomic}
   size_t MinHeapDeltaBytes                        = 2097152                                   {product} {ergonomic}
   size_t MinHeapSize                              = 8388608                                   {product} {ergonomic}
    uintx NonNMethodCodeHeapSize                   = 5839372                                {pd product} {ergonomic}
    uintx NonProfiledCodeHeapSize                  = 122909434                              {pd product} {ergonomic}
    uintx ProfiledCodeHeapSize                     = 122909434                              {pd product} {ergonomic}
    uintx ReservedCodeCacheSize                    = 251658240                              {pd product} {ergonomic}
     bool SegmentedCodeCache                       = true                                      {product} {ergonomic}
     bool ShowCodeDetailsInExceptionMessages       = true                                   {manageable} {command line}
   size_t SoftMaxHeapSize                          = 4177526784                             {manageable} {ergonomic}
     bool UseCompressedClassPointers               = true                           {product lp64_product} {ergonomic}
     bool UseCompressedOops                        = true                           {product lp64_product} {ergonomic}
     bool UseG1GC                                  = true                                      {product} {ergonomic}

Logging:
Log output configuration:
 #0: stdout all=warning uptime,level,tags foldmultilines=false
 #1: stderr all=off uptime,level,tags foldmultilines=false

Environment Variables:
PATH=/usr/local/sbin:/usr/local/bin:/usr/bin:/usr/lib/jvm/default/bin:/usr/bin/site_perl:/usr/bin/vendor_perl:/usr/bin/core_perl
SHELL=/bin/zsh
DISPLAY=:0
LANG=en_US.UTF-8
LC_TIME=de_DE.UTF-8

Active Locale:
LC_ALL=LC_CTYPE=en_US.UTF-8;LC_NUMERIC=en_US.UTF-8;LC_TIME=de_DE.UTF-8;LC_COLLATE=de_DE.UTF-8;LC_MONETARY=de_DE.UTF-8;LC_MESSAGES=en_US.UTF-8;LC_PAPER=en_US.UTF-8;LC_NAME=en_US.UTF-8;LC_ADDRESS=en_US.UTF-8;LC_TELEPHONE=en_US.UTF-8;LC_MEASUREMENT=de_DE.UTF-8;LC_IDENTIFICATION=en_US.UTF-8
LC_COLLATE=de_DE.UTF-8
LC_CTYPE=en_US.UTF-8
LC_MESSAGES=en_US.UTF-8
LC_MONETARY=de_DE.UTF-8
LC_NUMERIC=en_US.UTF-8
LC_TIME=de_DE.UTF-8

Signal Handlers:
   SIGSEGV: 0x0000644ce99d7730 in libjvm.so+16611120, mask=11100100010111111101111111111110, flags=SA_RESTART|SA_SIGINFO
    SIGBUS: 0x0000644ce99d7730 in libjvm.so+16611120, mask=11100100010111111101111111111110, flags=SA_RESTART|SA_SIGINFO
    SIGFPE: 0x0000644ce99d7730 in libjvm.so+16611120, mask=11100100010111111101111111111110, flags=SA_RESTART|SA_SIGINFO
   SIGPIPE: 0x0000644ce9862ce0 in libjvm.so+15084768, mask=11100100010111111101111111111110, flags=SA_RESTART|SA_SIGINFO
   SIGXFSZ: 0x0000644ce9862ce0 in libjvm.so+15084768, mask=11100100010111111101111111111110, flags=SA_RESTART|SA_SIGINFO
    SIGILL: 0x0000644ce99d7730 in libjvm.so+16611120, mask=11100100010111111101111111111110, flags=SA_RESTART|SA_SIGINFO
   SIGUSR2: 0x0000644ce98622f0 in libjvm.so+15082224, mask=00100000000000000000000000000000, flags=SA_RESTART|SA_SIGINFO
    SIGHUP: 0x0000644ce9862200 in libjvm.so+15081984, mask=11100100010111111101111111111110, flags=SA_RESTART|SA_SIGINFO
    SIGINT: 0x0000644ce9862200 in libjvm.so+15081984, mask=11100100010111111101111111111110, flags=SA_RESTART|SA_SIGINFO
   SIGTERM: 0x0000644ce9862200 in libjvm.so+15081984, mask=11100100010111111101111111111110, flags=SA_RESTART|SA_SIGINFO
   SIGQUIT: 0x0000644ce9862200 in libjvm.so+15081984, mask=11100100010111111101111111111110, flags=SA_RESTART|SA_SIGINFO
   SIGTRAP: 0x0000644ce99d7730 in libjvm.so+16611120, mask=11100100010111111101111111111110, flags=SA_RESTART|SA_SIGINFO


---------------  S Y S T E M  ---------------

OS:
DISTRIB_ID="Arch"
DISTRIB_RELEASE="rolling"
DISTRIB_DESCRIPTION="Arch Linux"
uname: Linux 6.0.16-hardened1-1-hardened #1 SMP PREEMPT_DYNAMIC Tue, 03 Jan 2023 01:01:55 +0000 x86_64
OS uptime: 0 days 3:22 hours
libc: glibc 2.36 NPTL 2.36 
rlimit (soft/hard): STACK 8192k/infinity , CORE infinity/infinity , NPROC 63318/63318 , NOFILE 524288/524288 , AS infinity/infinity , CPU infinity/infinity , DATA infinity/infinity , FSIZE infinity/infinity , MEMLOCK 8192k/8192k
load average: 1.39 0.79 0.71

/proc/meminfo:
MemTotal:       16315252 kB
MemFree:         5037684 kB
MemAvailable:    9717800 kB
Buffers:          168540 kB
Cached:          5110608 kB
SwapCached:            0 kB
Active:          2049564 kB
Inactive:        8317220 kB
Active(anon):     305040 kB
Inactive(anon):  5325400 kB
Active(file):    1744524 kB
Inactive(file):  2991820 kB
Unevictable:          64 kB
Mlocked:              64 kB
SwapTotal:      16777212 kB
SwapFree:       16777212 kB
Zswap:                 0 kB
Zswapped:              0 kB
Dirty:               332 kB
Writeback:             0 kB
AnonPages:       5087668 kB
Mapped:           995036 kB
Shmem:            542804 kB
KReclaimable:     279180 kB
Slab:             504140 kB
SReclaimable:     279180 kB
SUnreclaim:       224960 kB
KernelStack:       17696 kB
PageTables:        44540 kB
NFS_Unstable:          0 kB
Bounce:                0 kB
WritebackTmp:          0 kB
CommitLimit:    24934836 kB
Committed_AS:   12792300 kB
VmallocTotal:   34359738367 kB
VmallocUsed:      117636 kB
VmallocChunk:          0 kB
Percpu:            21120 kB
HardwareCorrupted:     0 kB
AnonHugePages:         0 kB
ShmemHugePages:        0 kB
ShmemPmdMapped:        0 kB
FileHugePages:         0 kB
FilePmdMapped:         0 kB
CmaTotal:              0 kB
CmaFree:               0 kB
HugePages_Total:       0
HugePages_Free:        0
HugePages_Rsvd:        0
HugePages_Surp:        0
Hugepagesize:       2048 kB
Hugetlb:               0 kB
DirectMap4k:      723580 kB
DirectMap2M:    13889536 kB
DirectMap1G:     3145728 kB

/sys/kernel/mm/transparent_hugepage/enabled: always [madvise] never
/sys/kernel/mm/transparent_hugepage/defrag (defrag/compaction efforts parameter): always defer defer+madvise [madvise] never

Process Memory:
Virtual Size: 7077256K (peak: 7142792K)
Resident Set Size: 56216K (peak: 56216K) (anon: 35952K, file: 20232K, shmem: 32K)
Swapped out: 0K
C-Heap outstanding allocations: 33474K, retained: 3712K
glibc malloc tunables: (default)

/proc/sys/kernel/threads-max (system-wide limit on the number of threads): 126636
/proc/sys/vm/max_map_count (maximum number of memory map areas a process may have): 65530
/proc/sys/kernel/pid_max (system-wide limit on number of process identifiers): 4194304

container (cgroup) information:
container_type: cgroupv2
cpu_cpuset_cpus: not supported
cpu_memory_nodes: not supported
active_processor_count: 12
cpu_quota: no quota
cpu_period: 100000
cpu_shares: no shares
memory_limit_in_bytes: unlimited
memory_and_swap_limit_in_bytes: unlimited
memory_soft_limit_in_bytes: unlimited
memory_usage_in_bytes: 8746876 k
memory_max_usage_in_bytes: not supported
maximum number of tasks: unlimited
current number of tasks: 817

Steal ticks since vm start: 0
Steal ticks percentage since vm start:  0.000

CPU: total 32 (initial active 12) (12 cores per cpu, 2 threads per core) family 23 model 113 stepping 0 microcode 0x8701013, cx8, cmov, fxsr, ht, mmx, 3dnowpref, sse, sse2, sse3, ssse3, sse4a, sse4.1, sse4.2, popcnt, lzcnt, tsc, tscinvbit, avx, avx2, aes, clmul, bmi1, bmi2, adx, sha, fma, vzeroupper, clflush, clflushopt, rdtscp, rdpid
CPU Model and flags from /proc/cpuinfo:
model name	: AMD Ryzen 5 3600 6-Core Processor
flags		: fpu vme de pse tsc msr pae mce cx8 apic sep mtrr pge mca cmov pat pse36 clflush mmx fxsr sse sse2 ht syscall nx mmxext fxsr_opt pdpe1gb rdtscp lm constant_tsc rep_good nopl nonstop_tsc cpuid extd_apicid aperfmperf rapl pni pclmulqdq monitor ssse3 fma cx16 sse4_1 sse4_2 movbe popcnt aes xsave avx f16c rdrand lahf_lm cmp_legacy svm extapic cr8_legacy abm sse4a misalignsse 3dnowprefetch osvw ibs skinit wdt tce topoext perfctr_core perfctr_nb bpext perfctr_llc mwaitx cpb cat_l3 cdp_l3 hw_pstate pti ssbd mba ibpb stibp vmmcall fsgsbase bmi1 avx2 smep bmi2 cqm rdt_a rdseed adx smap clflushopt clwb sha_ni xsaveopt xsavec xgetbv1 xsaves cqm_llc cqm_occup_llc cqm_mbm_total cqm_mbm_local clzero irperf xsaveerptr rdpru wbnoinvd arat npt lbrv svm_lock nrip_save tsc_scale vmcb_clean flushbyasid decodeassists pausefilter pfthreshold avic v_vmsave_vmload vgif v_spec_ctrl umip rdpid overflow_recov succor smca sev sev_es

Online cpus: 0-11
Offline cpus: 12-31
BIOS frequency limitation: 3600000
Frequency switch latency (ns): 0
Available cpu frequencies: 3600000 2800000 2200000 
Current governor: schedutil
Core performance/turbo boost: 1

Memory: 4k page, physical 16315252k(5037684k free), swap 16777212k(16777212k free)
Page Sizes: 4k

vm_info: OpenJDK 64-Bit Server VM (19.0.1+10) for linux-amd64 JRE (19.0.1+10), built on 2022-10-27T08:18:41Z by "builduser" with gcc 12.2.0

END.
