#
# A fatal error has been detected by the Java Runtime Environment:
#
#  SIGSEGV (0xb) at pc=0x00006587c7f4bdc0, pid=25818, tid=25825
#
# JRE version: OpenJDK Runtime Environment (19.0.1+10) (build 19.0.1+10)
# Java VM: OpenJDK 64-Bit Server VM (19.0.1+10, mixed mode, tiered, compressed oops, compressed class ptrs, g1 gc, linux-amd64)
# Problematic frame:
# C  [libpfs-core.so+0xbdc0]  pfs_folder_create_file+0x278
#
# Core dump will be written. Default location: Core dumps may be processed with "/usr/lib/systemd/systemd-coredump %P %u %g %s %t %c %h" (or dumping to /data/git/PatrFileSys/javaPFS/core.25818)
#
# If you would like to submit a bug report, please visit:
#   https://bugreport.java.com/bugreport/crash.jsp
# The crash happened outside the Java Virtual Machine in native code.
# See problematic frame for where to report the bug.
#

---------------  S U M M A R Y ------------

Command Line: -XX:+ShowCodeDetailsInExceptionMessages -agentlib:jdwp=transport=dt_socket,suspend=y,address=localhost:34615 --enable-native-access=de.hechler.patrick.zeugs.pfs -javaagent:/home/pat/.eclipse/org.eclipse.platform_4.25.0_155965261_linux_gtk_x86_64/configuration/org.eclipse.osgi/497/0/.cp/lib/javaagent-shaded.jar -Dfile.encoding=UTF-8 --module-path=/data/git/PatrFileSys/javaPFS/target/classes --enable-preview -Djdk.module.main=de.hechler.patrick.zeugs.pfs de.hechler.patrick.zeugs.pfs/de.hechler.patrick.zeugs.pfs.impl.pfs.PatrFSProvider

Host: AMD Ryzen 5 3600 6-Core Processor, 32 cores, 15G, Arch Linux
Time: Thu Jan  5 19:39:40 2023 CET elapsed time: 23.352561 seconds (0d 0h 0m 23s)

---------------  T H R E A D  ---------------

Current thread (0x00006587c8017cf0):  JavaThread "main" [_thread_in_native, id=25825, stack(0x00006587cdf00000,0x00006587ce000000)]

Stack: [0x00006587cdf00000,0x00006587ce000000],  sp=0x00006587cdffe480,  free space=1017k
Native frames: (J=compiled Java code, j=interpreted, Vv=VM code, C=native code)
C  [libpfs-core.so+0xbdc0]  pfs_folder_create_file+0x278

Java frames: (J=compiled Java code, j=interpreted, Vv=VM code)
v  ~RuntimeStub::nep_invoker_blob 0x00006587b84afc08
j  java.lang.invoke.LambdaForm$MH+0x0000000800130400.invoke(Ljava/lang/Object;JIJJ)I+14 java.base@19.0.1
j  java.lang.invoke.LambdaForm$MH+0x0000000800187400.invokeExact_MT(Ljava/lang/Object;JIJJLjava/lang/Object;)I+25 java.base@19.0.1
j  jdk.internal.foreign.abi.DowncallStub+0x0000000800139000.invoke(Ljava/lang/foreign/SegmentAllocator;Ljava/lang/foreign/Addressable;ILjava/lang/foreign/Addressable;J)I+97 java.base@19.0.1
j  java.lang.invoke.LambdaForm$DMH+0x0000000800139800.invokeStaticInit(Ljava/lang/Object;Ljava/lang/Object;Ljava/lang/Object;ILjava/lang/Object;J)I+18 java.base@19.0.1
j  java.lang.invoke.LambdaForm$MH+0x000000080013b400.invoke(Ljava/lang/Object;ILjava/lang/Object;)I+55 java.base@19.0.1
j  java.lang.invoke.LambdaForm$MH+0x0000000800186c00.invoke_MT(Ljava/lang/Object;ILjava/lang/Object;Ljava/lang/Object;)I+22 java.base@19.0.1
j  de.hechler.patrick.zeugs.pfs.impl.pfs.PatrFolder.createFile(Ljava/lang/String;)Lde/hechler/patrick/zeugs/pfs/interfaces/File;+24 de.hechler.patrick.zeugs.pfs
j  de.hechler.patrick.zeugs.pfs.impl.pfs.PatrFSProvider.main([Ljava/lang/String;)V+106 de.hechler.patrick.zeugs.pfs
v  ~StubRoutines::call_stub 0x00006587b8337cc6

siginfo: si_signo: 11 (SIGSEGV), si_code: 1 (SEGV_MAPERR), si_addr: 0x0000000000000038

Registers:
RAX=0x0000000000000000, RBX=0x00006587c84513d0, RCX=0x0000000000000005, RDX=0x00000006587c8451
RSP=0x00006587cdffe480, RBP=0x0000000000000000, RSI=0x00006587c80008e0, RDI=0x0000000000000007
R8 =0x00006587c84513d0, R9 =0x00006587c842d4fc, R10=0x0000000000000003, R11=0x6eba6a7dc749f461
R12=0x0000000000000000, R13=0x00006587580098f0, R14=0x00006587cdffe5b8, R15=0x00006587c8017cf0
RIP=0x00006587c7f4bdc0, EFLAGS=0x0000000000010202, CSGSFS=0x002b000000000033, ERR=0x0000000000000004
  TRAPNO=0x000000000000000e


Register to memory mapping:

RAX=0x0 is NULL
RBX=0x00006587c84513d0 points into unknown readable memory: 0x0000000000000000 | 00 00 00 00 00 00 00 00
RCX=0x0000000000000005 is an unknown value
RDX=0x00000006587c8451 is an unknown value
RSP=0x00006587cdffe480 is pointing into the stack for thread: 0x00006587c8017cf0
RBP=0x0 is NULL
RSI=0x00006587c80008e0 points into unknown readable memory: 0x0000000100010000 | 00 00 01 00 01 00 00 00
RDI=0x0000000000000007 is an unknown value
R8 =0x00006587c84513d0 points into unknown readable memory: 0x0000000000000000 | 00 00 00 00 00 00 00 00
R9 =0x00006587c842d4fc points into unknown readable memory: 63 71 6d 5f
R10=0x0000000000000003 is an unknown value
R11=0x6eba6a7dc749f461 is an unknown value
R12=0x0 is NULL
R13=0x00006587580098f0 points into unknown readable memory: 0x6c6966206c697665 | 65 76 69 6c 20 66 69 6c
R14=0x00006587cdffe5b8 is pointing into the stack for thread: 0x00006587c8017cf0
R15=0x00006587c8017cf0 is a thread


Top of Stack: (sp=0x00006587cdffe480)
0x00006587cdffe480:   0000000000000000 0000658790ba4128
0x00006587cdffe490:   00006587cdffe4c0 0000000000000000
0x00006587cdffe4a0:   00006587cdffe4e0 00006587b84afc44
0x00006587cdffe4b0:   00000000000000b8 0000000000000000 

Instructions: (pc=0x00006587c7f4bdc0)
0x00006587c7f4bcc0:   00 48 8b 00 48 8b 04 e8 48 8b 70 10 48 83 fe ff
0x00006587c7f4bcd0:   74 18 48 8b 05 bf 52 00 00 48 8b 00 48 89 c7 ff
0x00006587c7f4bce0:   50 28 85 c0 0f 84 f3 00 00 00 b8 ff ff ff ff e9
0x00006587c7f4bcf0:   5f ff ff ff 8b 73 28 48 8b 05 ba 52 00 00 48 8b
0x00006587c7f4bd00:   00 48 8b 3c e8 48 83 c7 40 33 73 20 48 89 da e8
0x00006587c7f4bd10:   8c 74 ff ff 49 89 c4 48 85 c0 0f 84 98 00 00 00
0x00006587c7f4bd20:   48 c7 43 58 00 00 00 00 c7 43 40 00 00 00 00 48
0x00006587c7f4bd30:   8b 05 72 52 00 00 48 89 43 48 48 8b 05 97 52 00
0x00006587c7f4bd40:   00 48 89 43 50 48 c7 43 38 01 00 00 00 48 8b 05
0x00006587c7f4bd50:   64 52 00 00 48 8b 00 48 8b 3c e8 48 89 7b 30 8b
0x00006587c7f4bd60:   73 28 33 73 20 48 83 c7 40 48 89 da e8 4f 76 ff
0x00006587c7f4bd70:   ff 48 8b 05 40 52 00 00 48 8b 00 48 8b 04 e8 48
0x00006587c7f4bd80:   8b 70 10 48 83 fe ff 74 14 48 8b 05 08 52 00 00
0x00006587c7f4bd90:   48 8b 00 48 89 c7 ff 50 28 85 c0 74 54 48 89 da
0x00006587c7f4bda0:   48 8b 35 11 52 00 00 48 8b 3d d2 51 00 00 e8 e5
0x00006587c7f4bdb0:   ee ff ff e9 9b fe ff ff 48 89 df e8 90 72 ff ff
0x00006587c7f4bdc0:   49 8b 44 24 38 48 83 c0 01 49 89 44 24 38 4c 89
0x00006587c7f4bdd0:   e3 eb 9e b8 ff ff ff ff e9 76 fe ff ff b8 ff ff
0x00006587c7f4bde0:   ff ff e9 6c fe ff ff b8 ff ff ff ff e9 62 fe ff
0x00006587c7f4bdf0:   ff b8 ff ff ff ff e9 58 fe ff ff 48 63 d7 48 8b
0x00006587c7f4be00:   05 7b 51 00 00 48 3b 10 0f 8d 03 01 00 00 41 55
0x00006587c7f4be10:   41 54 55 53 48 83 ec 08 49 89 f5 48 63 ef 4c 8d
0x00006587c7f4be20:   24 ed 00 00 00 00 48 8b 05 8b 51 00 00 48 8b 00
0x00006587c7f4be30:   48 8b 04 e8 48 85 c0 0f 84 e7 00 00 00 48 8b 70
0x00006587c7f4be40:   10 48 83 fe ff 74 36 48 8b 05 4a 51 00 00 48 8b
0x00006587c7f4be50:   00 48 89 c7 ff 50 20 48 85 c0 0f 84 26 02 00 00
0x00006587c7f4be60:   48 8b 15 51 51 00 00 48 8b 12 48 8b 14 ea 48 63
0x00006587c7f4be70:   4a 1c f6 44 08 18 01 0f 84 bb 00 00 00 bf 60 00
0x00006587c7f4be80:   00 00 e8 69 74 ff ff 48 89 c3 48 85 c0 0f 84 cd
0x00006587c7f4be90:   00 00 00 48 8b 05 1e 51 00 00 4c 03 20 49 8b 14
0x00006587c7f4bea0:   24 f3 0f 6f 02 0f 11 03 f3 0f 6f 4a 10 0f 11 4b
0x00006587c7f4beb0:   10 f3 0f 6f 52 1c 0f 11 53 1c 49 8b 34 24 4c 89 


Stack slot to memory mapping:
stack at sp + 0 slots: 0x0 is NULL
stack at sp + 1 slots: {method} {0x0000658790ba4128} 'linkToNative' '(JIJJLjava/lang/Object;)I' in 'java/lang/invoke/MethodHandle'
stack at sp + 2 slots: 0x00006587cdffe4c0 is pointing into the stack for thread: 0x00006587c8017cf0
stack at sp + 3 slots: 0x0 is NULL
stack at sp + 4 slots: 0x00006587cdffe4e0 is pointing into the stack for thread: 0x00006587c8017cf0
stack at sp + 5 slots: 0x00006587b84afc44 is at code_begin+68 in 
[CodeBlob (0x00006587b84afb90)]
Framesize: 4
Runtime Stub (0x00006587b84afb90): nep_invoker_blob
--------------------------------------------------------------------------------
Decoding CodeBlob, name: nep_invoker_blob, at  [0x00006587b84afc00, 0x00006587b84afd08]  264 bytes
[MachCode]
  0x00006587b84afc00: 5548 8bec | 4883 ec10 | c5f8 7749 | 89af d002 | 0000 49ba | 08fc 4ab8 | 8765 0000 | 4d89 97c8 
  0x00006587b84afc20: 0200 0049 | 89a7 c002 | 0000 41c7 | 8774 0300 | 0004 0000 | 0049 8bc0 | 4c8b d648 | 8bf1 488b 
  0x00006587b84afc40: fa41 ffd2 | c5f8 7741 | c787 7403 | 0000 0500 | 0000 f083 | 4424 c000 | 493b af78 | 0300 000f 
  0x00006587b84afc60: 8753 0000 | 0041 81bf | 7003 0000 | 0000 0000 | 0f85 4200 | 0000 41c7 | 8774 0300 | 0008 0000 
  0x00006587b84afc80: 0041 81bf | e803 0000 | 0200 0000 | 0f84 4c00 | 0000 49c7 | 87c0 0200 | 0000 0000 | 0049 c787 
  0x00006587b84afca0: d002 0000 | 0000 0000 | 49c7 87c8 | 0200 0000 | 0000 00c5 | f877 c9c3 | c5f8 7748 | 8904 2449 
  0x00006587b84afcc0: 8bff 4c8b | e448 83ec | 0048 83e4 | f0e8 5ed5 | e916 498b | e44d 33e4 | 488b 0424 | eb98 c5f8 
  0x00006587b84afce0: 7748 8904 | 244c 8be4 | 4883 ec00 | 4883 e4f0 | e8db 20d0 | 1649 8be4 | 4d33 e448 | 8b04 24eb 
  0x00006587b84afd00: 91f4 f4f4 | f4f4 f4f4 
[/MachCode]
--------------------------------------------------------------------------------
stack at sp + 6 slots: 0x00000000000000b8 is an unknown value
stack at sp + 7 slots: 0x0 is NULL

--------------------------------------------------------------------------------
Decoding CodeBlob, name: nep_invoker_blob, at  [0x00006587b84afc00, 0x00006587b84afd08]  264 bytes
[MachCode]
  0x00006587b84afc00: 5548 8bec | 4883 ec10 | c5f8 7749 | 89af d002 | 0000 49ba | 08fc 4ab8 | 8765 0000 | 4d89 97c8 
  0x00006587b84afc20: 0200 0049 | 89a7 c002 | 0000 41c7 | 8774 0300 | 0004 0000 | 0049 8bc0 | 4c8b d648 | 8bf1 488b 
  0x00006587b84afc40: fa41 ffd2 | c5f8 7741 | c787 7403 | 0000 0500 | 0000 f083 | 4424 c000 | 493b af78 | 0300 000f 
  0x00006587b84afc60: 8753 0000 | 0041 81bf | 7003 0000 | 0000 0000 | 0f85 4200 | 0000 41c7 | 8774 0300 | 0008 0000 
  0x00006587b84afc80: 0041 81bf | e803 0000 | 0200 0000 | 0f84 4c00 | 0000 49c7 | 87c0 0200 | 0000 0000 | 0049 c787 
  0x00006587b84afca0: d002 0000 | 0000 0000 | 49c7 87c8 | 0200 0000 | 0000 00c5 | f877 c9c3 | c5f8 7748 | 8904 2449 
  0x00006587b84afcc0: 8bff 4c8b | e448 83ec | 0048 83e4 | f0e8 5ed5 | e916 498b | e44d 33e4 | 488b 0424 | eb98 c5f8 
  0x00006587b84afce0: 7748 8904 | 244c 8be4 | 4883 ec00 | 4883 e4f0 | e8db 20d0 | 1649 8be4 | 4d33 e448 | 8b04 24eb 
  0x00006587b84afd00: 91f4 f4f4 | f4f4 f4f4 
[/MachCode]
--------------------------------------------------------------------------------


---------------  P R O C E S S  ---------------

Threads class SMR info:
_java_thread_list=0x00006587500bea80, length=14, elements={
0x00006587c8017cf0, 0x00006587c81f6e50, 0x00006587c81f8360, 0x00006587c81f9ab0,
0x00006587c81fae60, 0x00006587c81fc200, 0x00006587c81fdc10, 0x00006587c81ff150,
0x00006587c8200620, 0x00006587c82e05c0, 0x00006587c8357480, 0x00006587c835a3e0,
0x0000658764001140, 0x00006587c845adf0
}

Java Threads: ( => current thread )
=>0x00006587c8017cf0 JavaThread "main" [_thread_in_native, id=25825, stack(0x00006587cdf00000,0x00006587ce000000)]
  0x00006587c81f6e50 JavaThread "Reference Handler" daemon [_thread_blocked, id=25832, stack(0x0000658799a28000,0x0000658799b28000)]
  0x00006587c81f8360 JavaThread "Finalizer" daemon [_thread_blocked, id=25833, stack(0x0000658799500000,0x0000658799600000)]
  0x00006587c81f9ab0 JavaThread "Signal Dispatcher" daemon [_thread_blocked, id=25834, stack(0x0000658799400000,0x0000658799500000)]
  0x00006587c81fae60 JavaThread "Service Thread" daemon [_thread_blocked, id=25835, stack(0x0000658799300000,0x0000658799400000)]
  0x00006587c81fc200 JavaThread "Monitor Deflation Thread" daemon [_thread_blocked, id=25836, stack(0x0000658799200000,0x0000658799300000)]
  0x00006587c81fdc10 JavaThread "C2 CompilerThread0" daemon [_thread_blocked, id=25837, stack(0x0000658799100000,0x0000658799200000)]
  0x00006587c81ff150 JavaThread "C1 CompilerThread0" daemon [_thread_blocked, id=25838, stack(0x0000658799000000,0x0000658799100000)]
  0x00006587c8200620 JavaThread "Sweeper thread" daemon [_thread_blocked, id=25839, stack(0x0000658798f00000,0x0000658799000000)]
  0x00006587c82e05c0 JavaThread "Common-Cleaner" daemon [_thread_blocked, id=25840, stack(0x0000658798e00000,0x0000658798f00000)]
  0x00006587c8357480 JavaThread "JDWP Transport Listener: dt_socket" daemon [_thread_blocked, id=25842, stack(0x0000658798d00000,0x0000658798e00000)]
  0x00006587c835a3e0 JavaThread "JDWP Event Helper Thread" daemon [_thread_blocked, id=25845, stack(0x0000658798c00000,0x0000658798d00000)]
  0x0000658764001140 JavaThread "JDWP Command Reader" daemon [_thread_in_native, id=25846, stack(0x0000658798b00000,0x0000658798c00000)]
  0x00006587c845adf0 JavaThread "Notification Thread" daemon [_thread_blocked, id=25850, stack(0x0000658798900000,0x0000658798a00000)]

Other Threads:
  0x00006587c81b6410 VMThread "VM Thread" [stack: 0x0000658799b2a000,0x0000658799c2a000] [id=25831]
  0x00006587c801a600 WatcherThread "VM Periodic Task Thread" [stack: 0x0000658798800000,0x0000658798900000] [id=25851]
  0x00006587c80875f0 WorkerThread "GC Thread#0" [stack: 0x00006587cc290000,0x00006587cc390000] [id=25826]
  0x00006587c8098530 ConcurrentGCThread "G1 Main Marker" [stack: 0x00006587cc18e000,0x00006587cc28e000] [id=25827]
  0x00006587c8099450 WorkerThread "G1 Conc#0" [stack: 0x00006587cc08c000,0x00006587cc18c000] [id=25828]
  0x00006587c8017290 ConcurrentGCThread "G1 Refine#0" [stack: 0x0000658799dff000,0x0000658799eff000] [id=25829]
  0x00006587c812f480 ConcurrentGCThread "G1 Service" [stack: 0x0000658799cfd000,0x0000658799dfd000] [id=25830]

Threads with active compile tasks:

VM state: not at safepoint (normal execution)

VM Mutex/Monitor currently owned by a thread: None

Heap address: 0x0000000707000000, size: 3984 MB, Compressed Oops mode: Zero based, Oop shift amount: 3

CDS archive(s) not mapped
Compressed class space mapped at: 0x0000000800000000-0x0000000840000000, reserved size: 1073741824
Narrow klass base: 0x0000000800000000, Narrow klass shift: 0, Narrow klass range: 0x40000000

GC Precious Log:
 CardTable entry size: 512
 Card Set container configuration: InlinePtr #cards 4 size 8 Array Of Cards #cards 16 size 48 Howl #buckets 8 coarsen threshold 3686 Howl Bitmap #cards 512 size 80 coarsen threshold 460 Card regions per heap region 1 cards per card region 4096
 CPUs: 32 total, 12 available
 Memory: 15932M
 Large Page Support: Disabled
 NUMA Support: Disabled
 Compressed Oops: Enabled (Zero based)
 Heap Region Size: 2M
 Heap Min Capacity: 8M
 Heap Initial Capacity: 250M
 Heap Max Capacity: 3984M
 Pre-touch: Disabled
 Parallel Workers: 10
 Concurrent Workers: 3
 Concurrent Refinement Workers: 10
 Periodic GC: Disabled

Heap:
 garbage-first heap   total 256000K, used 12288K [0x0000000707000000, 0x0000000800000000)
  region size 2048K, 7 young (14336K), 0 survivors (0K)
 Metaspace       used 13027K, committed 13568K, reserved 1114112K
  class space    used 1217K, committed 1472K, reserved 1048576K

Heap Regions: E=young(eden), S=young(survivor), O=old, HS=humongous(starts), HC=humongous(continues), CS=collection set, F=free, OA=open archive, CA=closed archive, TAMS=top-at-mark-start (previous, next)
|   0|0x0000000707000000, 0x0000000707000000, 0x0000000707200000|  0%| F|  |TAMS 0x0000000707000000, 0x0000000707000000| Untracked 
|   1|0x0000000707200000, 0x0000000707200000, 0x0000000707400000|  0%| F|  |TAMS 0x0000000707200000, 0x0000000707200000| Untracked 
|   2|0x0000000707400000, 0x0000000707400000, 0x0000000707600000|  0%| F|  |TAMS 0x0000000707400000, 0x0000000707400000| Untracked 
|   3|0x0000000707600000, 0x0000000707600000, 0x0000000707800000|  0%| F|  |TAMS 0x0000000707600000, 0x0000000707600000| Untracked 
|   4|0x0000000707800000, 0x0000000707800000, 0x0000000707a00000|  0%| F|  |TAMS 0x0000000707800000, 0x0000000707800000| Untracked 
|   5|0x0000000707a00000, 0x0000000707a00000, 0x0000000707c00000|  0%| F|  |TAMS 0x0000000707a00000, 0x0000000707a00000| Untracked 
|   6|0x0000000707c00000, 0x0000000707c00000, 0x0000000707e00000|  0%| F|  |TAMS 0x0000000707c00000, 0x0000000707c00000| Untracked 
|   7|0x0000000707e00000, 0x0000000707e00000, 0x0000000708000000|  0%| F|  |TAMS 0x0000000707e00000, 0x0000000707e00000| Untracked 
|   8|0x0000000708000000, 0x0000000708000000, 0x0000000708200000|  0%| F|  |TAMS 0x0000000708000000, 0x0000000708000000| Untracked 
|   9|0x0000000708200000, 0x0000000708200000, 0x0000000708400000|  0%| F|  |TAMS 0x0000000708200000, 0x0000000708200000| Untracked 
|  10|0x0000000708400000, 0x0000000708400000, 0x0000000708600000|  0%| F|  |TAMS 0x0000000708400000, 0x0000000708400000| Untracked 
|  11|0x0000000708600000, 0x0000000708600000, 0x0000000708800000|  0%| F|  |TAMS 0x0000000708600000, 0x0000000708600000| Untracked 
|  12|0x0000000708800000, 0x0000000708800000, 0x0000000708a00000|  0%| F|  |TAMS 0x0000000708800000, 0x0000000708800000| Untracked 
|  13|0x0000000708a00000, 0x0000000708a00000, 0x0000000708c00000|  0%| F|  |TAMS 0x0000000708a00000, 0x0000000708a00000| Untracked 
|  14|0x0000000708c00000, 0x0000000708c00000, 0x0000000708e00000|  0%| F|  |TAMS 0x0000000708c00000, 0x0000000708c00000| Untracked 
|  15|0x0000000708e00000, 0x0000000708e00000, 0x0000000709000000|  0%| F|  |TAMS 0x0000000708e00000, 0x0000000708e00000| Untracked 
|  16|0x0000000709000000, 0x0000000709000000, 0x0000000709200000|  0%| F|  |TAMS 0x0000000709000000, 0x0000000709000000| Untracked 
|  17|0x0000000709200000, 0x0000000709200000, 0x0000000709400000|  0%| F|  |TAMS 0x0000000709200000, 0x0000000709200000| Untracked 
|  18|0x0000000709400000, 0x0000000709400000, 0x0000000709600000|  0%| F|  |TAMS 0x0000000709400000, 0x0000000709400000| Untracked 
|  19|0x0000000709600000, 0x0000000709600000, 0x0000000709800000|  0%| F|  |TAMS 0x0000000709600000, 0x0000000709600000| Untracked 
|  20|0x0000000709800000, 0x0000000709800000, 0x0000000709a00000|  0%| F|  |TAMS 0x0000000709800000, 0x0000000709800000| Untracked 
|  21|0x0000000709a00000, 0x0000000709a00000, 0x0000000709c00000|  0%| F|  |TAMS 0x0000000709a00000, 0x0000000709a00000| Untracked 
|  22|0x0000000709c00000, 0x0000000709c00000, 0x0000000709e00000|  0%| F|  |TAMS 0x0000000709c00000, 0x0000000709c00000| Untracked 
|  23|0x0000000709e00000, 0x0000000709e00000, 0x000000070a000000|  0%| F|  |TAMS 0x0000000709e00000, 0x0000000709e00000| Untracked 
|  24|0x000000070a000000, 0x000000070a000000, 0x000000070a200000|  0%| F|  |TAMS 0x000000070a000000, 0x000000070a000000| Untracked 
|  25|0x000000070a200000, 0x000000070a200000, 0x000000070a400000|  0%| F|  |TAMS 0x000000070a200000, 0x000000070a200000| Untracked 
|  26|0x000000070a400000, 0x000000070a400000, 0x000000070a600000|  0%| F|  |TAMS 0x000000070a400000, 0x000000070a400000| Untracked 
|  27|0x000000070a600000, 0x000000070a600000, 0x000000070a800000|  0%| F|  |TAMS 0x000000070a600000, 0x000000070a600000| Untracked 
|  28|0x000000070a800000, 0x000000070a800000, 0x000000070aa00000|  0%| F|  |TAMS 0x000000070a800000, 0x000000070a800000| Untracked 
|  29|0x000000070aa00000, 0x000000070aa00000, 0x000000070ac00000|  0%| F|  |TAMS 0x000000070aa00000, 0x000000070aa00000| Untracked 
|  30|0x000000070ac00000, 0x000000070ac00000, 0x000000070ae00000|  0%| F|  |TAMS 0x000000070ac00000, 0x000000070ac00000| Untracked 
|  31|0x000000070ae00000, 0x000000070ae00000, 0x000000070b000000|  0%| F|  |TAMS 0x000000070ae00000, 0x000000070ae00000| Untracked 
|  32|0x000000070b000000, 0x000000070b000000, 0x000000070b200000|  0%| F|  |TAMS 0x000000070b000000, 0x000000070b000000| Untracked 
|  33|0x000000070b200000, 0x000000070b200000, 0x000000070b400000|  0%| F|  |TAMS 0x000000070b200000, 0x000000070b200000| Untracked 
|  34|0x000000070b400000, 0x000000070b400000, 0x000000070b600000|  0%| F|  |TAMS 0x000000070b400000, 0x000000070b400000| Untracked 
|  35|0x000000070b600000, 0x000000070b600000, 0x000000070b800000|  0%| F|  |TAMS 0x000000070b600000, 0x000000070b600000| Untracked 
|  36|0x000000070b800000, 0x000000070b800000, 0x000000070ba00000|  0%| F|  |TAMS 0x000000070b800000, 0x000000070b800000| Untracked 
|  37|0x000000070ba00000, 0x000000070ba00000, 0x000000070bc00000|  0%| F|  |TAMS 0x000000070ba00000, 0x000000070ba00000| Untracked 
|  38|0x000000070bc00000, 0x000000070bc00000, 0x000000070be00000|  0%| F|  |TAMS 0x000000070bc00000, 0x000000070bc00000| Untracked 
|  39|0x000000070be00000, 0x000000070be00000, 0x000000070c000000|  0%| F|  |TAMS 0x000000070be00000, 0x000000070be00000| Untracked 
|  40|0x000000070c000000, 0x000000070c000000, 0x000000070c200000|  0%| F|  |TAMS 0x000000070c000000, 0x000000070c000000| Untracked 
|  41|0x000000070c200000, 0x000000070c200000, 0x000000070c400000|  0%| F|  |TAMS 0x000000070c200000, 0x000000070c200000| Untracked 
|  42|0x000000070c400000, 0x000000070c400000, 0x000000070c600000|  0%| F|  |TAMS 0x000000070c400000, 0x000000070c400000| Untracked 
|  43|0x000000070c600000, 0x000000070c600000, 0x000000070c800000|  0%| F|  |TAMS 0x000000070c600000, 0x000000070c600000| Untracked 
|  44|0x000000070c800000, 0x000000070c800000, 0x000000070ca00000|  0%| F|  |TAMS 0x000000070c800000, 0x000000070c800000| Untracked 
|  45|0x000000070ca00000, 0x000000070ca00000, 0x000000070cc00000|  0%| F|  |TAMS 0x000000070ca00000, 0x000000070ca00000| Untracked 
|  46|0x000000070cc00000, 0x000000070cc00000, 0x000000070ce00000|  0%| F|  |TAMS 0x000000070cc00000, 0x000000070cc00000| Untracked 
|  47|0x000000070ce00000, 0x000000070ce00000, 0x000000070d000000|  0%| F|  |TAMS 0x000000070ce00000, 0x000000070ce00000| Untracked 
|  48|0x000000070d000000, 0x000000070d000000, 0x000000070d200000|  0%| F|  |TAMS 0x000000070d000000, 0x000000070d000000| Untracked 
|  49|0x000000070d200000, 0x000000070d200000, 0x000000070d400000|  0%| F|  |TAMS 0x000000070d200000, 0x000000070d200000| Untracked 
|  50|0x000000070d400000, 0x000000070d400000, 0x000000070d600000|  0%| F|  |TAMS 0x000000070d400000, 0x000000070d400000| Untracked 
|  51|0x000000070d600000, 0x000000070d600000, 0x000000070d800000|  0%| F|  |TAMS 0x000000070d600000, 0x000000070d600000| Untracked 
|  52|0x000000070d800000, 0x000000070d800000, 0x000000070da00000|  0%| F|  |TAMS 0x000000070d800000, 0x000000070d800000| Untracked 
|  53|0x000000070da00000, 0x000000070da00000, 0x000000070dc00000|  0%| F|  |TAMS 0x000000070da00000, 0x000000070da00000| Untracked 
|  54|0x000000070dc00000, 0x000000070dc00000, 0x000000070de00000|  0%| F|  |TAMS 0x000000070dc00000, 0x000000070dc00000| Untracked 
|  55|0x000000070de00000, 0x000000070de00000, 0x000000070e000000|  0%| F|  |TAMS 0x000000070de00000, 0x000000070de00000| Untracked 
|  56|0x000000070e000000, 0x000000070e000000, 0x000000070e200000|  0%| F|  |TAMS 0x000000070e000000, 0x000000070e000000| Untracked 
|  57|0x000000070e200000, 0x000000070e200000, 0x000000070e400000|  0%| F|  |TAMS 0x000000070e200000, 0x000000070e200000| Untracked 
|  58|0x000000070e400000, 0x000000070e400000, 0x000000070e600000|  0%| F|  |TAMS 0x000000070e400000, 0x000000070e400000| Untracked 
|  59|0x000000070e600000, 0x000000070e600000, 0x000000070e800000|  0%| F|  |TAMS 0x000000070e600000, 0x000000070e600000| Untracked 
|  60|0x000000070e800000, 0x000000070e800000, 0x000000070ea00000|  0%| F|  |TAMS 0x000000070e800000, 0x000000070e800000| Untracked 
|  61|0x000000070ea00000, 0x000000070ea00000, 0x000000070ec00000|  0%| F|  |TAMS 0x000000070ea00000, 0x000000070ea00000| Untracked 
|  62|0x000000070ec00000, 0x000000070ec00000, 0x000000070ee00000|  0%| F|  |TAMS 0x000000070ec00000, 0x000000070ec00000| Untracked 
|  63|0x000000070ee00000, 0x000000070ee00000, 0x000000070f000000|  0%| F|  |TAMS 0x000000070ee00000, 0x000000070ee00000| Untracked 
|  64|0x000000070f000000, 0x000000070f000000, 0x000000070f200000|  0%| F|  |TAMS 0x000000070f000000, 0x000000070f000000| Untracked 
|  65|0x000000070f200000, 0x000000070f200000, 0x000000070f400000|  0%| F|  |TAMS 0x000000070f200000, 0x000000070f200000| Untracked 
|  66|0x000000070f400000, 0x000000070f400000, 0x000000070f600000|  0%| F|  |TAMS 0x000000070f400000, 0x000000070f400000| Untracked 
|  67|0x000000070f600000, 0x000000070f600000, 0x000000070f800000|  0%| F|  |TAMS 0x000000070f600000, 0x000000070f600000| Untracked 
|  68|0x000000070f800000, 0x000000070f800000, 0x000000070fa00000|  0%| F|  |TAMS 0x000000070f800000, 0x000000070f800000| Untracked 
|  69|0x000000070fa00000, 0x000000070fa00000, 0x000000070fc00000|  0%| F|  |TAMS 0x000000070fa00000, 0x000000070fa00000| Untracked 
|  70|0x000000070fc00000, 0x000000070fc00000, 0x000000070fe00000|  0%| F|  |TAMS 0x000000070fc00000, 0x000000070fc00000| Untracked 
|  71|0x000000070fe00000, 0x000000070fe00000, 0x0000000710000000|  0%| F|  |TAMS 0x000000070fe00000, 0x000000070fe00000| Untracked 
|  72|0x0000000710000000, 0x0000000710000000, 0x0000000710200000|  0%| F|  |TAMS 0x0000000710000000, 0x0000000710000000| Untracked 
|  73|0x0000000710200000, 0x0000000710200000, 0x0000000710400000|  0%| F|  |TAMS 0x0000000710200000, 0x0000000710200000| Untracked 
|  74|0x0000000710400000, 0x0000000710400000, 0x0000000710600000|  0%| F|  |TAMS 0x0000000710400000, 0x0000000710400000| Untracked 
|  75|0x0000000710600000, 0x0000000710600000, 0x0000000710800000|  0%| F|  |TAMS 0x0000000710600000, 0x0000000710600000| Untracked 
|  76|0x0000000710800000, 0x0000000710800000, 0x0000000710a00000|  0%| F|  |TAMS 0x0000000710800000, 0x0000000710800000| Untracked 
|  77|0x0000000710a00000, 0x0000000710a00000, 0x0000000710c00000|  0%| F|  |TAMS 0x0000000710a00000, 0x0000000710a00000| Untracked 
|  78|0x0000000710c00000, 0x0000000710c00000, 0x0000000710e00000|  0%| F|  |TAMS 0x0000000710c00000, 0x0000000710c00000| Untracked 
|  79|0x0000000710e00000, 0x0000000710e00000, 0x0000000711000000|  0%| F|  |TAMS 0x0000000710e00000, 0x0000000710e00000| Untracked 
|  80|0x0000000711000000, 0x0000000711000000, 0x0000000711200000|  0%| F|  |TAMS 0x0000000711000000, 0x0000000711000000| Untracked 
|  81|0x0000000711200000, 0x0000000711200000, 0x0000000711400000|  0%| F|  |TAMS 0x0000000711200000, 0x0000000711200000| Untracked 
|  82|0x0000000711400000, 0x0000000711400000, 0x0000000711600000|  0%| F|  |TAMS 0x0000000711400000, 0x0000000711400000| Untracked 
|  83|0x0000000711600000, 0x0000000711600000, 0x0000000711800000|  0%| F|  |TAMS 0x0000000711600000, 0x0000000711600000| Untracked 
|  84|0x0000000711800000, 0x0000000711800000, 0x0000000711a00000|  0%| F|  |TAMS 0x0000000711800000, 0x0000000711800000| Untracked 
|  85|0x0000000711a00000, 0x0000000711a00000, 0x0000000711c00000|  0%| F|  |TAMS 0x0000000711a00000, 0x0000000711a00000| Untracked 
|  86|0x0000000711c00000, 0x0000000711c00000, 0x0000000711e00000|  0%| F|  |TAMS 0x0000000711c00000, 0x0000000711c00000| Untracked 
|  87|0x0000000711e00000, 0x0000000711e00000, 0x0000000712000000|  0%| F|  |TAMS 0x0000000711e00000, 0x0000000711e00000| Untracked 
|  88|0x0000000712000000, 0x0000000712000000, 0x0000000712200000|  0%| F|  |TAMS 0x0000000712000000, 0x0000000712000000| Untracked 
|  89|0x0000000712200000, 0x0000000712200000, 0x0000000712400000|  0%| F|  |TAMS 0x0000000712200000, 0x0000000712200000| Untracked 
|  90|0x0000000712400000, 0x0000000712400000, 0x0000000712600000|  0%| F|  |TAMS 0x0000000712400000, 0x0000000712400000| Untracked 
|  91|0x0000000712600000, 0x0000000712600000, 0x0000000712800000|  0%| F|  |TAMS 0x0000000712600000, 0x0000000712600000| Untracked 
|  92|0x0000000712800000, 0x0000000712800000, 0x0000000712a00000|  0%| F|  |TAMS 0x0000000712800000, 0x0000000712800000| Untracked 
|  93|0x0000000712a00000, 0x0000000712a00000, 0x0000000712c00000|  0%| F|  |TAMS 0x0000000712a00000, 0x0000000712a00000| Untracked 
|  94|0x0000000712c00000, 0x0000000712c00000, 0x0000000712e00000|  0%| F|  |TAMS 0x0000000712c00000, 0x0000000712c00000| Untracked 
|  95|0x0000000712e00000, 0x0000000712e00000, 0x0000000713000000|  0%| F|  |TAMS 0x0000000712e00000, 0x0000000712e00000| Untracked 
|  96|0x0000000713000000, 0x0000000713000000, 0x0000000713200000|  0%| F|  |TAMS 0x0000000713000000, 0x0000000713000000| Untracked 
|  97|0x0000000713200000, 0x0000000713200000, 0x0000000713400000|  0%| F|  |TAMS 0x0000000713200000, 0x0000000713200000| Untracked 
|  98|0x0000000713400000, 0x0000000713400000, 0x0000000713600000|  0%| F|  |TAMS 0x0000000713400000, 0x0000000713400000| Untracked 
|  99|0x0000000713600000, 0x0000000713600000, 0x0000000713800000|  0%| F|  |TAMS 0x0000000713600000, 0x0000000713600000| Untracked 
| 100|0x0000000713800000, 0x0000000713800000, 0x0000000713a00000|  0%| F|  |TAMS 0x0000000713800000, 0x0000000713800000| Untracked 
| 101|0x0000000713a00000, 0x0000000713a00000, 0x0000000713c00000|  0%| F|  |TAMS 0x0000000713a00000, 0x0000000713a00000| Untracked 
| 102|0x0000000713c00000, 0x0000000713c00000, 0x0000000713e00000|  0%| F|  |TAMS 0x0000000713c00000, 0x0000000713c00000| Untracked 
| 103|0x0000000713e00000, 0x0000000713e00000, 0x0000000714000000|  0%| F|  |TAMS 0x0000000713e00000, 0x0000000713e00000| Untracked 
| 104|0x0000000714000000, 0x0000000714000000, 0x0000000714200000|  0%| F|  |TAMS 0x0000000714000000, 0x0000000714000000| Untracked 
| 105|0x0000000714200000, 0x0000000714200000, 0x0000000714400000|  0%| F|  |TAMS 0x0000000714200000, 0x0000000714200000| Untracked 
| 106|0x0000000714400000, 0x0000000714400000, 0x0000000714600000|  0%| F|  |TAMS 0x0000000714400000, 0x0000000714400000| Untracked 
| 107|0x0000000714600000, 0x0000000714600000, 0x0000000714800000|  0%| F|  |TAMS 0x0000000714600000, 0x0000000714600000| Untracked 
| 108|0x0000000714800000, 0x0000000714800000, 0x0000000714a00000|  0%| F|  |TAMS 0x0000000714800000, 0x0000000714800000| Untracked 
| 109|0x0000000714a00000, 0x0000000714a00000, 0x0000000714c00000|  0%| F|  |TAMS 0x0000000714a00000, 0x0000000714a00000| Untracked 
| 110|0x0000000714c00000, 0x0000000714c00000, 0x0000000714e00000|  0%| F|  |TAMS 0x0000000714c00000, 0x0000000714c00000| Untracked 
| 111|0x0000000714e00000, 0x0000000714e00000, 0x0000000715000000|  0%| F|  |TAMS 0x0000000714e00000, 0x0000000714e00000| Untracked 
| 112|0x0000000715000000, 0x0000000715000000, 0x0000000715200000|  0%| F|  |TAMS 0x0000000715000000, 0x0000000715000000| Untracked 
| 113|0x0000000715200000, 0x0000000715200000, 0x0000000715400000|  0%| F|  |TAMS 0x0000000715200000, 0x0000000715200000| Untracked 
| 114|0x0000000715400000, 0x0000000715400000, 0x0000000715600000|  0%| F|  |TAMS 0x0000000715400000, 0x0000000715400000| Untracked 
| 115|0x0000000715600000, 0x0000000715600000, 0x0000000715800000|  0%| F|  |TAMS 0x0000000715600000, 0x0000000715600000| Untracked 
| 116|0x0000000715800000, 0x0000000715800000, 0x0000000715a00000|  0%| F|  |TAMS 0x0000000715800000, 0x0000000715800000| Untracked 
| 117|0x0000000715a00000, 0x0000000715a00000, 0x0000000715c00000|  0%| F|  |TAMS 0x0000000715a00000, 0x0000000715a00000| Untracked 
| 118|0x0000000715c00000, 0x0000000715dc35d8, 0x0000000715e00000| 88%| E|  |TAMS 0x0000000715c00000, 0x0000000715c00000| Complete 
| 119|0x0000000715e00000, 0x0000000716000000, 0x0000000716000000|100%| E|CS|TAMS 0x0000000715e00000, 0x0000000715e00000| Complete 
| 120|0x0000000716000000, 0x0000000716200000, 0x0000000716200000|100%| E|CS|TAMS 0x0000000716000000, 0x0000000716000000| Complete 
| 121|0x0000000716200000, 0x0000000716400000, 0x0000000716400000|100%| E|CS|TAMS 0x0000000716200000, 0x0000000716200000| Complete 
| 122|0x0000000716400000, 0x0000000716600000, 0x0000000716600000|100%| E|CS|TAMS 0x0000000716400000, 0x0000000716400000| Complete 
| 123|0x0000000716600000, 0x0000000716800000, 0x0000000716800000|100%| E|CS|TAMS 0x0000000716600000, 0x0000000716600000| Complete 
| 124|0x0000000716800000, 0x0000000716a00000, 0x0000000716a00000|100%| E|CS|TAMS 0x0000000716800000, 0x0000000716800000| Complete 

Card table byte_map: [0x00006587cc390000,0x00006587ccb58000] _byte_map_base: 0x00006587c8b58000

Marking Bits (Prev, Next): (CMBitMap*) 0x00006587c8088080, (CMBitMap*) 0x00006587c80880c0
 Prev Bits: [0x00006587ac7f8000, 0x00006587b0638000)
 Next Bits: [0x00006587a89b8000, 0x00006587ac7f8000)

Polling page: 0x00006587cfadb000

Metaspace:

Usage:
  Non-class:     11.53 MB used.
      Class:      1.19 MB used.
       Both:     12.72 MB used.

Virtual space:
  Non-class space:       64.00 MB reserved,      11.81 MB ( 18%) committed,  1 nodes.
      Class space:        1.00 GB reserved,       1.44 MB ( <1%) committed,  1 nodes.
             Both:        1.06 GB reserved,      13.25 MB (  1%) committed. 

Chunk freelists:
   Non-Class:  18.00 KB
       Class:  2.47 MB
        Both:  2.49 MB

MaxMetaspaceSize: unlimited
CompressedClassSpaceSize: 1.00 GB
Initial GC threshold: 21.00 MB
Current GC threshold: 21.00 MB
CDS: off
MetaspaceReclaimPolicy: balanced
 - commit_granule_bytes: 65536.
 - commit_granule_words: 8192.
 - virtual_space_node_default_size: 8388608.
 - enlarge_chunks_in_place: 1.
 - new_chunks_are_fully_committed: 0.
 - uncommit_free_chunks: 1.
 - use_allocation_guard: 0.


Internal statistics:

num_allocs_failed_limit: 0.
num_arena_births: 654.
num_arena_deaths: 0.
num_vsnodes_births: 2.
num_vsnodes_deaths: 0.
num_space_committed: 212.
num_space_uncommitted: 0.
num_chunks_returned_to_freelist: 0.
num_chunks_taken_from_freelist: 713.
num_chunk_merges: 0.
num_chunk_splits: 506.
num_chunks_enlarged: 338.
num_inconsistent_stats: 0.

CodeHeap 'non-profiled nmethods': size=120028Kb used=423Kb max_used=423Kb free=119604Kb
 bounds [0x00006587b88c9000, 0x00006587b8b39000, 0x00006587bfe00000]
CodeHeap 'profiled nmethods': size=120028Kb used=1350Kb max_used=1350Kb free=118677Kb
 bounds [0x00006587b0e00000, 0x00006587b1070000, 0x00006587b8337000]
CodeHeap 'non-nmethods': size=5704Kb used=1557Kb max_used=1577Kb free=4146Kb
 bounds [0x00006587b8337000, 0x00006587b85a7000, 0x00006587b88c9000]
 total_blobs=1531 nmethods=987 adapters=442
 compilation: enabled
              stopped_count=0, restarted_count=0
 full_count=0

Compilation events (20 events):
Event: 4.938 Thread 0x00006587c81ff150  959       3       jdk.internal.org.objectweb.asm.ClassWriter::<init> (7 bytes)
Event: 4.938 Thread 0x00006587c81ff150 nmethod 959 0x00006587b0f4d710 code [0x00006587b0f4d8c0, 0x00006587b0f4da20]
Event: 4.938 Thread 0x00006587c81ff150  960       3       jdk.internal.org.objectweb.asm.ClassWriter::<init> (73 bytes)
Event: 4.938 Thread 0x00006587c81ff150 nmethod 960 0x00006587b0f4db10 code [0x00006587b0f4dd00, 0x00006587b0f4e1e0]
Event: 4.938 Thread 0x00006587c81ff150  961       3       jdk.internal.org.objectweb.asm.ClassVisitor::<init> (7 bytes)
Event: 4.939 Thread 0x00006587c81ff150 nmethod 961 0x00006587b0f4e390 code [0x00006587b0f4e540, 0x00006587b0f4e6a0]
Event: 4.939 Thread 0x00006587c81ff150  962       3       jdk.internal.org.objectweb.asm.ClassVisitor::<init> (78 bytes)
Event: 4.939 Thread 0x00006587c81ff150 nmethod 962 0x00006587b0f4e790 code [0x00006587b0f4e9e0, 0x00006587b0f4f1e0]
Event: 4.939 Thread 0x00006587c81ff150  963       3       jdk.internal.org.objectweb.asm.SymbolTable::<init> (41 bytes)
Event: 4.939 Thread 0x00006587c81ff150 nmethod 963 0x00006587b0f4f490 code [0x00006587b0f4f660, 0x00006587b0f4fc10]
Event: 4.939 Thread 0x00006587c81ff150  966       3       java.lang.invoke.MethodHandles$Lookup$ClassFile::<init> (20 bytes)
Event: 4.939 Thread 0x00006587c81ff150 nmethod 966 0x00006587b0f4fd90 code [0x00006587b0f4ff40, 0x00006587b0f50190]
Event: 4.939 Thread 0x00006587c81ff150  967       3       java.lang.invoke.MethodHandles$Lookup::makeHiddenClassDefiner (42 bytes)
Event: 4.940 Thread 0x00006587c81ff150 nmethod 967 0x00006587b0f50290 code [0x00006587b0f504c0, 0x00006587b0f50bf0]
Event: 4.940 Thread 0x00006587c81ff150  970       3       java.lang.invoke.MethodHandle::isBuiltinLoader (24 bytes)
Event: 4.940 Thread 0x00006587c81ff150 nmethod 970 0x00006587b0f50e90 code [0x00006587b0f51040, 0x00006587b0f512d0]
Event: 4.940 Thread 0x00006587c81ff150  979       3       java.lang.invoke.MethodHandle::maybeCustomize (38 bytes)
Event: 4.941 Thread 0x00006587c81ff150 nmethod 979 0x00006587b0f51390 code [0x00006587b0f51560, 0x00006587b0f51970]
Event: 4.941 Thread 0x000065876821ad00 nmethod 956 0x00006587b892ab10 code [0x00006587b892ace0, 0x00006587b892b3b8]
Event: 4.960 Thread 0x00006587c81fdc10 nmethod 876 0x00006587b892b810 code [0x00006587b892c6e0, 0x00006587b892f948]

GC Heap History (0 events):
No events

Dll operation events (12 events):
Event: 0.001 Loaded shared library /usr/lib/jvm/java-19-openjdk/lib/libjava.so
Event: 0.013 Loaded shared library /usr/lib/jvm/java-19-openjdk/lib/libjsvml.so
Event: 0.030 Loaded shared library /usr/lib/jvm/java-19-openjdk/lib/libnio.so
Event: 0.057 Loaded shared library /usr/lib/jvm/java-19-openjdk/lib/libnet.so
Event: 0.112 Loaded shared library /usr/lib/jvm/java-19-openjdk/lib/libzip.so
Event: 0.113 Loaded shared library /usr/lib/jvm/java-19-openjdk/lib/libinstrument.so
Event: 0.116 Loaded shared library /usr/lib/jvm/java-19-openjdk/lib/libzip.so
Event: 0.167 Loaded shared library /usr/lib/jvm/java-19-openjdk/lib/libjimage.so
Event: 0.196 Loaded shared library /usr/lib/jvm/java-19-openjdk/lib/libverify.so
Event: 0.217 Loaded shared library /lib/libc.so.6
Event: 0.252 Loading shared library pfs-core failed, pfs-core: cannot open shared object file: No such file or directory
Event: 4.870 Loaded shared library /data/git/PatrFileSys/javaPFS/lib/libpfs-core.so

Deoptimization events (20 events):
Event: 0.204 Thread 0x00006587c8017cf0 DEOPT PACKING pc=0x00006587b0e958bc sp=0x00006587cdffbea0
Event: 0.204 Thread 0x00006587c8017cf0 DEOPT UNPACKING pc=0x00006587b839e62f sp=0x00006587cdffb328 mode 0
Event: 0.204 Thread 0x00006587c8017cf0 DEOPT PACKING pc=0x00006587b0e958bc sp=0x00006587cdffbea0
Event: 0.204 Thread 0x00006587c8017cf0 DEOPT UNPACKING pc=0x00006587b839e62f sp=0x00006587cdffb328 mode 0
Event: 0.205 Thread 0x00006587c8017cf0 DEOPT PACKING pc=0x00006587b0e958bc sp=0x00006587cdff8c70
Event: 0.205 Thread 0x00006587c8017cf0 DEOPT UNPACKING pc=0x00006587b839e62f sp=0x00006587cdff80f8 mode 0
Event: 0.206 Thread 0x00006587c8017cf0 DEOPT PACKING pc=0x00006587b0e958bc sp=0x00006587cdffbdd0
Event: 0.206 Thread 0x00006587c8017cf0 DEOPT UNPACKING pc=0x00006587b839e62f sp=0x00006587cdffb258 mode 0
Event: 0.206 Thread 0x00006587c8017cf0 DEOPT PACKING pc=0x00006587b0e6d6b6 sp=0x00006587cdffc160
Event: 0.206 Thread 0x00006587c8017cf0 DEOPT UNPACKING pc=0x00006587b839e62f sp=0x00006587cdffb618 mode 0
Event: 0.209 Thread 0x00006587c8017cf0 DEOPT PACKING pc=0x00006587b0e958bc sp=0x00006587cdff88f0
Event: 0.209 Thread 0x00006587c8017cf0 DEOPT UNPACKING pc=0x00006587b839e62f sp=0x00006587cdff7d78 mode 0
Event: 0.210 Thread 0x00006587c8017cf0 DEOPT PACKING pc=0x00006587b0e958bc sp=0x00006587cdff8830
Event: 0.210 Thread 0x00006587c8017cf0 DEOPT UNPACKING pc=0x00006587b839e62f sp=0x00006587cdff7cb8 mode 0
Event: 0.220 Thread 0x00006587c8017cf0 DEOPT PACKING pc=0x00006587b0e958bc sp=0x00006587cdffb440
Event: 0.220 Thread 0x00006587c8017cf0 DEOPT UNPACKING pc=0x00006587b839e62f sp=0x00006587cdffa8c8 mode 0
Event: 0.220 Thread 0x00006587c8017cf0 DEOPT PACKING pc=0x00006587b0e95994 sp=0x00006587cdffb440
Event: 0.220 Thread 0x00006587c8017cf0 DEOPT UNPACKING pc=0x00006587b839e62f sp=0x00006587cdffa8c8 mode 0
Event: 0.221 Thread 0x00006587c8017cf0 DEOPT PACKING pc=0x00006587b0e95994 sp=0x00006587cdffb440
Event: 0.221 Thread 0x00006587c8017cf0 DEOPT UNPACKING pc=0x00006587b839e62f sp=0x00006587cdffa8c8 mode 0

Classes loaded (20 events):
Event: 4.936 Loading class java/lang/invoke/VarHandleSegmentAsLongs
Event: 4.936 Loading class java/lang/invoke/VarHandleSegmentAsLongs done
Event: 4.936 Loading class java/lang/invoke/InfoFromMemberName$1
Event: 4.936 Loading class java/lang/invoke/InfoFromMemberName$1 done
Event: 4.936 Loading class java/util/stream/MatchOps$MatchKind
Event: 4.936 Loading class java/util/stream/MatchOps$MatchKind done
Event: 4.936 Loading class java/util/stream/MatchOps
Event: 4.936 Loading class java/util/stream/MatchOps done
Event: 4.936 Loading class java/util/stream/MatchOps$MatchOp
Event: 4.936 Loading class java/util/stream/MatchOps$MatchOp done
Event: 4.937 Loading class java/util/stream/MatchOps$BooleanTerminalSink
Event: 4.937 Loading class java/util/stream/MatchOps$BooleanTerminalSink done
Event: 4.937 Loading class java/util/stream/MatchOps$1MatchSink
Event: 4.937 Loading class java/util/stream/MatchOps$1MatchSink done
Event: 4.937 Loading class java/lang/invoke/IndirectVarHandle
Event: 4.937 Loading class java/lang/invoke/IndirectVarHandle done
Event: 4.938 Loading class java/lang/invoke/VarHandles$2
Event: 4.938 Loading class java/lang/invoke/VarHandles$2 done
Event: 15.248 Loading class java/lang/invoke/VarHandleSegmentAsInts
Event: 15.248 Loading class java/lang/invoke/VarHandleSegmentAsInts done

Classes unloaded (0 events):
No events

Classes redefined (0 events):
No events

Internal exceptions (20 events):
Event: 4.926 Thread 0x00006587c8017cf0 Exception <a 'java/lang/NoSuchMethodError'{0x0000000715c572e0}: 'int java.lang.invoke.DelegatingMethodHandle$Holder.reinvoke_L(java.lang.Object, java.lang.Object, java.lang.Object, int, java.lang.Object, java.lang.Object, long)'> (0x0000000715c572e0) 
thrown [src/hotspot/share/interpreter/linkResolver.cpp, line 773]
Event: 4.928 Thread 0x00006587c8017cf0 Exception <a 'java/lang/NoSuchMethodError'{0x0000000715c84170}: 'java.lang.Object java.lang.invoke.DirectMethodHandle$Holder.invokeSpecial(java.lang.Object, java.lang.Object, int, java.lang.Object, java.lang.Object)'> (0x0000000715c84170) 
thrown [src/hotspot/share/interpreter/linkResolver.cpp, line 773]
Event: 4.928 Thread 0x00006587c8017cf0 Exception <a 'java/lang/NoSuchMethodError'{0x0000000715c87b80}: 'java.lang.Object java.lang.invoke.DelegatingMethodHandle$Holder.delegate(java.lang.Object, int, java.lang.Object, java.lang.Object)'> (0x0000000715c87b80) 
thrown [src/hotspot/share/interpreter/linkResolver.cpp, line 773]
Event: 4.930 Thread 0x00006587c8017cf0 Exception <a 'java/lang/NoSuchMethodError'{0x0000000715c9c3f0}: 'int java.lang.invoke.Invokers$Holder.linkToTargetMethod(java.lang.Object, java.lang.Object, java.lang.Object)'> (0x0000000715c9c3f0) 
thrown [src/hotspot/share/interpreter/linkResolver.cpp, line 773]
Event: 4.930 Thread 0x00006587c8017cf0 Exception <a 'java/lang/NoSuchMethodError'{0x0000000715caca38}: 'int java.lang.invoke.DirectMethodHandle$Holder.invokeStaticInit(java.lang.Object, java.lang.Object, java.lang.Object, int, java.lang.Object, long)'> (0x0000000715caca38) 
thrown [src/hotspot/share/interpreter/linkResolver.cpp, line 773]
Event: 4.931 Thread 0x00006587c8017cf0 Exception <a 'java/lang/NoSuchMethodError'{0x0000000715cb3f20}: 'int java.lang.invoke.DelegatingMethodHandle$Holder.reinvoke_L(java.lang.Object, java.lang.Object, java.lang.Object, int, java.lang.Object, long)'> (0x0000000715cb3f20) 
thrown [src/hotspot/share/interpreter/linkResolver.cpp, line 773]
Event: 4.932 Thread 0x00006587c8017cf0 Exception <a 'java/lang/NoSuchMethodError'{0x0000000715cd48a0}: 'int java.lang.invoke.DirectMethodHandle$Holder.invokeStatic(java.lang.Object, java.lang.Object, java.lang.Object, int, int, long)'> (0x0000000715cd48a0) 
thrown [src/hotspot/share/interpreter/linkResolver.cpp, line 773]
Event: 4.932 Thread 0x00006587c8017cf0 Exception <a 'java/lang/NoSuchMethodError'{0x0000000715cd80e8}: 'int java.lang.invoke.DirectMethodHandle$Holder.invokeStaticInit(java.lang.Object, java.lang.Object, java.lang.Object, int, int, long)'> (0x0000000715cd80e8) 
thrown [src/hotspot/share/interpreter/linkResolver.cpp, line 773]
Event: 4.932 Thread 0x00006587c8017cf0 Exception <a 'java/lang/NoSuchMethodError'{0x0000000715cdbad8}: 'int java.lang.invoke.DirectMethodHandle$Holder.invokeSpecial(java.lang.Object, java.lang.Object, java.lang.Object, java.lang.Object, int, int, long)'> (0x0000000715cdbad8) 
thrown [src/hotspot/share/interpreter/linkResolver.cpp, line 773]
Event: 4.933 Thread 0x00006587c8017cf0 Exception <a 'java/lang/NoSuchMethodError'{0x0000000715cdf368}: 'int java.lang.invoke.DelegatingMethodHandle$Holder.reinvoke_L(java.lang.Object, java.lang.Object, java.lang.Object, int, int, long)'> (0x0000000715cdf368) 
thrown [src/hotspot/share/interpreter/linkResolver.cpp, line 773]
Event: 4.934 Thread 0x00006587c8017cf0 Exception <a 'java/lang/NoSuchMethodError'{0x0000000715d06170}: 'int java.lang.invoke.DirectMethodHandle$Holder.invokeStaticInit(java.lang.Object, java.lang.Object, java.lang.Object, int, int, java.lang.Object, long)'> (0x0000000715d06170) 
thrown [src/hotspot/share/interpreter/linkResolver.cpp, line 773]
Event: 4.935 Thread 0x00006587c8017cf0 Exception <a 'java/lang/NoSuchMethodError'{0x0000000715d0d720}: 'int java.lang.invoke.DelegatingMethodHandle$Holder.reinvoke_L(java.lang.Object, java.lang.Object, java.lang.Object, int, int, java.lang.Object, long)'> (0x0000000715d0d720) 
thrown [src/hotspot/share/interpreter/linkResolver.cpp, line 773]
Event: 4.938 Thread 0x00006587c8017cf0 Exception <a 'java/lang/NoSuchMethodError'{0x0000000715d4c018}: 'void java.lang.invoke.DelegatingMethodHandle$Holder.reinvoke_L(java.lang.Object, java.lang.Object, java.lang.Object, long, long)'> (0x0000000715d4c018) 
thrown [src/hotspot/share/interpreter/linkResolver.cpp, line 773]
Event: 4.939 Thread 0x00006587c8017cf0 Exception <a 'java/lang/NoSuchMethodError'{0x0000000715d53c10}: 'int java.lang.invoke.DirectMethodHandle$Holder.invokeSpecial(java.lang.Object, java.lang.Object, int, java.lang.Object, java.lang.Object)'> (0x0000000715d53c10) 
thrown [src/hotspot/share/interpreter/linkResolver.cpp, line 773]
Event: 4.939 Thread 0x00006587c8017cf0 Exception <a 'java/lang/NoSuchMethodError'{0x0000000715d628b8}: 'java.lang.Object java.lang.invoke.DirectMethodHandle$Holder.invokeSpecial(java.lang.Object, java.lang.Object, java.lang.Object, java.lang.Object, long)'> (0x0000000715d628b8) 
thrown [src/hotspot/share/interpreter/linkResolver.cpp, line 773]
Event: 4.940 Thread 0x00006587c8017cf0 Exception <a 'java/lang/NoSuchMethodError'{0x0000000715d6eee0}: 'long java.lang.invoke.Invokers$Holder.invoke_MT(java.lang.Object, int, java.lang.Object)'> (0x0000000715d6eee0) 
thrown [src/hotspot/share/interpreter/linkResolver.cpp, line 773]
Event: 6.432 Thread 0x00006587c8017cf0 Exception <a 'java/lang/NoSuchMethodError'{0x0000000715d79890}: 'int java.lang.invoke.Invokers$Holder.invoke_MT(java.lang.Object, int, int, java.lang.Object)'> (0x0000000715d79890) 
thrown [src/hotspot/share/interpreter/linkResolver.cpp, line 773]
Event: 15.186 Thread 0x00006587c8017cf0 Exception <a 'java/lang/NoSuchMethodError'{0x0000000715d8e8e0}: 'int java.lang.invoke.Invokers$Holder.invoke_MT(java.lang.Object, int, java.lang.Object)'> (0x0000000715d8e8e0) 
thrown [src/hotspot/share/interpreter/linkResolver.cpp, line 773]
Event: 23.266 Thread 0x00006587c8017cf0 Exception <a 'java/lang/NoSuchMethodError'{0x0000000715d9dec8}: 'int java.lang.invoke.DirectMethodHandle$Holder.invokeSpecial(java.lang.Object, java.lang.Object, int, java.lang.Object)'> (0x0000000715d9dec8) 
thrown [src/hotspot/share/interpreter/linkResolver.cpp, line 773]
Event: 23.290 Thread 0x00006587c8017cf0 Exception <a 'java/lang/NoSuchMethodError'{0x0000000715da1410}: 'int java.lang.invoke.Invokers$Holder.invoke_MT(java.lang.Object, int, java.lang.Object, java.lang.Object)'> (0x0000000715da1410) 
thrown [src/hotspot/share/interpreter/linkResolver.cpp, line 773]

VM Operations (20 events):
Event: 22.756 Executing VM operation: ChangeBreakpoints
Event: 22.756 Executing VM operation: ChangeBreakpoints done
Event: 23.253 Executing VM operation: ChangeSingleStep
Event: 23.253 Executing VM operation: ChangeSingleStep done
Event: 23.255 Executing VM operation: ChangeSingleStep
Event: 23.255 Executing VM operation: ChangeSingleStep done
Event: 23.256 Executing VM operation: get/set locals
Event: 23.256 Executing VM operation: get/set locals done
Event: 23.258 Executing VM operation: get receiver
Event: 23.258 Executing VM operation: get receiver done
Event: 23.258 Executing VM operation: ChangeSingleStep
Event: 23.258 Executing VM operation: ChangeSingleStep done
Event: 23.258 Executing VM operation: ChangeSingleStep
Event: 23.258 Executing VM operation: ChangeSingleStep done
Event: 23.259 Executing VM operation: ChangeSingleStep
Event: 23.259 Executing VM operation: ChangeSingleStep done
Event: 23.260 Executing VM operation: ChangeSingleStep
Event: 23.260 Executing VM operation: ChangeSingleStep done
Event: 23.261 Executing VM operation: get/set locals
Event: 23.261 Executing VM operation: get/set locals done

Events (20 events):
Event: 0.024 Thread 0x00006587c81ff150 Thread added: 0x00006587c81ff150
Event: 0.024 Protecting memory [0x0000658799000000,0x0000658799004000] with protection modes 0
Event: 0.024 Thread 0x00006587c8200620 Thread added: 0x00006587c8200620
Event: 0.024 Protecting memory [0x0000658798f00000,0x0000658798f04000] with protection modes 0
Event: 0.052 Thread 0x00006587c82e05c0 Thread added: 0x00006587c82e05c0
Event: 0.052 Protecting memory [0x0000658798e00000,0x0000658798e04000] with protection modes 0
Event: 0.084 Thread 0x00006587c8357480 Thread added: 0x00006587c8357480
Event: 0.084 Protecting memory [0x0000658798d00000,0x0000658798d04000] with protection modes 0
Event: 0.084 Thread 0x00006587c835a3e0 Thread added: 0x00006587c835a3e0
Event: 0.084 Protecting memory [0x0000658798c00000,0x0000658798c04000] with protection modes 0
Event: 0.084 Thread 0x0000658764001140 Thread added: 0x0000658764001140
Event: 0.084 Protecting memory [0x0000658798b00000,0x0000658798b04000] with protection modes 0
Event: 0.176 Thread 0x00006587681100e0 Thread added: 0x00006587681100e0
Event: 0.176 Protecting memory [0x0000658798a00000,0x0000658798a04000] with protection modes 0
Event: 0.193 Thread 0x00006587c845adf0 Thread added: 0x00006587c845adf0
Event: 0.193 Protecting memory [0x0000658798900000,0x0000658798904000] with protection modes 0
Event: 4.871 Thread 0x00006587681100e0 Thread exited: 0x00006587681100e0
Event: 4.898 Thread 0x000065876821ad00 Thread added: 0x000065876821ad00
Event: 4.898 Protecting memory [0x0000658798a00000,0x0000658798a04000] with protection modes 0
Event: 9.941 Thread 0x000065876821ad00 Thread exited: 0x000065876821ad00


Dynamic libraries:
707000000-716a00000 rw-p 00000000 00:00 0 
716a00000-800000000 ---p 00000000 00:00 0 
800000000-800020000 rw-p 00000000 00:00 0 
800020000-800040000 rw-p 00000000 00:00 0 
800040000-8000c0000 rw-p 00000000 00:00 0 
8000c0000-8000e0000 rw-p 00000000 00:00 0 
8000e0000-800140000 rw-p 00000000 00:00 0 
800140000-800160000 rw-p 00000000 00:00 0 
800160000-800180000 ---p 00000000 00:00 0 
800180000-800190000 rw-p 00000000 00:00 0 
800190000-840000000 ---p 00000000 00:00 0 
80b794b000-80b794c000 r--p 00000000 08:03 18908520                       /usr/lib/jvm/java-19-openjdk/bin/java
80b794c000-80b794d000 r-xp 00001000 08:03 18908520                       /usr/lib/jvm/java-19-openjdk/bin/java
80b794d000-80b794e000 r--p 00002000 08:03 18908520                       /usr/lib/jvm/java-19-openjdk/bin/java
80b794e000-80b794f000 r--p 00002000 08:03 18908520                       /usr/lib/jvm/java-19-openjdk/bin/java
80b794f000-80b7950000 rw-p 00003000 08:03 18908520                       /usr/lib/jvm/java-19-openjdk/bin/java
80f6e1c000-80f6e63000 rw-p 00000000 00:00 0                              [heap]
658748000000-658748021000 rw-p 00000000 00:00 0 
658748021000-65874c000000 ---p 00000000 00:00 0 
658750000000-6587501df000 rw-p 00000000 00:00 0 
6587501df000-658754000000 ---p 00000000 00:00 0 
658754000000-658754021000 rw-p 00000000 00:00 0 
658754021000-658758000000 ---p 00000000 00:00 0 
658758000000-658758021000 rw-p 00000000 00:00 0 
658758021000-65875c000000 ---p 00000000 00:00 0 
65875c000000-65875c021000 rw-p 00000000 00:00 0 
65875c021000-658760000000 ---p 00000000 00:00 0 
658760000000-658760021000 rw-p 00000000 00:00 0 
658760021000-658764000000 ---p 00000000 00:00 0 
658764000000-658764022000 rw-p 00000000 00:00 0 
658764022000-658768000000 ---p 00000000 00:00 0 
658768000000-65876823d000 rw-p 00000000 00:00 0 
65876823d000-65876c000000 ---p 00000000 00:00 0 
65876c000000-65876c021000 rw-p 00000000 00:00 0 
65876c021000-658770000000 ---p 00000000 00:00 0 
658770000000-658770021000 rw-p 00000000 00:00 0 
658770021000-658774000000 ---p 00000000 00:00 0 
658774000000-6587744cb000 rw-p 00000000 00:00 0 
6587744cb000-658778000000 ---p 00000000 00:00 0 
658778000000-658778021000 rw-p 00000000 00:00 0 
658778021000-65877c000000 ---p 00000000 00:00 0 
65877c000000-65877c021000 rw-p 00000000 00:00 0 
65877c021000-658780000000 ---p 00000000 00:00 0 
658780000000-658780021000 rw-p 00000000 00:00 0 
658780021000-658784000000 ---p 00000000 00:00 0 
658784000000-658784021000 rw-p 00000000 00:00 0 
658784021000-658788000000 ---p 00000000 00:00 0 
658788000000-658788021000 rw-p 00000000 00:00 0 
658788021000-65878c000000 ---p 00000000 00:00 0 
65878c000000-65878c021000 rw-p 00000000 00:00 0 
65878c021000-658790000000 ---p 00000000 00:00 0 
658790000000-658790500000 rw-p 00000000 00:00 0 
658790500000-658790520000 rw-p 00000000 00:00 0 
658790520000-658790540000 rw-p 00000000 00:00 0 
658790540000-658790580000 rw-p 00000000 00:00 0 
658790580000-658790700000 rw-p 00000000 00:00 0 
658790700000-658790720000 rw-p 00000000 00:00 0 
658790720000-658790740000 rw-p 00000000 00:00 0 
658790740000-658790780000 rw-p 00000000 00:00 0 
658790780000-658790a00000 rw-p 00000000 00:00 0 
658790a00000-658790b00000 rw-p 00000000 00:00 0 
658790b00000-658790bd0000 rw-p 00000000 00:00 0 
658790bd0000-658794000000 ---p 00000000 00:00 0 
658794000000-658794021000 rw-p 00000000 00:00 0 
658794021000-658798000000 ---p 00000000 00:00 0 
6587987fe000-6587987ff000 ---p 00000000 00:00 0 
6587987ff000-658798900000 rw-p 00000000 00:00 0 
658798900000-658798904000 ---p 00000000 00:00 0 
658798904000-658798a00000 rw-p 00000000 00:00 0 
658798a00000-658798a04000 ---p 00000000 00:00 0 
658798a04000-658798b00000 rw-p 00000000 00:00 0 
658798b00000-658798b04000 ---p 00000000 00:00 0 
658798b04000-658798c00000 rw-p 00000000 00:00 0 
658798c00000-658798c04000 ---p 00000000 00:00 0 
658798c04000-658798d00000 rw-p 00000000 00:00 0 
658798d00000-658798d04000 ---p 00000000 00:00 0 
658798d04000-658798e00000 rw-p 00000000 00:00 0 
658798e00000-658798e04000 ---p 00000000 00:00 0 
658798e04000-658798f00000 rw-p 00000000 00:00 0 
658798f00000-658798f04000 ---p 00000000 00:00 0 
658798f04000-658799000000 rw-p 00000000 00:00 0 
658799000000-658799004000 ---p 00000000 00:00 0 
658799004000-658799100000 rw-p 00000000 00:00 0 
658799100000-658799104000 ---p 00000000 00:00 0 
658799104000-658799200000 rw-p 00000000 00:00 0 
658799200000-658799204000 ---p 00000000 00:00 0 
658799204000-658799300000 rw-p 00000000 00:00 0 
658799300000-658799304000 ---p 00000000 00:00 0 
658799304000-658799400000 rw-p 00000000 00:00 0 
658799400000-658799404000 ---p 00000000 00:00 0 
658799404000-658799500000 rw-p 00000000 00:00 0 
658799500000-658799504000 ---p 00000000 00:00 0 
658799504000-658799600000 rw-p 00000000 00:00 0 
658799600000-6587999e1000 r--p 00000000 08:03 18372726                   /usr/lib/locale/locale-archive
658799a28000-658799a2c000 ---p 00000000 00:00 0 
658799a2c000-658799b28000 rw-p 00000000 00:00 0 
658799b28000-658799b29000 ---p 00000000 00:00 0 
658799b29000-658799c2a000 rw-p 00000000 00:00 0 
658799c2a000-658799c2f000 r--p 00000000 08:03 18908576                   /usr/lib/jvm/java-19-openjdk/lib/libjsvml.so
658799c2f000-658799c70000 r-xp 00005000 08:03 18908576                   /usr/lib/jvm/java-19-openjdk/lib/libjsvml.so
658799c70000-658799cf9000 r--p 00046000 08:03 18908576                   /usr/lib/jvm/java-19-openjdk/lib/libjsvml.so
658799cf9000-658799cfa000 r--p 000ce000 08:03 18908576                   /usr/lib/jvm/java-19-openjdk/lib/libjsvml.so
658799cfa000-658799cfb000 rw-p 000cf000 08:03 18908576                   /usr/lib/jvm/java-19-openjdk/lib/libjsvml.so
658799cfb000-658799cfc000 ---p 00000000 00:00 0 
658799cfc000-658799dfd000 rw-p 00000000 00:00 0 
658799dfd000-658799dfe000 ---p 00000000 00:00 0 
658799dfe000-65879c000000 rw-p 00000000 00:00 0 
65879c000000-65879c021000 rw-p 00000000 00:00 0 
65879c021000-6587a0000000 ---p 00000000 00:00 0 
6587a0000000-6587a0021000 rw-p 00000000 00:00 0 
6587a0021000-6587a4000000 ---p 00000000 00:00 0 
6587a4000000-6587a4021000 rw-p 00000000 00:00 0 
6587a4021000-6587a8000000 ---p 00000000 00:00 0 
6587a800a000-6587a800d000 r--p 00000000 08:03 18378775                   /usr/lib/libnss_resolve.so.2
6587a800d000-6587a8024000 r-xp 00003000 08:03 18378775                   /usr/lib/libnss_resolve.so.2
6587a8024000-6587a802c000 r--p 0001a000 08:03 18378775                   /usr/lib/libnss_resolve.so.2
6587a802c000-6587a802d000 r--p 00021000 08:03 18378775                   /usr/lib/libnss_resolve.so.2
6587a802d000-6587a802e000 rw-p 00022000 08:03 18378775                   /usr/lib/libnss_resolve.so.2
6587a802e000-6587a8da0000 rw-p 00000000 00:00 0 
6587a8da0000-6587ac7f8000 ---p 00000000 00:00 0 
6587ac7f8000-6587acbe0000 rw-p 00000000 00:00 0 
6587acbe0000-6587b0638000 ---p 00000000 00:00 0 
6587b0638000-6587b06b5000 rw-p 00000000 00:00 0 
6587b06b5000-6587b0e00000 ---p 00000000 00:00 0 
6587b0e00000-6587b1070000 rwxp 00000000 00:00 0 
6587b1070000-6587b8337000 ---p 00000000 00:00 0 
6587b8337000-6587b85a7000 rwxp 00000000 00:00 0 
6587b85a7000-6587b88c9000 ---p 00000000 00:00 0 
6587b88c9000-6587b8b39000 rwxp 00000000 00:00 0 
6587b8b39000-6587bfe00000 ---p 00000000 00:00 0 
6587bfe00000-6587c7f33000 r--s 00000000 08:03 18908603                   /usr/lib/jvm/java-19-openjdk/lib/modules
6587c7f40000-6587c7f43000 r--p 00000000 08:11 48500917                   /data/git/PatrFileSys/pfs-core/exports/shared/libpfs-core.so
6587c7f43000-6587c7f4d000 r-xp 00003000 08:11 48500917                   /data/git/PatrFileSys/pfs-core/exports/shared/libpfs-core.so
6587c7f4d000-6587c7f50000 r--p 0000d000 08:11 48500917                   /data/git/PatrFileSys/pfs-core/exports/shared/libpfs-core.so
6587c7f50000-6587c7f51000 r--p 0000f000 08:11 48500917                   /data/git/PatrFileSys/pfs-core/exports/shared/libpfs-core.so
6587c7f51000-6587c7f52000 rw-p 00010000 08:11 48500917                   /data/git/PatrFileSys/pfs-core/exports/shared/libpfs-core.so
6587c7f52000-6587c7f59000 r--p 00000000 08:03 18372775                   /usr/lib/libnss_mymachines.so.2
6587c7f59000-6587c7f8d000 r-xp 00007000 08:03 18372775                   /usr/lib/libnss_mymachines.so.2
6587c7f8d000-6587c7fa0000 r--p 0003b000 08:03 18372775                   /usr/lib/libnss_mymachines.so.2
6587c7fa0000-6587c7fa3000 r--p 0004e000 08:03 18372775                   /usr/lib/libnss_mymachines.so.2
6587c7fa3000-6587c7fa4000 rw-p 00051000 08:03 18372775                   /usr/lib/libnss_mymachines.so.2
6587c7fa4000-6587c8000000 rw-p 00000000 00:00 0 
6587c8000000-6587c8537000 rw-p 00000000 00:00 0 
6587c8537000-6587cc000000 ---p 00000000 00:00 0 
6587cc00c000-6587cc00f000 r--p 00000000 08:03 18363034                   /usr/lib/libcap.so.2.66
6587cc00f000-6587cc014000 r-xp 00003000 08:03 18363034                   /usr/lib/libcap.so.2.66
6587cc014000-6587cc016000 r--p 00008000 08:03 18363034                   /usr/lib/libcap.so.2.66
6587cc016000-6587cc017000 r--p 00009000 08:03 18363034                   /usr/lib/libcap.so.2.66
6587cc017000-6587cc018000 rw-p 0000a000 08:03 18363034                   /usr/lib/libcap.so.2.66
6587cc01f000-6587cc023000 r--p 00000000 08:03 18908600                   /usr/lib/jvm/java-19-openjdk/lib/libverify.so
6587cc023000-6587cc02a000 r-xp 00004000 08:03 18908600                   /usr/lib/jvm/java-19-openjdk/lib/libverify.so
6587cc02a000-6587cc02c000 r--p 0000b000 08:03 18908600                   /usr/lib/jvm/java-19-openjdk/lib/libverify.so
6587cc02c000-6587cc02e000 r--p 0000c000 08:03 18908600                   /usr/lib/jvm/java-19-openjdk/lib/libverify.so
6587cc02e000-6587cc02f000 rw-p 0000e000 08:03 18908600                   /usr/lib/jvm/java-19-openjdk/lib/libverify.so
6587cc02f000-6587cc031000 r--p 00000000 08:03 18908602                   /usr/lib/jvm/java-19-openjdk/lib/libzip.so
6587cc031000-6587cc035000 r-xp 00002000 08:03 18908602                   /usr/lib/jvm/java-19-openjdk/lib/libzip.so
6587cc035000-6587cc037000 r--p 00006000 08:03 18908602                   /usr/lib/jvm/java-19-openjdk/lib/libzip.so
6587cc037000-6587cc038000 r--p 00007000 08:03 18908602                   /usr/lib/jvm/java-19-openjdk/lib/libzip.so
6587cc038000-6587cc039000 rw-p 00008000 08:03 18908602                   /usr/lib/jvm/java-19-openjdk/lib/libzip.so
6587cc039000-6587cc03c000 r--p 00000000 08:03 18908588                   /usr/lib/jvm/java-19-openjdk/lib/libnet.so
6587cc03c000-6587cc045000 r-xp 00003000 08:03 18908588                   /usr/lib/jvm/java-19-openjdk/lib/libnet.so
6587cc045000-6587cc047000 r--p 0000c000 08:03 18908588                   /usr/lib/jvm/java-19-openjdk/lib/libnet.so
6587cc047000-6587cc048000 r--p 0000e000 08:03 18908588                   /usr/lib/jvm/java-19-openjdk/lib/libnet.so
6587cc048000-6587cc049000 rw-p 0000f000 08:03 18908588                   /usr/lib/jvm/java-19-openjdk/lib/libnet.so
6587cc049000-6587cc08a000 rw-p 00000000 00:00 0 
6587cc08a000-6587cc08b000 ---p 00000000 00:00 0 
6587cc08b000-6587cc18c000 rw-p 00000000 00:00 0 
6587cc18c000-6587cc18d000 ---p 00000000 00:00 0 
6587cc18d000-6587cc28e000 rw-p 00000000 00:00 0 
6587cc28e000-6587cc28f000 ---p 00000000 00:00 0 
6587cc28f000-6587cc40d000 rw-p 00000000 00:00 0 
6587cc40d000-6587ccb58000 ---p 00000000 00:00 0 
6587ccb58000-6587ccbd5000 rw-p 00000000 00:00 0 
6587ccbd5000-6587cd320000 ---p 00000000 00:00 0 
6587cd320000-6587cdd2f000 rw-p 00000000 00:00 0 
6587cdd2f000-6587cde15000 ---p 00000000 00:00 0 
6587cde15000-6587cde1a000 rw-p 00000000 00:00 0 
6587cde1a000-6587cdf00000 ---p 00000000 00:00 0 
6587cdf00000-6587cdf04000 ---p 00000000 00:00 0 
6587cdf04000-6587ce000000 rw-p 00000000 00:00 0 
6587ce000000-6587ce099000 r--p 00000000 08:03 18354265                   /usr/lib/libstdc++.so.6.0.30
6587ce099000-6587ce1af000 r-xp 00099000 08:03 18354265                   /usr/lib/libstdc++.so.6.0.30
6587ce1af000-6587ce226000 r--p 001af000 08:03 18354265                   /usr/lib/libstdc++.so.6.0.30
6587ce226000-6587ce233000 r--p 00225000 08:03 18354265                   /usr/lib/libstdc++.so.6.0.30
6587ce233000-6587ce234000 rw-p 00232000 08:03 18354265                   /usr/lib/libstdc++.so.6.0.30
6587ce234000-6587ce237000 rw-p 00000000 00:00 0 
6587ce23d000-6587ce244000 r--p 00000000 08:03 18908590                   /usr/lib/jvm/java-19-openjdk/lib/libnio.so
6587ce244000-6587ce24c000 r-xp 00007000 08:03 18908590                   /usr/lib/jvm/java-19-openjdk/lib/libnio.so
6587ce24c000-6587ce250000 r--p 0000f000 08:03 18908590                   /usr/lib/jvm/java-19-openjdk/lib/libnio.so
6587ce250000-6587ce251000 r--p 00013000 08:03 18908590                   /usr/lib/jvm/java-19-openjdk/lib/libnio.so
6587ce251000-6587ce252000 rw-p 00014000 08:03 18908590                   /usr/lib/jvm/java-19-openjdk/lib/libnio.so
6587ce252000-6587ce2d3000 rw-p 00000000 00:00 0 
6587ce2d3000-6587ce2d6000 r--p 00000000 08:03 18908568                   /usr/lib/jvm/java-19-openjdk/lib/libjdwp.so
6587ce2d6000-6587ce306000 r-xp 00003000 08:03 18908568                   /usr/lib/jvm/java-19-openjdk/lib/libjdwp.so
6587ce306000-6587ce315000 r--p 00033000 08:03 18908568                   /usr/lib/jvm/java-19-openjdk/lib/libjdwp.so
6587ce315000-6587ce316000 r--p 00041000 08:03 18908568                   /usr/lib/jvm/java-19-openjdk/lib/libjdwp.so
6587ce316000-6587ce317000 rw-p 00042000 08:03 18908568                   /usr/lib/jvm/java-19-openjdk/lib/libjdwp.so
6587ce317000-6587ce318000 rw-p 00000000 00:00 0 
6587ce318000-6587ce326000 r--p 00000000 08:03 18353453                   /usr/lib/libm.so.6
6587ce326000-6587ce3a0000 r-xp 0000e000 08:03 18353453                   /usr/lib/libm.so.6
6587ce3a0000-6587ce3fe000 r--p 00088000 08:03 18353453                   /usr/lib/libm.so.6
6587ce3fe000-6587ce3ff000 r--p 000e5000 08:03 18353453                   /usr/lib/libm.so.6
6587ce3ff000-6587ce400000 rw-p 000e6000 08:03 18353453                   /usr/lib/libm.so.6
6587ce400000-6587ce68d000 r--p 00000000 08:03 19010004                   /usr/lib/jvm/java-19-openjdk/lib/server/libjvm.so
6587ce68d000-6587cf45e000 r-xp 0028d000 08:03 19010004                   /usr/lib/jvm/java-19-openjdk/lib/server/libjvm.so
6587cf45e000-6587cf706000 r--p 0105e000 08:03 19010004                   /usr/lib/jvm/java-19-openjdk/lib/server/libjvm.so
6587cf706000-6587cf7d2000 r--p 01306000 08:03 19010004                   /usr/lib/jvm/java-19-openjdk/lib/server/libjvm.so
6587cf7d2000-6587cf808000 rw-p 013d2000 08:03 19010004                   /usr/lib/jvm/java-19-openjdk/lib/server/libjvm.so
6587cf808000-6587cf864000 rw-p 00000000 00:00 0 
6587cf866000-6587cf868000 r--p 00000000 08:03 18908549                   /usr/lib/jvm/java-19-openjdk/lib/libdt_socket.so
6587cf868000-6587cf86b000 r-xp 00002000 08:03 18908549                   /usr/lib/jvm/java-19-openjdk/lib/libdt_socket.so
6587cf86b000-6587cf86c000 r--p 00005000 08:03 18908549                   /usr/lib/jvm/java-19-openjdk/lib/libdt_socket.so
6587cf86c000-6587cf86d000 r--p 00006000 08:03 18908549                   /usr/lib/jvm/java-19-openjdk/lib/libdt_socket.so
6587cf86d000-6587cf86e000 rw-p 00007000 08:03 18908549                   /usr/lib/jvm/java-19-openjdk/lib/libdt_socket.so
6587cf86e000-6587cf873000 rw-p 00000000 00:00 0 
6587cf873000-6587cf87a000 ---p 00000000 00:00 0 
6587cf87a000-6587cf887000 r--p 00000000 08:03 18908565                   /usr/lib/jvm/java-19-openjdk/lib/libjava.so
6587cf887000-6587cf898000 r-xp 0000d000 08:03 18908565                   /usr/lib/jvm/java-19-openjdk/lib/libjava.so
6587cf898000-6587cf89e000 r--p 0001e000 08:03 18908565                   /usr/lib/jvm/java-19-openjdk/lib/libjava.so
6587cf89e000-6587cf89f000 r--p 00024000 08:03 18908565                   /usr/lib/jvm/java-19-openjdk/lib/libjava.so
6587cf89f000-6587cf8a0000 rw-p 00025000 08:03 18908565                   /usr/lib/jvm/java-19-openjdk/lib/libjava.so
6587cf8a0000-6587cf8a1000 rw-p 00000000 00:00 0 
6587cf8a1000-6587cf8a4000 r--p 00000000 08:03 18354235                   /usr/lib/libgcc_s.so.1
6587cf8a4000-6587cf8bb000 r-xp 00003000 08:03 18354235                   /usr/lib/libgcc_s.so.1
6587cf8bb000-6587cf8bf000 r--p 0001a000 08:03 18354235                   /usr/lib/libgcc_s.so.1
6587cf8bf000-6587cf8c0000 r--p 0001d000 08:03 18354235                   /usr/lib/libgcc_s.so.1
6587cf8c0000-6587cf8c1000 rw-p 0001e000 08:03 18354235                   /usr/lib/libgcc_s.so.1
6587cf8c1000-6587cf8c4000 rw-p 00000000 00:00 0 
6587cf8c4000-6587cf8c7000 r--p 00000000 08:03 18363433                   /usr/lib/libz.so.1.2.13
6587cf8c7000-6587cf8d5000 r-xp 00003000 08:03 18363433                   /usr/lib/libz.so.1.2.13
6587cf8d5000-6587cf8dc000 r--p 00011000 08:03 18363433                   /usr/lib/libz.so.1.2.13
6587cf8dc000-6587cf8dd000 r--p 00017000 08:03 18363433                   /usr/lib/libz.so.1.2.13
6587cf8dd000-6587cf8de000 rw-p 00018000 08:03 18363433                   /usr/lib/libz.so.1.2.13
6587cf8de000-6587cf900000 r--p 00000000 08:03 18353443                   /usr/lib/libc.so.6
6587cf900000-6587cfa5b000 r-xp 00022000 08:03 18353443                   /usr/lib/libc.so.6
6587cfa5b000-6587cfab2000 r--p 0017d000 08:03 18353443                   /usr/lib/libc.so.6
6587cfab2000-6587cfab6000 r--p 001d4000 08:03 18353443                   /usr/lib/libc.so.6
6587cfab6000-6587cfab8000 rw-p 001d8000 08:03 18353443                   /usr/lib/libc.so.6
6587cfab8000-6587cfac5000 rw-p 00000000 00:00 0 
6587cfac6000-6587cface000 rw-s 00000000 00:24 402                        /tmp/hsperfdata_pat/25818
6587cface000-6587cfad0000 r--p 00000000 08:03 18908555                   /usr/lib/jvm/java-19-openjdk/lib/libinstrument.so
6587cfad0000-6587cfad6000 r-xp 00002000 08:03 18908555                   /usr/lib/jvm/java-19-openjdk/lib/libinstrument.so
6587cfad6000-6587cfad9000 r--p 00008000 08:03 18908555                   /usr/lib/jvm/java-19-openjdk/lib/libinstrument.so
6587cfad9000-6587cfada000 r--p 0000a000 08:03 18908555                   /usr/lib/jvm/java-19-openjdk/lib/libinstrument.so
6587cfada000-6587cfadb000 rw-p 0000b000 08:03 18908555                   /usr/lib/jvm/java-19-openjdk/lib/libinstrument.so
6587cfadb000-6587cfadc000 ---p 00000000 00:00 0 
6587cfadc000-6587cfadd000 r--p 00000000 00:00 0 
6587cfadd000-6587cfade000 ---p 00000000 00:00 0 
6587cfade000-6587cfae0000 r--p 00000000 08:03 18908570                   /usr/lib/jvm/java-19-openjdk/lib/libjimage.so
6587cfae0000-6587cfae3000 r-xp 00002000 08:03 18908570                   /usr/lib/jvm/java-19-openjdk/lib/libjimage.so
6587cfae3000-6587cfae4000 r--p 00005000 08:03 18908570                   /usr/lib/jvm/java-19-openjdk/lib/libjimage.so
6587cfae4000-6587cfae5000 r--p 00006000 08:03 18908570                   /usr/lib/jvm/java-19-openjdk/lib/libjimage.so
6587cfae5000-6587cfae6000 rw-p 00007000 08:03 18908570                   /usr/lib/jvm/java-19-openjdk/lib/libjimage.so
6587cfae6000-6587cfae8000 r--p 00000000 08:03 18908572                   /usr/lib/jvm/java-19-openjdk/lib/libjli.so
6587cfae8000-6587cfaf1000 r-xp 00002000 08:03 18908572                   /usr/lib/jvm/java-19-openjdk/lib/libjli.so
6587cfaf1000-6587cfaf4000 r--p 0000b000 08:03 18908572                   /usr/lib/jvm/java-19-openjdk/lib/libjli.so
6587cfaf4000-6587cfaf5000 r--p 0000d000 08:03 18908572                   /usr/lib/jvm/java-19-openjdk/lib/libjli.so
6587cfaf5000-6587cfaf6000 rw-p 0000e000 08:03 18908572                   /usr/lib/jvm/java-19-openjdk/lib/libjli.so
6587cfaf6000-6587cfaf8000 rw-p 00000000 00:00 0 
6587cfaf8000-6587cfafc000 r--p 00000000 00:00 0                          [vvar]
6587cfafc000-6587cfafe000 r-xp 00000000 00:00 0                          [vdso]
6587cfafe000-6587cfaff000 r--p 00000000 08:03 18353434                   /usr/lib/ld-linux-x86-64.so.2
6587cfaff000-6587cfb25000 r-xp 00001000 08:03 18353434                   /usr/lib/ld-linux-x86-64.so.2
6587cfb25000-6587cfb2f000 r--p 00027000 08:03 18353434                   /usr/lib/ld-linux-x86-64.so.2
6587cfb2f000-6587cfb31000 r--p 00031000 08:03 18353434                   /usr/lib/ld-linux-x86-64.so.2
6587cfb31000-6587cfb33000 rw-p 00033000 08:03 18353434                   /usr/lib/ld-linux-x86-64.so.2
727f4d2a7000-727f4d2c8000 rw-p 00000000 00:00 0                          [stack]


VM Arguments:
jvm_args: -XX:+ShowCodeDetailsInExceptionMessages -agentlib:jdwp=transport=dt_socket,suspend=y,address=localhost:34615 --enable-native-access=de.hechler.patrick.zeugs.pfs -javaagent:/home/pat/.eclipse/org.eclipse.platform_4.25.0_155965261_linux_gtk_x86_64/configuration/org.eclipse.osgi/497/0/.cp/lib/javaagent-shaded.jar -Dfile.encoding=UTF-8 --module-path=/data/git/PatrFileSys/javaPFS/target/classes --enable-preview -Djdk.module.main=de.hechler.patrick.zeugs.pfs 
java_command: de.hechler.patrick.zeugs.pfs/de.hechler.patrick.zeugs.pfs.impl.pfs.PatrFSProvider
java_class_path (initial): /data/git/Checker/target/classes
Launcher Type: SUN_STANDARD

[Global flags]
     intx CICompilerCount                          = 4                                         {product} {ergonomic}
     uint ConcGCThreads                            = 3                                         {product} {ergonomic}
     uint G1ConcRefinementThreads                  = 10                                        {product} {ergonomic}
   size_t G1HeapRegionSize                         = 2097152                                   {product} {ergonomic}
    uintx GCDrainStackTargetSize                   = 64                                        {product} {ergonomic}
   size_t InitialHeapSize                          = 262144000                                 {product} {ergonomic}
   size_t MarkStackSize                            = 4194304                                   {product} {ergonomic}
   size_t MaxHeapSize                              = 4177526784                                {product} {ergonomic}
   size_t MaxNewSize                               = 2506096640                                {product} {ergonomic}
   size_t MinHeapDeltaBytes                        = 2097152                                   {product} {ergonomic}
   size_t MinHeapSize                              = 8388608                                   {product} {ergonomic}
    uintx NonNMethodCodeHeapSize                   = 5839372                                {pd product} {ergonomic}
    uintx NonProfiledCodeHeapSize                  = 122909434                              {pd product} {ergonomic}
    uintx ProfiledCodeHeapSize                     = 122909434                              {pd product} {ergonomic}
    uintx ReservedCodeCacheSize                    = 251658240                              {pd product} {ergonomic}
     bool SegmentedCodeCache                       = true                                      {product} {ergonomic}
     bool ShowCodeDetailsInExceptionMessages       = true                                   {manageable} {command line}
   size_t SoftMaxHeapSize                          = 4177526784                             {manageable} {ergonomic}
     bool UseCompressedClassPointers               = true                           {product lp64_product} {ergonomic}
     bool UseCompressedOops                        = true                           {product lp64_product} {ergonomic}
     bool UseG1GC                                  = true                                      {product} {ergonomic}

Logging:
Log output configuration:
 #0: stdout all=warning uptime,level,tags foldmultilines=false
 #1: stderr all=off uptime,level,tags foldmultilines=false

Environment Variables:
PATH=/usr/local/sbin:/usr/local/bin:/usr/bin:/usr/lib/jvm/default/bin:/usr/bin/site_perl:/usr/bin/vendor_perl:/usr/bin/core_perl
SHELL=/bin/zsh
DISPLAY=:0
LANG=en_US.UTF-8
LC_TIME=de_DE.UTF-8

Active Locale:
LC_ALL=LC_CTYPE=en_US.UTF-8;LC_NUMERIC=en_US.UTF-8;LC_TIME=de_DE.UTF-8;LC_COLLATE=de_DE.UTF-8;LC_MONETARY=de_DE.UTF-8;LC_MESSAGES=en_US.UTF-8;LC_PAPER=en_US.UTF-8;LC_NAME=en_US.UTF-8;LC_ADDRESS=en_US.UTF-8;LC_TELEPHONE=en_US.UTF-8;LC_MEASUREMENT=de_DE.UTF-8;LC_IDENTIFICATION=en_US.UTF-8
LC_COLLATE=de_DE.UTF-8
LC_CTYPE=en_US.UTF-8
LC_MESSAGES=en_US.UTF-8
LC_MONETARY=de_DE.UTF-8
LC_NUMERIC=en_US.UTF-8
LC_TIME=de_DE.UTF-8

Signal Handlers:
   SIGSEGV: 0x00006587cf3d7730 in libjvm.so+16611120, mask=11100100010111111101111111111110, flags=SA_RESTART|SA_SIGINFO
    SIGBUS: 0x00006587cf3d7730 in libjvm.so+16611120, mask=11100100010111111101111111111110, flags=SA_RESTART|SA_SIGINFO
    SIGFPE: 0x00006587cf3d7730 in libjvm.so+16611120, mask=11100100010111111101111111111110, flags=SA_RESTART|SA_SIGINFO
   SIGPIPE: 0x00006587cf262ce0 in libjvm.so+15084768, mask=11100100010111111101111111111110, flags=SA_RESTART|SA_SIGINFO
   SIGXFSZ: 0x00006587cf262ce0 in libjvm.so+15084768, mask=11100100010111111101111111111110, flags=SA_RESTART|SA_SIGINFO
    SIGILL: 0x00006587cf3d7730 in libjvm.so+16611120, mask=11100100010111111101111111111110, flags=SA_RESTART|SA_SIGINFO
   SIGUSR2: 0x00006587cf2622f0 in libjvm.so+15082224, mask=00100000000000000000000000000000, flags=SA_RESTART|SA_SIGINFO
    SIGHUP: 0x00006587cf262200 in libjvm.so+15081984, mask=11100100010111111101111111111110, flags=SA_RESTART|SA_SIGINFO
    SIGINT: 0x00006587cf262200 in libjvm.so+15081984, mask=11100100010111111101111111111110, flags=SA_RESTART|SA_SIGINFO
   SIGTERM: 0x00006587cf262200 in libjvm.so+15081984, mask=11100100010111111101111111111110, flags=SA_RESTART|SA_SIGINFO
   SIGQUIT: 0x00006587cf262200 in libjvm.so+15081984, mask=11100100010111111101111111111110, flags=SA_RESTART|SA_SIGINFO
   SIGTRAP: 0x00006587cf3d7730 in libjvm.so+16611120, mask=11100100010111111101111111111110, flags=SA_RESTART|SA_SIGINFO


---------------  S Y S T E M  ---------------

OS:
DISTRIB_ID="Arch"
DISTRIB_RELEASE="rolling"
DISTRIB_DESCRIPTION="Arch Linux"
uname: Linux 6.0.16-hardened1-1-hardened #1 SMP PREEMPT_DYNAMIC Tue, 03 Jan 2023 01:01:55 +0000 x86_64
OS uptime: 0 days 3:13 hours
libc: glibc 2.36 NPTL 2.36 
rlimit (soft/hard): STACK 8192k/infinity , CORE infinity/infinity , NPROC 63318/63318 , NOFILE 524288/524288 , AS infinity/infinity , CPU infinity/infinity , DATA infinity/infinity , FSIZE infinity/infinity , MEMLOCK 8192k/8192k
load average: 1.21 0.90 0.77

/proc/meminfo:
MemTotal:       16315252 kB
MemFree:         5244620 kB
MemAvailable:    9690672 kB
Buffers:          166052 kB
Cached:          4885736 kB
SwapCached:            0 kB
Active:          1994708 kB
Inactive:        8153184 kB
Active(anon):     305048 kB
Inactive(anon):  5335164 kB
Active(file):    1689660 kB
Inactive(file):  2818020 kB
Unevictable:          64 kB
Mlocked:              64 kB
SwapTotal:      16777212 kB
SwapFree:       16777212 kB
Zswap:                 0 kB
Zswapped:              0 kB
Dirty:                20 kB
Writeback:             0 kB
AnonPages:       5096252 kB
Mapped:           997068 kB
Shmem:            544108 kB
KReclaimable:     273780 kB
Slab:             497604 kB
SReclaimable:     273780 kB
SUnreclaim:       223824 kB
KernelStack:       17936 kB
PageTables:        44964 kB
NFS_Unstable:          0 kB
Bounce:                0 kB
WritebackTmp:          0 kB
CommitLimit:    24934836 kB
Committed_AS:   12838492 kB
VmallocTotal:   34359738367 kB
VmallocUsed:      117876 kB
VmallocChunk:          0 kB
Percpu:            20736 kB
HardwareCorrupted:     0 kB
AnonHugePages:         0 kB
ShmemHugePages:        0 kB
ShmemPmdMapped:        0 kB
FileHugePages:         0 kB
FilePmdMapped:         0 kB
CmaTotal:              0 kB
CmaFree:               0 kB
HugePages_Total:       0
HugePages_Free:        0
HugePages_Rsvd:        0
HugePages_Surp:        0
Hugepagesize:       2048 kB
Hugetlb:               0 kB
DirectMap4k:      723580 kB
DirectMap2M:    13889536 kB
DirectMap1G:     3145728 kB

/sys/kernel/mm/transparent_hugepage/enabled: always [madvise] never
/sys/kernel/mm/transparent_hugepage/defrag (defrag/compaction efforts parameter): always defer defer+madvise [madvise] never

Process Memory:
Virtual Size: 7277728K (peak: 7343128K)
Resident Set Size: 64976K (peak: 66404K) (anon: 43108K, file: 21836K, shmem: 32K)
Swapped out: 0K
C-Heap outstanding allocations: 28739K, retained: 7399K
glibc malloc tunables: (default)

/proc/sys/kernel/threads-max (system-wide limit on the number of threads): 126636
/proc/sys/vm/max_map_count (maximum number of memory map areas a process may have): 65530
/proc/sys/kernel/pid_max (system-wide limit on number of process identifiers): 4194304

container (cgroup) information:
container_type: cgroupv2
cpu_cpuset_cpus: not supported
cpu_memory_nodes: not supported
active_processor_count: 12
cpu_quota: no quota
cpu_period: 100000
cpu_shares: no shares
memory_limit_in_bytes: unlimited
memory_and_swap_limit_in_bytes: unlimited
memory_soft_limit_in_bytes: unlimited
memory_usage_in_bytes: 8698820 k
memory_max_usage_in_bytes: not supported
maximum number of tasks: unlimited
current number of tasks: 826

Steal ticks since vm start: 0
Steal ticks percentage since vm start:  0.000

CPU: total 32 (initial active 12) (12 cores per cpu, 2 threads per core) family 23 model 113 stepping 0 microcode 0x8701013, cx8, cmov, fxsr, ht, mmx, 3dnowpref, sse, sse2, sse3, ssse3, sse4a, sse4.1, sse4.2, popcnt, lzcnt, tsc, tscinvbit, avx, avx2, aes, clmul, bmi1, bmi2, adx, sha, fma, vzeroupper, clflush, clflushopt, rdtscp, rdpid
CPU Model and flags from /proc/cpuinfo:
model name	: AMD Ryzen 5 3600 6-Core Processor
flags		: fpu vme de pse tsc msr pae mce cx8 apic sep mtrr pge mca cmov pat pse36 clflush mmx fxsr sse sse2 ht syscall nx mmxext fxsr_opt pdpe1gb rdtscp lm constant_tsc rep_good nopl nonstop_tsc cpuid extd_apicid aperfmperf rapl pni pclmulqdq monitor ssse3 fma cx16 sse4_1 sse4_2 movbe popcnt aes xsave avx f16c rdrand lahf_lm cmp_legacy svm extapic cr8_legacy abm sse4a misalignsse 3dnowprefetch osvw ibs skinit wdt tce topoext perfctr_core perfctr_nb bpext perfctr_llc mwaitx cpb cat_l3 cdp_l3 hw_pstate pti ssbd mba ibpb stibp vmmcall fsgsbase bmi1 avx2 smep bmi2 cqm rdt_a rdseed adx smap clflushopt clwb sha_ni xsaveopt xsavec xgetbv1 xsaves cqm_llc cqm_occup_llc cqm_mbm_total cqm_mbm_local clzero irperf xsaveerptr rdpru wbnoinvd arat npt lbrv svm_lock nrip_save tsc_scale vmcb_clean flushbyasid decodeassists pausefilter pfthreshold avic v_vmsave_vmload vgif v_spec_ctrl umip rdpid overflow_recov succor smca sev sev_es

Online cpus: 0-11
Offline cpus: 12-31
BIOS frequency limitation: 3600000
Frequency switch latency (ns): 0
Available cpu frequencies: 3600000 2800000 2200000 
Current governor: schedutil
Core performance/turbo boost: 1

Memory: 4k page, physical 16315252k(5244620k free), swap 16777212k(16777212k free)
Page Sizes: 4k

vm_info: OpenJDK 64-Bit Server VM (19.0.1+10) for linux-amd64 JRE (19.0.1+10), built on 2022-10-27T08:18:41Z by "builduser" with gcc 12.2.0

END.
