#
# A fatal error has been detected by the Java Runtime Environment:
#
#  SIGSEGV (0xb) at pc=0x000063df98c511c5, pid=26922, tid=26928
#
# JRE version: OpenJDK Runtime Environment (19.0.1+10) (build 19.0.1+10)
# Java VM: OpenJDK 64-Bit Server VM (19.0.1+10, mixed mode, tiered, compressed oops, compressed class ptrs, g1 gc, linux-amd64)
# Problematic frame:
# C  [libpfs-core.so+0x81c5]  put0+0x33
#
# Core dump will be written. Default location: Core dumps may be processed with "/usr/lib/systemd/systemd-coredump %P %u %g %s %t %c %h" (or dumping to /data/git/PatrFileSys/javaPFS/core.26922)
#
# If you would like to submit a bug report, please visit:
#   https://bugreport.java.com/bugreport/crash.jsp
# The crash happened outside the Java Virtual Machine in native code.
# See problematic frame for where to report the bug.
#

---------------  S U M M A R Y ------------

Command Line: --enable-native-access=de.hechler.patrick.zeugs.pfs -Dfile.encoding=UTF-8 --module-path=/data/git/PatrFileSys/javaPFS/target/classes --enable-preview -XX:+ShowCodeDetailsInExceptionMessages -Djdk.module.main=de.hechler.patrick.zeugs.pfs de.hechler.patrick.zeugs.pfs/de.hechler.patrick.zeugs.pfs.impl.pfs.PatrFSProvider

Host: AMD Ryzen 5 3600 6-Core Processor, 32 cores, 15G, Arch Linux
Time: Thu Jan  5 19:49:06 2023 CET elapsed time: 0.189944 seconds (0d 0h 0m 0s)

---------------  T H R E A D  ---------------

Current thread (0x000063df94015780):  JavaThread "main" [_thread_in_native, id=26928, stack(0x000063df98900000,0x000063df98a00000)]

Stack: [0x000063df98900000,0x000063df98a00000],  sp=0x000063df989fe430,  free space=1017k
Native frames: (J=compiled Java code, j=interpreted, Vv=VM code, C=native code)
C  [libpfs-core.so+0x81c5]  put0+0x33

Java frames: (J=compiled Java code, j=interpreted, Vv=VM code)
v  ~RuntimeStub::nep_invoker_blob 0x000063df8449b588
j  java.lang.invoke.LambdaForm$MH+0x00000008000f9400.invoke(Ljava/lang/Object;JIJJ)I+14 java.base@19.0.1
j  java.lang.invoke.LambdaForm$MH+0x0000000800110400.invokeExact_MT(Ljava/lang/Object;JIJJLjava/lang/Object;)I+25 java.base@19.0.1
j  jdk.internal.foreign.abi.DowncallStub+0x0000000800102000.invoke(Ljava/lang/foreign/SegmentAllocator;Ljava/lang/foreign/Addressable;ILjava/lang/foreign/Addressable;J)I+97 java.base@19.0.1
j  java.lang.invoke.LambdaForm$DMH+0x0000000800102400.invokeStatic(Ljava/lang/Object;Ljava/lang/Object;Ljava/lang/Object;ILjava/lang/Object;J)I+18 java.base@19.0.1
j  java.lang.invoke.LambdaForm$MH+0x0000000800104400.invoke(Ljava/lang/Object;ILjava/lang/Object;)I+55 java.base@19.0.1
j  java.lang.invoke.LambdaForm$MH+0x000000080010fc00.invoke_MT(Ljava/lang/Object;ILjava/lang/Object;Ljava/lang/Object;)I+22 java.base@19.0.1
j  de.hechler.patrick.zeugs.pfs.impl.pfs.PatrFolder.createPipe(Ljava/lang/String;)Lde/hechler/patrick/zeugs/pfs/interfaces/Pipe;+24 de.hechler.patrick.zeugs.pfs
j  de.hechler.patrick.zeugs.pfs.impl.pfs.PatrFSProvider.main([Ljava/lang/String;)V+151 de.hechler.patrick.zeugs.pfs
v  ~StubRoutines::call_stub 0x000063df84337cc6

siginfo: si_signo: 11 (SIGSEGV), si_code: 1 (SEGV_MAPERR), si_addr: 0x0000000000000710

Registers:
RAX=0x0000000000000710, RBX=0x0000000000000710, RCX=0x0000000000000002, RDX=0x00000000000000e2
RSP=0x000063df989fe430, RBP=0x00000000000000e2, RSI=0x00000000000000e2, RDI=0x000063df944b8e40
R8 =0x00000000000003c4, R9 =0x000063df9439526c, R10=0x0000000000000003, R11=0x000063df98c4d238
R12=0x000063df944b8e40, R13=0x000063df944b8eb0, R14=0x00000000000000e2, R15=0x000063df94015780
RIP=0x000063df98c511c5, EFLAGS=0x0000000000010202, CSGSFS=0x002b000000000033, ERR=0x0000000000000004
  TRAPNO=0x000000000000000e


Register to memory mapping:

RAX=0x0000000000000710 is an unknown value
RBX=0x0000000000000710 is an unknown value
RCX=0x0000000000000002 is an unknown value
RDX=0x00000000000000e2 is an unknown value
RSP=0x000063df989fe430 is pointing into the stack for thread: 0x000063df94015780
RBP=0x00000000000000e2 is an unknown value
RSI=0x00000000000000e2 is an unknown value
RDI=0x000063df944b8e40 points into unknown readable memory: 0x694c2f6e00000001 | 01 00 00 00 6e 2f 4c 69
R8 =0x00000000000003c4 is an unknown value
R9 =0x000063df9439526c points into unknown readable memory: e2 00 00 00
R10=0x0000000000000003 is an unknown value
R11=0x000063df98c4d238: set_parent_place_from_childs+0x0000000000000000 in /data/git/PatrFileSys/javaPFS/lib/libpfs-core.so at 0x000063df98c49000
R12=0x000063df944b8e40 points into unknown readable memory: 0x694c2f6e00000001 | 01 00 00 00 6e 2f 4c 69
R13=0x000063df944b8eb0 points into unknown readable memory: 0x0000000000000000 | 00 00 00 00 00 00 00 00
R14=0x00000000000000e2 is an unknown value
R15=0x000063df94015780 is a thread


Top of Stack: (sp=0x000063df989fe430)
0x000063df989fe430:   000063df944b8e40 00000000000000e2
0x000063df989fe440:   000063df944b8eb0 000063df944b8e90
0x000063df989fe450:   000063df989fe5b8 000063df98c513af
0x000063df989fe460:   0000000000000003 000063df944b8eb0 

Instructions: (pc=0x000063df98c511c5)
0x000063df98c510c5:   c0 74 27 48 63 53 28 48 8b 6c 10 08 48 8b 05 c0
0x000063df98c510d5:   8e 00 00 48 8b 00 48 8b 73 20 48 89 c7 ff 50 28
0x000063df98c510e5:   48 89 e8 48 83 c4 08 5b 5d c3 48 8b 05 9a 8e 00
0x000063df98c510f5:   00 c7 00 01 00 00 00 48 c7 c5 ff ff ff ff eb e0
0x000063df98c51105:   55 53 48 83 ec 08 48 89 fb 48 8b 05 83 8e 00 00
0x000063df98c51115:   48 8b 00 48 8b 77 20 48 89 c7 ff 50 20 48 85 c0
0x000063df98c51125:   74 30 48 63 53 28 48 01 d0 48 8b 68 08 48 63 40
0x000063df98c51135:   18 48 29 c5 48 8b 05 58 8e 00 00 48 8b 00 48 8b
0x000063df98c51145:   73 20 48 89 c7 ff 50 28 48 89 e8 48 83 c4 08 5b
0x000063df98c51155:   5d c3 48 8b 05 32 8e 00 00 c7 00 01 00 00 00 48
0x000063df98c51165:   c7 c5 ff ff ff ff eb e0 48 83 ec 08 48 89 d1 41
0x000063df98c51175:   b9 01 00 00 00 41 b8 01 00 00 00 48 89 f2 be 00
0x000063df98c51185:   00 00 00 e8 55 f7 ff ff 48 83 c4 08 c3 41 56 41
0x000063df98c51195:   55 41 54 55 53 49 89 fc 41 89 f6 49 89 d5 89 f0
0x000063df98c511a5:   ba 00 00 00 00 f7 77 04 89 d5 eb 05 bd 00 00 00
0x000063df98c511b5:   00 48 63 dd 48 c1 e3 03 48 89 d8 49 03 44 24 18
0x000063df98c511c5:   48 8b 38 48 85 ff 74 1f 48 3b 3d dc 8d 00 00 74
0x000063df98c511d5:   16 41 ff 54 24 10 44 39 f0 74 1d 83 c5 01 41 39
0x000063df98c511e5:   6c 24 04 7e c7 eb ca 4c 89 28 b8 00 00 00 00 5b
0x000063df98c511f5:   5d 41 5c 41 5d 41 5e c3 48 89 d8 49 03 44 24 18
0x000063df98c51205:   48 8b 38 4c 89 ee 41 ff 54 24 08 85 c0 74 cc 49
0x000063df98c51215:   03 5c 24 18 48 8b 03 4c 89 2b eb d3 41 56 41 55
0x000063df98c51225:   41 54 55 53 49 89 fc 44 8b 6f 04 45 85 ed 74 27
0x000063df98c51235:   43 8d 5c 2d 00 41 89 5c 24 04 4d 8b 74 24 18 48
0x000063df98c51245:   63 fb 48 c1 e7 03 e8 a0 b0 ff ff 49 89 44 24 18
0x000063df98c51255:   ba 00 00 00 00 eb 15 bb 11 00 00 00 eb d7 48 63
0x000063df98c51265:   ca 48 c7 04 c8 00 00 00 00 83 c2 01 39 da 7c ee
0x000063df98c51275:   bb 00 00 00 00 eb 03 83 c3 01 44 39 eb 7d 2c 48
0x000063df98c51285:   63 c3 49 8b 2c c6 48 85 ed 74 ec 48 3b 2d 19 8d
0x000063df98c51295:   00 00 74 e3 48 89 ef 41 ff 54 24 10 89 c6 48 89
0x000063df98c512a5:   ea 4c 89 e7 e8 e4 fe ff ff eb cc 4d 85 f6 74 08
0x000063df98c512b5:   4c 89 f7 e8 93 ad ff ff 5b 5d 41 5c 41 5d 41 5e 


Stack slot to memory mapping:
stack at sp + 0 slots: 0x000063df944b8e40 points into unknown readable memory: 0x694c2f6e00000001 | 01 00 00 00 6e 2f 4c 69
stack at sp + 1 slots: 0x00000000000000e2 is an unknown value
stack at sp + 2 slots: 0x000063df944b8eb0 points into unknown readable memory: 0x0000000000000000 | 00 00 00 00 00 00 00 00
stack at sp + 3 slots: 0x000063df944b8e90 points into unknown readable memory: 0x7369200a73696874 | 74 68 69 73 0a 20 69 73
stack at sp + 4 slots: 0x000063df989fe5b8 is pointing into the stack for thread: 0x000063df94015780
stack at sp + 5 slots: 0x000063df98c513af: hashset_put+0x000000000000003f in /data/git/PatrFileSys/javaPFS/lib/libpfs-core.so at 0x000063df98c49000
stack at sp + 6 slots: 0x0000000000000003 is an unknown value
stack at sp + 7 slots: 0x000063df944b8eb0 points into unknown readable memory: 0x0000000000000000 | 00 00 00 00 00 00 00 00

--------------------------------------------------------------------------------
Decoding CodeBlob, name: nep_invoker_blob, at  [0x000063df8449b580, 0x000063df8449b688]  264 bytes
[MachCode]
  0x000063df8449b580: 5548 8bec | 4883 ec10 | c5f8 7749 | 89af d002 | 0000 49ba | 88b5 4984 | df63 0000 | 4d89 97c8 
  0x000063df8449b5a0: 0200 0049 | 89a7 c002 | 0000 41c7 | 8774 0300 | 0004 0000 | 0049 8bc0 | 4c8b d648 | 8bf1 488b 
  0x000063df8449b5c0: fa41 ffd2 | c5f8 7741 | c787 7403 | 0000 0500 | 0000 f083 | 4424 c000 | 493b af78 | 0300 000f 
  0x000063df8449b5e0: 8753 0000 | 0041 81bf | 7003 0000 | 0000 0000 | 0f85 4200 | 0000 41c7 | 8774 0300 | 0008 0000 
  0x000063df8449b600: 0041 81bf | e803 0000 | 0200 0000 | 0f84 4c00 | 0000 49c7 | 87c0 0200 | 0000 0000 | 0049 c787 
  0x000063df8449b620: d002 0000 | 0000 0000 | 49c7 87c8 | 0200 0000 | 0000 00c5 | f877 c9c3 | c5f8 7748 | 8904 2449 
  0x000063df8449b640: 8bff 4c8b | e448 83ec | 0048 83e4 | f0e8 de1b | 8b15 498b | e44d 33e4 | 488b 0424 | eb98 c5f8 
  0x000063df8449b660: 7748 8904 | 244c 8be4 | 4883 ec00 | 4883 e4f0 | e85b 6771 | 1549 8be4 | 4d33 e448 | 8b04 24eb 
  0x000063df8449b680: 91f4 f4f4 | f4f4 f4f4 
[/MachCode]
--------------------------------------------------------------------------------


---------------  P R O C E S S  ---------------

Threads class SMR info:
_java_thread_list=0x000063df381be9f0, length=12, elements={
0x000063df94015780, 0x000063df941f4e70, 0x000063df941f6380, 0x000063df941f7a90,
0x000063df941f8e40, 0x000063df941fa1e0, 0x000063df941fbbf0, 0x000063df941fd130,
0x000063df941fe600, 0x000063df942be5f0, 0x000063df94314230, 0x000063df3814ccc0
}

Java Threads: ( => current thread )
=>0x000063df94015780 JavaThread "main" [_thread_in_native, id=26928, stack(0x000063df98900000,0x000063df98a00000)]
  0x000063df941f4e70 JavaThread "Reference Handler" daemon [_thread_blocked, id=26935, stack(0x000063df704bd000,0x000063df705bd000)]
  0x000063df941f6380 JavaThread "Finalizer" daemon [_thread_blocked, id=26936, stack(0x000063df703bd000,0x000063df704bd000)]
  0x000063df941f7a90 JavaThread "Signal Dispatcher" daemon [_thread_blocked, id=26937, stack(0x000063df702bd000,0x000063df703bd000)]
  0x000063df941f8e40 JavaThread "Service Thread" daemon [_thread_blocked, id=26938, stack(0x000063df701bd000,0x000063df702bd000)]
  0x000063df941fa1e0 JavaThread "Monitor Deflation Thread" daemon [_thread_blocked, id=26939, stack(0x000063df700bd000,0x000063df701bd000)]
  0x000063df941fbbf0 JavaThread "C2 CompilerThread0" daemon [_thread_blocked, id=26940, stack(0x000063df57b00000,0x000063df57c00000)]
  0x000063df941fd130 JavaThread "C1 CompilerThread0" daemon [_thread_blocked, id=26941, stack(0x000063df57a00000,0x000063df57b00000)]
  0x000063df941fe600 JavaThread "Sweeper thread" daemon [_thread_blocked, id=26942, stack(0x000063df57900000,0x000063df57a00000)]
  0x000063df942be5f0 JavaThread "Common-Cleaner" daemon [_thread_blocked, id=26943, stack(0x000063df57800000,0x000063df57900000)]
  0x000063df94314230 JavaThread "Notification Thread" daemon [_thread_blocked, id=26944, stack(0x000063df57700000,0x000063df57800000)]
  0x000063df3814ccc0 JavaThread "C2 CompilerThread1" daemon [_thread_blocked, id=26946, stack(0x000063df574fe000,0x000063df575fe000)]

Other Threads:
  0x000063df941b4430 VMThread "VM Thread" [stack: 0x000063df705bf000,0x000063df706bf000] [id=26934]
  0x000063df943158f0 WatcherThread "VM Periodic Task Thread" [stack: 0x000063df57600000,0x000063df57700000] [id=26945]
  0x000063df94085610 WorkerThread "GC Thread#0" [stack: 0x000063df73625000,0x000063df73725000] [id=26929]
  0x000063df94096550 ConcurrentGCThread "G1 Main Marker" [stack: 0x000063df73523000,0x000063df73623000] [id=26930]
  0x000063df94097470 WorkerThread "G1 Conc#0" [stack: 0x000063df73421000,0x000063df73521000] [id=26931]
  0x000063df94000e00 ConcurrentGCThread "G1 Refine#0" [stack: 0x000063df70915000,0x000063df70a15000] [id=26932]
  0x000063df9412d4a0 ConcurrentGCThread "G1 Service" [stack: 0x000063df70813000,0x000063df70913000] [id=26933]

Threads with active compile tasks:

VM state: not at safepoint (normal execution)

VM Mutex/Monitor currently owned by a thread: None

Heap address: 0x0000000707000000, size: 3984 MB, Compressed Oops mode: Zero based, Oop shift amount: 3

CDS archive(s) not mapped
Compressed class space mapped at: 0x0000000800000000-0x0000000840000000, reserved size: 1073741824
Narrow klass base: 0x0000000800000000, Narrow klass shift: 0, Narrow klass range: 0x40000000

GC Precious Log:
 CardTable entry size: 512
 Card Set container configuration: InlinePtr #cards 4 size 8 Array Of Cards #cards 16 size 48 Howl #buckets 8 coarsen threshold 3686 Howl Bitmap #cards 512 size 80 coarsen threshold 460 Card regions per heap region 1 cards per card region 4096
 CPUs: 32 total, 12 available
 Memory: 15932M
 Large Page Support: Disabled
 NUMA Support: Disabled
 Compressed Oops: Enabled (Zero based)
 Heap Region Size: 2M
 Heap Min Capacity: 8M
 Heap Initial Capacity: 250M
 Heap Max Capacity: 3984M
 Pre-touch: Disabled
 Parallel Workers: 10
 Concurrent Workers: 3
 Concurrent Refinement Workers: 10
 Periodic GC: Disabled

Heap:
 garbage-first heap   total 256000K, used 8192K [0x0000000707000000, 0x0000000800000000)
  region size 2048K, 5 young (10240K), 0 survivors (0K)
 Metaspace       used 9588K, committed 10112K, reserved 1114112K
  class space    used 921K, committed 1152K, reserved 1048576K

Heap Regions: E=young(eden), S=young(survivor), O=old, HS=humongous(starts), HC=humongous(continues), CS=collection set, F=free, OA=open archive, CA=closed archive, TAMS=top-at-mark-start (previous, next)
|   0|0x0000000707000000, 0x0000000707000000, 0x0000000707200000|  0%| F|  |TAMS 0x0000000707000000, 0x0000000707000000| Untracked 
|   1|0x0000000707200000, 0x0000000707200000, 0x0000000707400000|  0%| F|  |TAMS 0x0000000707200000, 0x0000000707200000| Untracked 
|   2|0x0000000707400000, 0x0000000707400000, 0x0000000707600000|  0%| F|  |TAMS 0x0000000707400000, 0x0000000707400000| Untracked 
|   3|0x0000000707600000, 0x0000000707600000, 0x0000000707800000|  0%| F|  |TAMS 0x0000000707600000, 0x0000000707600000| Untracked 
|   4|0x0000000707800000, 0x0000000707800000, 0x0000000707a00000|  0%| F|  |TAMS 0x0000000707800000, 0x0000000707800000| Untracked 
|   5|0x0000000707a00000, 0x0000000707a00000, 0x0000000707c00000|  0%| F|  |TAMS 0x0000000707a00000, 0x0000000707a00000| Untracked 
|   6|0x0000000707c00000, 0x0000000707c00000, 0x0000000707e00000|  0%| F|  |TAMS 0x0000000707c00000, 0x0000000707c00000| Untracked 
|   7|0x0000000707e00000, 0x0000000707e00000, 0x0000000708000000|  0%| F|  |TAMS 0x0000000707e00000, 0x0000000707e00000| Untracked 
|   8|0x0000000708000000, 0x0000000708000000, 0x0000000708200000|  0%| F|  |TAMS 0x0000000708000000, 0x0000000708000000| Untracked 
|   9|0x0000000708200000, 0x0000000708200000, 0x0000000708400000|  0%| F|  |TAMS 0x0000000708200000, 0x0000000708200000| Untracked 
|  10|0x0000000708400000, 0x0000000708400000, 0x0000000708600000|  0%| F|  |TAMS 0x0000000708400000, 0x0000000708400000| Untracked 
|  11|0x0000000708600000, 0x0000000708600000, 0x0000000708800000|  0%| F|  |TAMS 0x0000000708600000, 0x0000000708600000| Untracked 
|  12|0x0000000708800000, 0x0000000708800000, 0x0000000708a00000|  0%| F|  |TAMS 0x0000000708800000, 0x0000000708800000| Untracked 
|  13|0x0000000708a00000, 0x0000000708a00000, 0x0000000708c00000|  0%| F|  |TAMS 0x0000000708a00000, 0x0000000708a00000| Untracked 
|  14|0x0000000708c00000, 0x0000000708c00000, 0x0000000708e00000|  0%| F|  |TAMS 0x0000000708c00000, 0x0000000708c00000| Untracked 
|  15|0x0000000708e00000, 0x0000000708e00000, 0x0000000709000000|  0%| F|  |TAMS 0x0000000708e00000, 0x0000000708e00000| Untracked 
|  16|0x0000000709000000, 0x0000000709000000, 0x0000000709200000|  0%| F|  |TAMS 0x0000000709000000, 0x0000000709000000| Untracked 
|  17|0x0000000709200000, 0x0000000709200000, 0x0000000709400000|  0%| F|  |TAMS 0x0000000709200000, 0x0000000709200000| Untracked 
|  18|0x0000000709400000, 0x0000000709400000, 0x0000000709600000|  0%| F|  |TAMS 0x0000000709400000, 0x0000000709400000| Untracked 
|  19|0x0000000709600000, 0x0000000709600000, 0x0000000709800000|  0%| F|  |TAMS 0x0000000709600000, 0x0000000709600000| Untracked 
|  20|0x0000000709800000, 0x0000000709800000, 0x0000000709a00000|  0%| F|  |TAMS 0x0000000709800000, 0x0000000709800000| Untracked 
|  21|0x0000000709a00000, 0x0000000709a00000, 0x0000000709c00000|  0%| F|  |TAMS 0x0000000709a00000, 0x0000000709a00000| Untracked 
|  22|0x0000000709c00000, 0x0000000709c00000, 0x0000000709e00000|  0%| F|  |TAMS 0x0000000709c00000, 0x0000000709c00000| Untracked 
|  23|0x0000000709e00000, 0x0000000709e00000, 0x000000070a000000|  0%| F|  |TAMS 0x0000000709e00000, 0x0000000709e00000| Untracked 
|  24|0x000000070a000000, 0x000000070a000000, 0x000000070a200000|  0%| F|  |TAMS 0x000000070a000000, 0x000000070a000000| Untracked 
|  25|0x000000070a200000, 0x000000070a200000, 0x000000070a400000|  0%| F|  |TAMS 0x000000070a200000, 0x000000070a200000| Untracked 
|  26|0x000000070a400000, 0x000000070a400000, 0x000000070a600000|  0%| F|  |TAMS 0x000000070a400000, 0x000000070a400000| Untracked 
|  27|0x000000070a600000, 0x000000070a600000, 0x000000070a800000|  0%| F|  |TAMS 0x000000070a600000, 0x000000070a600000| Untracked 
|  28|0x000000070a800000, 0x000000070a800000, 0x000000070aa00000|  0%| F|  |TAMS 0x000000070a800000, 0x000000070a800000| Untracked 
|  29|0x000000070aa00000, 0x000000070aa00000, 0x000000070ac00000|  0%| F|  |TAMS 0x000000070aa00000, 0x000000070aa00000| Untracked 
|  30|0x000000070ac00000, 0x000000070ac00000, 0x000000070ae00000|  0%| F|  |TAMS 0x000000070ac00000, 0x000000070ac00000| Untracked 
|  31|0x000000070ae00000, 0x000000070ae00000, 0x000000070b000000|  0%| F|  |TAMS 0x000000070ae00000, 0x000000070ae00000| Untracked 
|  32|0x000000070b000000, 0x000000070b000000, 0x000000070b200000|  0%| F|  |TAMS 0x000000070b000000, 0x000000070b000000| Untracked 
|  33|0x000000070b200000, 0x000000070b200000, 0x000000070b400000|  0%| F|  |TAMS 0x000000070b200000, 0x000000070b200000| Untracked 
|  34|0x000000070b400000, 0x000000070b400000, 0x000000070b600000|  0%| F|  |TAMS 0x000000070b400000, 0x000000070b400000| Untracked 
|  35|0x000000070b600000, 0x000000070b600000, 0x000000070b800000|  0%| F|  |TAMS 0x000000070b600000, 0x000000070b600000| Untracked 
|  36|0x000000070b800000, 0x000000070b800000, 0x000000070ba00000|  0%| F|  |TAMS 0x000000070b800000, 0x000000070b800000| Untracked 
|  37|0x000000070ba00000, 0x000000070ba00000, 0x000000070bc00000|  0%| F|  |TAMS 0x000000070ba00000, 0x000000070ba00000| Untracked 
|  38|0x000000070bc00000, 0x000000070bc00000, 0x000000070be00000|  0%| F|  |TAMS 0x000000070bc00000, 0x000000070bc00000| Untracked 
|  39|0x000000070be00000, 0x000000070be00000, 0x000000070c000000|  0%| F|  |TAMS 0x000000070be00000, 0x000000070be00000| Untracked 
|  40|0x000000070c000000, 0x000000070c000000, 0x000000070c200000|  0%| F|  |TAMS 0x000000070c000000, 0x000000070c000000| Untracked 
|  41|0x000000070c200000, 0x000000070c200000, 0x000000070c400000|  0%| F|  |TAMS 0x000000070c200000, 0x000000070c200000| Untracked 
|  42|0x000000070c400000, 0x000000070c400000, 0x000000070c600000|  0%| F|  |TAMS 0x000000070c400000, 0x000000070c400000| Untracked 
|  43|0x000000070c600000, 0x000000070c600000, 0x000000070c800000|  0%| F|  |TAMS 0x000000070c600000, 0x000000070c600000| Untracked 
|  44|0x000000070c800000, 0x000000070c800000, 0x000000070ca00000|  0%| F|  |TAMS 0x000000070c800000, 0x000000070c800000| Untracked 
|  45|0x000000070ca00000, 0x000000070ca00000, 0x000000070cc00000|  0%| F|  |TAMS 0x000000070ca00000, 0x000000070ca00000| Untracked 
|  46|0x000000070cc00000, 0x000000070cc00000, 0x000000070ce00000|  0%| F|  |TAMS 0x000000070cc00000, 0x000000070cc00000| Untracked 
|  47|0x000000070ce00000, 0x000000070ce00000, 0x000000070d000000|  0%| F|  |TAMS 0x000000070ce00000, 0x000000070ce00000| Untracked 
|  48|0x000000070d000000, 0x000000070d000000, 0x000000070d200000|  0%| F|  |TAMS 0x000000070d000000, 0x000000070d000000| Untracked 
|  49|0x000000070d200000, 0x000000070d200000, 0x000000070d400000|  0%| F|  |TAMS 0x000000070d200000, 0x000000070d200000| Untracked 
|  50|0x000000070d400000, 0x000000070d400000, 0x000000070d600000|  0%| F|  |TAMS 0x000000070d400000, 0x000000070d400000| Untracked 
|  51|0x000000070d600000, 0x000000070d600000, 0x000000070d800000|  0%| F|  |TAMS 0x000000070d600000, 0x000000070d600000| Untracked 
|  52|0x000000070d800000, 0x000000070d800000, 0x000000070da00000|  0%| F|  |TAMS 0x000000070d800000, 0x000000070d800000| Untracked 
|  53|0x000000070da00000, 0x000000070da00000, 0x000000070dc00000|  0%| F|  |TAMS 0x000000070da00000, 0x000000070da00000| Untracked 
|  54|0x000000070dc00000, 0x000000070dc00000, 0x000000070de00000|  0%| F|  |TAMS 0x000000070dc00000, 0x000000070dc00000| Untracked 
|  55|0x000000070de00000, 0x000000070de00000, 0x000000070e000000|  0%| F|  |TAMS 0x000000070de00000, 0x000000070de00000| Untracked 
|  56|0x000000070e000000, 0x000000070e000000, 0x000000070e200000|  0%| F|  |TAMS 0x000000070e000000, 0x000000070e000000| Untracked 
|  57|0x000000070e200000, 0x000000070e200000, 0x000000070e400000|  0%| F|  |TAMS 0x000000070e200000, 0x000000070e200000| Untracked 
|  58|0x000000070e400000, 0x000000070e400000, 0x000000070e600000|  0%| F|  |TAMS 0x000000070e400000, 0x000000070e400000| Untracked 
|  59|0x000000070e600000, 0x000000070e600000, 0x000000070e800000|  0%| F|  |TAMS 0x000000070e600000, 0x000000070e600000| Untracked 
|  60|0x000000070e800000, 0x000000070e800000, 0x000000070ea00000|  0%| F|  |TAMS 0x000000070e800000, 0x000000070e800000| Untracked 
|  61|0x000000070ea00000, 0x000000070ea00000, 0x000000070ec00000|  0%| F|  |TAMS 0x000000070ea00000, 0x000000070ea00000| Untracked 
|  62|0x000000070ec00000, 0x000000070ec00000, 0x000000070ee00000|  0%| F|  |TAMS 0x000000070ec00000, 0x000000070ec00000| Untracked 
|  63|0x000000070ee00000, 0x000000070ee00000, 0x000000070f000000|  0%| F|  |TAMS 0x000000070ee00000, 0x000000070ee00000| Untracked 
|  64|0x000000070f000000, 0x000000070f000000, 0x000000070f200000|  0%| F|  |TAMS 0x000000070f000000, 0x000000070f000000| Untracked 
|  65|0x000000070f200000, 0x000000070f200000, 0x000000070f400000|  0%| F|  |TAMS 0x000000070f200000, 0x000000070f200000| Untracked 
|  66|0x000000070f400000, 0x000000070f400000, 0x000000070f600000|  0%| F|  |TAMS 0x000000070f400000, 0x000000070f400000| Untracked 
|  67|0x000000070f600000, 0x000000070f600000, 0x000000070f800000|  0%| F|  |TAMS 0x000000070f600000, 0x000000070f600000| Untracked 
|  68|0x000000070f800000, 0x000000070f800000, 0x000000070fa00000|  0%| F|  |TAMS 0x000000070f800000, 0x000000070f800000| Untracked 
|  69|0x000000070fa00000, 0x000000070fa00000, 0x000000070fc00000|  0%| F|  |TAMS 0x000000070fa00000, 0x000000070fa00000| Untracked 
|  70|0x000000070fc00000, 0x000000070fc00000, 0x000000070fe00000|  0%| F|  |TAMS 0x000000070fc00000, 0x000000070fc00000| Untracked 
|  71|0x000000070fe00000, 0x000000070fe00000, 0x0000000710000000|  0%| F|  |TAMS 0x000000070fe00000, 0x000000070fe00000| Untracked 
|  72|0x0000000710000000, 0x0000000710000000, 0x0000000710200000|  0%| F|  |TAMS 0x0000000710000000, 0x0000000710000000| Untracked 
|  73|0x0000000710200000, 0x0000000710200000, 0x0000000710400000|  0%| F|  |TAMS 0x0000000710200000, 0x0000000710200000| Untracked 
|  74|0x0000000710400000, 0x0000000710400000, 0x0000000710600000|  0%| F|  |TAMS 0x0000000710400000, 0x0000000710400000| Untracked 
|  75|0x0000000710600000, 0x0000000710600000, 0x0000000710800000|  0%| F|  |TAMS 0x0000000710600000, 0x0000000710600000| Untracked 
|  76|0x0000000710800000, 0x0000000710800000, 0x0000000710a00000|  0%| F|  |TAMS 0x0000000710800000, 0x0000000710800000| Untracked 
|  77|0x0000000710a00000, 0x0000000710a00000, 0x0000000710c00000|  0%| F|  |TAMS 0x0000000710a00000, 0x0000000710a00000| Untracked 
|  78|0x0000000710c00000, 0x0000000710c00000, 0x0000000710e00000|  0%| F|  |TAMS 0x0000000710c00000, 0x0000000710c00000| Untracked 
|  79|0x0000000710e00000, 0x0000000710e00000, 0x0000000711000000|  0%| F|  |TAMS 0x0000000710e00000, 0x0000000710e00000| Untracked 
|  80|0x0000000711000000, 0x0000000711000000, 0x0000000711200000|  0%| F|  |TAMS 0x0000000711000000, 0x0000000711000000| Untracked 
|  81|0x0000000711200000, 0x0000000711200000, 0x0000000711400000|  0%| F|  |TAMS 0x0000000711200000, 0x0000000711200000| Untracked 
|  82|0x0000000711400000, 0x0000000711400000, 0x0000000711600000|  0%| F|  |TAMS 0x0000000711400000, 0x0000000711400000| Untracked 
|  83|0x0000000711600000, 0x0000000711600000, 0x0000000711800000|  0%| F|  |TAMS 0x0000000711600000, 0x0000000711600000| Untracked 
|  84|0x0000000711800000, 0x0000000711800000, 0x0000000711a00000|  0%| F|  |TAMS 0x0000000711800000, 0x0000000711800000| Untracked 
|  85|0x0000000711a00000, 0x0000000711a00000, 0x0000000711c00000|  0%| F|  |TAMS 0x0000000711a00000, 0x0000000711a00000| Untracked 
|  86|0x0000000711c00000, 0x0000000711c00000, 0x0000000711e00000|  0%| F|  |TAMS 0x0000000711c00000, 0x0000000711c00000| Untracked 
|  87|0x0000000711e00000, 0x0000000711e00000, 0x0000000712000000|  0%| F|  |TAMS 0x0000000711e00000, 0x0000000711e00000| Untracked 
|  88|0x0000000712000000, 0x0000000712000000, 0x0000000712200000|  0%| F|  |TAMS 0x0000000712000000, 0x0000000712000000| Untracked 
|  89|0x0000000712200000, 0x0000000712200000, 0x0000000712400000|  0%| F|  |TAMS 0x0000000712200000, 0x0000000712200000| Untracked 
|  90|0x0000000712400000, 0x0000000712400000, 0x0000000712600000|  0%| F|  |TAMS 0x0000000712400000, 0x0000000712400000| Untracked 
|  91|0x0000000712600000, 0x0000000712600000, 0x0000000712800000|  0%| F|  |TAMS 0x0000000712600000, 0x0000000712600000| Untracked 
|  92|0x0000000712800000, 0x0000000712800000, 0x0000000712a00000|  0%| F|  |TAMS 0x0000000712800000, 0x0000000712800000| Untracked 
|  93|0x0000000712a00000, 0x0000000712a00000, 0x0000000712c00000|  0%| F|  |TAMS 0x0000000712a00000, 0x0000000712a00000| Untracked 
|  94|0x0000000712c00000, 0x0000000712c00000, 0x0000000712e00000|  0%| F|  |TAMS 0x0000000712c00000, 0x0000000712c00000| Untracked 
|  95|0x0000000712e00000, 0x0000000712e00000, 0x0000000713000000|  0%| F|  |TAMS 0x0000000712e00000, 0x0000000712e00000| Untracked 
|  96|0x0000000713000000, 0x0000000713000000, 0x0000000713200000|  0%| F|  |TAMS 0x0000000713000000, 0x0000000713000000| Untracked 
|  97|0x0000000713200000, 0x0000000713200000, 0x0000000713400000|  0%| F|  |TAMS 0x0000000713200000, 0x0000000713200000| Untracked 
|  98|0x0000000713400000, 0x0000000713400000, 0x0000000713600000|  0%| F|  |TAMS 0x0000000713400000, 0x0000000713400000| Untracked 
|  99|0x0000000713600000, 0x0000000713600000, 0x0000000713800000|  0%| F|  |TAMS 0x0000000713600000, 0x0000000713600000| Untracked 
| 100|0x0000000713800000, 0x0000000713800000, 0x0000000713a00000|  0%| F|  |TAMS 0x0000000713800000, 0x0000000713800000| Untracked 
| 101|0x0000000713a00000, 0x0000000713a00000, 0x0000000713c00000|  0%| F|  |TAMS 0x0000000713a00000, 0x0000000713a00000| Untracked 
| 102|0x0000000713c00000, 0x0000000713c00000, 0x0000000713e00000|  0%| F|  |TAMS 0x0000000713c00000, 0x0000000713c00000| Untracked 
| 103|0x0000000713e00000, 0x0000000713e00000, 0x0000000714000000|  0%| F|  |TAMS 0x0000000713e00000, 0x0000000713e00000| Untracked 
| 104|0x0000000714000000, 0x0000000714000000, 0x0000000714200000|  0%| F|  |TAMS 0x0000000714000000, 0x0000000714000000| Untracked 
| 105|0x0000000714200000, 0x0000000714200000, 0x0000000714400000|  0%| F|  |TAMS 0x0000000714200000, 0x0000000714200000| Untracked 
| 106|0x0000000714400000, 0x0000000714400000, 0x0000000714600000|  0%| F|  |TAMS 0x0000000714400000, 0x0000000714400000| Untracked 
| 107|0x0000000714600000, 0x0000000714600000, 0x0000000714800000|  0%| F|  |TAMS 0x0000000714600000, 0x0000000714600000| Untracked 
| 108|0x0000000714800000, 0x0000000714800000, 0x0000000714a00000|  0%| F|  |TAMS 0x0000000714800000, 0x0000000714800000| Untracked 
| 109|0x0000000714a00000, 0x0000000714a00000, 0x0000000714c00000|  0%| F|  |TAMS 0x0000000714a00000, 0x0000000714a00000| Untracked 
| 110|0x0000000714c00000, 0x0000000714c00000, 0x0000000714e00000|  0%| F|  |TAMS 0x0000000714c00000, 0x0000000714c00000| Untracked 
| 111|0x0000000714e00000, 0x0000000714e00000, 0x0000000715000000|  0%| F|  |TAMS 0x0000000714e00000, 0x0000000714e00000| Untracked 
| 112|0x0000000715000000, 0x0000000715000000, 0x0000000715200000|  0%| F|  |TAMS 0x0000000715000000, 0x0000000715000000| Untracked 
| 113|0x0000000715200000, 0x0000000715200000, 0x0000000715400000|  0%| F|  |TAMS 0x0000000715200000, 0x0000000715200000| Untracked 
| 114|0x0000000715400000, 0x0000000715400000, 0x0000000715600000|  0%| F|  |TAMS 0x0000000715400000, 0x0000000715400000| Untracked 
| 115|0x0000000715600000, 0x0000000715600000, 0x0000000715800000|  0%| F|  |TAMS 0x0000000715600000, 0x0000000715600000| Untracked 
| 116|0x0000000715800000, 0x0000000715800000, 0x0000000715a00000|  0%| F|  |TAMS 0x0000000715800000, 0x0000000715800000| Untracked 
| 117|0x0000000715a00000, 0x0000000715a00000, 0x0000000715c00000|  0%| F|  |TAMS 0x0000000715a00000, 0x0000000715a00000| Untracked 
| 118|0x0000000715c00000, 0x0000000715c00000, 0x0000000715e00000|  0%| F|  |TAMS 0x0000000715c00000, 0x0000000715c00000| Untracked 
| 119|0x0000000715e00000, 0x0000000715e00000, 0x0000000716000000|  0%| F|  |TAMS 0x0000000715e00000, 0x0000000715e00000| Untracked 
| 120|0x0000000716000000, 0x0000000716152b58, 0x0000000716200000| 66%| E|  |TAMS 0x0000000716000000, 0x0000000716000000| Complete 
| 121|0x0000000716200000, 0x0000000716400000, 0x0000000716400000|100%| E|CS|TAMS 0x0000000716200000, 0x0000000716200000| Complete 
| 122|0x0000000716400000, 0x0000000716600000, 0x0000000716600000|100%| E|CS|TAMS 0x0000000716400000, 0x0000000716400000| Complete 
| 123|0x0000000716600000, 0x0000000716800000, 0x0000000716800000|100%| E|CS|TAMS 0x0000000716600000, 0x0000000716600000| Complete 
| 124|0x0000000716800000, 0x0000000716a00000, 0x0000000716a00000|100%| E|CS|TAMS 0x0000000716800000, 0x0000000716800000| Complete 

Card table byte_map: [0x000063df7bb6d000,0x000063df7c335000] _byte_map_base: 0x000063df78335000

Marking Bits (Prev, Next): (CMBitMap*) 0x000063df940860a0, (CMBitMap*) 0x000063df940860e0
 Prev Bits: [0x000063df77565000, 0x000063df7b3a5000)
 Next Bits: [0x000063df73725000, 0x000063df77565000)

Polling page: 0x000063df9a4ae000

Metaspace:

Usage:
  Non-class:      8.46 MB used.
      Class:    921.34 KB used.
       Both:      9.36 MB used.

Virtual space:
  Non-class space:       64.00 MB reserved,       8.75 MB ( 14%) committed,  1 nodes.
      Class space:        1.00 GB reserved,       1.12 MB ( <1%) committed,  1 nodes.
             Both:        1.06 GB reserved,       9.88 MB ( <1%) committed. 

Chunk freelists:
   Non-Class:  2.68 MB
       Class:  2.92 MB
        Both:  5.60 MB

MaxMetaspaceSize: unlimited
CompressedClassSpaceSize: 1.00 GB
Initial GC threshold: 21.00 MB
Current GC threshold: 21.00 MB
CDS: off
MetaspaceReclaimPolicy: balanced
 - commit_granule_bytes: 65536.
 - commit_granule_words: 8192.
 - virtual_space_node_default_size: 8388608.
 - enlarge_chunks_in_place: 1.
 - new_chunks_are_fully_committed: 0.
 - uncommit_free_chunks: 1.
 - use_allocation_guard: 0.


Internal statistics:

num_allocs_failed_limit: 0.
num_arena_births: 638.
num_arena_deaths: 0.
num_vsnodes_births: 2.
num_vsnodes_deaths: 0.
num_space_committed: 158.
num_space_uncommitted: 0.
num_chunks_returned_to_freelist: 0.
num_chunks_taken_from_freelist: 674.
num_chunk_merges: 0.
num_chunk_splits: 486.
num_chunks_enlarged: 317.
num_inconsistent_stats: 0.

CodeHeap 'non-profiled nmethods': size=120028Kb used=329Kb max_used=329Kb free=119698Kb
 bounds [0x000063df848c9000, 0x000063df84b39000, 0x000063df8be00000]
CodeHeap 'profiled nmethods': size=120028Kb used=1103Kb max_used=1103Kb free=118924Kb
 bounds [0x000063df7ce00000, 0x000063df7d070000, 0x000063df84337000]
CodeHeap 'non-nmethods': size=5704Kb used=1466Kb max_used=1491Kb free=4237Kb
 bounds [0x000063df84337000, 0x000063df845a7000, 0x000063df848c9000]
 total_blobs=1335 nmethods=821 adapters=412
 compilation: enabled
              stopped_count=0, restarted_count=0
 full_count=0

Compilation events (20 events):
Event: 0.186 Thread 0x000063df941fd130  802       3       jdk.internal.org.objectweb.asm.ClassVisitor::<init> (7 bytes)
Event: 0.186 Thread 0x000063df941fbbf0 nmethod 806 0x000063df84919490 code [0x000063df84919600, 0x000063df84919678]
Event: 0.186 Thread 0x000063df941fd130 nmethod 802 0x000063df7cf0ff90 code [0x000063df7cf10140, 0x000063df7cf102a0]
Event: 0.186 Thread 0x000063df941fd130  803       3       jdk.internal.org.objectweb.asm.ClassVisitor::<init> (78 bytes)
Event: 0.187 Thread 0x000063df941fd130 nmethod 803 0x000063df7cf10390 code [0x000063df7cf105e0, 0x000063df7cf10dc0]
Event: 0.187 Thread 0x000063df941fd130  804       3       jdk.internal.org.objectweb.asm.SymbolTable::<init> (41 bytes)
Event: 0.187 Thread 0x000063df941fd130 nmethod 804 0x000063df7cf11090 code [0x000063df7cf11260, 0x000063df7cf11810]
Event: 0.187 Thread 0x000063df941fd130  805       3       jdk.internal.org.objectweb.asm.SymbolTable::setMajorVersionAndClassName (19 bytes)
Event: 0.187 Thread 0x000063df941fd130 nmethod 805 0x000063df7cf11990 code [0x000063df7cf11b40, 0x000063df7cf11d60]
Event: 0.187 Thread 0x000063df941fd130  810       3       java.lang.invoke.MethodHandles$Lookup$ClassOption::optionsToFlag (40 bytes)
Event: 0.187 Thread 0x000063df941fd130 nmethod 810 0x000063df7cf11e90 code [0x000063df7cf12080, 0x000063df7cf125a0]
Event: 0.187 Thread 0x000063df941fd130  809       3       java.lang.invoke.MethodHandles$Lookup$ClassFile::<init> (20 bytes)
Event: 0.187 Thread 0x000063df941fd130 nmethod 809 0x000063df7cf12710 code [0x000063df7cf128c0, 0x000063df7cf12b10]
Event: 0.187 Thread 0x000063df941fd130  811       3       java.lang.invoke.MethodHandles$Lookup$ClassDefiner::<init> (58 bytes)
Event: 0.187 Thread 0x000063df941fd130 nmethod 811 0x000063df7cf12c10 code [0x000063df7cf12dc0, 0x000063df7cf13090]
Event: 0.187 Thread 0x000063df941fd130  812       3       java.lang.System$2::defineClass (21 bytes)
Event: 0.187 Thread 0x000063df941fd130 nmethod 812 0x000063df7cf13190 code [0x000063df7cf13340, 0x000063df7cf134e0]
Event: 0.187 Thread 0x000063df941fd130  816       3       java.lang.invoke.MethodType::invokerType (9 bytes)
Event: 0.187 Thread 0x000063df941fd130 nmethod 816 0x000063df7cf13610 code [0x000063df7cf137c0, 0x000063df7cf13920]
Event: 0.188 Thread 0x000063df941fd130  819       3       jdk.internal.util.Preconditions::checkFromIndexSize (25 bytes)

GC Heap History (0 events):
No events

Dll operation events (8 events):
Event: 0.001 Loaded shared library /usr/lib/jvm/java-19-openjdk/lib/libjava.so
Event: 0.012 Loaded shared library /usr/lib/jvm/java-19-openjdk/lib/libjsvml.so
Event: 0.028 Loaded shared library /usr/lib/jvm/java-19-openjdk/lib/libnio.so
Event: 0.055 Loaded shared library /usr/lib/jvm/java-19-openjdk/lib/libnet.so
Event: 0.084 Loaded shared library /usr/lib/jvm/java-19-openjdk/lib/libjimage.so
Event: 0.088 Loaded shared library /lib/libc.so.6
Event: 0.121 Loading shared library pfs-core failed, pfs-core: cannot open shared object file: No such file or directory
Event: 0.121 Loaded shared library /data/git/PatrFileSys/javaPFS/lib/libpfs-core.so

Deoptimization events (12 events):
Event: 0.097 Thread 0x000063df94015780 Uncommon trap: trap_request=0xffffff45 fr.pc=0x000063df848d9090 relative=0x0000000000000ab0
Event: 0.097 Thread 0x000063df94015780 Uncommon trap: reason=unstable_if action=reinterpret pc=0x000063df848d9090 method=java.util.HashMap.putVal(ILjava/lang/Object;Ljava/lang/Object;ZZ)Ljava/lang/Object; @ 181 c2
Event: 0.097 Thread 0x000063df94015780 DEOPT PACKING pc=0x000063df848d9090 sp=0x000063df989fd970
Event: 0.097 Thread 0x000063df94015780 DEOPT UNPACKING pc=0x000063df8439de99 sp=0x000063df989fd920 mode 2
Event: 0.140 Thread 0x000063df94015780 Uncommon trap: trap_request=0xffffff45 fr.pc=0x000063df848f3cb8 relative=0x0000000000000118
Event: 0.140 Thread 0x000063df94015780 Uncommon trap: reason=unstable_if action=reinterpret pc=0x000063df848f3cb8 method=jdk.internal.org.objectweb.asm.ByteVector.putShort(I)Ljdk/internal/org/objectweb/asm/ByteVector; @ 13 c2
Event: 0.140 Thread 0x000063df94015780 DEOPT PACKING pc=0x000063df848f3cb8 sp=0x000063df989fd810
Event: 0.140 Thread 0x000063df94015780 DEOPT UNPACKING pc=0x000063df8439de99 sp=0x000063df989fd7c8 mode 2
Event: 0.141 Thread 0x000063df94015780 DEOPT PACKING pc=0x000063df7ce24272 sp=0x000063df989fd110
Event: 0.141 Thread 0x000063df94015780 DEOPT UNPACKING pc=0x000063df8439e62f sp=0x000063df989fc550 mode 0
Event: 0.143 Thread 0x000063df94015780 DEOPT PACKING pc=0x000063df7ce1a8e6 sp=0x000063df989fd090
Event: 0.143 Thread 0x000063df94015780 DEOPT UNPACKING pc=0x000063df8439e62f sp=0x000063df989fc528 mode 0

Classes loaded (20 events):
Event: 0.181 Loading class java/lang/constant/DirectMethodHandleDesc done
Event: 0.181 Loading class java/lang/constant/DirectMethodHandleDescImpl done
Event: 0.181 Loading class java/lang/constant/DirectMethodHandleDescImpl$1
Event: 0.181 Loading class java/lang/constant/DirectMethodHandleDescImpl$1 done
Event: 0.181 Loading class java/lang/constant/DirectMethodHandleDesc$1
Event: 0.182 Loading class java/lang/constant/DirectMethodHandleDesc$1 done
Event: 0.182 Loading class java/lang/constant/PrimitiveClassDescImpl
Event: 0.182 Loading class java/lang/constant/DynamicConstantDesc
Event: 0.182 Loading class java/lang/constant/DynamicConstantDesc done
Event: 0.182 Loading class java/lang/constant/PrimitiveClassDescImpl done
Event: 0.182 Loading class java/lang/constant/DynamicConstantDesc$AnonymousDynamicConstantDesc
Event: 0.182 Loading class java/lang/constant/DynamicConstantDesc$AnonymousDynamicConstantDesc done
Event: 0.182 Loading class java/lang/invoke/IndirectVarHandle
Event: 0.182 Loading class java/lang/invoke/IndirectVarHandle done
Event: 0.183 Loading class java/lang/invoke/VarHandles$2
Event: 0.183 Loading class java/lang/invoke/VarHandles$2 done
Event: 0.186 Loading class java/lang/UnsupportedOperationException
Event: 0.186 Loading class java/lang/UnsupportedOperationException done
Event: 0.187 Loading class java/lang/invoke/VarHandleSegmentAsInts
Event: 0.187 Loading class java/lang/invoke/VarHandleSegmentAsInts done

Classes unloaded (0 events):
No events

Classes redefined (0 events):
No events

Internal exceptions (20 events):
Event: 0.170 Thread 0x000063df94015780 Exception <a 'java/lang/NoSuchMethodError'{0x00000007163ca328}: 'int java.lang.invoke.DelegatingMethodHandle$Holder.reinvoke_L(java.lang.Object, java.lang.Object, java.lang.Object, int, java.lang.Object, java.lang.Object, long)'> (0x00000007163ca328) 
thrown [src/hotspot/share/interpreter/linkResolver.cpp, line 773]
Event: 0.172 Thread 0x000063df94015780 Exception <a 'java/lang/NoSuchMethodError'{0x00000007163f7038}: 'java.lang.Object java.lang.invoke.DirectMethodHandle$Holder.invokeSpecial(java.lang.Object, java.lang.Object, int, java.lang.Object, java.lang.Object)'> (0x00000007163f7038) 
thrown [src/hotspot/share/interpreter/linkResolver.cpp, line 773]
Event: 0.172 Thread 0x000063df94015780 Exception <a 'java/lang/NoSuchMethodError'{0x00000007163faa48}: 'java.lang.Object java.lang.invoke.DelegatingMethodHandle$Holder.delegate(java.lang.Object, int, java.lang.Object, java.lang.Object)'> (0x00000007163faa48) 
thrown [src/hotspot/share/interpreter/linkResolver.cpp, line 773]
Event: 0.173 Thread 0x000063df94015780 Exception <a 'java/lang/NoSuchMethodError'{0x000000071600eaa8}: 'int java.lang.invoke.Invokers$Holder.linkToTargetMethod(java.lang.Object, java.lang.Object, java.lang.Object)'> (0x000000071600eaa8) 
thrown [src/hotspot/share/interpreter/linkResolver.cpp, line 773]
Event: 0.174 Thread 0x000063df94015780 Exception <a 'java/lang/NoSuchMethodError'{0x000000071601df58}: 'int java.lang.invoke.DirectMethodHandle$Holder.invokeStaticInit(java.lang.Object, java.lang.Object, java.lang.Object, int, java.lang.Object, long)'> (0x000000071601df58) 
thrown [src/hotspot/share/interpreter/linkResolver.cpp, line 773]
Event: 0.174 Thread 0x000063df94015780 Exception <a 'java/lang/NoSuchMethodError'{0x0000000716025440}: 'int java.lang.invoke.DelegatingMethodHandle$Holder.reinvoke_L(java.lang.Object, java.lang.Object, java.lang.Object, int, java.lang.Object, long)'> (0x0000000716025440) 
thrown [src/hotspot/share/interpreter/linkResolver.cpp, line 773]
Event: 0.176 Thread 0x000063df94015780 Exception <a 'java/lang/NoSuchMethodError'{0x0000000716045e38}: 'int java.lang.invoke.DirectMethodHandle$Holder.invokeStatic(java.lang.Object, java.lang.Object, java.lang.Object, int, int, long)'> (0x0000000716045e38) 
thrown [src/hotspot/share/interpreter/linkResolver.cpp, line 773]
Event: 0.176 Thread 0x000063df94015780 Exception <a 'java/lang/NoSuchMethodError'{0x0000000716049680}: 'int java.lang.invoke.DirectMethodHandle$Holder.invokeStaticInit(java.lang.Object, java.lang.Object, java.lang.Object, int, int, long)'> (0x0000000716049680) 
thrown [src/hotspot/share/interpreter/linkResolver.cpp, line 773]
Event: 0.176 Thread 0x000063df94015780 Exception <a 'java/lang/NoSuchMethodError'{0x000000071604d070}: 'int java.lang.invoke.DirectMethodHandle$Holder.invokeSpecial(java.lang.Object, java.lang.Object, java.lang.Object, java.lang.Object, int, int, long)'> (0x000000071604d070) 
thrown [src/hotspot/share/interpreter/linkResolver.cpp, line 773]
Event: 0.176 Thread 0x000063df94015780 Exception <a 'java/lang/NoSuchMethodError'{0x00000007160508a0}: 'int java.lang.invoke.DelegatingMethodHandle$Holder.reinvoke_L(java.lang.Object, java.lang.Object, java.lang.Object, int, int, long)'> (0x00000007160508a0) 
thrown [src/hotspot/share/interpreter/linkResolver.cpp, line 773]
Event: 0.178 Thread 0x000063df94015780 Exception <a 'java/lang/NoSuchMethodError'{0x00000007160776d8}: 'int java.lang.invoke.DirectMethodHandle$Holder.invokeStaticInit(java.lang.Object, java.lang.Object, java.lang.Object, int, int, java.lang.Object, long)'> (0x00000007160776d8) 
thrown [src/hotspot/share/interpreter/linkResolver.cpp, line 773]
Event: 0.178 Thread 0x000063df94015780 Exception <a 'java/lang/NoSuchMethodError'{0x000000071607ec88}: 'int java.lang.invoke.DelegatingMethodHandle$Holder.reinvoke_L(java.lang.Object, java.lang.Object, java.lang.Object, int, int, java.lang.Object, long)'> (0x000000071607ec88) 
thrown [src/hotspot/share/interpreter/linkResolver.cpp, line 773]
Event: 0.183 Thread 0x000063df94015780 Exception <a 'java/lang/NoSuchMethodError'{0x00000007160ba950}: 'void java.lang.invoke.DelegatingMethodHandle$Holder.reinvoke_L(java.lang.Object, java.lang.Object, java.lang.Object, long, long)'> (0x00000007160ba950) 
thrown [src/hotspot/share/interpreter/linkResolver.cpp, line 773]
Event: 0.184 Thread 0x000063df94015780 Exception <a 'java/lang/NoSuchMethodError'{0x00000007160c22d0}: 'int java.lang.invoke.DirectMethodHandle$Holder.invokeSpecial(java.lang.Object, java.lang.Object, int, java.lang.Object, java.lang.Object)'> (0x00000007160c22d0) 
thrown [src/hotspot/share/interpreter/linkResolver.cpp, line 773]
Event: 0.185 Thread 0x000063df94015780 Exception <a 'java/lang/NoSuchMethodError'{0x00000007160d0fa8}: 'java.lang.Object java.lang.invoke.DirectMethodHandle$Holder.invokeSpecial(java.lang.Object, java.lang.Object, java.lang.Object, java.lang.Object, long)'> (0x00000007160d0fa8) 
thrown [src/hotspot/share/interpreter/linkResolver.cpp, line 773]
Event: 0.185 Thread 0x000063df94015780 Exception <a 'java/lang/NoSuchMethodError'{0x00000007160dd5d0}: 'long java.lang.invoke.Invokers$Holder.invoke_MT(java.lang.Object, int, java.lang.Object)'> (0x00000007160dd5d0) 
thrown [src/hotspot/share/interpreter/linkResolver.cpp, line 773]
Event: 0.186 Thread 0x000063df94015780 Exception <a 'java/lang/NoSuchMethodError'{0x00000007160e81f0}: 'int java.lang.invoke.Invokers$Holder.invoke_MT(java.lang.Object, int, int, java.lang.Object)'> (0x00000007160e81f0) 
thrown [src/hotspot/share/interpreter/linkResolver.cpp, line 773]
Event: 0.187 Thread 0x000063df94015780 Exception <a 'java/lang/NoSuchMethodError'{0x00000007160f48f8}: 'int java.lang.invoke.Invokers$Holder.invoke_MT(java.lang.Object, int, java.lang.Object)'> (0x00000007160f48f8) 
thrown [src/hotspot/share/interpreter/linkResolver.cpp, line 773]
Event: 0.187 Thread 0x000063df94015780 Exception <a 'java/lang/NoSuchMethodError'{0x00000007161006b0}: 'int java.lang.invoke.DirectMethodHandle$Holder.invokeSpecial(java.lang.Object, java.lang.Object, int, java.lang.Object)'> (0x00000007161006b0) 
thrown [src/hotspot/share/interpreter/linkResolver.cpp, line 773]
Event: 0.188 Thread 0x000063df94015780 Exception <a 'java/lang/NoSuchMethodError'{0x0000000716103bf8}: 'int java.lang.invoke.Invokers$Holder.invoke_MT(java.lang.Object, int, java.lang.Object, java.lang.Object)'> (0x0000000716103bf8) 
thrown [src/hotspot/share/interpreter/linkResolver.cpp, line 773]

VM Operations (2 events):
Event: 0.072 Executing VM operation: HandshakeAllThreads
Event: 0.072 Executing VM operation: HandshakeAllThreads done

Events (20 events):
Event: 0.022 Thread 0x000063df941f6380 Thread added: 0x000063df941f6380
Event: 0.022 Protecting memory [0x000063df703bd000,0x000063df703c1000] with protection modes 0
Event: 0.022 Thread 0x000063df941f7a90 Thread added: 0x000063df941f7a90
Event: 0.022 Protecting memory [0x000063df702bd000,0x000063df702c1000] with protection modes 0
Event: 0.022 Thread 0x000063df941f8e40 Thread added: 0x000063df941f8e40
Event: 0.022 Protecting memory [0x000063df701bd000,0x000063df701c1000] with protection modes 0
Event: 0.022 Thread 0x000063df941fa1e0 Thread added: 0x000063df941fa1e0
Event: 0.023 Protecting memory [0x000063df700bd000,0x000063df700c1000] with protection modes 0
Event: 0.023 Thread 0x000063df941fbbf0 Thread added: 0x000063df941fbbf0
Event: 0.023 Protecting memory [0x000063df57b00000,0x000063df57b04000] with protection modes 0
Event: 0.023 Thread 0x000063df941fd130 Thread added: 0x000063df941fd130
Event: 0.023 Protecting memory [0x000063df57a00000,0x000063df57a04000] with protection modes 0
Event: 0.023 Thread 0x000063df941fe600 Thread added: 0x000063df941fe600
Event: 0.023 Protecting memory [0x000063df57900000,0x000063df57904000] with protection modes 0
Event: 0.050 Thread 0x000063df942be5f0 Thread added: 0x000063df942be5f0
Event: 0.050 Protecting memory [0x000063df57800000,0x000063df57804000] with protection modes 0
Event: 0.078 Thread 0x000063df94314230 Thread added: 0x000063df94314230
Event: 0.078 Protecting memory [0x000063df57700000,0x000063df57704000] with protection modes 0
Event: 0.144 Thread 0x000063df3814ccc0 Thread added: 0x000063df3814ccc0
Event: 0.144 Protecting memory [0x000063df574fe000,0x000063df57502000] with protection modes 0


Dynamic libraries:
707000000-716a00000 rw-p 00000000 00:00 0 
716a00000-800000000 ---p 00000000 00:00 0 
800000000-800020000 rw-p 00000000 00:00 0 
800020000-800040000 rw-p 00000000 00:00 0 
800040000-8000c0000 rw-p 00000000 00:00 0 
8000c0000-800120000 rw-p 00000000 00:00 0 
800120000-840000000 ---p 00000000 00:00 0 
433b08e4000-433b08e5000 r--p 00000000 08:03 18908520                     /usr/lib/jvm/java-19-openjdk/bin/java
433b08e5000-433b08e6000 r-xp 00001000 08:03 18908520                     /usr/lib/jvm/java-19-openjdk/bin/java
433b08e6000-433b08e7000 r--p 00002000 08:03 18908520                     /usr/lib/jvm/java-19-openjdk/bin/java
433b08e7000-433b08e8000 r--p 00002000 08:03 18908520                     /usr/lib/jvm/java-19-openjdk/bin/java
433b08e8000-433b08e9000 rw-p 00003000 08:03 18908520                     /usr/lib/jvm/java-19-openjdk/bin/java
433d6996000-433d69de000 rw-p 00000000 00:00 0                            [heap]
63df1c000000-63df1c19b000 rw-p 00000000 00:00 0 
63df1c19b000-63df20000000 ---p 00000000 00:00 0 
63df24000000-63df24021000 rw-p 00000000 00:00 0 
63df24021000-63df28000000 ---p 00000000 00:00 0 
63df28000000-63df28021000 rw-p 00000000 00:00 0 
63df28021000-63df2c000000 ---p 00000000 00:00 0 
63df2c000000-63df2c021000 rw-p 00000000 00:00 0 
63df2c021000-63df30000000 ---p 00000000 00:00 0 
63df30000000-63df30021000 rw-p 00000000 00:00 0 
63df30021000-63df34000000 ---p 00000000 00:00 0 
63df34000000-63df3434f000 rw-p 00000000 00:00 0 
63df3434f000-63df38000000 ---p 00000000 00:00 0 
63df38000000-63df38301000 rw-p 00000000 00:00 0 
63df38301000-63df3c000000 ---p 00000000 00:00 0 
63df3c000000-63df3c021000 rw-p 00000000 00:00 0 
63df3c021000-63df40000000 ---p 00000000 00:00 0 
63df40000000-63df40021000 rw-p 00000000 00:00 0 
63df40021000-63df44000000 ---p 00000000 00:00 0 
63df44000000-63df44021000 rw-p 00000000 00:00 0 
63df44021000-63df48000000 ---p 00000000 00:00 0 
63df48000000-63df48021000 rw-p 00000000 00:00 0 
63df48021000-63df4c000000 ---p 00000000 00:00 0 
63df4c000000-63df4c021000 rw-p 00000000 00:00 0 
63df4c021000-63df50000000 ---p 00000000 00:00 0 
63df50000000-63df50021000 rw-p 00000000 00:00 0 
63df50021000-63df54000000 ---p 00000000 00:00 0 
63df574fe000-63df57502000 ---p 00000000 00:00 0 
63df57502000-63df575fe000 rw-p 00000000 00:00 0 
63df575fe000-63df575ff000 ---p 00000000 00:00 0 
63df575ff000-63df57700000 rw-p 00000000 00:00 0 
63df57700000-63df57704000 ---p 00000000 00:00 0 
63df57704000-63df57800000 rw-p 00000000 00:00 0 
63df57800000-63df57804000 ---p 00000000 00:00 0 
63df57804000-63df57900000 rw-p 00000000 00:00 0 
63df57900000-63df57904000 ---p 00000000 00:00 0 
63df57904000-63df57a00000 rw-p 00000000 00:00 0 
63df57a00000-63df57a04000 ---p 00000000 00:00 0 
63df57a04000-63df57b00000 rw-p 00000000 00:00 0 
63df57b00000-63df57b04000 ---p 00000000 00:00 0 
63df57b04000-63df57c00000 rw-p 00000000 00:00 0 
63df57c00000-63df57fe1000 r--p 00000000 08:03 18372726                   /usr/lib/locale/locale-archive
63df58000000-63df58500000 rw-p 00000000 00:00 0 
63df58500000-63df58520000 rw-p 00000000 00:00 0 
63df58520000-63df58540000 rw-p 00000000 00:00 0 
63df58540000-63df58580000 rw-p 00000000 00:00 0 
63df58580000-63df58700000 rw-p 00000000 00:00 0 
63df58700000-63df58760000 rw-p 00000000 00:00 0 
63df58760000-63df58780000 rw-p 00000000 00:00 0 
63df58780000-63df58860000 rw-p 00000000 00:00 0 
63df58860000-63df58900000 ---p 00000000 00:00 0 
63df58900000-63df58960000 rw-p 00000000 00:00 0 
63df58960000-63df5c000000 ---p 00000000 00:00 0 
63df5c000000-63df5c021000 rw-p 00000000 00:00 0 
63df5c021000-63df60000000 ---p 00000000 00:00 0 
63df60000000-63df60021000 rw-p 00000000 00:00 0 
63df60021000-63df64000000 ---p 00000000 00:00 0 
63df64000000-63df64021000 rw-p 00000000 00:00 0 
63df64021000-63df68000000 ---p 00000000 00:00 0 
63df68000000-63df68021000 rw-p 00000000 00:00 0 
63df68021000-63df6c000000 ---p 00000000 00:00 0 
63df6c000000-63df6c021000 rw-p 00000000 00:00 0 
63df6c021000-63df70000000 ---p 00000000 00:00 0 
63df700bd000-63df700c1000 ---p 00000000 00:00 0 
63df700c1000-63df701bd000 rw-p 00000000 00:00 0 
63df701bd000-63df701c1000 ---p 00000000 00:00 0 
63df701c1000-63df702bd000 rw-p 00000000 00:00 0 
63df702bd000-63df702c1000 ---p 00000000 00:00 0 
63df702c1000-63df703bd000 rw-p 00000000 00:00 0 
63df703bd000-63df703c1000 ---p 00000000 00:00 0 
63df703c1000-63df704bd000 rw-p 00000000 00:00 0 
63df704bd000-63df704c1000 ---p 00000000 00:00 0 
63df704c1000-63df705bd000 rw-p 00000000 00:00 0 
63df705bd000-63df705be000 ---p 00000000 00:00 0 
63df705be000-63df706bf000 rw-p 00000000 00:00 0 
63df706bf000-63df706c4000 r--p 00000000 08:03 18908576                   /usr/lib/jvm/java-19-openjdk/lib/libjsvml.so
63df706c4000-63df70705000 r-xp 00005000 08:03 18908576                   /usr/lib/jvm/java-19-openjdk/lib/libjsvml.so
63df70705000-63df7078e000 r--p 00046000 08:03 18908576                   /usr/lib/jvm/java-19-openjdk/lib/libjsvml.so
63df7078e000-63df7078f000 r--p 000ce000 08:03 18908576                   /usr/lib/jvm/java-19-openjdk/lib/libjsvml.so
63df7078f000-63df70790000 rw-p 000cf000 08:03 18908576                   /usr/lib/jvm/java-19-openjdk/lib/libjsvml.so
63df70790000-63df70811000 rw-p 00000000 00:00 0 
63df70811000-63df70812000 ---p 00000000 00:00 0 
63df70812000-63df70913000 rw-p 00000000 00:00 0 
63df70913000-63df70914000 ---p 00000000 00:00 0 
63df70914000-63df7341f000 rw-p 00000000 00:00 0 
63df7341f000-63df73420000 ---p 00000000 00:00 0 
63df73420000-63df73521000 rw-p 00000000 00:00 0 
63df73521000-63df73522000 ---p 00000000 00:00 0 
63df73522000-63df73623000 rw-p 00000000 00:00 0 
63df73623000-63df73624000 ---p 00000000 00:00 0 
63df73624000-63df73b0d000 rw-p 00000000 00:00 0 
63df73b0d000-63df77565000 ---p 00000000 00:00 0 
63df77565000-63df7794d000 rw-p 00000000 00:00 0 
63df7794d000-63df7b3a5000 ---p 00000000 00:00 0 
63df7b3a5000-63df7b422000 rw-p 00000000 00:00 0 
63df7b422000-63df7bb6d000 ---p 00000000 00:00 0 
63df7bb6d000-63df7bbea000 rw-p 00000000 00:00 0 
63df7bbea000-63df7c335000 ---p 00000000 00:00 0 
63df7c335000-63df7c3b2000 rw-p 00000000 00:00 0 
63df7c3b2000-63df7cafd000 ---p 00000000 00:00 0 
63df7cafd000-63df7ce00000 rw-p 00000000 00:00 0 
63df7ce00000-63df7d070000 rwxp 00000000 00:00 0 
63df7d070000-63df84337000 ---p 00000000 00:00 0 
63df84337000-63df845a7000 rwxp 00000000 00:00 0 
63df845a7000-63df848c9000 ---p 00000000 00:00 0 
63df848c9000-63df84b39000 rwxp 00000000 00:00 0 
63df84b39000-63df8be00000 ---p 00000000 00:00 0 
63df8be00000-63df93f33000 r--s 00000000 08:03 18908603                   /usr/lib/jvm/java-19-openjdk/lib/modules
63df93f33000-63df94000000 rw-p 00000000 00:00 0 
63df94000000-63df944ea000 rw-p 00000000 00:00 0 
63df944ea000-63df98000000 ---p 00000000 00:00 0 
63df98023000-63df9872f000 rw-p 00000000 00:00 0 
63df9872f000-63df98815000 ---p 00000000 00:00 0 
63df98815000-63df9881a000 rw-p 00000000 00:00 0 
63df9881a000-63df98900000 ---p 00000000 00:00 0 
63df98900000-63df98904000 ---p 00000000 00:00 0 
63df98904000-63df98a00000 rw-p 00000000 00:00 0 
63df98a00000-63df98a99000 r--p 00000000 08:03 18354265                   /usr/lib/libstdc++.so.6.0.30
63df98a99000-63df98baf000 r-xp 00099000 08:03 18354265                   /usr/lib/libstdc++.so.6.0.30
63df98baf000-63df98c26000 r--p 001af000 08:03 18354265                   /usr/lib/libstdc++.so.6.0.30
63df98c26000-63df98c33000 r--p 00225000 08:03 18354265                   /usr/lib/libstdc++.so.6.0.30
63df98c33000-63df98c34000 rw-p 00232000 08:03 18354265                   /usr/lib/libstdc++.so.6.0.30
63df98c34000-63df98c37000 rw-p 00000000 00:00 0 
63df98c49000-63df98c4c000 r--p 00000000 08:11 48500917                   /data/git/PatrFileSys/pfs-core/exports/shared/libpfs-core.so
63df98c4c000-63df98c56000 r-xp 00003000 08:11 48500917                   /data/git/PatrFileSys/pfs-core/exports/shared/libpfs-core.so
63df98c56000-63df98c59000 r--p 0000d000 08:11 48500917                   /data/git/PatrFileSys/pfs-core/exports/shared/libpfs-core.so
63df98c59000-63df98c5a000 r--p 0000f000 08:11 48500917                   /data/git/PatrFileSys/pfs-core/exports/shared/libpfs-core.so
63df98c5a000-63df98c5b000 rw-p 00010000 08:11 48500917                   /data/git/PatrFileSys/pfs-core/exports/shared/libpfs-core.so
63df98c5b000-63df98c62000 r--p 00000000 08:03 18908590                   /usr/lib/jvm/java-19-openjdk/lib/libnio.so
63df98c62000-63df98c6a000 r-xp 00007000 08:03 18908590                   /usr/lib/jvm/java-19-openjdk/lib/libnio.so
63df98c6a000-63df98c6e000 r--p 0000f000 08:03 18908590                   /usr/lib/jvm/java-19-openjdk/lib/libnio.so
63df98c6e000-63df98c6f000 r--p 00013000 08:03 18908590                   /usr/lib/jvm/java-19-openjdk/lib/libnio.so
63df98c6f000-63df98c70000 rw-p 00014000 08:03 18908590                   /usr/lib/jvm/java-19-openjdk/lib/libnio.so
63df98c70000-63df98cf1000 rw-p 00000000 00:00 0 
63df98cf1000-63df98cfe000 r--p 00000000 08:03 18908565                   /usr/lib/jvm/java-19-openjdk/lib/libjava.so
63df98cfe000-63df98d0f000 r-xp 0000d000 08:03 18908565                   /usr/lib/jvm/java-19-openjdk/lib/libjava.so
63df98d0f000-63df98d15000 r--p 0001e000 08:03 18908565                   /usr/lib/jvm/java-19-openjdk/lib/libjava.so
63df98d15000-63df98d16000 r--p 00024000 08:03 18908565                   /usr/lib/jvm/java-19-openjdk/lib/libjava.so
63df98d16000-63df98d17000 rw-p 00025000 08:03 18908565                   /usr/lib/jvm/java-19-openjdk/lib/libjava.so
63df98d17000-63df98d18000 rw-p 00000000 00:00 0 
63df98d18000-63df98d26000 r--p 00000000 08:03 18353453                   /usr/lib/libm.so.6
63df98d26000-63df98da0000 r-xp 0000e000 08:03 18353453                   /usr/lib/libm.so.6
63df98da0000-63df98dfe000 r--p 00088000 08:03 18353453                   /usr/lib/libm.so.6
63df98dfe000-63df98dff000 r--p 000e5000 08:03 18353453                   /usr/lib/libm.so.6
63df98dff000-63df98e00000 rw-p 000e6000 08:03 18353453                   /usr/lib/libm.so.6
63df98e00000-63df9908d000 r--p 00000000 08:03 19010004                   /usr/lib/jvm/java-19-openjdk/lib/server/libjvm.so
63df9908d000-63df99e5e000 r-xp 0028d000 08:03 19010004                   /usr/lib/jvm/java-19-openjdk/lib/server/libjvm.so
63df99e5e000-63df9a106000 r--p 0105e000 08:03 19010004                   /usr/lib/jvm/java-19-openjdk/lib/server/libjvm.so
63df9a106000-63df9a1d2000 r--p 01306000 08:03 19010004                   /usr/lib/jvm/java-19-openjdk/lib/server/libjvm.so
63df9a1d2000-63df9a208000 rw-p 013d2000 08:03 19010004                   /usr/lib/jvm/java-19-openjdk/lib/server/libjvm.so
63df9a208000-63df9a264000 rw-p 00000000 00:00 0 
63df9a264000-63df9a267000 r--p 00000000 08:03 18908588                   /usr/lib/jvm/java-19-openjdk/lib/libnet.so
63df9a267000-63df9a270000 r-xp 00003000 08:03 18908588                   /usr/lib/jvm/java-19-openjdk/lib/libnet.so
63df9a270000-63df9a272000 r--p 0000c000 08:03 18908588                   /usr/lib/jvm/java-19-openjdk/lib/libnet.so
63df9a272000-63df9a273000 r--p 0000e000 08:03 18908588                   /usr/lib/jvm/java-19-openjdk/lib/libnet.so
63df9a273000-63df9a274000 rw-p 0000f000 08:03 18908588                   /usr/lib/jvm/java-19-openjdk/lib/libnet.so
63df9a274000-63df9a277000 r--p 00000000 08:03 18354235                   /usr/lib/libgcc_s.so.1
63df9a277000-63df9a28e000 r-xp 00003000 08:03 18354235                   /usr/lib/libgcc_s.so.1
63df9a28e000-63df9a292000 r--p 0001a000 08:03 18354235                   /usr/lib/libgcc_s.so.1
63df9a292000-63df9a293000 r--p 0001d000 08:03 18354235                   /usr/lib/libgcc_s.so.1
63df9a293000-63df9a294000 rw-p 0001e000 08:03 18354235                   /usr/lib/libgcc_s.so.1
63df9a294000-63df9a297000 rw-p 00000000 00:00 0 
63df9a297000-63df9a29a000 r--p 00000000 08:03 18363433                   /usr/lib/libz.so.1.2.13
63df9a29a000-63df9a2a8000 r-xp 00003000 08:03 18363433                   /usr/lib/libz.so.1.2.13
63df9a2a8000-63df9a2af000 r--p 00011000 08:03 18363433                   /usr/lib/libz.so.1.2.13
63df9a2af000-63df9a2b0000 r--p 00017000 08:03 18363433                   /usr/lib/libz.so.1.2.13
63df9a2b0000-63df9a2b1000 rw-p 00018000 08:03 18363433                   /usr/lib/libz.so.1.2.13
63df9a2b1000-63df9a2d3000 r--p 00000000 08:03 18353443                   /usr/lib/libc.so.6
63df9a2d3000-63df9a42e000 r-xp 00022000 08:03 18353443                   /usr/lib/libc.so.6
63df9a42e000-63df9a485000 r--p 0017d000 08:03 18353443                   /usr/lib/libc.so.6
63df9a485000-63df9a489000 r--p 001d4000 08:03 18353443                   /usr/lib/libc.so.6
63df9a489000-63df9a48b000 rw-p 001d8000 08:03 18353443                   /usr/lib/libc.so.6
63df9a48b000-63df9a498000 rw-p 00000000 00:00 0 
63df9a49a000-63df9a49f000 rw-p 00000000 00:00 0 
63df9a49f000-63df9a4a6000 ---p 00000000 00:00 0 
63df9a4a6000-63df9a4ae000 rw-s 00000000 00:24 447                        /tmp/hsperfdata_pat/26922
63df9a4ae000-63df9a4af000 ---p 00000000 00:00 0 
63df9a4af000-63df9a4b0000 r--p 00000000 00:00 0 
63df9a4b0000-63df9a4b1000 ---p 00000000 00:00 0 
63df9a4b1000-63df9a4b3000 r--p 00000000 08:03 18908570                   /usr/lib/jvm/java-19-openjdk/lib/libjimage.so
63df9a4b3000-63df9a4b6000 r-xp 00002000 08:03 18908570                   /usr/lib/jvm/java-19-openjdk/lib/libjimage.so
63df9a4b6000-63df9a4b7000 r--p 00005000 08:03 18908570                   /usr/lib/jvm/java-19-openjdk/lib/libjimage.so
63df9a4b7000-63df9a4b8000 r--p 00006000 08:03 18908570                   /usr/lib/jvm/java-19-openjdk/lib/libjimage.so
63df9a4b8000-63df9a4b9000 rw-p 00007000 08:03 18908570                   /usr/lib/jvm/java-19-openjdk/lib/libjimage.so
63df9a4b9000-63df9a4bb000 r--p 00000000 08:03 18908572                   /usr/lib/jvm/java-19-openjdk/lib/libjli.so
63df9a4bb000-63df9a4c4000 r-xp 00002000 08:03 18908572                   /usr/lib/jvm/java-19-openjdk/lib/libjli.so
63df9a4c4000-63df9a4c7000 r--p 0000b000 08:03 18908572                   /usr/lib/jvm/java-19-openjdk/lib/libjli.so
63df9a4c7000-63df9a4c8000 r--p 0000d000 08:03 18908572                   /usr/lib/jvm/java-19-openjdk/lib/libjli.so
63df9a4c8000-63df9a4c9000 rw-p 0000e000 08:03 18908572                   /usr/lib/jvm/java-19-openjdk/lib/libjli.so
63df9a4c9000-63df9a4cb000 rw-p 00000000 00:00 0 
63df9a4cb000-63df9a4cf000 r--p 00000000 00:00 0                          [vvar]
63df9a4cf000-63df9a4d1000 r-xp 00000000 00:00 0                          [vdso]
63df9a4d1000-63df9a4d2000 r--p 00000000 08:03 18353434                   /usr/lib/ld-linux-x86-64.so.2
63df9a4d2000-63df9a4f8000 r-xp 00001000 08:03 18353434                   /usr/lib/ld-linux-x86-64.so.2
63df9a4f8000-63df9a502000 r--p 00027000 08:03 18353434                   /usr/lib/ld-linux-x86-64.so.2
63df9a502000-63df9a504000 r--p 00031000 08:03 18353434                   /usr/lib/ld-linux-x86-64.so.2
63df9a504000-63df9a506000 rw-p 00033000 08:03 18353434                   /usr/lib/ld-linux-x86-64.so.2
737672c17000-737672c38000 rw-p 00000000 00:00 0                          [stack]


VM Arguments:
jvm_args: --enable-native-access=de.hechler.patrick.zeugs.pfs -Dfile.encoding=UTF-8 --module-path=/data/git/PatrFileSys/javaPFS/target/classes --enable-preview -XX:+ShowCodeDetailsInExceptionMessages -Djdk.module.main=de.hechler.patrick.zeugs.pfs 
java_command: de.hechler.patrick.zeugs.pfs/de.hechler.patrick.zeugs.pfs.impl.pfs.PatrFSProvider
java_class_path (initial): /data/git/Checker/target/classes
Launcher Type: SUN_STANDARD

[Global flags]
     intx CICompilerCount                          = 4                                         {product} {ergonomic}
     uint ConcGCThreads                            = 3                                         {product} {ergonomic}
     uint G1ConcRefinementThreads                  = 10                                        {product} {ergonomic}
   size_t G1HeapRegionSize                         = 2097152                                   {product} {ergonomic}
    uintx GCDrainStackTargetSize                   = 64                                        {product} {ergonomic}
   size_t InitialHeapSize                          = 262144000                                 {product} {ergonomic}
   size_t MarkStackSize                            = 4194304                                   {product} {ergonomic}
   size_t MaxHeapSize                              = 4177526784                                {product} {ergonomic}
   size_t MaxNewSize                               = 2506096640                                {product} {ergonomic}
   size_t MinHeapDeltaBytes                        = 2097152                                   {product} {ergonomic}
   size_t MinHeapSize                              = 8388608                                   {product} {ergonomic}
    uintx NonNMethodCodeHeapSize                   = 5839372                                {pd product} {ergonomic}
    uintx NonProfiledCodeHeapSize                  = 122909434                              {pd product} {ergonomic}
    uintx ProfiledCodeHeapSize                     = 122909434                              {pd product} {ergonomic}
    uintx ReservedCodeCacheSize                    = 251658240                              {pd product} {ergonomic}
     bool SegmentedCodeCache                       = true                                      {product} {ergonomic}
     bool ShowCodeDetailsInExceptionMessages       = true                                   {manageable} {command line}
   size_t SoftMaxHeapSize                          = 4177526784                             {manageable} {ergonomic}
     bool UseCompressedClassPointers               = true                           {product lp64_product} {ergonomic}
     bool UseCompressedOops                        = true                           {product lp64_product} {ergonomic}
     bool UseG1GC                                  = true                                      {product} {ergonomic}

Logging:
Log output configuration:
 #0: stdout all=warning uptime,level,tags foldmultilines=false
 #1: stderr all=off uptime,level,tags foldmultilines=false

Environment Variables:
PATH=/usr/local/sbin:/usr/local/bin:/usr/bin:/usr/lib/jvm/default/bin:/usr/bin/site_perl:/usr/bin/vendor_perl:/usr/bin/core_perl
SHELL=/bin/zsh
DISPLAY=:0
LANG=en_US.UTF-8
LC_TIME=de_DE.UTF-8

Active Locale:
LC_ALL=LC_CTYPE=en_US.UTF-8;LC_NUMERIC=en_US.UTF-8;LC_TIME=de_DE.UTF-8;LC_COLLATE=de_DE.UTF-8;LC_MONETARY=de_DE.UTF-8;LC_MESSAGES=en_US.UTF-8;LC_PAPER=en_US.UTF-8;LC_NAME=en_US.UTF-8;LC_ADDRESS=en_US.UTF-8;LC_TELEPHONE=en_US.UTF-8;LC_MEASUREMENT=de_DE.UTF-8;LC_IDENTIFICATION=en_US.UTF-8
LC_COLLATE=de_DE.UTF-8
LC_CTYPE=en_US.UTF-8
LC_MESSAGES=en_US.UTF-8
LC_MONETARY=de_DE.UTF-8
LC_NUMERIC=en_US.UTF-8
LC_TIME=de_DE.UTF-8

Signal Handlers:
   SIGSEGV: 0x000063df99dd7730 in libjvm.so+16611120, mask=11100100010111111101111111111110, flags=SA_RESTART|SA_SIGINFO
    SIGBUS: 0x000063df99dd7730 in libjvm.so+16611120, mask=11100100010111111101111111111110, flags=SA_RESTART|SA_SIGINFO
    SIGFPE: 0x000063df99dd7730 in libjvm.so+16611120, mask=11100100010111111101111111111110, flags=SA_RESTART|SA_SIGINFO
   SIGPIPE: 0x000063df99c62ce0 in libjvm.so+15084768, mask=11100100010111111101111111111110, flags=SA_RESTART|SA_SIGINFO
   SIGXFSZ: 0x000063df99c62ce0 in libjvm.so+15084768, mask=11100100010111111101111111111110, flags=SA_RESTART|SA_SIGINFO
    SIGILL: 0x000063df99dd7730 in libjvm.so+16611120, mask=11100100010111111101111111111110, flags=SA_RESTART|SA_SIGINFO
   SIGUSR2: 0x000063df99c622f0 in libjvm.so+15082224, mask=00100000000000000000000000000000, flags=SA_RESTART|SA_SIGINFO
    SIGHUP: 0x000063df99c62200 in libjvm.so+15081984, mask=11100100010111111101111111111110, flags=SA_RESTART|SA_SIGINFO
    SIGINT: 0x000063df99c62200 in libjvm.so+15081984, mask=11100100010111111101111111111110, flags=SA_RESTART|SA_SIGINFO
   SIGTERM: 0x000063df99c62200 in libjvm.so+15081984, mask=11100100010111111101111111111110, flags=SA_RESTART|SA_SIGINFO
   SIGQUIT: 0x000063df99c62200 in libjvm.so+15081984, mask=11100100010111111101111111111110, flags=SA_RESTART|SA_SIGINFO
   SIGTRAP: 0x000063df99dd7730 in libjvm.so+16611120, mask=11100100010111111101111111111110, flags=SA_RESTART|SA_SIGINFO


---------------  S Y S T E M  ---------------

OS:
DISTRIB_ID="Arch"
DISTRIB_RELEASE="rolling"
DISTRIB_DESCRIPTION="Arch Linux"
uname: Linux 6.0.16-hardened1-1-hardened #1 SMP PREEMPT_DYNAMIC Tue, 03 Jan 2023 01:01:55 +0000 x86_64
OS uptime: 0 days 3:23 hours
libc: glibc 2.36 NPTL 2.36 
rlimit (soft/hard): STACK 8192k/infinity , CORE infinity/infinity , NPROC 63318/63318 , NOFILE 524288/524288 , AS infinity/infinity , CPU infinity/infinity , DATA infinity/infinity , FSIZE infinity/infinity , MEMLOCK 8192k/8192k
load average: 2.44 1.07 0.80

/proc/meminfo:
MemTotal:       16315252 kB
MemFree:         4978748 kB
MemAvailable:    9715540 kB
Buffers:          168652 kB
Cached:          5163932 kB
SwapCached:            0 kB
Active:          2049744 kB
Inactive:        8374432 kB
Active(anon):     305044 kB
Inactive(anon):  5328100 kB
Active(file):    1744700 kB
Inactive(file):  3046332 kB
Unevictable:          64 kB
Mlocked:              64 kB
SwapTotal:      16777212 kB
SwapFree:       16777212 kB
Zswap:                 0 kB
Zswapped:              0 kB
Dirty:               344 kB
Writeback:             0 kB
AnonPages:       5091948 kB
Mapped:           994064 kB
Shmem:            541552 kB
KReclaimable:     281168 kB
Slab:             506768 kB
SReclaimable:     281168 kB
SUnreclaim:       225600 kB
KernelStack:       17632 kB
PageTables:        44852 kB
NFS_Unstable:          0 kB
Bounce:                0 kB
WritebackTmp:          0 kB
CommitLimit:    24934836 kB
Committed_AS:   12792352 kB
VmallocTotal:   34359738367 kB
VmallocUsed:      117508 kB
VmallocChunk:          0 kB
Percpu:            21120 kB
HardwareCorrupted:     0 kB
AnonHugePages:         0 kB
ShmemHugePages:        0 kB
ShmemPmdMapped:        0 kB
FileHugePages:         0 kB
FilePmdMapped:         0 kB
CmaTotal:              0 kB
CmaFree:               0 kB
HugePages_Total:       0
HugePages_Free:        0
HugePages_Rsvd:        0
HugePages_Surp:        0
Hugepagesize:       2048 kB
Hugetlb:               0 kB
DirectMap4k:      723580 kB
DirectMap2M:    13889536 kB
DirectMap1G:     3145728 kB

/sys/kernel/mm/transparent_hugepage/enabled: always [madvise] never
/sys/kernel/mm/transparent_hugepage/defrag (defrag/compaction efforts parameter): always defer defer+madvise [madvise] never

Process Memory:
Virtual Size: 7077260K (peak: 7142796K)
Resident Set Size: 56180K (peak: 56180K) (anon: 35876K, file: 20272K, shmem: 32K)
Swapped out: 0K
C-Heap outstanding allocations: 33666K, retained: 3633K
glibc malloc tunables: (default)

/proc/sys/kernel/threads-max (system-wide limit on the number of threads): 126636
/proc/sys/vm/max_map_count (maximum number of memory map areas a process may have): 65530
/proc/sys/kernel/pid_max (system-wide limit on number of process identifiers): 4194304

container (cgroup) information:
container_type: cgroupv2
cpu_cpuset_cpus: not supported
cpu_memory_nodes: not supported
active_processor_count: 12
cpu_quota: no quota
cpu_period: 100000
cpu_shares: no shares
memory_limit_in_bytes: unlimited
memory_and_swap_limit_in_bytes: unlimited
memory_soft_limit_in_bytes: unlimited
memory_usage_in_bytes: 8749424 k
memory_max_usage_in_bytes: not supported
maximum number of tasks: unlimited
current number of tasks: 810

Steal ticks since vm start: 0
Steal ticks percentage since vm start:  0.000

CPU: total 32 (initial active 12) (12 cores per cpu, 2 threads per core) family 23 model 113 stepping 0 microcode 0x8701013, cx8, cmov, fxsr, ht, mmx, 3dnowpref, sse, sse2, sse3, ssse3, sse4a, sse4.1, sse4.2, popcnt, lzcnt, tsc, tscinvbit, avx, avx2, aes, clmul, bmi1, bmi2, adx, sha, fma, vzeroupper, clflush, clflushopt, rdtscp, rdpid
CPU Model and flags from /proc/cpuinfo:
model name	: AMD Ryzen 5 3600 6-Core Processor
flags		: fpu vme de pse tsc msr pae mce cx8 apic sep mtrr pge mca cmov pat pse36 clflush mmx fxsr sse sse2 ht syscall nx mmxext fxsr_opt pdpe1gb rdtscp lm constant_tsc rep_good nopl nonstop_tsc cpuid extd_apicid aperfmperf rapl pni pclmulqdq monitor ssse3 fma cx16 sse4_1 sse4_2 movbe popcnt aes xsave avx f16c rdrand lahf_lm cmp_legacy svm extapic cr8_legacy abm sse4a misalignsse 3dnowprefetch osvw ibs skinit wdt tce topoext perfctr_core perfctr_nb bpext perfctr_llc mwaitx cpb cat_l3 cdp_l3 hw_pstate pti ssbd mba ibpb stibp vmmcall fsgsbase bmi1 avx2 smep bmi2 cqm rdt_a rdseed adx smap clflushopt clwb sha_ni xsaveopt xsavec xgetbv1 xsaves cqm_llc cqm_occup_llc cqm_mbm_total cqm_mbm_local clzero irperf xsaveerptr rdpru wbnoinvd arat npt lbrv svm_lock nrip_save tsc_scale vmcb_clean flushbyasid decodeassists pausefilter pfthreshold avic v_vmsave_vmload vgif v_spec_ctrl umip rdpid overflow_recov succor smca sev sev_es

Online cpus: 0-11
Offline cpus: 12-31
BIOS frequency limitation: 3600000
Frequency switch latency (ns): 0
Available cpu frequencies: 3600000 2800000 2200000 
Current governor: schedutil
Core performance/turbo boost: 1

Memory: 4k page, physical 16315252k(4978748k free), swap 16777212k(16777212k free)
Page Sizes: 4k

vm_info: OpenJDK 64-Bit Server VM (19.0.1+10) for linux-amd64 JRE (19.0.1+10), built on 2022-10-27T08:18:41Z by "builduser" with gcc 12.2.0

END.
